#
# A fatal error has been detected by the Java Runtime Environment:
#
#  SIGILL (0x4) at pc=0x00007fff8bfc702f, pid=40256, tid=0x0000000000000a0b
#
# JRE version: Java(TM) SE Runtime Environment (8.0_112-b16) (build 1.8.0_112-b16)
# Java VM: Java HotSpot(TM) 64-Bit Server VM (25.112-b16 mixed mode bsd-amd64 compressed oops)
# Problematic frame:
# C  [libobjc.A.dylib+0x1302f]  _objc_trap()+0x4
#
# Failed to write core dump. Core dumps have been disabled. To enable core dumping, try "ulimit -c unlimited" before starting Java again
#
# If you would like to submit a bug report, please visit:
#   http://bugreport.java.com/bugreport/crash.jsp
# The crash happened outside the Java Virtual Machine in native code.
# See problematic frame for where to report the bug.
#

---------------  T H R E A D  ---------------

Current thread (0x00007fac6d145000):  JavaThread "AppKit Thread" daemon [_thread_in_native, id=2571, stack(0x00007fff5023f000,0x00007fff50a3f000)]

siginfo: si_signo: 4 (SIGILL), si_code: 1 (ILL_ILLOPC), si_addr: 0x00007fff8bfc702f

Registers:
RAX=0x0000000000000000, RBX=0x00007fac6be64120, RCX=0x0000000000000000, RDX=0x00007fff73bf9b30
RSP=0x00007fff50a39900, RBP=0x00007fff50a39900, RSI=0x0000010000000100, RDI=0x00007fff73bf9b10
R8 =0x00000000fffffffc, R9 =0x00007fff73bf9b28, R10=0x00000000ffffffff, R11=0xffffffffffffd520
R12=0x0000000000000001, R13=0x0000000000000000, R14=0x00007fff73bff628, R15=0x00007fac6bd6c280
RIP=0x00007fff8bfc702f, EFLAGS=0x0000000000010206, ERR=0x0000000000000000
  TRAPNO=0x0000000000000006

Top of Stack: (sp=0x00007fff50a39900)
0x00007fff50a39900:   00007fff50a399f0 00007fff8bfc717f
0x00007fff50a39910:   00007fac6bf9cf20 00007fac6be64120
0x00007fff50a39920:   00007fff8ceb0d9c 00007fff8ceb0d9c
0x00007fff50a39930:   000000000000005f 00007fac6be64120
0x00007fff50a39940:   00007fff50a39970 00007fff8bfbbe63
0x00007fff50a39950:   00007fff50a399b0 00007fff8bfbe8cd
0x00007fff50a39960:   00007fff73bff610 0000000000000001
0x00007fff50a39970:   00007fff50a399d0 00007fac6bd6c280
0x00007fff50a39980:   00007fff50a399b0 00007fff8ceb0d9c
0x00007fff50a39990:   00007fff8ceb0d9c 0000000000000000
0x00007fff50a399a0:   00007fff73e96a38 00007fac6bd6c280
0x00007fff50a399b0:   00007fff50a399f0 00007fff8bfbe838
0x00007fff50a399c0:   00007fac6bf9eb30 00007fac6bf7f840
0x00007fff50a399d0:   0000003000000018 00007fff50a39a00
0x00007fff50a399e0:   00007fff50a39910 00007fac6bd6c280
0x00007fff50a399f0:   00007fff50a39a50 00007fff8bfbf61e
0x00007fff50a39a00:   00007fff73bfdd00 00007fff73bfed80
0x00007fff50a39a10:   00007fff50a39a90 00007fff8bfbf431
0x00007fff50a39a20:   00007fff50a39a40 00007fff73bfdd00
0x00007fff50a39a30:   00007fac6bd6c280 0000000000000000
0x00007fff50a39a40:   00007fff73bff600 0000000000000000
0x00007fff50a39a50:   00007fff50a39ad0 00007fff8bfbf3a9
0x00007fff50a39a60:   ffff80539428c860 00007fac6bd6c070
0x00007fff50a39a70:   0000000000001900 0000000000000000
0x00007fff50a39a80:   0000000000000000 0000000000000000
0x00007fff50a39a90:   00007fac6be64120 0000000000000032
0x00007fff50a39aa0:   000000000000000c 00007fac6bd737a0
0x00007fff50a39ab0:   0000000000000000 00007fac6bf44d60
0x00007fff50a39ac0:   00007fac6bd6c070 00007fac6be64120
0x00007fff50a39ad0:   00007fff50a39b10 00007fff8b266973
0x00007fff50a39ae0:   00007fac6bd737a0 0000000000000000
0x00007fff50a39af0:   00007fac6be64120 00007fff8bfb54c0 

Instructions: (pc=0x00007fff8bfc702f)
0x00007fff8bfc700f:   00 00 bf 02 00 00 00 48 89 de 48 89 c2 e8 a1 bf
0x00007fff8bfc701f:   00 00 48 81 c4 98 00 00 00 5b 5d c3 55 48 89 e5
0x00007fff8bfc702f:   0f 0b 55 48 89 e5 48 81 ec d0 00 00 00 84 c0 74
0x00007fff8bfc703f:   2e c5 f8 29 85 60 ff ff ff c5 f8 29 8d 70 ff ff 

Register to memory mapping:

RAX=0x0000000000000000 is an unknown value
RBX=0x00007fac6be64120 is an unknown value
RCX=0x0000000000000000 is an unknown value
RDX=0x00007fff73bf9b30: _ZZL14_objc_crashlogPKcE13crashlog_lock+0x20 in /usr/lib/libobjc.A.dylib at 0x00007fff8bfb4000
RSP=0x00007fff50a39900 is pointing into the stack for thread: 0x00007fac6d145000
RBP=0x00007fff50a39900 is pointing into the stack for thread: 0x00007fac6d145000
RSI=0x0000010000000100 is an unknown value
RDI=0x00007fff73bf9b10: _ZZL14_objc_crashlogPKcE13crashlog_lock+0 in /usr/lib/libobjc.A.dylib at 0x00007fff8bfb4000
R8 =0x00000000fffffffc is an unknown value
R9 =0x00007fff73bf9b28: _ZZL14_objc_crashlogPKcE13crashlog_lock+0x18 in /usr/lib/libobjc.A.dylib at 0x00007fff8bfb4000
R10=0x00000000ffffffff is an unknown value
R11=0xffffffffffffd520 is an unknown value
R12=0x0000000000000001 is an unknown value
R13=0x0000000000000000 is an unknown value
R14=0x00007fff73bff628: _ZN12_GLOBAL__N_1L12SideTableBufE+0x1928 in /usr/lib/libobjc.A.dylib at 0x00007fff8bfb4000
R15=0x00007fac6bd6c280 is an unknown value


Stack: [0x00007fff5023f000,0x00007fff50a3f000],  sp=0x00007fff50a39900,  free space=8170k
Native frames: (J=compiled Java code, j=interpreted, Vv=VM code, C=native code)
C  [libobjc.A.dylib+0x1302f]  _objc_trap()+0x4
C  [libobjc.A.dylib+0x1317f]  _objc_inform+0x0
C  [libobjc.A.dylib+0xb61e]  weak_register_no_lock+0xde
C  [libobjc.A.dylib+0xb3a9]  objc_storeWeak+0x18b
C  [Foundation+0x19973]  -[NSConcreteMapTable setObject:forKey:]+0x6e
C  [AppKit+0x345f6a]  -[NSView(NSOpenGLContextAssociation) _setOpenGLContext:]+0xf2
C  [AppKit+0x6856dd]  __27-[NSOpenGLContext setView:]_block_invoke+0xd6
C  [AppKit+0x183325]  NSPerformVisuallyAtomicChange+0x93
C  [AppKit+0x345c0d]  -[NSOpenGLContext setView:]+0x77
C  [liblwjgl.dylib+0xa586]  -[MacOSXOpenGLView lockFocus]+0x76
C  [AppKit+0x1a8797]  -[NSView _recursiveDisplayRectIfNeededIgnoringOpacity:isVisibleRect:rectIsVisibleRectForView:topView:]+0x6e2
C  [AppKit+0x1a9785]  -[NSView _recursiveDisplayRectIfNeededIgnoringOpacity:isVisibleRect:rectIsVisibleRectForView:topView:]+0x16d0
C  [AppKit+0x1a7be0]  -[NSThemeFrame _recursiveDisplayRectIfNeededIgnoringOpacity:isVisibleRect:rectIsVisibleRectForView:topView:]+0x14e
C  [AppKit+0x1a5feb]  -[NSView _displayRectIgnoringOpacity:isVisibleRect:rectIsVisibleRectForView:]+0x991
C  [AppKit+0x1a13f5]  -[NSView displayIfNeeded]+0x79e
C  [AppKit+0x1a0c3c]  -[NSWindow displayIfNeeded]+0xe8
C  [AppKit+0x82541b]  ___NSWindowGetDisplayCycleObserver_block_invoke6365+0x1dc
C  [AppKit+0x1a05d6]  __37+[NSDisplayCycle currentDisplayCycle]_block_invoke+0x3ad
C  [QuartzCore+0x10f71]  CA::Transaction::run_commit_handlers(CATransactionPhase)+0x55
C  [QuartzCore+0x1042c]  CA::Context::commit_transaction(CA::Transaction*)+0xa0
C  [QuartzCore+0x100ec]  CA::Transaction::commit()+0x1fc
C  [QuartzCore+0x1b977]  CA::Transaction::observer_callback(__CFRunLoopObserver*, unsigned long, void*)+0x47
C  [CoreFoundation+0xaa067]  __CFRUNLOOP_IS_CALLING_OUT_TO_AN_OBSERVER_CALLBACK_FUNCTION__+0x17
C  [CoreFoundation+0xa9fd7]  __CFRunLoopDoObservers+0x187
C  [CoreFoundation+0x88ef8]  CFRunLoopRunSpecific+0x148
C  [HIToolbox+0x30935]  RunCurrentEventLoopInMode+0xeb
C  [HIToolbox+0x30677]  ReceiveNextEventCommon+0xb8
C  [HIToolbox+0x305af]  _BlockUntilNextEventMatchingListInModeWithFilter+0x47
C  [AppKit+0x48df6]  _DPSNextEvent+0x42b
C  [AppKit+0x48226]  -[NSApplication _nextEventMatchingEventMask:untilDate:inMode:dequeue:]+0x1c6
C  [libosxapp.dylib+0x23aa]  -[NSApplicationAWT nextEventMatchingMask:untilDate:inMode:dequeue:]+0x7c
C  [AppKit+0x3cd80]  -[NSApplication run]+0x2aa
C  [libosxapp.dylib+0x214d]  +[NSApplicationAWT runAWTLoopWithApp:]+0x9c
C  [libawt_lwawt.dylib+0x4615f]  -[AWTStarter starter:]+0x389
C  [Foundation+0x76fde]  __NSThreadPerformPerform+0x117
C  [CoreFoundation+0xaa881]  __CFRUNLOOP_IS_CALLING_OUT_TO_A_SOURCE0_PERFORM_FUNCTION__+0x11
C  [CoreFoundation+0x89fbc]  __CFRunLoopDoSources0+0x22c
C  [CoreFoundation+0x894df]  __CFRunLoopRun+0x39f
C  [CoreFoundation+0x88ed8]  CFRunLoopRunSpecific+0x128
C  [java+0x6465]  CreateExecutionEnvironment+0x367
C  [java+0x218c]  JLI_Launch+0x7a0
C  [java+0x84c2]  main+0x65
C  [java+0x19e4]  start+0x34
C  0x0000000000000007


---------------  P R O C E S S  ---------------

Java Threads: ( => current thread )
  0x00007fac6d1a6000 JavaThread "Java2D Queue Flusher" daemon [_thread_blocked, id=50951, stack(0x00007000014dc000,0x00007000015dc000)]
  0x00007fac6d9aa800 JavaThread "Java2D Disposer" daemon [_thread_blocked, id=43835, stack(0x00007000013d9000,0x00007000014d9000)]
  0x00007fac6c92e800 JavaThread "AWT-Shutdown" [_thread_blocked, id=29971, stack(0x0000700001253000,0x0000700001353000)]
=>0x00007fac6d145000 JavaThread "AppKit Thread" daemon [_thread_in_native, id=2571, stack(0x00007fff5023f000,0x00007fff50a3f000)]
  0x00007fac6c81d800 JavaThread "Service Thread" daemon [_thread_blocked, id=19459, stack(0x0000700000fca000,0x00007000010ca000)]
  0x00007fac6d02d800 JavaThread "C1 CompilerThread2" daemon [_thread_blocked, id=18947, stack(0x0000700000ec7000,0x0000700000fc7000)]
  0x00007fac6d8d6800 JavaThread "C2 CompilerThread1" daemon [_thread_blocked, id=18435, stack(0x0000700000dc4000,0x0000700000ec4000)]
  0x00007fac6c83e000 JavaThread "C2 CompilerThread0" daemon [_thread_blocked, id=17923, stack(0x0000700000cc1000,0x0000700000dc1000)]
  0x00007fac6c056000 JavaThread "Monitor Ctrl-Break" daemon [_thread_in_native, id=17411, stack(0x0000700000bbe000,0x0000700000cbe000)]
  0x00007fac6d838000 JavaThread "Signal Dispatcher" daemon [_thread_blocked, id=16667, stack(0x0000700000abb000,0x0000700000bbb000)]
  0x00007fac6d835800 JavaThread "Finalizer" daemon [_thread_blocked, id=12291, stack(0x000070000082f000,0x000070000092f000)]
  0x00007fac6c804000 JavaThread "Reference Handler" daemon [_thread_blocked, id=11779, stack(0x000070000072c000,0x000070000082c000)]
  0x00007fac6d00a800 JavaThread "main" [_thread_in_native, id=5891, stack(0x000070000011a000,0x000070000021a000)]

Other Threads:
  0x00007fac6c801800 VMThread [stack: 0x0000700000629000,0x0000700000729000] [id=11267]
  0x00007fac6d8df800 WatcherThread [stack: 0x00007000010cd000,0x00007000011cd000] [id=19971]

VM state:not at safepoint (normal execution)

VM Mutex/Monitor currently owned by a thread: None

Heap:
 PSYoungGen      total 35328K, used 23761K [0x0000000795580000, 0x0000000797b80000, 0x00000007c0000000)
  eden space 32768K, 65% used [0x0000000795580000,0x0000000796a70768,0x0000000797580000)
  from space 2560K, 90% used [0x0000000797600000,0x0000000797844010,0x0000000797880000)
  to   space 3072K, 0% used [0x0000000797880000,0x0000000797880000,0x0000000797b80000)
 ParOldGen       total 87552K, used 40K [0x0000000740000000, 0x0000000745580000, 0x0000000795580000)
  object space 87552K, 0% used [0x0000000740000000,0x000000074000a000,0x0000000745580000)
 Metaspace       used 9801K, capacity 9989K, committed 10112K, reserved 1058816K
  class space    used 1029K, capacity 1085K, committed 1152K, reserved 1048576K

Card table byte_map: [0x0000000120162000,0x0000000120563000] byte_map_base: 0x000000011c762000

Marking Bits: (ParMarkBitMap*) 0x00000001106f0d30
 Begin Bits: [0x000000012080e000, 0x000000012280e000)
 End Bits:   [0x000000012280e000, 0x000000012480e000)

Polling page: 0x000000010f484000

CodeCache: size=245760Kb used=4098Kb max_used=4111Kb free=241662Kb
 bounds [0x0000000110da2000, 0x00000001111b2000, 0x000000011fda2000]
 total_blobs=1476 nmethods=968 adapters=422
 compilation: enabled

Compilation events (10 events):
Event: 7.229 Thread 0x00007fac6d02d800  964       1       java.nio.HeapByteBuffer::_get (7 bytes)
Event: 7.229 Thread 0x00007fac6d02d800 nmethod 964 0x0000000111188390 code [0x00000001111884e0, 0x0000000111188610]
Event: 7.246 Thread 0x00007fac6d02d800  965       3       java.nio.Buffer::nextGetIndex (38 bytes)
Event: 7.246 Thread 0x00007fac6d02d800 nmethod 965 0x0000000111187f10 code [0x0000000111188080, 0x00000001111882a8]
Event: 7.388 Thread 0x00007fac6d02d800  966       1       java.util.concurrent.locks.AbstractQueuedSynchronizer::getState (5 bytes)
Event: 7.388 Thread 0x00007fac6d02d800 nmethod 966 0x0000000111187c50 code [0x0000000111187da0, 0x0000000111187eb0]
Event: 7.696 Thread 0x00007fac6d02d800  967       3       java.nio.HeapByteBuffer::putInt (20 bytes)
Event: 7.697 Thread 0x00007fac6d02d800 nmethod 967 0x0000000111187590 code [0x0000000111187720, 0x0000000111187ae8]
Event: 7.697 Thread 0x00007fac6d02d800  968       3       java.nio.Bits::putInt (20 bytes)
Event: 7.697 Thread 0x00007fac6d02d800 nmethod 968 0x0000000111187150 code [0x00000001111872c0, 0x00000001111874b8]

GC Heap History (10 events):
Event: 1.629 GC heap before
{Heap before GC invocations=1 (full 0):
 PSYoungGen      total 38400K, used 33280K [0x0000000795580000, 0x0000000798000000, 0x00000007c0000000)
  eden space 33280K, 100% used [0x0000000795580000,0x0000000797600000,0x0000000797600000)
  from space 5120K, 0% used [0x0000000797b00000,0x0000000797b00000,0x0000000798000000)
  to   space 5120K, 0% used [0x0000000797600000,0x0000000797600000,0x0000000797b00000)
 ParOldGen       total 87552K, used 0K [0x0000000740000000, 0x0000000745580000, 0x0000000795580000)
  object space 87552K, 0% used [0x0000000740000000,0x0000000740000000,0x0000000745580000)
 Metaspace       used 9672K, capacity 9797K, committed 10112K, reserved 1058816K
  class space    used 1029K, capacity 1085K, committed 1152K, reserved 1048576K
Event: 1.635 GC heap after
Heap after GC invocations=1 (full 0):
 PSYoungGen      total 38400K, used 2904K [0x0000000795580000, 0x0000000798000000, 0x00000007c0000000)
  eden space 33280K, 0% used [0x0000000795580000,0x0000000795580000,0x0000000797600000)
  from space 5120K, 56% used [0x0000000797600000,0x00000007978d62a0,0x0000000797b00000)
  to   space 5120K, 0% used [0x0000000797b00000,0x0000000797b00000,0x0000000798000000)
 ParOldGen       total 87552K, used 8K [0x0000000740000000, 0x0000000745580000, 0x0000000795580000)
  object space 87552K, 0% used [0x0000000740000000,0x0000000740002000,0x0000000745580000)
 Metaspace       used 9672K, capacity 9797K, committed 10112K, reserved 1058816K
  class space    used 1029K, capacity 1085K, committed 1152K, reserved 1048576K
}
Event: 2.088 GC heap before
{Heap before GC invocations=2 (full 0):
 PSYoungGen      total 38400K, used 36184K [0x0000000795580000, 0x0000000798000000, 0x00000007c0000000)
  eden space 33280K, 100% used [0x0000000795580000,0x0000000797600000,0x0000000797600000)
  from space 5120K, 56% used [0x0000000797600000,0x00000007978d62a0,0x0000000797b00000)
  to   space 5120K, 0% used [0x0000000797b00000,0x0000000797b00000,0x0000000798000000)
 ParOldGen       total 87552K, used 8K [0x0000000740000000, 0x0000000745580000, 0x0000000795580000)
  object space 87552K, 0% used [0x0000000740000000,0x0000000740002000,0x0000000745580000)
 Metaspace       used 9705K, capacity 9861K, committed 10112K, reserved 1058816K
  class space    used 1029K, capacity 1085K, committed 1152K, reserved 1048576K
Event: 2.092 GC heap after
Heap after GC invocations=2 (full 0):
 PSYoungGen      total 38400K, used 2312K [0x0000000795580000, 0x0000000798000000, 0x00000007c0000000)
  eden space 33280K, 0% used [0x0000000795580000,0x0000000795580000,0x0000000797600000)
  from space 5120K, 45% used [0x0000000797b00000,0x0000000797d42148,0x0000000798000000)
  to   space 5120K, 0% used [0x0000000797600000,0x0000000797600000,0x0000000797b00000)
 ParOldGen       total 87552K, used 16K [0x0000000740000000, 0x0000000745580000, 0x0000000795580000)
  object space 87552K, 0% used [0x0000000740000000,0x0000000740004000,0x0000000745580000)
 Metaspace       used 9705K, capacity 9861K, committed 10112K, reserved 1058816K
  class space    used 1029K, capacity 1085K, committed 1152K, reserved 1048576K
}
Event: 3.235 GC heap before
{Heap before GC invocations=3 (full 0):
 PSYoungGen      total 38400K, used 35592K [0x0000000795580000, 0x0000000798000000, 0x00000007c0000000)
  eden space 33280K, 100% used [0x0000000795580000,0x0000000797600000,0x0000000797600000)
  from space 5120K, 45% used [0x0000000797b00000,0x0000000797d42148,0x0000000798000000)
  to   space 5120K, 0% used [0x0000000797600000,0x0000000797600000,0x0000000797b00000)
 ParOldGen       total 87552K, used 16K [0x0000000740000000, 0x0000000745580000, 0x0000000795580000)
  object space 87552K, 0% used [0x0000000740000000,0x0000000740004000,0x0000000745580000)
 Metaspace       used 9781K, capacity 9925K, committed 10112K, reserved 1058816K
  class space    used 1029K, capacity 1085K, committed 1152K, reserved 1048576K
Event: 3.239 GC heap after
Heap after GC invocations=3 (full 0):
 PSYoungGen      total 38400K, used 2288K [0x0000000795580000, 0x0000000798000000, 0x00000007c0000000)
  eden space 33280K, 0% used [0x0000000795580000,0x0000000795580000,0x0000000797600000)
  from space 5120K, 44% used [0x0000000797600000,0x000000079783c010,0x0000000797b00000)
  to   space 5120K, 0% used [0x0000000797b00000,0x0000000797b00000,0x0000000798000000)
 ParOldGen       total 87552K, used 24K [0x0000000740000000, 0x0000000745580000, 0x0000000795580000)
  object space 87552K, 0% used [0x0000000740000000,0x0000000740006000,0x0000000745580000)
 Metaspace       used 9781K, capacity 9925K, committed 10112K, reserved 1058816K
  class space    used 1029K, capacity 1085K, committed 1152K, reserved 1048576K
}
Event: 4.957 GC heap before
{Heap before GC invocations=4 (full 0):
 PSYoungGen      total 38400K, used 35568K [0x0000000795580000, 0x0000000798000000, 0x00000007c0000000)
  eden space 33280K, 100% used [0x0000000795580000,0x0000000797600000,0x0000000797600000)
  from space 5120K, 44% used [0x0000000797600000,0x000000079783c010,0x0000000797b00000)
  to   space 5120K, 0% used [0x0000000797b00000,0x0000000797b00000,0x0000000798000000)
 ParOldGen       total 87552K, used 24K [0x0000000740000000, 0x0000000745580000, 0x0000000795580000)
  object space 87552K, 0% used [0x0000000740000000,0x0000000740006000,0x0000000745580000)
 Metaspace       used 9796K, capacity 9989K, committed 10112K, reserved 1058816K
  class space    used 1029K, capacity 1085K, committed 1152K, reserved 1048576K
Event: 4.960 GC heap after
Heap after GC invocations=4 (full 0):
 PSYoungGen      total 38400K, used 2352K [0x0000000795580000, 0x0000000798000000, 0x00000007c0000000)
  eden space 33280K, 0% used [0x0000000795580000,0x0000000795580000,0x0000000797600000)
  from space 5120K, 45% used [0x0000000797b00000,0x0000000797d4c010,0x0000000798000000)
  to   space 5120K, 0% used [0x0000000797600000,0x0000000797600000,0x0000000797b00000)
 ParOldGen       total 87552K, used 32K [0x0000000740000000, 0x0000000745580000, 0x0000000795580000)
  object space 87552K, 0% used [0x0000000740000000,0x0000000740008000,0x0000000745580000)
 Metaspace       used 9796K, capacity 9989K, committed 10112K, reserved 1058816K
  class space    used 1029K, capacity 1085K, committed 1152K, reserved 1048576K
}
Event: 6.696 GC heap before
{Heap before GC invocations=5 (full 0):
 PSYoungGen      total 38400K, used 35632K [0x0000000795580000, 0x0000000798000000, 0x00000007c0000000)
  eden space 33280K, 100% used [0x0000000795580000,0x0000000797600000,0x0000000797600000)
  from space 5120K, 45% used [0x0000000797b00000,0x0000000797d4c010,0x0000000798000000)
  to   space 5120K, 0% used [0x0000000797600000,0x0000000797600000,0x0000000797b00000)
 ParOldGen       total 87552K, used 32K [0x0000000740000000, 0x0000000745580000, 0x0000000795580000)
  object space 87552K, 0% used [0x0000000740000000,0x0000000740008000,0x0000000745580000)
 Metaspace       used 9796K, capacity 9989K, committed 10112K, reserved 1058816K
  class space    used 1029K, capacity 1085K, committed 1152K, reserved 1048576K
Event: 6.699 GC heap after
Heap after GC invocations=5 (full 0):
 PSYoungGen      total 35328K, used 2320K [0x0000000795580000, 0x0000000797b80000, 0x00000007c0000000)
  eden space 32768K, 0% used [0x0000000795580000,0x0000000795580000,0x0000000797580000)
  from space 2560K, 90% used [0x0000000797600000,0x0000000797844010,0x0000000797880000)
  to   space 3072K, 0% used [0x0000000797880000,0x0000000797880000,0x0000000797b80000)
 ParOldGen       total 87552K, used 40K [0x0000000740000000, 0x0000000745580000, 0x0000000795580000)
  object space 87552K, 0% used [0x0000000740000000,0x000000074000a000,0x0000000745580000)
 Metaspace       used 9796K, capacity 9989K, committed 10112K, reserved 1058816K
  class space    used 1029K, capacity 1085K, committed 1152K, reserved 1048576K
}

Deoptimization events (3 events):
Event: 0.645 Thread 0x00007fac6d00a800 Uncommon trap: reason=unstable_if action=reinterpret pc=0x0000000110f4fc9c method=java.lang.String.replace(CC)Ljava/lang/String; @ 26
Event: 0.704 Thread 0x00007fac6d00a800 Uncommon trap: reason=unstable_if action=reinterpret pc=0x0000000110f67460 method=java.lang.String.indexOf([CII[CIII)I @ 3
Event: 0.854 Thread 0x00007fac6d00a800 Uncommon trap: reason=unstable_if action=reinterpret pc=0x0000000110f98aec method=sun.awt.image.ByteInterleavedRaster.getDataElements(IILjava/lang/Object;)Ljava/lang/Object; @ 43

Internal exceptions (10 events):
Event: 0.260 Thread 0x00007fac6d00a800 Exception <a 'java/security/PrivilegedActionException'> (0x00000007959c7660) thrown at [/Users/java_re/workspace/8-2-build-macosx-x86_64/jdk8u112/7935/hotspot/src/share/vm/prims/jvm.cpp, line 1390]
Event: 0.260 Thread 0x00007fac6d00a800 Exception <a 'java/security/PrivilegedActionException'> (0x00000007959c7870) thrown at [/Users/java_re/workspace/8-2-build-macosx-x86_64/jdk8u112/7935/hotspot/src/share/vm/prims/jvm.cpp, line 1390]
Event: 0.260 Thread 0x00007fac6d00a800 Exception <a 'java/security/PrivilegedActionException'> (0x00000007959cad60) thrown at [/Users/java_re/workspace/8-2-build-macosx-x86_64/jdk8u112/7935/hotspot/src/share/vm/prims/jvm.cpp, line 1390]
Event: 0.260 Thread 0x00007fac6d00a800 Exception <a 'java/security/PrivilegedActionException'> (0x00000007959caf70) thrown at [/Users/java_re/workspace/8-2-build-macosx-x86_64/jdk8u112/7935/hotspot/src/share/vm/prims/jvm.cpp, line 1390]
Event: 0.357 Thread 0x00007fac6d00a800 Exception <a 'java/lang/NoSuchFieldError': method resolution failed> (0x0000000795afda58) thrown at [/Users/java_re/workspace/8-2-build-macosx-x86_64/jdk8u112/7935/hotspot/src/share/vm/prims/methodHandles.cpp, line 1146]
Event: 0.386 Thread 0x00007fac6d00a800 Exception <a 'java/lang/NoSuchFieldError': method resolution failed> (0x0000000795b0ba48) thrown at [/Users/java_re/workspace/8-2-build-macosx-x86_64/jdk8u112/7935/hotspot/src/share/vm/prims/methodHandles.cpp, line 1146]
Event: 0.618 Thread 0x00007fac6d00a800 Exception <a 'java/io/FileNotFoundException'> (0x0000000795bae348) thrown at [/Users/java_re/workspace/8-2-build-macosx-x86_64/jdk8u112/7935/hotspot/src/share/vm/prims/jni.cpp, line 709]
Event: 0.619 Thread 0x00007fac6d00a800 Exception <a 'java/io/FileNotFoundException'> (0x0000000795baeed0) thrown at [/Users/java_re/workspace/8-2-build-macosx-x86_64/jdk8u112/7935/hotspot/src/share/vm/prims/jni.cpp, line 709]
Event: 0.854 Thread 0x00007fac6d00a800 Implicit null exception at 0x0000000110f988a4 to 0x0000000110f98ad1
Event: 1.174 Thread 0x00007fac6d00a800 Exception <a 'java/lang/NoClassDefFoundError': net/java/games/input/ControllerEnvironment> (0x000000079657bc48) thrown at [/Users/java_re/workspace/8-2-build-macosx-x86_64/jdk8u112/7935/hotspot/src/share/vm/classfile/systemDictionary.cpp, line 199]

Events (10 events):
Event: 6.701 Executing VM operation: RevokeBias
Event: 6.701 Executing VM operation: RevokeBias done
Event: 6.701 Executing VM operation: RevokeBias
Event: 6.701 Executing VM operation: RevokeBias done
Event: 6.701 Executing VM operation: RevokeBias
Event: 6.701 Executing VM operation: RevokeBias done
Event: 6.701 Executing VM operation: RevokeBias
Event: 6.701 Executing VM operation: RevokeBias done
Event: 6.701 Executing VM operation: BulkRevokeBias
Event: 6.701 Executing VM operation: BulkRevokeBias done


Dynamic libraries:
0x0000000000e1b000 	/System/Library/Frameworks/Cocoa.framework/Versions/A/Cocoa
0x0000000000e1b000 	/System/Library/Frameworks/Security.framework/Versions/A/Security
0x0000000000e1b000 	/System/Library/Frameworks/ApplicationServices.framework/Versions/A/ApplicationServices
0x0000000000e1b000 	/usr/lib/libz.1.dylib
0x0000000000e1b000 	/usr/lib/libSystem.B.dylib
0x0000000000e1b000 	/usr/lib/libobjc.A.dylib
0x0000000000e1b000 	/System/Library/Frameworks/CoreFoundation.framework/Versions/A/CoreFoundation
0x0000000000e1b000 	/System/Library/Frameworks/Foundation.framework/Versions/C/Foundation
0x0000000000e1b000 	/System/Library/Frameworks/AppKit.framework/Versions/C/AppKit
0x0000000000e1b000 	/System/Library/Frameworks/CoreData.framework/Versions/A/CoreData
0x0000000000e1b000 	/System/Library/PrivateFrameworks/RemoteViewServices.framework/Versions/A/RemoteViewServices
0x0000000000e1b000 	/System/Library/PrivateFrameworks/UIFoundation.framework/Versions/A/UIFoundation
0x0000000000e1b000 	/usr/lib/libScreenReader.dylib
0x0000000000e1b000 	/System/Library/Frameworks/Accelerate.framework/Versions/A/Accelerate
0x0000000000e1b000 	/System/Library/Frameworks/IOSurface.framework/Versions/A/IOSurface
0x0000000000e1b000 	/System/Library/Frameworks/AudioToolbox.framework/Versions/A/AudioToolbox
0x0000000000e1b000 	/System/Library/Frameworks/AudioUnit.framework/Versions/A/AudioUnit
0x0000000000e1b000 	/System/Library/PrivateFrameworks/DataDetectorsCore.framework/Versions/A/DataDetectorsCore
0x0000000000e1b000 	/System/Library/PrivateFrameworks/DesktopServicesPriv.framework/Versions/A/DesktopServicesPriv
0x0000000000e1b000 	/System/Library/Frameworks/Carbon.framework/Versions/A/Frameworks/HIToolbox.framework/Versions/A/HIToolbox
0x0000000000e1b000 	/System/Library/Frameworks/QuartzCore.framework/Versions/A/QuartzCore
0x0000000000e1b000 	/System/Library/Frameworks/Carbon.framework/Versions/A/Frameworks/SpeechRecognition.framework/Versions/A/SpeechRecognition
0x0000000000e1b000 	/usr/lib/libauto.dylib
0x0000000000e1b000 	/usr/lib/libicucore.A.dylib
0x0000000000e1b000 	/usr/lib/libxml2.2.dylib
0x0000000000e1b000 	/System/Library/PrivateFrameworks/CoreUI.framework/Versions/A/CoreUI
0x0000000000e1b000 	/System/Library/Frameworks/CoreAudio.framework/Versions/A/CoreAudio
0x0000000000e1b000 	/System/Library/Frameworks/DiskArbitration.framework/Versions/A/DiskArbitration
0x0000000000e1b000 	/usr/lib/liblangid.dylib
0x0000000000e1b000 	/System/Library/PrivateFrameworks/MultitouchSupport.framework/Versions/A/MultitouchSupport
0x0000000000e1b000 	/System/Library/Frameworks/IOKit.framework/Versions/A/IOKit
0x0000000000e1b000 	/usr/lib/libDiagnosticMessagesClient.dylib
0x0000000000e1b000 	/System/Library/Frameworks/CoreServices.framework/Versions/A/CoreServices
0x0000000000e1b000 	/System/Library/PrivateFrameworks/PerformanceAnalysis.framework/Versions/A/PerformanceAnalysis
0x0000000000e1b000 	/System/Library/PrivateFrameworks/GenerationalStorage.framework/Versions/A/GenerationalStorage
0x0000000000e1b000 	/System/Library/Frameworks/OpenGL.framework/Versions/A/OpenGL
0x0000000000e1b000 	/System/Library/PrivateFrameworks/Sharing.framework/Versions/A/Sharing
0x0000000000e1b000 	/System/Library/Frameworks/CoreGraphics.framework/Versions/A/CoreGraphics
0x0000000000e1b000 	/System/Library/Frameworks/CoreImage.framework/Versions/A/CoreImage
0x0000000000e1b000 	/System/Library/Frameworks/CoreText.framework/Versions/A/CoreText
0x0000000000e1b000 	/System/Library/Frameworks/ImageIO.framework/Versions/A/ImageIO
0x0000000000e1b000 	/System/Library/PrivateFrameworks/Backup.framework/Versions/A/Backup
0x0000000000e1b000 	/usr/lib/libextension.dylib
0x0000000000e1b000 	/usr/lib/libarchive.2.dylib
0x0000000000e1b000 	/System/Library/Frameworks/CFNetwork.framework/Versions/A/CFNetwork
0x0000000000e1b000 	/System/Library/Frameworks/SystemConfiguration.framework/Versions/A/SystemConfiguration
0x0000000000e1b000 	/usr/lib/libCRFSuite.dylib
0x0000000000e1b000 	/usr/lib/libc++.1.dylib
0x0000000000e1b000 	/usr/lib/libc++abi.dylib
0x0000000000e1b000 	/usr/lib/system/libcache.dylib
0x0000000000e1b000 	/usr/lib/system/libcommonCrypto.dylib
0x0000000000e1b000 	/usr/lib/system/libcompiler_rt.dylib
0x0000000000e1b000 	/usr/lib/system/libcopyfile.dylib
0x0000000000e1b000 	/usr/lib/system/libcorecrypto.dylib
0x0000000000e1b000 	/usr/lib/system/libdispatch.dylib
0x0000000000e1b000 	/usr/lib/system/libdyld.dylib
0x0000000000e1b000 	/usr/lib/system/libkeymgr.dylib
0x0000000000e1b000 	/usr/lib/system/liblaunch.dylib
0x0000000000e1b000 	/usr/lib/system/libmacho.dylib
0x0000000000e1b000 	/usr/lib/system/libquarantine.dylib
0x0000000000e1b000 	/usr/lib/system/libremovefile.dylib
0x0000000000e1b000 	/usr/lib/system/libsystem_asl.dylib
0x0000000000e1b000 	/usr/lib/system/libsystem_blocks.dylib
0x0000000000e1b000 	/usr/lib/system/libsystem_c.dylib
0x0000000000e1b000 	/usr/lib/system/libsystem_configuration.dylib
0x0000000000e1b000 	/usr/lib/system/libsystem_coreservices.dylib
0x0000000000e1b000 	/usr/lib/system/libsystem_coretls.dylib
0x0000000000e1b000 	/usr/lib/system/libsystem_dnssd.dylib
0x0000000000e1b000 	/usr/lib/system/libsystem_info.dylib
0x0000000000e1b000 	/usr/lib/system/libsystem_kernel.dylib
0x0000000000e1b000 	/usr/lib/system/libsystem_m.dylib
0x0000000000e1b000 	/usr/lib/system/libsystem_malloc.dylib
0x0000000000e1b000 	/usr/lib/system/libsystem_network.dylib
0x0000000000e1b000 	/usr/lib/system/libsystem_networkextension.dylib
0x0000000000e1b000 	/usr/lib/system/libsystem_notify.dylib
0x0000000000e1b000 	/usr/lib/system/libsystem_platform.dylib
0x0000000000e1b000 	/usr/lib/system/libsystem_pthread.dylib
0x0000000000e1b000 	/usr/lib/system/libsystem_sandbox.dylib
0x0000000000e1b000 	/usr/lib/system/libsystem_secinit.dylib
0x0000000000e1b000 	/usr/lib/system/libsystem_trace.dylib
0x0000000000e1b000 	/usr/lib/system/libunc.dylib
0x0000000000e1b000 	/usr/lib/system/libunwind.dylib
0x0000000000e1b000 	/usr/lib/system/libxpc.dylib
0x0000000000e1b000 	/usr/lib/libenergytrace.dylib
0x0000000000e1b000 	/usr/lib/libbsm.0.dylib
0x0000000000e1b000 	/usr/lib/system/libkxld.dylib
0x0000000000e1b000 	/usr/lib/libxar.1.dylib
0x0000000000e1b000 	/usr/lib/libsqlite3.dylib
0x0000000000e1b000 	/usr/lib/libpam.2.dylib
0x0000000000e1b000 	/usr/lib/libOpenScriptingUtil.dylib
0x0000000000e1b000 	/usr/lib/libbz2.1.0.dylib
0x0000000000e1b000 	/usr/lib/liblzma.5.dylib
0x0000000000e1b000 	/System/Library/Frameworks/CoreServices.framework/Versions/A/Frameworks/FSEvents.framework/Versions/A/FSEvents
0x0000000000e1b000 	/System/Library/Frameworks/CoreServices.framework/Versions/A/Frameworks/CarbonCore.framework/Versions/A/CarbonCore
0x0000000000e1b000 	/System/Library/Frameworks/CoreServices.framework/Versions/A/Frameworks/Metadata.framework/Versions/A/Metadata
0x0000000000e1b000 	/System/Library/Frameworks/CoreServices.framework/Versions/A/Frameworks/OSServices.framework/Versions/A/OSServices
0x0000000000e1b000 	/System/Library/Frameworks/CoreServices.framework/Versions/A/Frameworks/SearchKit.framework/Versions/A/SearchKit
0x0000000000e1b000 	/System/Library/Frameworks/CoreServices.framework/Versions/A/Frameworks/AE.framework/Versions/A/AE
0x0000000000e1b000 	/System/Library/Frameworks/CoreServices.framework/Versions/A/Frameworks/LaunchServices.framework/Versions/A/LaunchServices
0x0000000000e1b000 	/System/Library/Frameworks/CoreServices.framework/Versions/A/Frameworks/DictionaryServices.framework/Versions/A/DictionaryServices
0x0000000000e1b000 	/System/Library/Frameworks/CoreServices.framework/Versions/A/Frameworks/SharedFileList.framework/Versions/A/SharedFileList
0x0000000000e1b000 	/System/Library/Frameworks/NetFS.framework/Versions/A/NetFS
0x0000000000e1b000 	/System/Library/PrivateFrameworks/NetAuth.framework/Versions/A/NetAuth
0x0000000000e1b000 	/System/Library/PrivateFrameworks/login.framework/Versions/A/Frameworks/loginsupport.framework/Versions/A/loginsupport
0x0000000000e1b000 	/System/Library/PrivateFrameworks/TCC.framework/Versions/A/TCC
0x0000000000e1b000 	/usr/lib/libmecabra.dylib
0x0000000000e1b000 	/System/Library/Frameworks/ApplicationServices.framework/Versions/A/Frameworks/ATS.framework/Versions/A/ATS
0x0000000000e1b000 	/System/Library/Frameworks/ApplicationServices.framework/Versions/A/Frameworks/ColorSync.framework/Versions/A/ColorSync
0x0000000000e1b000 	/System/Library/Frameworks/ApplicationServices.framework/Versions/A/Frameworks/HIServices.framework/Versions/A/HIServices
0x0000000000e1b000 	/System/Library/Frameworks/ApplicationServices.framework/Versions/A/Frameworks/LangAnalysis.framework/Versions/A/LangAnalysis
0x0000000000e1b000 	/System/Library/Frameworks/ApplicationServices.framework/Versions/A/Frameworks/PrintCore.framework/Versions/A/PrintCore
0x0000000000e1b000 	/System/Library/Frameworks/ApplicationServices.framework/Versions/A/Frameworks/QD.framework/Versions/A/QD
0x0000000000e1b000 	/System/Library/Frameworks/ApplicationServices.framework/Versions/A/Frameworks/SpeechSynthesis.framework/Versions/A/SpeechSynthesis
0x0000000000e1b000 	/System/Library/Frameworks/Metal.framework/Versions/A/Metal
0x0000000000e1b000 	/System/Library/Frameworks/Accelerate.framework/Versions/A/Frameworks/vImage.framework/Versions/A/vImage
0x0000000000e1b000 	/System/Library/Frameworks/Accelerate.framework/Versions/A/Frameworks/vecLib.framework/Versions/A/vecLib
0x0000000000e1b000 	/System/Library/Frameworks/Accelerate.framework/Versions/A/Frameworks/vecLib.framework/Versions/A/libvDSP.dylib
0x0000000000e1b000 	/System/Library/Frameworks/Accelerate.framework/Versions/A/Frameworks/vecLib.framework/Versions/A/libvMisc.dylib
0x0000000000e1b000 	/System/Library/Frameworks/Accelerate.framework/Versions/A/Frameworks/vecLib.framework/Versions/A/libLAPACK.dylib
0x0000000000e1b000 	/System/Library/Frameworks/Accelerate.framework/Versions/A/Frameworks/vecLib.framework/Versions/A/libBLAS.dylib
0x0000000000e1b000 	/System/Library/Frameworks/Accelerate.framework/Versions/A/Frameworks/vecLib.framework/Versions/A/libLinearAlgebra.dylib
0x0000000000e1b000 	/System/Library/Frameworks/Accelerate.framework/Versions/A/Frameworks/vecLib.framework/Versions/A/libSparseBLAS.dylib
0x0000000000e1b000 	/System/Library/PrivateFrameworks/GPUCompiler.framework/libmetal_timestamp.dylib
0x0000000000e1b000 	/System/Library/Frameworks/OpenGL.framework/Versions/A/Libraries/libCoreFSCache.dylib
0x0000000000e1b000 	/System/Library/PrivateFrameworks/IOAccelerator.framework/Versions/A/IOAccelerator
0x0000000000e1b000 	/System/Library/Frameworks/ApplicationServices.framework/Versions/A/Frameworks/ATS.framework/Versions/A/Resources/libFontParser.dylib
0x0000000000e1b000 	/System/Library/Frameworks/ApplicationServices.framework/Versions/A/Frameworks/ATS.framework/Versions/A/Resources/libFontRegistry.dylib
0x0000000000e1b000 	/System/Library/PrivateFrameworks/AppleVPA.framework/Versions/A/AppleVPA
0x0000000000e1b000 	/System/Library/PrivateFrameworks/AppleJPEG.framework/Versions/A/AppleJPEG
0x0000000000e1b000 	/System/Library/Frameworks/ImageIO.framework/Versions/A/Resources/libJPEG.dylib
0x0000000000e1b000 	/System/Library/Frameworks/ImageIO.framework/Versions/A/Resources/libTIFF.dylib
0x0000000000e1b000 	/System/Library/Frameworks/ImageIO.framework/Versions/A/Resources/libPng.dylib
0x0000000000e1b000 	/System/Library/Frameworks/ImageIO.framework/Versions/A/Resources/libGIF.dylib
0x0000000000e1b000 	/System/Library/Frameworks/ImageIO.framework/Versions/A/Resources/libJP2.dylib
0x0000000000e1b000 	/System/Library/Frameworks/ImageIO.framework/Versions/A/Resources/libRadiance.dylib
0x0000000000e1b000 	/System/Library/Frameworks/CoreVideo.framework/Versions/A/CoreVideo
0x0000000000e1b000 	/System/Library/Frameworks/OpenGL.framework/Versions/A/Libraries/libGLU.dylib
0x0000000000e1b000 	/System/Library/Frameworks/OpenGL.framework/Versions/A/Libraries/libGFXShared.dylib
0x0000000000e1b000 	/System/Library/Frameworks/OpenGL.framework/Versions/A/Libraries/libGL.dylib
0x0000000000e1b000 	/System/Library/Frameworks/OpenGL.framework/Versions/A/Libraries/libGLImage.dylib
0x0000000000e1b000 	/System/Library/Frameworks/OpenGL.framework/Versions/A/Libraries/libCVMSPluginSupport.dylib
0x0000000000e1b000 	/System/Library/Frameworks/OpenGL.framework/Versions/A/Libraries/libCoreVMClient.dylib
0x0000000000e1b000 	/usr/lib/libcompression.dylib
0x0000000000e1b000 	/usr/lib/libcups.2.dylib
0x0000000000e1b000 	/System/Library/Frameworks/Kerberos.framework/Versions/A/Kerberos
0x0000000000e1b000 	/System/Library/Frameworks/GSS.framework/Versions/A/GSS
0x0000000000e1b000 	/usr/lib/libresolv.9.dylib
0x0000000000e1b000 	/usr/lib/libiconv.2.dylib
0x0000000000e1b000 	/System/Library/PrivateFrameworks/Heimdal.framework/Versions/A/Heimdal
0x0000000000e1b000 	/usr/lib/libheimdal-asn1.dylib
0x0000000000e1b000 	/System/Library/Frameworks/OpenDirectory.framework/Versions/A/OpenDirectory
0x0000000000e1b000 	/System/Library/PrivateFrameworks/CommonAuth.framework/Versions/A/CommonAuth
0x0000000000e1b000 	/System/Library/Frameworks/OpenDirectory.framework/Versions/A/Frameworks/CFOpenDirectory.framework/Versions/A/CFOpenDirectory
0x0000000000e1b000 	/System/Library/Frameworks/SecurityFoundation.framework/Versions/A/SecurityFoundation
0x0000000000e1b000 	/System/Library/PrivateFrameworks/LanguageModeling.framework/Versions/A/LanguageModeling
0x0000000000e1b000 	/usr/lib/libmarisa.dylib
0x0000000000e1b000 	/usr/lib/libChineseTokenizer.dylib
0x0000000000e1b000 	/usr/lib/libcmph.dylib
0x0000000000e1b000 	/System/Library/Frameworks/ServiceManagement.framework/Versions/A/ServiceManagement
0x0000000000e1b000 	/usr/lib/libxslt.1.dylib
0x0000000000e1b000 	/System/Library/Frameworks/Carbon.framework/Versions/A/Frameworks/Ink.framework/Versions/A/Ink
0x0000000000e1b000 	/usr/lib/libFosl_dynamic.dylib
0x0000000000e1b000 	/System/Library/PrivateFrameworks/FaceCore.framework/Versions/A/FaceCore
0x0000000000e1b000 	/System/Library/Frameworks/OpenCL.framework/Versions/A/OpenCL
0x0000000000e1b000 	/System/Library/PrivateFrameworks/CrashReporterSupport.framework/Versions/A/CrashReporterSupport
0x0000000000e1b000 	/System/Library/PrivateFrameworks/IconServices.framework/Versions/A/IconServices
0x0000000000e1b000 	/System/Library/PrivateFrameworks/Apple80211.framework/Versions/A/Apple80211
0x0000000000e1b000 	/System/Library/Frameworks/CoreWLAN.framework/Versions/A/CoreWLAN
0x0000000000e1b000 	/System/Library/Frameworks/IOBluetooth.framework/Versions/A/IOBluetooth
0x0000000000e1b000 	/System/Library/PrivateFrameworks/CoreWiFi.framework/Versions/A/CoreWiFi
0x0000000000e1b000 	/System/Library/Frameworks/CoreBluetooth.framework/Versions/A/CoreBluetooth
0x0000000000e1b000 	/System/Library/PrivateFrameworks/ChunkingLibrary.framework/Versions/A/ChunkingLibrary
0x0000000000e1b000 	/System/Library/PrivateFrameworks/DebugSymbols.framework/Versions/A/DebugSymbols
0x0000000000e1b000 	/System/Library/PrivateFrameworks/CoreSymbolication.framework/Versions/A/CoreSymbolication
0x0000000000e1b000 	/System/Library/PrivateFrameworks/Symbolication.framework/Versions/A/Symbolication
0x0000000000e1b000 	/System/Library/PrivateFrameworks/SpeechRecognitionCore.framework/Versions/A/SpeechRecognitionCore
0x000000010fe00000 	/Library/Java/JavaVirtualMachines/jdk1.8.0_112.jdk/Contents/Home/jre/lib/server/libjvm.dylib
0x0000000000e1b000 	/usr/lib/libstdc++.6.dylib
0x000000010f441000 	/Library/Java/JavaVirtualMachines/jdk1.8.0_112.jdk/Contents/Home/jre/lib/libverify.dylib
0x000000010f44f000 	/Library/Java/JavaVirtualMachines/jdk1.8.0_112.jdk/Contents/Home/jre/lib/libjava.dylib
0x000000010f485000 	/Library/Java/JavaVirtualMachines/jdk1.8.0_112.jdk/Contents/Home/jre/lib/libinstrument.dylib
0x000000010f4e3000 	/Library/Java/JavaVirtualMachines/jdk1.8.0_112.jdk/Contents/Home/jre/lib/libzip.dylib
0x000000010f5e5000 	/System/Library/Frameworks/JavaVM.framework/Frameworks/JavaRuntimeSupport.framework/JavaRuntimeSupport
0x00000001265e3000 	/System/Library/Frameworks/JavaVM.framework/Versions/A/Frameworks/JavaNativeFoundation.framework/Versions/A/JavaNativeFoundation
0x00000001265f8000 	/System/Library/Frameworks/JavaVM.framework/Versions/A/JavaVM
0x0000000000e1b000 	/System/Library/Frameworks/Carbon.framework/Versions/A/Carbon
0x0000000126605000 	/System/Library/PrivateFrameworks/JavaLaunching.framework/Versions/A/JavaLaunching
0x0000000000e1b000 	/System/Library/Frameworks/Carbon.framework/Versions/A/Frameworks/CommonPanels.framework/Versions/A/CommonPanels
0x0000000000e1b000 	/System/Library/Frameworks/Carbon.framework/Versions/A/Frameworks/Help.framework/Versions/A/Help
0x0000000000e1b000 	/System/Library/Frameworks/Carbon.framework/Versions/A/Frameworks/ImageCapture.framework/Versions/A/ImageCapture
0x0000000000e1b000 	/System/Library/Frameworks/Carbon.framework/Versions/A/Frameworks/OpenScripting.framework/Versions/A/OpenScripting
0x0000000000e1b000 	/System/Library/Frameworks/Carbon.framework/Versions/A/Frameworks/Print.framework/Versions/A/Print
0x0000000000e1b000 	/System/Library/Frameworks/Carbon.framework/Versions/A/Frameworks/SecurityHI.framework/Versions/A/SecurityHI
0x0000000128065000 	/Library/Java/JavaVirtualMachines/jdk1.8.0_112.jdk/Contents/Home/jre/lib/libnet.dylib
0x00000001280c4000 	/Library/Java/JavaVirtualMachines/jdk1.8.0_112.jdk/Contents/Home/jre/lib/libawt.dylib
0x000000012816c000 	/Library/Java/JavaVirtualMachines/jdk1.8.0_112.jdk/Contents/Home/jre/lib/./libmlib_image.dylib
0x0000000128238000 	/Library/Java/JavaVirtualMachines/jdk1.8.0_112.jdk/Contents/Home/jre/lib/libawt_lwawt.dylib
0x00000001282ef000 	/Library/Java/JavaVirtualMachines/jdk1.8.0_112.jdk/Contents/Home/jre/lib/./libosxapp.dylib
0x0000000000e1b000 	/System/Library/Frameworks/ExceptionHandling.framework/Versions/A/ExceptionHandling
0x0000000000e1b000 	/System/Library/PrivateFrameworks/CoreServicesInternal.framework/Versions/A/CoreServicesInternal
0x0000000000e1b000 	/System/Library/Frameworks/CoreGraphics.framework/Versions/A/Resources/libRIP.A.dylib
0x0000000000e1b000 	/System/Library/Frameworks/Accelerate.framework/Versions/A/Frameworks/vImage.framework/Versions/A/Libraries/libCGInterfaces.dylib
0x0000000000e1b000 	/System/Library/Frameworks/CoreGraphics.framework/Versions/A/Resources/libCGXType.A.dylib
0x0000000000e1b000 	/System/Library/Frameworks/OpenCL.framework/Versions/A/Libraries/libcldcpuengine.dylib
0x0000000000e1b000 	/System/Library/PrivateFrameworks/DiskImages.framework/Versions/A/DiskImages
0x0000000000e1b000 	/System/Library/Frameworks/DiscRecording.framework/Versions/A/DiscRecording
0x0000000000e1b000 	/usr/lib/libcsfde.dylib
0x0000000000e1b000 	/usr/lib/libcurl.4.dylib
0x0000000000e1b000 	/System/Library/PrivateFrameworks/MediaKit.framework/Versions/A/MediaKit
0x0000000000e1b000 	/System/Library/PrivateFrameworks/ProtectedCloudStorage.framework/Versions/A/ProtectedCloudStorage
0x0000000000e1b000 	/usr/lib/libCoreStorage.dylib
0x0000000000e1b000 	/System/Library/PrivateFrameworks/EFILogin.framework/Versions/A/EFILogin
0x0000000000e1b000 	/usr/lib/libutil.dylib
0x0000000000e1b000 	/System/Library/PrivateFrameworks/FindMyDevice.framework/Versions/A/FindMyDevice
0x0000000000e1b000 	/System/Library/Frameworks/LDAP.framework/Versions/A/LDAP
0x0000000000e1b000 	/usr/lib/libsasl2.2.dylib
0x0000000000e1b000 	/System/Library/PrivateFrameworks/CoreDaemon.framework/Versions/B/CoreDaemon
0x0000000000e1b000 	/usr/lib/libcrypto.0.9.8.dylib
0x0000000000e1b000 	/System/Library/PrivateFrameworks/AppleSRP.framework/Versions/A/AppleSRP
0x0000000000e1b000 	/System/Library/PrivateFrameworks/TrustEvaluationAgent.framework/Versions/A/TrustEvaluationAgent
0x000000012a32f000 	cl_kernels
0x0000000000e1b000 	/System/Library/Frameworks/OpenCL.framework/Versions/A/Libraries/ImageFormats/unorm8_bgra.dylib
0x0000000000e1b000 	/System/Library/Frameworks/OpenCL.framework/Versions/A/Libraries/ImageFormats/unorm8_rgba.dylib
0x0000000000e1b000 	/System/Library/PrivateFrameworks/FamilyControls.framework/Versions/A/FamilyControls
0x0000000000e1b000 	/System/Library/PrivateFrameworks/CommerceKit.framework/Versions/A/Frameworks/CommerceCore.framework/Versions/A/CommerceCore
0x0000000000e1b000 	/System/Library/PrivateFrameworks/SystemAdministration.framework/Versions/A/SystemAdministration
0x0000000000e1b000 	/System/Library/PrivateFrameworks/AppContainer.framework/Versions/A/AppContainer
0x0000000000e1b000 	/System/Library/PrivateFrameworks/SecCodeWrapper.framework/Versions/A/SecCodeWrapper
0x0000000000e1b000 	/System/Library/Frameworks/DirectoryService.framework/Versions/A/DirectoryService
0x0000000000e1b000 	/System/Library/PrivateFrameworks/LoginUIKit.framework/Versions/A/Frameworks/LoginUICore.framework/Versions/A/LoginUICore
0x0000000000e1b000 	/usr/lib/libodfde.dylib
0x000000012b47d000 	/Library/Java/JavaVirtualMachines/jdk1.8.0_112.jdk/Contents/Home/jre/lib/libfontmanager.dylib
0x000000012b4e4000 	/Users/peternabil/Desktop/Peter/College/College Material/SPRING'18/Programming 2/Hannibal/libs/liblwjgl.dylib
0x0000000129451000 	/Library/Java/JavaVirtualMachines/jdk1.8.0_112.jdk/Contents/Home/jre/lib/libjawt.dylib
0x0000000129454000 	/Library/Java/JavaVirtualMachines/jdk1.8.0_112.jdk/Contents/Home/jre/lib/libnio.dylib
0x0000000000e1b000 	/System/Library/Frameworks/OpenGL.framework/Versions/A/Resources/GLEngine.bundle/GLEngine
0x0000000000e1b000 	/System/Library/Frameworks/OpenGL.framework/Versions/A/Libraries/libGLProgrammability.dylib
0x000000012b566000 	/System/Library/Extensions/AppleIntelBDWGraphicsGLDriver.bundle/Contents/MacOS/AppleIntelBDWGraphicsGLDriver
0x0000000000e1b000 	/System/Library/PrivateFrameworks/GPUSupport.framework/Versions/A/Libraries/libGPUSupportMercury.dylib
0x0000000000e1b000 	/System/Library/Frameworks/OpenGL.framework/Versions/A/Resources/GLRendererFloat.bundle/GLRendererFloat

VM Arguments:
jvm_args: -Djava.library.path=libs/ -javaagent:/Applications/IntelliJ IDEA CE.app/Contents/lib/idea_rt.jar=54266:/Applications/IntelliJ IDEA CE.app/Contents/bin -Dfile.encoding=UTF-8 
java_command: cse.Game
java_class_path (initial): /Library/Java/JavaVirtualMachines/jdk1.8.0_112.jdk/Contents/Home/jre/lib/charsets.jar:/Library/Java/JavaVirtualMachines/jdk1.8.0_112.jdk/Contents/Home/jre/lib/deploy.jar:/Library/Java/JavaVirtualMachines/jdk1.8.0_112.jdk/Contents/Home/jre/lib/ext/cldrdata.jar:/Library/Java/JavaVirtualMachines/jdk1.8.0_112.jdk/Contents/Home/jre/lib/ext/dnsns.jar:/Library/Java/JavaVirtualMachines/jdk1.8.0_112.jdk/Contents/Home/jre/lib/ext/jaccess.jar:/Library/Java/JavaVirtualMachines/jdk1.8.0_112.jdk/Contents/Home/jre/lib/ext/jfxrt.jar:/Library/Java/JavaVirtualMachines/jdk1.8.0_112.jdk/Contents/Home/jre/lib/ext/localedata.jar:/Library/Java/JavaVirtualMachines/jdk1.8.0_112.jdk/Contents/Home/jre/lib/ext/nashorn.jar:/Library/Java/JavaVirtualMachines/jdk1.8.0_112.jdk/Contents/Home/jre/lib/ext/sunec.jar:/Library/Java/JavaVirtualMachines/jdk1.8.0_112.jdk/Contents/Home/jre/lib/ext/sunjce_provider.jar:/Library/Java/JavaVirtualMachines/jdk1.8.0_112.jdk/Contents/Home/jre/lib/ext/sunpkcs11.jar:/Library/Java/JavaVirtualMachines/jdk1.8.0_112.jdk/Contents/Home/jre/lib/ext/zipfs.jar:/Library/Java/JavaVirtualMachines/jdk1.8.0_112.jdk/Contents/Home/jre/lib/javaws.jar:/Library/Java/JavaVirtualMachines/jdk1.8.0_112.jdk/Contents/Home/jre/lib/jce.jar:/Library/Java/JavaVirtualMachines/jdk1.8.0_112.jdk/Contents/Home/jre/lib/jfr.jar:/Library/Java/JavaVirtualMachines/jdk1.8.0_112.jdk/Contents/Home/jre/lib/jfxswt.jar:/Library/Java/JavaVirtualMachines/jdk1.8.0_112.jdk/Contents/Home/jre/lib/jsse.jar:/Library/Java/JavaVirtualMachines/jdk1.8.0_112.jdk/Contents/Home/jre/lib/management-agent.jar:/Library/Java/JavaVirtualMachines/jdk1.8.0_112.jdk/Contents/Home/jre/lib/plugin.jar:/Library/Java/JavaVirtualMachines/jdk1.8.0_112.jdk/Contents/Home/jre/lib/resources.jar:/Library/Java/JavaVirtualMachines/jdk1.8.0_112.jdk/Contents/Home/jre/lib/rt.jar:/Library/Java/JavaVirtualMachines/jdk1.8.0_112.jdk/Contents/Home/lib/ant-javafx.jar:/Library/Java/JavaVirtualMachines/jdk1.8.0_112.jdk/Contents/Home
Launcher Type: SUN_STANDARD

Environment Variables:
PATH=//anaconda/bin:/usr/local/bin:/usr/bin:/bin:/usr/sbin:/sbin
SHELL=/bin/bash

Signal Handlers:
SIGSEGV: [libjvm.dylib+0x5b11a5], sa_mask[0]=11111111011111110111111111111111, sa_flags=SA_ONSTACK|SA_RESTART|SA_SIGINFO
SIGBUS: [libjvm.dylib+0x5b11a5], sa_mask[0]=11111111011111110111111111111111, sa_flags=SA_RESTART|SA_SIGINFO
SIGFPE: [libjvm.dylib+0x487dc0], sa_mask[0]=11111111011111110111111111111111, sa_flags=SA_RESTART|SA_SIGINFO
SIGPIPE: [libjvm.dylib+0x487dc0], sa_mask[0]=11111111011111110111111111111111, sa_flags=SA_RESTART|SA_SIGINFO
SIGXFSZ: [libjvm.dylib+0x487dc0], sa_mask[0]=11111111011111110111111111111111, sa_flags=SA_RESTART|SA_SIGINFO
SIGILL: [libjvm.dylib+0x487dc0], sa_mask[0]=11111111011111110111111111111111, sa_flags=SA_RESTART|SA_SIGINFO
SIGUSR1: SIG_DFL, sa_mask[0]=00000000000000000000000000000000, sa_flags=none
SIGUSR2: [libjvm.dylib+0x4878de], sa_mask[0]=00100000000000000000000000000000, sa_flags=SA_RESTART|SA_SIGINFO
SIGHUP: [libjvm.dylib+0x485eb5], sa_mask[0]=11111111011111110111111111111111, sa_flags=SA_RESTART|SA_SIGINFO
SIGINT: [libjvm.dylib+0x485eb5], sa_mask[0]=11111111011111110111111111111111, sa_flags=SA_RESTART|SA_SIGINFO
SIGTERM: [libjvm.dylib+0x485eb5], sa_mask[0]=11111111011111110111111111111111, sa_flags=SA_RESTART|SA_SIGINFO
SIGQUIT: [libjvm.dylib+0x485eb5], sa_mask[0]=11111111011111110111111111111111, sa_flags=SA_RESTART|SA_SIGINFO


---------------  S Y S T E M  ---------------

OS:Bsduname:Darwin 15.6.0 Darwin Kernel Version 15.6.0: Thu Jun 23 18:25:34 PDT 2016; root:xnu-3248.60.10~1/RELEASE_X86_64 x86_64
rlimit: STACK 8192k, CORE 0k, NPROC 709, NOFILE 10240, AS infinity
load average:1.72 1.91 2.16

CPU:total 4 (2 cores per cpu, 2 threads per core) family 6 model 61 stepping 4, cmov, cx8, fxsr, mmx, sse, sse2, sse3, ssse3, sse4.1, sse4.2, popcnt, avx, avx2, aes, clmul, erms, 3dnowpref, lzcnt, ht, tsc, tscinvbit, bmi1, bmi2, adx

Memory: 4k page, physical 8388608k(39952k free)

/proc/meminfo:


vm_info: Java HotSpot(TM) 64-Bit Server VM (25.112-b16) for bsd-amd64 JRE (1.8.0_112-b16), built on Sep 30 2016 22:41:41 by "java_re" with gcc 4.2.1 (Based on Apple Inc. build 5658) (LLVM build 2336.11.00)

time: Mon Apr  9 20:03:57 2018
elapsed time: 7 seconds (0d 0h 0m 7s)

