#
# A fatal error has been detected by the Java Runtime Environment:
#
#  SIGSEGV (0xb) at pc=0x00007fff957d34dd, pid=20812, tid=0x0000000000000a0b
#
# JRE version: Java(TM) SE Runtime Environment (8.0_112-b16) (build 1.8.0_112-b16)
# Java VM: Java HotSpot(TM) 64-Bit Server VM (25.112-b16 mixed mode bsd-amd64 compressed oops)
# Problematic frame:
# C  [libobjc.A.dylib+0x14dd]  objc_msgSend+0x1d
#
# Failed to write core dump. Core dumps have been disabled. To enable core dumping, try "ulimit -c unlimited" before starting Java again
#
# If you would like to submit a bug report, please visit:
#   http://bugreport.java.com/bugreport/crash.jsp
# The crash happened outside the Java Virtual Machine in native code.
# See problematic frame for where to report the bug.
#

---------------  T H R E A D  ---------------

Current thread (0x00007f91eaa02800):  JavaThread "AppKit Thread" daemon [_thread_in_native, id=2571, stack(0x00007fff51f1e000,0x00007fff5271e000)]

siginfo: si_signo: 11 (SIGSEGV), si_code: 1 (SEGV_MAPERR), si_addr: 0x000017d800010028

Registers:
RAX=0x00007f91e9f7cf50, RBX=0x00007fff527186a8, RCX=0x00007f91e9d78f78, RDX=0x00007f91e9d7b770
RSP=0x00007fff52718668, RBP=0x00007fff52718670, RSI=0x00007fff965c284a, RDI=0x00007f91e9f7cf50
R8 =0x000000000000001f, R9 =0x00007f91e9d72280, R10=0x00007fff965c284a, R11=0x000017d800010010
R12=0x00007f91e9d7b770, R13=0x00007f91e9d72280, R14=0x00007f91e9d78f70, R15=0x0000000000000000
RIP=0x00007fff957d34dd, EFLAGS=0x0000000000010202, ERR=0x0000000000000004
  TRAPNO=0x000000000000000e

Top of Stack: (sp=0x00007fff52718668)
0x00007fff52718668:   00007fff98e31bbc 00007fff52718690
0x00007fff52718678:   00007fff98e31b4f 0000000000000000
0x00007fff52718688:   0000000000000000 00007fff52718700
0x00007fff52718698:   00007fff98e31ac7 00007fff527186d0
0x00007fff527186a8:   00007fff7d1c70a0 0000000042000000
0x00007fff527186b8:   00007fff98e31b10 00007fff7dbf5720
0x00007fff527186c8:   00007f91e9d72280 00007f91e9d7b770
0x00007fff527186d8:   00007fff52718ea8 00007fff7dd22780
0x00007fff527186e8:   00007fff52718ea8 00007f91e9d72280
0x00007fff527186f8:   00007fff991f19e2 00007fff52718740
0x00007fff52718708:   00007fff98e31832 00007fff52718d20
0x00007fff52718718:   0000000000000001 00007fff7dd22780
0x00007fff52718728:   00007fff52718ea8 00007fff957d34c0
0x00007fff52718738:   00007fff991f19e2 00007fff52718e50
0x00007fff52718748:   00007fff98dee5e2 00007f91e9f64ab0
0x00007fff52718758:   ffff806e1609b550 00007fff7d41bd00
0x00007fff52718768:   00007f91e9f15010 00007f91ea0070b8
0x00007fff52718778:   00007f91e9d61890 0000000000000000
0x00007fff52718788:   0000000000000000 0000000000000000
0x00007fff52718798:   00007f91e9d64420 00007fff7dc32bc0
0x00007fff527187a8:   00007fff52718d20 0000000000000002
0x00007fff527187b8:   0000000000000100 00007fff52718700
0x00007fff527187c8:   00007fff52718c20 0000000000000000
0x00007fff527187d8:   0000000000000100 00007fff52718800
0x00007fff527187e8:   00007fff7dd22780 0000000000000000
0x00007fff527187f8:   00007fff7dbf6500 00007fff7dd22780
0x00007fff52718808:   0000000000000000 00007fff7dbf6500
0x00007fff52718818:   00007fff7d41bd00 00007fff52718890
0x00007fff52718828:   00007fff957da2a4 0000000000000000
0x00007fff52718838:   00007fff7d41ce90 0000000100000000
0x00007fff52718848:   0000000000000000 ffff806e160c54a0
0x00007fff52718858:   00007f91e9d57640 00007f91e9d576e0 

Instructions: (pc=0x00007fff957d34dd)
0x00007fff957d34bd:   44 00 00 48 85 ff 2e 74 62 40 f6 c7 01 2e 75 66
0x00007fff957d34cd:   49 bb f8 ff ff ff ff 7f 00 00 4c 23 1f 49 89 f2
0x00007fff957d34dd:   45 23 53 18 49 c1 e2 04 4d 03 53 10 49 3b 32 75
0x00007fff957d34ed:   04 41 ff 62 08 49 83 3a 01 76 0d 49 83 c2 10 49 

Register to memory mapping:

RAX=0x00007f91e9f7cf50 is an unknown value
RBX=0x00007fff527186a8 is pointing into the stack for thread: 0x00007f91eaa02800
RCX=0x00007f91e9d78f78 is an unknown value
RDX=0x00007f91e9d7b770 is an unknown value
RSP=0x00007fff52718668 is pointing into the stack for thread: 0x00007f91eaa02800
RBP=0x00007fff52718670 is pointing into the stack for thread: 0x00007f91eaa02800
RSI=0x00007fff965c284a: -[NSTitlebarContainerView transparent]+0x63088 in /System/Library/Frameworks/AppKit.framework/Versions/C/AppKit at 0x00007fff95b35000
RDI=0x00007f91e9f7cf50 is an unknown value
R8 =0x000000000000001f is an unknown value
R9 =0x00007f91e9d72280 is an unknown value
R10=0x00007fff965c284a: -[NSTitlebarContainerView transparent]+0x63088 in /System/Library/Frameworks/AppKit.framework/Versions/C/AppKit at 0x00007fff95b35000
R11=0x000017d800010010 is an unknown value
R12=0x00007f91e9d7b770 is an unknown value
R13=0x00007f91e9d72280 is an unknown value
R14=0x00007f91e9d78f70 is an unknown value
R15=0x0000000000000000 is an unknown value


Stack: [0x00007fff51f1e000,0x00007fff5271e000],  sp=0x00007fff52718668,  free space=8169k
Native frames: (J=compiled Java code, j=interpreted, Vv=VM code, C=native code)
C  [libobjc.A.dylib+0x14dd]  objc_msgSend+0x1d
C  [CoreFoundation+0xa0b4f]  ___CFXRegistrationPost_block_invoke+0x3f
C  [CoreFoundation+0xa0ac7]  _CFXRegistrationPost+0x197
C  [CoreFoundation+0xa0832]  ___CFXNotificationPost_block_invoke+0x32
C  [CoreFoundation+0x5d5e2]  -[_CFXNotificationRegistrar find:object:observer:enumerator:]+0x782
C  [CoreFoundation+0x5c835]  _CFXNotificationPost+0x2b5
C  [Foundation+0x717a]  -[NSNotificationCenter postNotificationName:object:userInfo:]+0x42
C  [AppKit+0x26526e]  -[NSSurface _disposeSurface]+0xa9
C  [AppKit+0x264cc7]  -[NSSurface setWindow:]+0x42
C  [AppKit+0x28ba7]  -[NSView _setWindow:]+0x9be
C  [AppKit+0x2b993]  -[NSView removeFromSuperview]+0x1d7
C  [AppKit+0x155c7b]  -[NSView removeFromSuperviewWithoutNeedingDisplay]+0x26
C  [liblwjgl.dylib+0xa205]  +[MacOSXKeyableWindow destroyWindow]+0xb5
C  [Foundation+0x76fde]  __NSThreadPerformPerform+0x117
C  [CoreFoundation+0xaa881]  __CFRUNLOOP_IS_CALLING_OUT_TO_A_SOURCE0_PERFORM_FUNCTION__+0x11
C  [CoreFoundation+0x89fbc]  __CFRunLoopDoSources0+0x22c
C  [CoreFoundation+0x894df]  __CFRunLoopRun+0x39f
C  [CoreFoundation+0x88ed8]  CFRunLoopRunSpecific+0x128
C  [HIToolbox+0x30935]  RunCurrentEventLoopInMode+0xeb
C  [HIToolbox+0x3076f]  ReceiveNextEventCommon+0x1b0
C  [HIToolbox+0x305af]  _BlockUntilNextEventMatchingListInModeWithFilter+0x47
C  [AppKit+0x48df6]  _DPSNextEvent+0x42b
C  [AppKit+0x48226]  -[NSApplication _nextEventMatchingEventMask:untilDate:inMode:dequeue:]+0x1c6
C  [libosxapp.dylib+0x23aa]  -[NSApplicationAWT nextEventMatchingMask:untilDate:inMode:dequeue:]+0x7c
C  [AppKit+0x3cd80]  -[NSApplication run]+0x2aa
C  [libosxapp.dylib+0x214d]  +[NSApplicationAWT runAWTLoopWithApp:]+0x9c
C  [libawt_lwawt.dylib+0x4615f]  -[AWTStarter starter:]+0x389
C  [Foundation+0x76fde]  __NSThreadPerformPerform+0x117
C  [CoreFoundation+0xaa881]  __CFRUNLOOP_IS_CALLING_OUT_TO_A_SOURCE0_PERFORM_FUNCTION__+0x11
C  [CoreFoundation+0x89fbc]  __CFRunLoopDoSources0+0x22c
C  [CoreFoundation+0x894df]  __CFRunLoopRun+0x39f
C  [CoreFoundation+0x88ed8]  CFRunLoopRunSpecific+0x128
C  [java+0x6465]  CreateExecutionEnvironment+0x367
C  [java+0x218c]  JLI_Launch+0x7a0
C  [java+0x84c2]  main+0x65
C  [java+0x19e4]  start+0x34
C  0x0000000000000007


---------------  P R O C E S S  ---------------

Java Threads: ( => current thread )
  0x00007f91eb130800 JavaThread "AWT-Shutdown" [_thread_blocked, id=29715, stack(0x0000700001253000,0x0000700001353000)]
=>0x00007f91eaa02800 JavaThread "AppKit Thread" daemon [_thread_in_native, id=2571, stack(0x00007fff51f1e000,0x00007fff5271e000)]
  0x00007f91ea0a4000 JavaThread "Service Thread" daemon [_thread_blocked, id=18947, stack(0x0000700000f47000,0x0000700001047000)]
  0x00007f91ea09b000 JavaThread "C1 CompilerThread2" daemon [_thread_blocked, id=18435, stack(0x0000700000e44000,0x0000700000f44000)]
  0x00007f91ea09a000 JavaThread "C2 CompilerThread1" daemon [_thread_blocked, id=17923, stack(0x0000700000d41000,0x0000700000e41000)]
  0x00007f91eb021000 JavaThread "C2 CompilerThread0" daemon [_thread_blocked, id=17411, stack(0x0000700000c3e000,0x0000700000d3e000)]
  0x00007f91eb851000 JavaThread "Monitor Ctrl-Break" daemon [_thread_in_native, id=16899, stack(0x0000700000b3b000,0x0000700000c3b000)]
  0x00007f91ea82a000 JavaThread "Signal Dispatcher" daemon [_thread_blocked, id=16143, stack(0x0000700000a38000,0x0000700000b38000)]
  0x00007f91eb81c800 JavaThread "Finalizer" daemon [_thread_blocked, id=12291, stack(0x000070000082f000,0x000070000092f000)]
  0x00007f91eb814800 JavaThread "Reference Handler" daemon [_thread_blocked, id=11779, stack(0x000070000072c000,0x000070000082c000)]
  0x00007f91eb802000 JavaThread "main" [_thread_in_native, id=4099, stack(0x0000700000084000,0x0000700000184000)]

Other Threads:
  0x00007f91ea050800 VMThread [stack: 0x0000700000629000,0x0000700000729000] [id=11267]
  0x00007f91eb02d000 WatcherThread [stack: 0x000070000104a000,0x000070000114a000] [id=19459]

VM state:not at safepoint (normal execution)

VM Mutex/Monitor currently owned by a thread: None

Heap:
 PSYoungGen      total 38400K, used 13628K [0x0000000795580000, 0x0000000798000000, 0x00000007c0000000)
  eden space 33280K, 40% used [0x0000000795580000,0x00000007962cf160,0x0000000797600000)
  from space 5120K, 0% used [0x0000000797b00000,0x0000000797b00000,0x0000000798000000)
  to   space 5120K, 0% used [0x0000000797600000,0x0000000797600000,0x0000000797b00000)
 ParOldGen       total 87552K, used 0K [0x0000000740000000, 0x0000000745580000, 0x0000000795580000)
  object space 87552K, 0% used [0x0000000740000000,0x0000000740000000,0x0000000745580000)
 Metaspace       used 7418K, capacity 7607K, committed 7808K, reserved 1056768K
  class space    used 751K, capacity 824K, committed 896K, reserved 1048576K

Card table byte_map: [0x000000011e3c0000,0x000000011e7c1000] byte_map_base: 0x000000011a9c0000

Marking Bits: (ParMarkBitMap*) 0x000000010e04ed30
 Begin Bits: [0x000000011ea6c000, 0x0000000120a6c000)
 End Bits:   [0x0000000120a6c000, 0x0000000122a6c000)

Polling page: 0x000000010e747000

CodeCache: size=245760Kb used=2955Kb max_used=2966Kb free=242804Kb
 bounds [0x000000010f000000, 0x000000010f2f0000, 0x000000011e000000]
 total_blobs=1104 nmethods=705 adapters=313
 compilation: enabled

Compilation events (10 events):
Event: 3.172 Thread 0x00007f91eb021000  701       4       org.newdawn.slick.opengl.renderer.ImmediateModeOGLRenderer::glColor4f (47 bytes)
Event: 3.175 Thread 0x00007f91eb021000 nmethod 701 0x000000010f2e17d0 code [0x000000010f2e1940, 0x000000010f2e1b28]
Event: 3.249 Thread 0x00007f91ea09b000  702       3       java.util.HashSet::isEmpty (8 bytes)
Event: 3.250 Thread 0x00007f91ea09b000 nmethod 702 0x000000010f2e2dd0 code [0x000000010f2e2f40, 0x000000010f2e31d0]
Event: 3.250 Thread 0x00007f91ea09b000  703       3       java.util.HashMap::isEmpty (13 bytes)
Event: 3.250 Thread 0x00007f91ea09b000 nmethod 703 0x000000010f2e13d0 code [0x000000010f2e1540, 0x000000010f2e16f0]
Event: 3.312 Thread 0x00007f91ea09b000  704       3       java.util.IdentityHashMap::isEmpty (13 bytes)
Event: 3.312 Thread 0x00007f91ea09b000 nmethod 704 0x000000010f2e2a50 code [0x000000010f2e2bc0, 0x000000010f2e2d70]
Event: 4.139 Thread 0x00007f91ea09a000  705       4       java.nio.DirectByteBuffer::put (18 bytes)
Event: 4.140 Thread 0x00007f91ea09a000 nmethod 705 0x000000010f2e4490 code [0x000000010f2e45e0, 0x000000010f2e4698]

GC Heap History (0 events):
No events

Deoptimization events (2 events):
Event: 0.404 Thread 0x00007f91eb802000 Uncommon trap: reason=unstable_if action=reinterpret pc=0x000000010f191778 method=java.lang.String.indexOf([CII[CIII)I @ 134
Event: 0.693 Thread 0x00007f91eb802000 Uncommon trap: reason=unstable_if action=reinterpret pc=0x000000010f19fc9c method=java.lang.String.replace(CC)Ljava/lang/String; @ 26

Internal exceptions (10 events):
Event: 0.048 Thread 0x00007f91eb802000 Exception <a 'java/lang/NoSuchMethodError': Method sun.misc.Unsafe.prefetchRead(Ljava/lang/Object;J)V name or signature does not match> (0x0000000795587f60) thrown at [/Users/java_re/workspace/8-2-build-macosx-x86_64/jdk8u112/7935/hotspot/src/share/vm/pri
Event: 0.286 Thread 0x00007f91eb802000 Exception <a 'java/security/PrivilegedActionException'> (0x00000007959b3388) thrown at [/Users/java_re/workspace/8-2-build-macosx-x86_64/jdk8u112/7935/hotspot/src/share/vm/prims/jvm.cpp, line 1390]
Event: 0.286 Thread 0x00007f91eb802000 Exception <a 'java/security/PrivilegedActionException'> (0x00000007959b3598) thrown at [/Users/java_re/workspace/8-2-build-macosx-x86_64/jdk8u112/7935/hotspot/src/share/vm/prims/jvm.cpp, line 1390]
Event: 0.286 Thread 0x00007f91eb802000 Exception <a 'java/security/PrivilegedActionException'> (0x00000007959b6a88) thrown at [/Users/java_re/workspace/8-2-build-macosx-x86_64/jdk8u112/7935/hotspot/src/share/vm/prims/jvm.cpp, line 1390]
Event: 0.286 Thread 0x00007f91eb802000 Exception <a 'java/security/PrivilegedActionException'> (0x00000007959b6c98) thrown at [/Users/java_re/workspace/8-2-build-macosx-x86_64/jdk8u112/7935/hotspot/src/share/vm/prims/jvm.cpp, line 1390]
Event: 0.358 Thread 0x00007f91eb802000 Exception <a 'java/lang/NoSuchFieldError': method resolution failed> (0x0000000795aeb118) thrown at [/Users/java_re/workspace/8-2-build-macosx-x86_64/jdk8u112/7935/hotspot/src/share/vm/prims/methodHandles.cpp, line 1146]
Event: 0.361 Thread 0x00007f91eb802000 Exception <a 'java/lang/NoSuchFieldError': method resolution failed> (0x0000000795af9108) thrown at [/Users/java_re/workspace/8-2-build-macosx-x86_64/jdk8u112/7935/hotspot/src/share/vm/prims/methodHandles.cpp, line 1146]
Event: 0.615 Thread 0x00007f91eb802000 Exception <a 'java/io/FileNotFoundException'> (0x0000000795b9b848) thrown at [/Users/java_re/workspace/8-2-build-macosx-x86_64/jdk8u112/7935/hotspot/src/share/vm/prims/jni.cpp, line 709]
Event: 0.615 Thread 0x00007f91eb802000 Exception <a 'java/io/FileNotFoundException'> (0x0000000795b9c3d0) thrown at [/Users/java_re/workspace/8-2-build-macosx-x86_64/jdk8u112/7935/hotspot/src/share/vm/prims/jni.cpp, line 709]
Event: 0.998 Thread 0x00007f91eb802000 Exception <a 'java/lang/NoClassDefFoundError': net/java/games/input/ControllerEnvironment> (0x000000079620ca68) thrown at [/Users/java_re/workspace/8-2-build-macosx-x86_64/jdk8u112/7935/hotspot/src/share/vm/classfile/systemDictionary.cpp, line 199]

Events (10 events):
Event: 0.999 loading class java/util/HashMap$KeySet
Event: 1.000 loading class java/util/HashMap$KeySet done
Event: 1.000 loading class java/util/HashMap$KeyIterator
Event: 1.000 loading class java/util/HashMap$KeyIterator done
Event: 1.000 loading class org/newdawn/slick/Music
Event: 1.000 loading class org/newdawn/slick/Music done
Event: 1.001 loading class org/newdawn/slick/AngelCodeFont$DisplayList
Event: 1.001 loading class org/newdawn/slick/AngelCodeFont$DisplayList done
Event: 4.138 loading class org/lwjgl/opengl/CallbackUtil
Event: 4.138 loading class org/lwjgl/opengl/CallbackUtil done


Dynamic libraries:
0x000000000a639000 	/System/Library/Frameworks/Cocoa.framework/Versions/A/Cocoa
0x000000000a639000 	/System/Library/Frameworks/Security.framework/Versions/A/Security
0x000000000a639000 	/System/Library/Frameworks/ApplicationServices.framework/Versions/A/ApplicationServices
0x000000000a639000 	/usr/lib/libz.1.dylib
0x000000000a639000 	/usr/lib/libSystem.B.dylib
0x000000000a639000 	/usr/lib/libobjc.A.dylib
0x000000000a639000 	/System/Library/Frameworks/CoreFoundation.framework/Versions/A/CoreFoundation
0x000000000a639000 	/System/Library/Frameworks/Foundation.framework/Versions/C/Foundation
0x000000000a639000 	/System/Library/Frameworks/AppKit.framework/Versions/C/AppKit
0x000000000a639000 	/System/Library/Frameworks/CoreData.framework/Versions/A/CoreData
0x000000000a639000 	/System/Library/PrivateFrameworks/RemoteViewServices.framework/Versions/A/RemoteViewServices
0x000000000a639000 	/System/Library/PrivateFrameworks/UIFoundation.framework/Versions/A/UIFoundation
0x000000000a639000 	/usr/lib/libScreenReader.dylib
0x000000000a639000 	/System/Library/Frameworks/Accelerate.framework/Versions/A/Accelerate
0x000000000a639000 	/System/Library/Frameworks/IOSurface.framework/Versions/A/IOSurface
0x000000000a639000 	/System/Library/Frameworks/AudioToolbox.framework/Versions/A/AudioToolbox
0x000000000a639000 	/System/Library/Frameworks/AudioUnit.framework/Versions/A/AudioUnit
0x000000000a639000 	/System/Library/PrivateFrameworks/DataDetectorsCore.framework/Versions/A/DataDetectorsCore
0x000000000a639000 	/System/Library/PrivateFrameworks/DesktopServicesPriv.framework/Versions/A/DesktopServicesPriv
0x000000000a639000 	/System/Library/Frameworks/Carbon.framework/Versions/A/Frameworks/HIToolbox.framework/Versions/A/HIToolbox
0x000000000a639000 	/System/Library/Frameworks/QuartzCore.framework/Versions/A/QuartzCore
0x000000000a639000 	/System/Library/Frameworks/Carbon.framework/Versions/A/Frameworks/SpeechRecognition.framework/Versions/A/SpeechRecognition
0x000000000a639000 	/usr/lib/libauto.dylib
0x000000000a639000 	/usr/lib/libicucore.A.dylib
0x000000000a639000 	/usr/lib/libxml2.2.dylib
0x000000000a639000 	/System/Library/PrivateFrameworks/CoreUI.framework/Versions/A/CoreUI
0x000000000a639000 	/System/Library/Frameworks/CoreAudio.framework/Versions/A/CoreAudio
0x000000000a639000 	/System/Library/Frameworks/DiskArbitration.framework/Versions/A/DiskArbitration
0x000000000a639000 	/usr/lib/liblangid.dylib
0x000000000a639000 	/System/Library/PrivateFrameworks/MultitouchSupport.framework/Versions/A/MultitouchSupport
0x000000000a639000 	/System/Library/Frameworks/IOKit.framework/Versions/A/IOKit
0x000000000a639000 	/usr/lib/libDiagnosticMessagesClient.dylib
0x000000000a639000 	/System/Library/Frameworks/CoreServices.framework/Versions/A/CoreServices
0x000000000a639000 	/System/Library/PrivateFrameworks/PerformanceAnalysis.framework/Versions/A/PerformanceAnalysis
0x000000000a639000 	/System/Library/PrivateFrameworks/GenerationalStorage.framework/Versions/A/GenerationalStorage
0x000000000a639000 	/System/Library/Frameworks/OpenGL.framework/Versions/A/OpenGL
0x000000000a639000 	/System/Library/PrivateFrameworks/Sharing.framework/Versions/A/Sharing
0x000000000a639000 	/System/Library/Frameworks/CoreGraphics.framework/Versions/A/CoreGraphics
0x000000000a639000 	/System/Library/Frameworks/CoreImage.framework/Versions/A/CoreImage
0x000000000a639000 	/System/Library/Frameworks/CoreText.framework/Versions/A/CoreText
0x000000000a639000 	/System/Library/Frameworks/ImageIO.framework/Versions/A/ImageIO
0x000000000a639000 	/System/Library/PrivateFrameworks/Backup.framework/Versions/A/Backup
0x000000000a639000 	/usr/lib/libextension.dylib
0x000000000a639000 	/usr/lib/libarchive.2.dylib
0x000000000a639000 	/System/Library/Frameworks/CFNetwork.framework/Versions/A/CFNetwork
0x000000000a639000 	/System/Library/Frameworks/SystemConfiguration.framework/Versions/A/SystemConfiguration
0x000000000a639000 	/usr/lib/libCRFSuite.dylib
0x000000000a639000 	/usr/lib/libc++.1.dylib
0x000000000a639000 	/usr/lib/libc++abi.dylib
0x000000000a639000 	/usr/lib/system/libcache.dylib
0x000000000a639000 	/usr/lib/system/libcommonCrypto.dylib
0x000000000a639000 	/usr/lib/system/libcompiler_rt.dylib
0x000000000a639000 	/usr/lib/system/libcopyfile.dylib
0x000000000a639000 	/usr/lib/system/libcorecrypto.dylib
0x000000000a639000 	/usr/lib/system/libdispatch.dylib
0x000000000a639000 	/usr/lib/system/libdyld.dylib
0x000000000a639000 	/usr/lib/system/libkeymgr.dylib
0x000000000a639000 	/usr/lib/system/liblaunch.dylib
0x000000000a639000 	/usr/lib/system/libmacho.dylib
0x000000000a639000 	/usr/lib/system/libquarantine.dylib
0x000000000a639000 	/usr/lib/system/libremovefile.dylib
0x000000000a639000 	/usr/lib/system/libsystem_asl.dylib
0x000000000a639000 	/usr/lib/system/libsystem_blocks.dylib
0x000000000a639000 	/usr/lib/system/libsystem_c.dylib
0x000000000a639000 	/usr/lib/system/libsystem_configuration.dylib
0x000000000a639000 	/usr/lib/system/libsystem_coreservices.dylib
0x000000000a639000 	/usr/lib/system/libsystem_coretls.dylib
0x000000000a639000 	/usr/lib/system/libsystem_dnssd.dylib
0x000000000a639000 	/usr/lib/system/libsystem_info.dylib
0x000000000a639000 	/usr/lib/system/libsystem_kernel.dylib
0x000000000a639000 	/usr/lib/system/libsystem_m.dylib
0x000000000a639000 	/usr/lib/system/libsystem_malloc.dylib
0x000000000a639000 	/usr/lib/system/libsystem_network.dylib
0x000000000a639000 	/usr/lib/system/libsystem_networkextension.dylib
0x000000000a639000 	/usr/lib/system/libsystem_notify.dylib
0x000000000a639000 	/usr/lib/system/libsystem_platform.dylib
0x000000000a639000 	/usr/lib/system/libsystem_pthread.dylib
0x000000000a639000 	/usr/lib/system/libsystem_sandbox.dylib
0x000000000a639000 	/usr/lib/system/libsystem_secinit.dylib
0x000000000a639000 	/usr/lib/system/libsystem_trace.dylib
0x000000000a639000 	/usr/lib/system/libunc.dylib
0x000000000a639000 	/usr/lib/system/libunwind.dylib
0x000000000a639000 	/usr/lib/system/libxpc.dylib
0x000000000a639000 	/usr/lib/libenergytrace.dylib
0x000000000a639000 	/usr/lib/libbsm.0.dylib
0x000000000a639000 	/usr/lib/system/libkxld.dylib
0x000000000a639000 	/usr/lib/libxar.1.dylib
0x000000000a639000 	/usr/lib/libsqlite3.dylib
0x000000000a639000 	/usr/lib/libpam.2.dylib
0x000000000a639000 	/usr/lib/libOpenScriptingUtil.dylib
0x000000000a639000 	/usr/lib/libbz2.1.0.dylib
0x000000000a639000 	/usr/lib/liblzma.5.dylib
0x000000000a639000 	/System/Library/Frameworks/CoreServices.framework/Versions/A/Frameworks/FSEvents.framework/Versions/A/FSEvents
0x000000000a639000 	/System/Library/Frameworks/CoreServices.framework/Versions/A/Frameworks/CarbonCore.framework/Versions/A/CarbonCore
0x000000000a639000 	/System/Library/Frameworks/CoreServices.framework/Versions/A/Frameworks/Metadata.framework/Versions/A/Metadata
0x000000000a639000 	/System/Library/Frameworks/CoreServices.framework/Versions/A/Frameworks/OSServices.framework/Versions/A/OSServices
0x000000000a639000 	/System/Library/Frameworks/CoreServices.framework/Versions/A/Frameworks/SearchKit.framework/Versions/A/SearchKit
0x000000000a639000 	/System/Library/Frameworks/CoreServices.framework/Versions/A/Frameworks/AE.framework/Versions/A/AE
0x000000000a639000 	/System/Library/Frameworks/CoreServices.framework/Versions/A/Frameworks/LaunchServices.framework/Versions/A/LaunchServices
0x000000000a639000 	/System/Library/Frameworks/CoreServices.framework/Versions/A/Frameworks/DictionaryServices.framework/Versions/A/DictionaryServices
0x000000000a639000 	/System/Library/Frameworks/CoreServices.framework/Versions/A/Frameworks/SharedFileList.framework/Versions/A/SharedFileList
0x000000000a639000 	/System/Library/Frameworks/NetFS.framework/Versions/A/NetFS
0x000000000a639000 	/System/Library/PrivateFrameworks/NetAuth.framework/Versions/A/NetAuth
0x000000000a639000 	/System/Library/PrivateFrameworks/login.framework/Versions/A/Frameworks/loginsupport.framework/Versions/A/loginsupport
0x000000000a639000 	/System/Library/PrivateFrameworks/TCC.framework/Versions/A/TCC
0x000000000a639000 	/usr/lib/libmecabra.dylib
0x000000000a639000 	/System/Library/Frameworks/ApplicationServices.framework/Versions/A/Frameworks/ATS.framework/Versions/A/ATS
0x000000000a639000 	/System/Library/Frameworks/ApplicationServices.framework/Versions/A/Frameworks/ColorSync.framework/Versions/A/ColorSync
0x000000000a639000 	/System/Library/Frameworks/ApplicationServices.framework/Versions/A/Frameworks/HIServices.framework/Versions/A/HIServices
0x000000000a639000 	/System/Library/Frameworks/ApplicationServices.framework/Versions/A/Frameworks/LangAnalysis.framework/Versions/A/LangAnalysis
0x000000000a639000 	/System/Library/Frameworks/ApplicationServices.framework/Versions/A/Frameworks/PrintCore.framework/Versions/A/PrintCore
0x000000000a639000 	/System/Library/Frameworks/ApplicationServices.framework/Versions/A/Frameworks/QD.framework/Versions/A/QD
0x000000000a639000 	/System/Library/Frameworks/ApplicationServices.framework/Versions/A/Frameworks/SpeechSynthesis.framework/Versions/A/SpeechSynthesis
0x000000000a639000 	/System/Library/Frameworks/Metal.framework/Versions/A/Metal
0x000000000a639000 	/System/Library/Frameworks/Accelerate.framework/Versions/A/Frameworks/vImage.framework/Versions/A/vImage
0x000000000a639000 	/System/Library/Frameworks/Accelerate.framework/Versions/A/Frameworks/vecLib.framework/Versions/A/vecLib
0x000000000a639000 	/System/Library/Frameworks/Accelerate.framework/Versions/A/Frameworks/vecLib.framework/Versions/A/libvDSP.dylib
0x000000000a639000 	/System/Library/Frameworks/Accelerate.framework/Versions/A/Frameworks/vecLib.framework/Versions/A/libvMisc.dylib
0x000000000a639000 	/System/Library/Frameworks/Accelerate.framework/Versions/A/Frameworks/vecLib.framework/Versions/A/libLAPACK.dylib
0x000000000a639000 	/System/Library/Frameworks/Accelerate.framework/Versions/A/Frameworks/vecLib.framework/Versions/A/libBLAS.dylib
0x000000000a639000 	/System/Library/Frameworks/Accelerate.framework/Versions/A/Frameworks/vecLib.framework/Versions/A/libLinearAlgebra.dylib
0x000000000a639000 	/System/Library/Frameworks/Accelerate.framework/Versions/A/Frameworks/vecLib.framework/Versions/A/libSparseBLAS.dylib
0x000000000a639000 	/System/Library/PrivateFrameworks/GPUCompiler.framework/libmetal_timestamp.dylib
0x000000000a639000 	/System/Library/Frameworks/OpenGL.framework/Versions/A/Libraries/libCoreFSCache.dylib
0x000000000a639000 	/System/Library/PrivateFrameworks/IOAccelerator.framework/Versions/A/IOAccelerator
0x000000000a639000 	/System/Library/Frameworks/ApplicationServices.framework/Versions/A/Frameworks/ATS.framework/Versions/A/Resources/libFontParser.dylib
0x000000000a639000 	/System/Library/Frameworks/ApplicationServices.framework/Versions/A/Frameworks/ATS.framework/Versions/A/Resources/libFontRegistry.dylib
0x000000000a639000 	/System/Library/PrivateFrameworks/AppleVPA.framework/Versions/A/AppleVPA
0x000000000a639000 	/System/Library/PrivateFrameworks/AppleJPEG.framework/Versions/A/AppleJPEG
0x000000000a639000 	/System/Library/Frameworks/ImageIO.framework/Versions/A/Resources/libJPEG.dylib
0x000000000a639000 	/System/Library/Frameworks/ImageIO.framework/Versions/A/Resources/libTIFF.dylib
0x000000000a639000 	/System/Library/Frameworks/ImageIO.framework/Versions/A/Resources/libPng.dylib
0x000000000a639000 	/System/Library/Frameworks/ImageIO.framework/Versions/A/Resources/libGIF.dylib
0x000000000a639000 	/System/Library/Frameworks/ImageIO.framework/Versions/A/Resources/libJP2.dylib
0x000000000a639000 	/System/Library/Frameworks/ImageIO.framework/Versions/A/Resources/libRadiance.dylib
0x000000000a639000 	/System/Library/Frameworks/CoreVideo.framework/Versions/A/CoreVideo
0x000000000a639000 	/System/Library/Frameworks/OpenGL.framework/Versions/A/Libraries/libGLU.dylib
0x000000000a639000 	/System/Library/Frameworks/OpenGL.framework/Versions/A/Libraries/libGFXShared.dylib
0x000000000a639000 	/System/Library/Frameworks/OpenGL.framework/Versions/A/Libraries/libGL.dylib
0x000000000a639000 	/System/Library/Frameworks/OpenGL.framework/Versions/A/Libraries/libGLImage.dylib
0x000000000a639000 	/System/Library/Frameworks/OpenGL.framework/Versions/A/Libraries/libCVMSPluginSupport.dylib
0x000000000a639000 	/System/Library/Frameworks/OpenGL.framework/Versions/A/Libraries/libCoreVMClient.dylib
0x000000000a639000 	/usr/lib/libcompression.dylib
0x000000000a639000 	/usr/lib/libcups.2.dylib
0x000000000a639000 	/System/Library/Frameworks/Kerberos.framework/Versions/A/Kerberos
0x000000000a639000 	/System/Library/Frameworks/GSS.framework/Versions/A/GSS
0x000000000a639000 	/usr/lib/libresolv.9.dylib
0x000000000a639000 	/usr/lib/libiconv.2.dylib
0x000000000a639000 	/System/Library/PrivateFrameworks/Heimdal.framework/Versions/A/Heimdal
0x000000000a639000 	/usr/lib/libheimdal-asn1.dylib
0x000000000a639000 	/System/Library/Frameworks/OpenDirectory.framework/Versions/A/OpenDirectory
0x000000000a639000 	/System/Library/PrivateFrameworks/CommonAuth.framework/Versions/A/CommonAuth
0x000000000a639000 	/System/Library/Frameworks/OpenDirectory.framework/Versions/A/Frameworks/CFOpenDirectory.framework/Versions/A/CFOpenDirectory
0x000000000a639000 	/System/Library/Frameworks/SecurityFoundation.framework/Versions/A/SecurityFoundation
0x000000000a639000 	/System/Library/PrivateFrameworks/LanguageModeling.framework/Versions/A/LanguageModeling
0x000000000a639000 	/usr/lib/libmarisa.dylib
0x000000000a639000 	/usr/lib/libChineseTokenizer.dylib
0x000000000a639000 	/usr/lib/libcmph.dylib
0x000000000a639000 	/System/Library/Frameworks/ServiceManagement.framework/Versions/A/ServiceManagement
0x000000000a639000 	/usr/lib/libxslt.1.dylib
0x000000000a639000 	/System/Library/Frameworks/Carbon.framework/Versions/A/Frameworks/Ink.framework/Versions/A/Ink
0x000000000a639000 	/usr/lib/libFosl_dynamic.dylib
0x000000000a639000 	/System/Library/PrivateFrameworks/FaceCore.framework/Versions/A/FaceCore
0x000000000a639000 	/System/Library/Frameworks/OpenCL.framework/Versions/A/OpenCL
0x000000000a639000 	/System/Library/PrivateFrameworks/CrashReporterSupport.framework/Versions/A/CrashReporterSupport
0x000000000a639000 	/System/Library/PrivateFrameworks/IconServices.framework/Versions/A/IconServices
0x000000000a639000 	/System/Library/PrivateFrameworks/Apple80211.framework/Versions/A/Apple80211
0x000000000a639000 	/System/Library/Frameworks/CoreWLAN.framework/Versions/A/CoreWLAN
0x000000000a639000 	/System/Library/Frameworks/IOBluetooth.framework/Versions/A/IOBluetooth
0x000000000a639000 	/System/Library/PrivateFrameworks/CoreWiFi.framework/Versions/A/CoreWiFi
0x000000000a639000 	/System/Library/Frameworks/CoreBluetooth.framework/Versions/A/CoreBluetooth
0x000000000a639000 	/System/Library/PrivateFrameworks/ChunkingLibrary.framework/Versions/A/ChunkingLibrary
0x000000000a639000 	/System/Library/PrivateFrameworks/DebugSymbols.framework/Versions/A/DebugSymbols
0x000000000a639000 	/System/Library/PrivateFrameworks/CoreSymbolication.framework/Versions/A/CoreSymbolication
0x000000000a639000 	/System/Library/PrivateFrameworks/Symbolication.framework/Versions/A/Symbolication
0x000000000a639000 	/System/Library/PrivateFrameworks/SpeechRecognitionCore.framework/Versions/A/SpeechRecognitionCore
0x000000010d75e000 	/Library/Java/JavaVirtualMachines/jdk1.8.0_112.jdk/Contents/Home/jre/lib/server/libjvm.dylib
0x000000000a639000 	/usr/lib/libstdc++.6.dylib
0x000000010e704000 	/Library/Java/JavaVirtualMachines/jdk1.8.0_112.jdk/Contents/Home/jre/lib/libverify.dylib
0x000000010e712000 	/Library/Java/JavaVirtualMachines/jdk1.8.0_112.jdk/Contents/Home/jre/lib/libjava.dylib
0x000000010e748000 	/Library/Java/JavaVirtualMachines/jdk1.8.0_112.jdk/Contents/Home/jre/lib/libinstrument.dylib
0x000000010e7a6000 	/Library/Java/JavaVirtualMachines/jdk1.8.0_112.jdk/Contents/Home/jre/lib/libzip.dylib
0x00000001248f2000 	/System/Library/Frameworks/JavaVM.framework/Frameworks/JavaRuntimeSupport.framework/JavaRuntimeSupport
0x000000012490d000 	/System/Library/Frameworks/JavaVM.framework/Versions/A/Frameworks/JavaNativeFoundation.framework/Versions/A/JavaNativeFoundation
0x0000000124922000 	/System/Library/Frameworks/JavaVM.framework/Versions/A/JavaVM
0x000000000a639000 	/System/Library/Frameworks/Carbon.framework/Versions/A/Carbon
0x000000012492f000 	/System/Library/PrivateFrameworks/JavaLaunching.framework/Versions/A/JavaLaunching
0x000000000a639000 	/System/Library/Frameworks/Carbon.framework/Versions/A/Frameworks/CommonPanels.framework/Versions/A/CommonPanels
0x000000000a639000 	/System/Library/Frameworks/Carbon.framework/Versions/A/Frameworks/Help.framework/Versions/A/Help
0x000000000a639000 	/System/Library/Frameworks/Carbon.framework/Versions/A/Frameworks/ImageCapture.framework/Versions/A/ImageCapture
0x000000000a639000 	/System/Library/Frameworks/Carbon.framework/Versions/A/Frameworks/OpenScripting.framework/Versions/A/OpenScripting
0x000000000a639000 	/System/Library/Frameworks/Carbon.framework/Versions/A/Frameworks/Print.framework/Versions/A/Print
0x000000000a639000 	/System/Library/Frameworks/Carbon.framework/Versions/A/Frameworks/SecurityHI.framework/Versions/A/SecurityHI
0x0000000126386000 	/Library/Java/JavaVirtualMachines/jdk1.8.0_112.jdk/Contents/Home/jre/lib/libnet.dylib
0x00000001263e5000 	/Library/Java/JavaVirtualMachines/jdk1.8.0_112.jdk/Contents/Home/jre/lib/libawt.dylib
0x000000012648d000 	/Library/Java/JavaVirtualMachines/jdk1.8.0_112.jdk/Contents/Home/jre/lib/./libmlib_image.dylib
0x0000000126559000 	/Library/Java/JavaVirtualMachines/jdk1.8.0_112.jdk/Contents/Home/jre/lib/libawt_lwawt.dylib
0x0000000126610000 	/Library/Java/JavaVirtualMachines/jdk1.8.0_112.jdk/Contents/Home/jre/lib/./libosxapp.dylib
0x000000000a639000 	/System/Library/Frameworks/ExceptionHandling.framework/Versions/A/ExceptionHandling
0x000000000a639000 	/System/Library/PrivateFrameworks/CoreServicesInternal.framework/Versions/A/CoreServicesInternal
0x000000000a639000 	/System/Library/Frameworks/CoreGraphics.framework/Versions/A/Resources/libRIP.A.dylib
0x000000000a639000 	/System/Library/Frameworks/Accelerate.framework/Versions/A/Frameworks/vImage.framework/Versions/A/Libraries/libCGInterfaces.dylib
0x000000000a639000 	/System/Library/Frameworks/CoreGraphics.framework/Versions/A/Resources/libCGXType.A.dylib
0x000000000a639000 	/System/Library/Frameworks/OpenCL.framework/Versions/A/Libraries/libcldcpuengine.dylib
0x000000000a639000 	/System/Library/PrivateFrameworks/DiskImages.framework/Versions/A/DiskImages
0x000000000a639000 	/System/Library/Frameworks/DiscRecording.framework/Versions/A/DiscRecording
0x000000000a639000 	/usr/lib/libcsfde.dylib
0x000000000a639000 	/usr/lib/libcurl.4.dylib
0x000000000a639000 	/System/Library/PrivateFrameworks/MediaKit.framework/Versions/A/MediaKit
0x000000000a639000 	/System/Library/PrivateFrameworks/ProtectedCloudStorage.framework/Versions/A/ProtectedCloudStorage
0x000000000a639000 	/usr/lib/libCoreStorage.dylib
0x000000000a639000 	/System/Library/PrivateFrameworks/EFILogin.framework/Versions/A/EFILogin
0x000000000a639000 	/usr/lib/libutil.dylib
0x000000000a639000 	/System/Library/PrivateFrameworks/FindMyDevice.framework/Versions/A/FindMyDevice
0x000000000a639000 	/System/Library/Frameworks/LDAP.framework/Versions/A/LDAP
0x000000000a639000 	/usr/lib/libsasl2.2.dylib
0x000000000a639000 	/System/Library/PrivateFrameworks/CoreDaemon.framework/Versions/B/CoreDaemon
0x000000000a639000 	/usr/lib/libcrypto.0.9.8.dylib
0x000000000a639000 	/System/Library/PrivateFrameworks/AppleSRP.framework/Versions/A/AppleSRP
0x000000000a639000 	/System/Library/PrivateFrameworks/TrustEvaluationAgent.framework/Versions/A/TrustEvaluationAgent
0x0000000128650000 	cl_kernels
0x000000000a639000 	/System/Library/Frameworks/OpenCL.framework/Versions/A/Libraries/ImageFormats/unorm8_bgra.dylib
0x000000000a639000 	/System/Library/Frameworks/OpenCL.framework/Versions/A/Libraries/ImageFormats/unorm8_rgba.dylib
0x000000000a639000 	/System/Library/PrivateFrameworks/FamilyControls.framework/Versions/A/FamilyControls
0x000000000a639000 	/System/Library/PrivateFrameworks/CommerceKit.framework/Versions/A/Frameworks/CommerceCore.framework/Versions/A/CommerceCore
0x000000000a639000 	/System/Library/PrivateFrameworks/SystemAdministration.framework/Versions/A/SystemAdministration
0x000000000a639000 	/System/Library/PrivateFrameworks/AppContainer.framework/Versions/A/AppContainer
0x000000000a639000 	/System/Library/PrivateFrameworks/SecCodeWrapper.framework/Versions/A/SecCodeWrapper
0x000000000a639000 	/System/Library/Frameworks/DirectoryService.framework/Versions/A/DirectoryService
0x000000000a639000 	/System/Library/PrivateFrameworks/LoginUIKit.framework/Versions/A/Frameworks/LoginUICore.framework/Versions/A/LoginUICore
0x000000000a639000 	/usr/lib/libodfde.dylib
0x000000012979e000 	/Library/Java/JavaVirtualMachines/jdk1.8.0_112.jdk/Contents/Home/jre/lib/libfontmanager.dylib
0x0000000129805000 	/Users/peternabil/IdeaProjects/Hannibal/libs/liblwjgl.dylib
0x0000000127772000 	/Library/Java/JavaVirtualMachines/jdk1.8.0_112.jdk/Contents/Home/jre/lib/libjawt.dylib
0x000000000a639000 	/System/Library/Frameworks/OpenGL.framework/Versions/A/Resources/GLEngine.bundle/GLEngine
0x000000000a639000 	/System/Library/Frameworks/OpenGL.framework/Versions/A/Libraries/libGLProgrammability.dylib
0x0000000129887000 	/System/Library/Extensions/AppleIntelBDWGraphicsGLDriver.bundle/Contents/MacOS/AppleIntelBDWGraphicsGLDriver
0x000000000a639000 	/System/Library/PrivateFrameworks/GPUSupport.framework/Versions/A/Libraries/libGPUSupportMercury.dylib
0x000000000a639000 	/System/Library/Frameworks/OpenGL.framework/Versions/A/Resources/GLRendererFloat.bundle/GLRendererFloat

VM Arguments:
jvm_args: -Djava.library.path=libs/ -javaagent:/Applications/IntelliJ IDEA CE.app/Contents/lib/idea_rt.jar=51147:/Applications/IntelliJ IDEA CE.app/Contents/bin -Dfile.encoding=UTF-8 
java_command: cse.Game
java_class_path (initial): /Library/Java/JavaVirtualMachines/jdk1.8.0_112.jdk/Contents/Home/jre/lib/charsets.jar:/Library/Java/JavaVirtualMachines/jdk1.8.0_112.jdk/Contents/Home/jre/lib/deploy.jar:/Library/Java/JavaVirtualMachines/jdk1.8.0_112.jdk/Contents/Home/jre/lib/ext/cldrdata.jar:/Library/Java/JavaVirtualMachines/jdk1.8.0_112.jdk/Contents/Home/jre/lib/ext/dnsns.jar:/Library/Java/JavaVirtualMachines/jdk1.8.0_112.jdk/Contents/Home/jre/lib/ext/jaccess.jar:/Library/Java/JavaVirtualMachines/jdk1.8.0_112.jdk/Contents/Home/jre/lib/ext/jfxrt.jar:/Library/Java/JavaVirtualMachines/jdk1.8.0_112.jdk/Contents/Home/jre/lib/ext/localedata.jar:/Library/Java/JavaVirtualMachines/jdk1.8.0_112.jdk/Contents/Home/jre/lib/ext/nashorn.jar:/Library/Java/JavaVirtualMachines/jdk1.8.0_112.jdk/Contents/Home/jre/lib/ext/sunec.jar:/Library/Java/JavaVirtualMachines/jdk1.8.0_112.jdk/Contents/Home/jre/lib/ext/sunjce_provider.jar:/Library/Java/JavaVirtualMachines/jdk1.8.0_112.jdk/Contents/Home/jre/lib/ext/sunpkcs11.jar:/Library/Java/JavaVirtualMachines/jdk1.8.0_112.jdk/Contents/Home/jre/lib/ext/zipfs.jar:/Library/Java/JavaVirtualMachines/jdk1.8.0_112.jdk/Contents/Home/jre/lib/javaws.jar:/Library/Java/JavaVirtualMachines/jdk1.8.0_112.jdk/Contents/Home/jre/lib/jce.jar:/Library/Java/JavaVirtualMachines/jdk1.8.0_112.jdk/Contents/Home/jre/lib/jfr.jar:/Library/Java/JavaVirtualMachines/jdk1.8.0_112.jdk/Contents/Home/jre/lib/jfxswt.jar:/Library/Java/JavaVirtualMachines/jdk1.8.0_112.jdk/Contents/Home/jre/lib/jsse.jar:/Library/Java/JavaVirtualMachines/jdk1.8.0_112.jdk/Contents/Home/jre/lib/management-agent.jar:/Library/Java/JavaVirtualMachines/jdk1.8.0_112.jdk/Contents/Home/jre/lib/plugin.jar:/Library/Java/JavaVirtualMachines/jdk1.8.0_112.jdk/Contents/Home/jre/lib/resources.jar:/Library/Java/JavaVirtualMachines/jdk1.8.0_112.jdk/Contents/Home/jre/lib/rt.jar:/Library/Java/JavaVirtualMachines/jdk1.8.0_112.jdk/Contents/Home/lib/ant-javafx.jar:/Library/Java/JavaVirtualMachines/jdk1.8.0_112.jdk/Contents/Home
Launcher Type: SUN_STANDARD

Environment Variables:
PATH=//anaconda/bin:/usr/local/bin:/usr/bin:/bin:/usr/sbin:/sbin
SHELL=/bin/bash

Signal Handlers:
SIGSEGV: [libjvm.dylib+0x5b11a5], sa_mask[0]=11111111011111110111111111111111, sa_flags=SA_ONSTACK|SA_RESTART|SA_SIGINFO
SIGBUS: [libjvm.dylib+0x5b11a5], sa_mask[0]=11111111011111110111111111111111, sa_flags=SA_RESTART|SA_SIGINFO
SIGFPE: [libjvm.dylib+0x487dc0], sa_mask[0]=11111111011111110111111111111111, sa_flags=SA_RESTART|SA_SIGINFO
SIGPIPE: [libjvm.dylib+0x487dc0], sa_mask[0]=11111111011111110111111111111111, sa_flags=SA_RESTART|SA_SIGINFO
SIGXFSZ: [libjvm.dylib+0x487dc0], sa_mask[0]=11111111011111110111111111111111, sa_flags=SA_RESTART|SA_SIGINFO
SIGILL: [libjvm.dylib+0x487dc0], sa_mask[0]=11111111011111110111111111111111, sa_flags=SA_RESTART|SA_SIGINFO
SIGUSR1: SIG_DFL, sa_mask[0]=00000000000000000000000000000000, sa_flags=none
SIGUSR2: [libjvm.dylib+0x4878de], sa_mask[0]=00100000000000000000000000000000, sa_flags=SA_RESTART|SA_SIGINFO
SIGHUP: [libjvm.dylib+0x485eb5], sa_mask[0]=11111111011111110111111111111111, sa_flags=SA_RESTART|SA_SIGINFO
SIGINT: [libjvm.dylib+0x485eb5], sa_mask[0]=11111111011111110111111111111111, sa_flags=SA_RESTART|SA_SIGINFO
SIGTERM: [libjvm.dylib+0x485eb5], sa_mask[0]=11111111011111110111111111111111, sa_flags=SA_RESTART|SA_SIGINFO
SIGQUIT: [libjvm.dylib+0x485eb5], sa_mask[0]=11111111011111110111111111111111, sa_flags=SA_RESTART|SA_SIGINFO


---------------  S Y S T E M  ---------------

OS:Bsduname:Darwin 15.6.0 Darwin Kernel Version 15.6.0: Thu Jun 23 18:25:34 PDT 2016; root:xnu-3248.60.10~1/RELEASE_X86_64 x86_64
rlimit: STACK 8192k, CORE 0k, NPROC 709, NOFILE 10240, AS infinity
load average:2.55 2.45 2.27

CPU:total 4 (2 cores per cpu, 2 threads per core) family 6 model 61 stepping 4, cmov, cx8, fxsr, mmx, sse, sse2, sse3, ssse3, sse4.1, sse4.2, popcnt, avx, avx2, aes, clmul, erms, 3dnowpref, lzcnt, ht, tsc, tscinvbit, bmi1, bmi2, adx

Memory: 4k page, physical 8388608k(85496k free)

/proc/meminfo:


vm_info: Java HotSpot(TM) 64-Bit Server VM (25.112-b16) for bsd-amd64 JRE (1.8.0_112-b16), built on Sep 30 2016 22:41:41 by "java_re" with gcc 4.2.1 (Based on Apple Inc. build 5658) (LLVM build 2336.11.00)

time: Wed Mar 28 22:54:10 2018
elapsed time: 4 seconds (0d 0h 0m 4s)

