#
# A fatal error has been detected by the Java Runtime Environment:
#
#  SIGSEGV (0xb) at pc=0x00007fff8d062330, pid=6279, tid=0x0000000000000a0b
#
# JRE version: Java(TM) SE Runtime Environment (8.0_112-b16) (build 1.8.0_112-b16)
# Java VM: Java HotSpot(TM) 64-Bit Server VM (25.112-b16 mixed mode bsd-amd64 compressed oops)
# Problematic frame:
# C  [libobjc.A.dylib+0xb330]  objc_storeWeak+0x112
#
# Failed to write core dump. Core dumps have been disabled. To enable core dumping, try "ulimit -c unlimited" before starting Java again
#
# If you would like to submit a bug report, please visit:
#   http://bugreport.java.com/bugreport/crash.jsp
# The crash happened outside the Java Virtual Machine in native code.
# See problematic frame for where to report the bug.
#

---------------  T H R E A D  ---------------

Current thread (0x00007fa30a1c7800):  JavaThread "AppKit Thread" daemon [_thread_in_native, id=2571, stack(0x00007fff5e674000,0x00007fff5ee74000)]

siginfo: si_signo: 11 (SIGSEGV), si_code: 0 (unknown), si_addr: 0x0000000000000000

Registers:
RAX=0x00007fa309801600, RBX=0x00007fff74ca0d00, RCX=0x3000000000000000, RDX=0x00007ffffffffff8
RSP=0x00007fff5ee6ea60, RBP=0x00007fff5ee6ead0, RSI=0x00007fa309801800, RDI=0x00007fff74ca0d00
R8 =0x00007fff8c30fa67, R9 =0x00007fa308e5fcf0, R10=0x00000000000000d2, R11=0x000000000000000a
R12=0x00007fa308d5c0e0, R13=0x0000000000000000, R14=0x00007fff74ca1000, R15=0x0000000000000000
RIP=0x00007fff8d062330, EFLAGS=0x0000000000010206, ERR=0x0000000000000000
  TRAPNO=0x000000000000000d

Top of Stack: (sp=0x00007fff5ee6ea60)
0x00007fff5ee6ea60:   ffff805cf71a0310 00007fa308d5bee0
0x00007fff5ee6ea70:   0000000000000300 0000000000000000
0x00007fff5ee6ea80:   0000000000000000 0000000000000000
0x00007fff5ee6ea90:   00007fa308f873f0 0000000000000006
0x00007fff5ee6eaa0:   000000000000000a 00007fa308e5fcf0
0x00007fff5ee6eab0:   0000000000000000 00007fa308f43300
0x00007fff5ee6eac0:   00007fa308d5bee0 00007fa308f873f0
0x00007fff5ee6ead0:   00007fff5ee6eb10 00007fff8c309973
0x00007fff5ee6eae0:   00007fa308e5fcf0 0000000000000000
0x00007fff5ee6eaf0:   00007fa308f873f0 00007fff8d0584c0
0x00007fff5ee6eb00:   00007fa308e5fcf0 00007fff74f53388
0x00007fff5ee6eb10:   00007fff5ee6eb40 00007fff8d6fff6a
0x00007fff5ee6eb20:   00007fff5ee6ebb8 00007fff8d0584c0
0x00007fff5ee6eb30:   00007fa308f873f0 00007fa308e5fcf0
0x00007fff5ee6eb40:   00007fff5ee6eb70 00007fff8da3f6dd
0x00007fff5ee6eb50:   0000000000000000 0000000000000094
0x00007fff5ee6eb60:   00007fff5ee6ebb8 0000000000000001
0x00007fff5ee6eb70:   00007fff5ee6eba0 00007fff8d53d325
0x00007fff5ee6eb80:   00007fa308e5fcf0 00007fa308f873f0
0x00007fff5ee6eb90:   00007fa308e5fcf0 0000000000000000
0x00007fff5ee6eba0:   00007fff5ee6ec00 00007fff8d6ffc0d
0x00007fff5ee6ebb0:   0000000000000000 00007fff74a4c0a0
0x00007fff5ee6ebc0:   0000000042000000 00007fff8da3f607
0x00007fff5ee6ebd0:   00007fff74cbf9e0 0000000000000000
0x00007fff5ee6ebe0:   00007fa308f873f0 00007fa308e5fcf0
0x00007fff5ee6ebf0:   00007fa308e5fcf0 00007fa308f873f0
0x00007fff5ee6ec00:   00007fff5ee6ec30 000000011d0b9586
0x00007fff5ee6ec10:   00007fa308e5fcf0 000000011d0edc60
0x00007fff5ee6ec20:   00007fa308f43300 00007fa308e5fcf0
0x00007fff5ee6ec30:   00007fff5ee6f110 00007fff8d562797
0x00007fff5ee6ec40:   0000000000000000 0000000000000000
0x00007fff5ee6ec50:   4089000000000000 4089000000000000 

Instructions: (pc=0x00007fff8d062330)
0x00007fff8d062310:   0d 8b 22 b8 e7 48 8b 34 c1 48 8b 45 b8 48 39 c6
0x00007fff8d062320:   74 48 48 8b 46 20 48 89 c1 48 21 d1 48 8b 49 08
0x00007fff8d062330:   f6 01 01 75 0a 48 8b 06 48 21 d0 48 8b 40 20 48
0x00007fff8d062340:   21 d0 f6 40 03 20 75 22 49 89 f7 48 89 df e8 6d 

Register to memory mapping:

RAX=0x00007fa309801600 is an unknown value
RBX=0x00007fff74ca0d00: _ZN12_GLOBAL__N_1L12SideTableBufE+0 in /usr/lib/libobjc.A.dylib at 0x00007fff8d057000
RCX=0x3000000000000000 is an unknown value
RDX=0x00007ffffffffff8 is an unknown value
RSP=0x00007fff5ee6ea60 is pointing into the stack for thread: 0x00007fa30a1c7800
RBP=0x00007fff5ee6ead0 is pointing into the stack for thread: 0x00007fa30a1c7800
RSI=0x00007fa309801800 is a thread
RDI=0x00007fff74ca0d00: _ZN12_GLOBAL__N_1L12SideTableBufE+0 in /usr/lib/libobjc.A.dylib at 0x00007fff8d057000
R8 =0x00007fff8c30fa67: storeARCWeakAt+0 in /System/Library/Frameworks/Foundation.framework/Versions/C/Foundation at 0x00007fff8c2f0000
R9 =0x00007fa308e5fcf0 is an unknown value
R10=0x00000000000000d2 is an unknown value
R11=0x000000000000000a is an unknown value
R12=0x00007fa308d5c0e0 is an unknown value
R13=0x0000000000000000 is an unknown value
R14=0x00007fff74ca1000: _ZN12_GLOBAL__N_1L12SideTableBufE+0x300 in /usr/lib/libobjc.A.dylib at 0x00007fff8d057000
R15=0x0000000000000000 is an unknown value


Stack: [0x00007fff5e674000,0x00007fff5ee74000],  sp=0x00007fff5ee6ea60,  free space=8170k
Native frames: (J=compiled Java code, j=interpreted, Vv=VM code, C=native code)
C  [libobjc.A.dylib+0xb330]  objc_storeWeak+0x112
C  [Foundation+0x19973]  -[NSConcreteMapTable setObject:forKey:]+0x6e
C  [AppKit+0x345f6a]  -[NSView(NSOpenGLContextAssociation) _setOpenGLContext:]+0xf2
C  [AppKit+0x6856dd]  __27-[NSOpenGLContext setView:]_block_invoke+0xd6
C  [AppKit+0x183325]  NSPerformVisuallyAtomicChange+0x93
C  [AppKit+0x345c0d]  -[NSOpenGLContext setView:]+0x77
C  [liblwjgl.dylib+0xa586]  -[MacOSXOpenGLView lockFocus]+0x76
C  [AppKit+0x1a8797]  -[NSView _recursiveDisplayRectIfNeededIgnoringOpacity:isVisibleRect:rectIsVisibleRectForView:topView:]+0x6e2
C  [AppKit+0x1a9785]  -[NSView _recursiveDisplayRectIfNeededIgnoringOpacity:isVisibleRect:rectIsVisibleRectForView:topView:]+0x16d0
C  [AppKit+0x1a7be0]  -[NSThemeFrame _recursiveDisplayRectIfNeededIgnoringOpacity:isVisibleRect:rectIsVisibleRectForView:topView:]+0x14e
C  [AppKit+0x1a5feb]  -[NSView _displayRectIgnoringOpacity:isVisibleRect:rectIsVisibleRectForView:]+0x991
C  [AppKit+0x1a13f5]  -[NSView displayIfNeeded]+0x79e
C  [AppKit+0x1a0c3c]  -[NSWindow displayIfNeeded]+0xe8
C  [AppKit+0x82541b]  ___NSWindowGetDisplayCycleObserver_block_invoke6365+0x1dc
C  [AppKit+0x1a05d6]  __37+[NSDisplayCycle currentDisplayCycle]_block_invoke+0x3ad
C  [QuartzCore+0x10f71]  _ZN2CA11Transaction19run_commit_handlersE18CATransactionPhase+0x55
C  [QuartzCore+0x1042c]  _ZN2CA7Context18commit_transactionEPNS_11TransactionE+0xa0
C  [QuartzCore+0x100ec]  _ZN2CA11Transaction6commitEv+0x1fc
C  [QuartzCore+0x1b977]  _ZN2CA11Transaction17observer_callbackEP19__CFRunLoopObservermPv+0x47
C  [CoreFoundation+0xaa067]  __CFRUNLOOP_IS_CALLING_OUT_TO_AN_OBSERVER_CALLBACK_FUNCTION__+0x17
C  [CoreFoundation+0xa9fd7]  __CFRunLoopDoObservers+0x187
C  [CoreFoundation+0x88ef8]  CFRunLoopRunSpecific+0x148
C  [HIToolbox+0x30935]  RunCurrentEventLoopInMode+0xeb
C  [HIToolbox+0x30677]  ReceiveNextEventCommon+0xb8
C  [HIToolbox+0x305af]  _BlockUntilNextEventMatchingListInModeWithFilter+0x47
C  [AppKit+0x48df6]  _DPSNextEvent+0x42b
C  [AppKit+0x48226]  -[NSApplication _nextEventMatchingEventMask:untilDate:inMode:dequeue:]+0x1c6
C  [libosxapp.dylib+0x23aa]  -[NSApplicationAWT nextEventMatchingMask:untilDate:inMode:dequeue:]+0x7c
C  [AppKit+0x3cd80]  -[NSApplication run]+0x2aa
C  [libosxapp.dylib+0x214d]  +[NSApplicationAWT runAWTLoopWithApp:]+0x9c
C  [libawt_lwawt.dylib+0x4615f]  -[AWTStarter starter:]+0x389
C  [Foundation+0x76fde]  __NSThreadPerformPerform+0x117
C  [CoreFoundation+0xaa881]  __CFRUNLOOP_IS_CALLING_OUT_TO_A_SOURCE0_PERFORM_FUNCTION__+0x11
C  [CoreFoundation+0x89fbc]  __CFRunLoopDoSources0+0x22c
C  [CoreFoundation+0x894df]  __CFRunLoopRun+0x39f
C  [CoreFoundation+0x88ed8]  CFRunLoopRunSpecific+0x128
C  [java+0x6465]  CreateExecutionEnvironment+0x367
C  [java+0x218c]  JLI_Launch+0x7a0
C  [java+0x84c2]  main+0x65
C  [java+0x19e4]  start+0x34
C  0x0000000000000007


---------------  P R O C E S S  ---------------

Java Threads: ( => current thread )
  0x00007fa309b55800 JavaThread "Java2D Disposer" daemon [_thread_blocked, id=54279, stack(0x00007000014dc000,0x00007000015dc000)]
  0x00007fa3090e0000 JavaThread "Java2D Queue Flusher" daemon [_thread_blocked, id=54535, stack(0x00007000013d9000,0x00007000014d9000)]
  0x00007fa30906f000 JavaThread "AWT-Shutdown" [_thread_blocked, id=28955, stack(0x0000700001253000,0x0000700001353000)]
=>0x00007fa30a1c7800 JavaThread "AppKit Thread" daemon [_thread_in_native, id=2571, stack(0x00007fff5e674000,0x00007fff5ee74000)]
  0x00007fa30a081800 JavaThread "Service Thread" daemon [_thread_blocked, id=18947, stack(0x0000700000f47000,0x0000700001047000)]
  0x00007fa309840000 JavaThread "C1 CompilerThread2" daemon [_thread_blocked, id=18435, stack(0x0000700000e44000,0x0000700000f44000)]
  0x00007fa309023000 JavaThread "C2 CompilerThread1" daemon [_thread_blocked, id=17923, stack(0x0000700000d41000,0x0000700000e41000)]
  0x00007fa309022800 JavaThread "C2 CompilerThread0" daemon [_thread_blocked, id=17411, stack(0x0000700000c3e000,0x0000700000d3e000)]
  0x00007fa309021000 JavaThread "Monitor Ctrl-Break" daemon [_thread_in_native, id=16899, stack(0x0000700000b3b000,0x0000700000c3b000)]
  0x00007fa30a03f800 JavaThread "Signal Dispatcher" daemon [_thread_blocked, id=16399, stack(0x0000700000a38000,0x0000700000b38000)]
  0x00007fa309009000 JavaThread "Finalizer" daemon [_thread_blocked, id=12291, stack(0x000070000082f000,0x000070000092f000)]
  0x00007fa309800000 JavaThread "Reference Handler" daemon [_thread_blocked, id=11779, stack(0x000070000072c000,0x000070000082c000)]
  0x00007fa309801800 JavaThread "main" [_thread_in_native, id=5891, stack(0x000070000011a000,0x000070000021a000)]

Other Threads:
  0x00007fa30a813000 VMThread [stack: 0x0000700000629000,0x0000700000729000] [id=11267]
  0x00007fa30900c000 WatcherThread [stack: 0x000070000104a000,0x000070000114a000] [id=19459]

VM state:not at safepoint (normal execution)

VM Mutex/Monitor currently owned by a thread: None

Heap:
 PSYoungGen      total 38400K, used 13770K [0x0000000795580000, 0x0000000798000000, 0x00000007c0000000)
  eden space 33280K, 33% used [0x0000000795580000,0x000000079607c920,0x0000000797600000)
  from space 5120K, 49% used [0x0000000797b00000,0x0000000797d76158,0x0000000798000000)
  to   space 5120K, 0% used [0x0000000797600000,0x0000000797600000,0x0000000797b00000)
 ParOldGen       total 87552K, used 24K [0x0000000740000000, 0x0000000745580000, 0x0000000795580000)
  object space 87552K, 0% used [0x0000000740000000,0x0000000740006000,0x0000000745580000)
 Metaspace       used 9895K, capacity 10043K, committed 10112K, reserved 1058816K
  class space    used 1049K, capacity 1123K, committed 1152K, reserved 1048576K

Card table byte_map: [0x0000000111c1d000,0x000000011201e000] byte_map_base: 0x000000010e21d000

Marking Bits: (ParMarkBitMap*) 0x00000001018f8d30
 Begin Bits: [0x00000001122c9000, 0x00000001142c9000)
 End Bits:   [0x00000001142c9000, 0x00000001162c9000)

Polling page: 0x0000000101ff1000

CodeCache: size=245760Kb used=3644Kb max_used=3644Kb free=242115Kb
 bounds [0x000000010285d000, 0x0000000102bfd000, 0x000000011185d000]
 total_blobs=1381 nmethods=870 adapters=425
 compilation: enabled

Compilation events (10 events):
Event: 4.095 Thread 0x00007fa309840000  864       3       cse.Play::update (49 bytes)
Event: 4.095 Thread 0x00007fa309840000 nmethod 864 0x0000000102be9050 code [0x0000000102be91e0, 0x0000000102be94f8]
Event: 4.095 Thread 0x00007fa309840000  865       3       org.newdawn.slick.Input::isControllerRight (93 bytes)
Event: 4.095 Thread 0x00007fa309840000 nmethod 865 0x0000000102be9650 code [0x0000000102be9920, 0x0000000102bea868]
Event: 4.095 Thread 0x00007fa309840000  866       3       org.newdawn.slick.Input::isControllerLeft (93 bytes)
Event: 4.096 Thread 0x00007fa309840000 nmethod 866 0x0000000102beb150 code [0x0000000102beb420, 0x0000000102bec368]
Event: 4.096 Thread 0x00007fa309840000  867       3       org.newdawn.slick.state.StateBasedGame::postUpdateState (1 bytes)
Event: 4.096 Thread 0x00007fa309840000 nmethod 867 0x0000000102becc50 code [0x0000000102becda0, 0x0000000102becef0]
Event: 4.096 Thread 0x00007fa309840000  870       3       org.newdawn.slick.GameContainer::updateFPS (48 bytes)
Event: 4.097 Thread 0x00007fa309840000 nmethod 870 0x0000000102becf90 code [0x0000000102bed160, 0x0000000102beda90]

GC Heap History (4 events):
Event: 2.669 GC heap before
{Heap before GC invocations=1 (full 0):
 PSYoungGen      total 38400K, used 33280K [0x0000000795580000, 0x0000000798000000, 0x00000007c0000000)
  eden space 33280K, 100% used [0x0000000795580000,0x0000000797600000,0x0000000797600000)
  from space 5120K, 0% used [0x0000000797b00000,0x0000000797b00000,0x0000000798000000)
  to   space 5120K, 0% used [0x0000000797600000,0x0000000797600000,0x0000000797b00000)
 ParOldGen       total 87552K, used 0K [0x0000000740000000, 0x0000000745580000, 0x0000000795580000)
  object space 87552K, 0% used [0x0000000740000000,0x0000000740000000,0x0000000745580000)
 Metaspace       used 9784K, capacity 9979K, committed 10112K, reserved 1058816K
  class space    used 1048K, capacity 1123K, committed 1152K, reserved 1048576K
Event: 2.673 GC heap after
Heap after GC invocations=1 (full 0):
 PSYoungGen      total 38400K, used 2936K [0x0000000795580000, 0x0000000798000000, 0x00000007c0000000)
  eden space 33280K, 0% used [0x0000000795580000,0x0000000795580000,0x0000000797600000)
  from space 5120K, 57% used [0x0000000797600000,0x00000007978de2c0,0x0000000797b00000)
  to   space 5120K, 0% used [0x0000000797b00000,0x0000000797b00000,0x0000000798000000)
 ParOldGen       total 87552K, used 16K [0x0000000740000000, 0x0000000745580000, 0x0000000795580000)
  object space 87552K, 0% used [0x0000000740000000,0x0000000740004000,0x0000000745580000)
 Metaspace       used 9784K, capacity 9979K, committed 10112K, reserved 1058816K
  class space    used 1048K, capacity 1123K, committed 1152K, reserved 1048576K
}
Event: 3.755 GC heap before
{Heap before GC invocations=2 (full 0):
 PSYoungGen      total 38400K, used 36216K [0x0000000795580000, 0x0000000798000000, 0x00000007c0000000)
  eden space 33280K, 100% used [0x0000000795580000,0x0000000797600000,0x0000000797600000)
  from space 5120K, 57% used [0x0000000797600000,0x00000007978de2c0,0x0000000797b00000)
  to   space 5120K, 0% used [0x0000000797b00000,0x0000000797b00000,0x0000000798000000)
 ParOldGen       total 87552K, used 16K [0x0000000740000000, 0x0000000745580000, 0x0000000795580000)
  object space 87552K, 0% used [0x0000000740000000,0x0000000740004000,0x0000000745580000)
 Metaspace       used 9875K, capacity 10043K, committed 10112K, reserved 1058816K
  class space    used 1048K, capacity 1123K, committed 1152K, reserved 1048576K
Event: 3.760 GC heap after
Heap after GC invocations=2 (full 0):
 PSYoungGen      total 38400K, used 2520K [0x0000000795580000, 0x0000000798000000, 0x00000007c0000000)
  eden space 33280K, 0% used [0x0000000795580000,0x0000000795580000,0x0000000797600000)
  from space 5120K, 49% used [0x0000000797b00000,0x0000000797d76158,0x0000000798000000)
  to   space 5120K, 0% used [0x0000000797600000,0x0000000797600000,0x0000000797b00000)
 ParOldGen       total 87552K, used 24K [0x0000000740000000, 0x0000000745580000, 0x0000000795580000)
  object space 87552K, 0% used [0x0000000740000000,0x0000000740006000,0x0000000745580000)
 Metaspace       used 9875K, capacity 10043K, committed 10112K, reserved 1058816K
  class space    used 1048K, capacity 1123K, committed 1152K, reserved 1048576K
}

Deoptimization events (4 events):
Event: 1.029 Thread 0x00007fa309801800 Uncommon trap: reason=unstable_if action=reinterpret pc=0x00000001029fbc9c method=java.lang.String.replace(CC)Ljava/lang/String; @ 26
Event: 1.722 Thread 0x00007fa309801800 Uncommon trap: reason=unstable_if action=reinterpret pc=0x000000010299ccf4 method=java.lang.String.startsWith(Ljava/lang/String;I)Z @ 25
Event: 1.724 Thread 0x00007fa309801800 Uncommon trap: reason=unstable_if action=reinterpret pc=0x0000000102a91e90 method=sun.misc.MetaIndex.mayContain(Ljava/lang/String;)Z @ 38
Event: 1.790 Thread 0x00007fa309801800 Uncommon trap: reason=unstable_if action=reinterpret pc=0x0000000102abfe50 method=org.newdawn.slick.opengl.PNGDecoder.unfilterPaeth([B[B)V @ 163

Internal exceptions (10 events):
Event: 0.043 Thread 0x00007fa309801800 Exception <a 'java/lang/NoSuchMethodError': Method sun.misc.Unsafe.prefetchRead(Ljava/lang/Object;J)V name or signature does not match> (0x0000000795587f60) thrown at [/Users/java_re/workspace/8-2-build-macosx-x86_64/jdk8u112/7935/hotspot/src/share/vm/pri
Event: 0.578 Thread 0x00007fa309801800 Exception <a 'java/security/PrivilegedActionException'> (0x00000007959c7838) thrown at [/Users/java_re/workspace/8-2-build-macosx-x86_64/jdk8u112/7935/hotspot/src/share/vm/prims/jvm.cpp, line 1390]
Event: 0.578 Thread 0x00007fa309801800 Exception <a 'java/security/PrivilegedActionException'> (0x00000007959c7a48) thrown at [/Users/java_re/workspace/8-2-build-macosx-x86_64/jdk8u112/7935/hotspot/src/share/vm/prims/jvm.cpp, line 1390]
Event: 0.579 Thread 0x00007fa309801800 Exception <a 'java/security/PrivilegedActionException'> (0x00000007959caf38) thrown at [/Users/java_re/workspace/8-2-build-macosx-x86_64/jdk8u112/7935/hotspot/src/share/vm/prims/jvm.cpp, line 1390]
Event: 0.579 Thread 0x00007fa309801800 Exception <a 'java/security/PrivilegedActionException'> (0x00000007959cb148) thrown at [/Users/java_re/workspace/8-2-build-macosx-x86_64/jdk8u112/7935/hotspot/src/share/vm/prims/jvm.cpp, line 1390]
Event: 0.679 Thread 0x00007fa309801800 Exception <a 'java/lang/NoSuchFieldError': method resolution failed> (0x0000000795afdd20) thrown at [/Users/java_re/workspace/8-2-build-macosx-x86_64/jdk8u112/7935/hotspot/src/share/vm/prims/methodHandles.cpp, line 1146]
Event: 0.681 Thread 0x00007fa309801800 Exception <a 'java/lang/NoSuchFieldError': method resolution failed> (0x0000000795b0bd10) thrown at [/Users/java_re/workspace/8-2-build-macosx-x86_64/jdk8u112/7935/hotspot/src/share/vm/prims/methodHandles.cpp, line 1146]
Event: 0.955 Thread 0x00007fa309801800 Exception <a 'java/io/FileNotFoundException'> (0x0000000795bae4e0) thrown at [/Users/java_re/workspace/8-2-build-macosx-x86_64/jdk8u112/7935/hotspot/src/share/vm/prims/jni.cpp, line 709]
Event: 0.956 Thread 0x00007fa309801800 Exception <a 'java/io/FileNotFoundException'> (0x0000000795baf068) thrown at [/Users/java_re/workspace/8-2-build-macosx-x86_64/jdk8u112/7935/hotspot/src/share/vm/prims/jni.cpp, line 709]
Event: 1.615 Thread 0x00007fa309801800 Exception <a 'java/lang/NoClassDefFoundError': net/java/games/input/ControllerEnvironment> (0x0000000796244120) thrown at [/Users/java_re/workspace/8-2-build-macosx-x86_64/jdk8u112/7935/hotspot/src/share/vm/classfile/systemDictionary.cpp, line 199]

Events (10 events):
Event: 2.419 Thread 0x00007fa309801800 DEOPT PACKING pc=0x0000000102ac582a sp=0x0000700000218fd0
Event: 2.419 Thread 0x00007fa309801800 DEOPT UNPACKING pc=0x00000001028a4633 sp=0x0000700000218e70 mode 0
Event: 2.480 Thread 0x00007fa309801800 DEOPT PACKING pc=0x0000000102ac5841 sp=0x0000700000218fd0
Event: 2.480 Thread 0x00007fa309801800 DEOPT UNPACKING pc=0x00000001028a4633 sp=0x0000700000218e70 mode 0
Event: 2.668 Executing VM operation: ParallelGCFailedAllocation
Event: 2.673 Executing VM operation: ParallelGCFailedAllocation done
Event: 3.755 Executing VM operation: ParallelGCFailedAllocation
Event: 3.760 Executing VM operation: ParallelGCFailedAllocation done
Event: 4.112 loading class org/lwjgl/opengl/CallbackUtil
Event: 4.112 loading class org/lwjgl/opengl/CallbackUtil done


Dynamic libraries:
0x0000000001ebe000 	/System/Library/Frameworks/Cocoa.framework/Versions/A/Cocoa
0x0000000001ebe000 	/System/Library/Frameworks/Security.framework/Versions/A/Security
0x0000000001ebe000 	/System/Library/Frameworks/ApplicationServices.framework/Versions/A/ApplicationServices
0x0000000001ebe000 	/usr/lib/libz.1.dylib
0x0000000001ebe000 	/usr/lib/libSystem.B.dylib
0x0000000001ebe000 	/usr/lib/libobjc.A.dylib
0x0000000001ebe000 	/System/Library/Frameworks/CoreFoundation.framework/Versions/A/CoreFoundation
0x0000000001ebe000 	/System/Library/Frameworks/Foundation.framework/Versions/C/Foundation
0x0000000001ebe000 	/System/Library/Frameworks/AppKit.framework/Versions/C/AppKit
0x0000000001ebe000 	/System/Library/Frameworks/CoreData.framework/Versions/A/CoreData
0x0000000001ebe000 	/System/Library/PrivateFrameworks/RemoteViewServices.framework/Versions/A/RemoteViewServices
0x0000000001ebe000 	/System/Library/PrivateFrameworks/UIFoundation.framework/Versions/A/UIFoundation
0x0000000001ebe000 	/usr/lib/libScreenReader.dylib
0x0000000001ebe000 	/System/Library/Frameworks/Accelerate.framework/Versions/A/Accelerate
0x0000000001ebe000 	/System/Library/Frameworks/IOSurface.framework/Versions/A/IOSurface
0x0000000001ebe000 	/System/Library/Frameworks/AudioToolbox.framework/Versions/A/AudioToolbox
0x0000000001ebe000 	/System/Library/Frameworks/AudioUnit.framework/Versions/A/AudioUnit
0x0000000001ebe000 	/System/Library/PrivateFrameworks/DataDetectorsCore.framework/Versions/A/DataDetectorsCore
0x0000000001ebe000 	/System/Library/PrivateFrameworks/DesktopServicesPriv.framework/Versions/A/DesktopServicesPriv
0x0000000001ebe000 	/System/Library/Frameworks/Carbon.framework/Versions/A/Frameworks/HIToolbox.framework/Versions/A/HIToolbox
0x0000000001ebe000 	/System/Library/Frameworks/QuartzCore.framework/Versions/A/QuartzCore
0x0000000001ebe000 	/System/Library/Frameworks/Carbon.framework/Versions/A/Frameworks/SpeechRecognition.framework/Versions/A/SpeechRecognition
0x0000000001ebe000 	/usr/lib/libauto.dylib
0x0000000001ebe000 	/usr/lib/libicucore.A.dylib
0x0000000001ebe000 	/usr/lib/libxml2.2.dylib
0x0000000001ebe000 	/System/Library/PrivateFrameworks/CoreUI.framework/Versions/A/CoreUI
0x0000000001ebe000 	/System/Library/Frameworks/CoreAudio.framework/Versions/A/CoreAudio
0x0000000001ebe000 	/System/Library/Frameworks/DiskArbitration.framework/Versions/A/DiskArbitration
0x0000000001ebe000 	/usr/lib/liblangid.dylib
0x0000000001ebe000 	/System/Library/PrivateFrameworks/MultitouchSupport.framework/Versions/A/MultitouchSupport
0x0000000001ebe000 	/System/Library/Frameworks/IOKit.framework/Versions/A/IOKit
0x0000000001ebe000 	/usr/lib/libDiagnosticMessagesClient.dylib
0x0000000001ebe000 	/System/Library/Frameworks/CoreServices.framework/Versions/A/CoreServices
0x0000000001ebe000 	/System/Library/PrivateFrameworks/PerformanceAnalysis.framework/Versions/A/PerformanceAnalysis
0x0000000001ebe000 	/System/Library/PrivateFrameworks/GenerationalStorage.framework/Versions/A/GenerationalStorage
0x0000000001ebe000 	/System/Library/Frameworks/OpenGL.framework/Versions/A/OpenGL
0x0000000001ebe000 	/System/Library/PrivateFrameworks/Sharing.framework/Versions/A/Sharing
0x0000000001ebe000 	/System/Library/Frameworks/CoreGraphics.framework/Versions/A/CoreGraphics
0x0000000001ebe000 	/System/Library/Frameworks/CoreImage.framework/Versions/A/CoreImage
0x0000000001ebe000 	/System/Library/Frameworks/CoreText.framework/Versions/A/CoreText
0x0000000001ebe000 	/System/Library/Frameworks/ImageIO.framework/Versions/A/ImageIO
0x0000000001ebe000 	/System/Library/PrivateFrameworks/Backup.framework/Versions/A/Backup
0x0000000001ebe000 	/usr/lib/libextension.dylib
0x0000000001ebe000 	/usr/lib/libarchive.2.dylib
0x0000000001ebe000 	/System/Library/Frameworks/CFNetwork.framework/Versions/A/CFNetwork
0x0000000001ebe000 	/System/Library/Frameworks/SystemConfiguration.framework/Versions/A/SystemConfiguration
0x0000000001ebe000 	/usr/lib/libCRFSuite.dylib
0x0000000001ebe000 	/usr/lib/libc++.1.dylib
0x0000000001ebe000 	/usr/lib/libc++abi.dylib
0x0000000001ebe000 	/usr/lib/system/libcache.dylib
0x0000000001ebe000 	/usr/lib/system/libcommonCrypto.dylib
0x0000000001ebe000 	/usr/lib/system/libcompiler_rt.dylib
0x0000000001ebe000 	/usr/lib/system/libcopyfile.dylib
0x0000000001ebe000 	/usr/lib/system/libcorecrypto.dylib
0x0000000001ebe000 	/usr/lib/system/libdispatch.dylib
0x0000000001ebe000 	/usr/lib/system/libdyld.dylib
0x0000000001ebe000 	/usr/lib/system/libkeymgr.dylib
0x0000000001ebe000 	/usr/lib/system/liblaunch.dylib
0x0000000001ebe000 	/usr/lib/system/libmacho.dylib
0x0000000001ebe000 	/usr/lib/system/libquarantine.dylib
0x0000000001ebe000 	/usr/lib/system/libremovefile.dylib
0x0000000001ebe000 	/usr/lib/system/libsystem_asl.dylib
0x0000000001ebe000 	/usr/lib/system/libsystem_blocks.dylib
0x0000000001ebe000 	/usr/lib/system/libsystem_c.dylib
0x0000000001ebe000 	/usr/lib/system/libsystem_configuration.dylib
0x0000000001ebe000 	/usr/lib/system/libsystem_coreservices.dylib
0x0000000001ebe000 	/usr/lib/system/libsystem_coretls.dylib
0x0000000001ebe000 	/usr/lib/system/libsystem_dnssd.dylib
0x0000000001ebe000 	/usr/lib/system/libsystem_info.dylib
0x0000000001ebe000 	/usr/lib/system/libsystem_kernel.dylib
0x0000000001ebe000 	/usr/lib/system/libsystem_m.dylib
0x0000000001ebe000 	/usr/lib/system/libsystem_malloc.dylib
0x0000000001ebe000 	/usr/lib/system/libsystem_network.dylib
0x0000000001ebe000 	/usr/lib/system/libsystem_networkextension.dylib
0x0000000001ebe000 	/usr/lib/system/libsystem_notify.dylib
0x0000000001ebe000 	/usr/lib/system/libsystem_platform.dylib
0x0000000001ebe000 	/usr/lib/system/libsystem_pthread.dylib
0x0000000001ebe000 	/usr/lib/system/libsystem_sandbox.dylib
0x0000000001ebe000 	/usr/lib/system/libsystem_secinit.dylib
0x0000000001ebe000 	/usr/lib/system/libsystem_trace.dylib
0x0000000001ebe000 	/usr/lib/system/libunc.dylib
0x0000000001ebe000 	/usr/lib/system/libunwind.dylib
0x0000000001ebe000 	/usr/lib/system/libxpc.dylib
0x0000000001ebe000 	/usr/lib/libenergytrace.dylib
0x0000000001ebe000 	/usr/lib/libbsm.0.dylib
0x0000000001ebe000 	/usr/lib/system/libkxld.dylib
0x0000000001ebe000 	/usr/lib/libxar.1.dylib
0x0000000001ebe000 	/usr/lib/libsqlite3.dylib
0x0000000001ebe000 	/usr/lib/libpam.2.dylib
0x0000000001ebe000 	/usr/lib/libOpenScriptingUtil.dylib
0x0000000001ebe000 	/usr/lib/libbz2.1.0.dylib
0x0000000001ebe000 	/usr/lib/liblzma.5.dylib
0x0000000001ebe000 	/System/Library/Frameworks/CoreServices.framework/Versions/A/Frameworks/FSEvents.framework/Versions/A/FSEvents
0x0000000001ebe000 	/System/Library/Frameworks/CoreServices.framework/Versions/A/Frameworks/CarbonCore.framework/Versions/A/CarbonCore
0x0000000001ebe000 	/System/Library/Frameworks/CoreServices.framework/Versions/A/Frameworks/Metadata.framework/Versions/A/Metadata
0x0000000001ebe000 	/System/Library/Frameworks/CoreServices.framework/Versions/A/Frameworks/OSServices.framework/Versions/A/OSServices
0x0000000001ebe000 	/System/Library/Frameworks/CoreServices.framework/Versions/A/Frameworks/SearchKit.framework/Versions/A/SearchKit
0x0000000001ebe000 	/System/Library/Frameworks/CoreServices.framework/Versions/A/Frameworks/AE.framework/Versions/A/AE
0x0000000001ebe000 	/System/Library/Frameworks/CoreServices.framework/Versions/A/Frameworks/LaunchServices.framework/Versions/A/LaunchServices
0x0000000001ebe000 	/System/Library/Frameworks/CoreServices.framework/Versions/A/Frameworks/DictionaryServices.framework/Versions/A/DictionaryServices
0x0000000001ebe000 	/System/Library/Frameworks/CoreServices.framework/Versions/A/Frameworks/SharedFileList.framework/Versions/A/SharedFileList
0x0000000001ebe000 	/System/Library/Frameworks/NetFS.framework/Versions/A/NetFS
0x0000000001ebe000 	/System/Library/PrivateFrameworks/NetAuth.framework/Versions/A/NetAuth
0x0000000001ebe000 	/System/Library/PrivateFrameworks/login.framework/Versions/A/Frameworks/loginsupport.framework/Versions/A/loginsupport
0x0000000001ebe000 	/System/Library/PrivateFrameworks/TCC.framework/Versions/A/TCC
0x0000000001ebe000 	/usr/lib/libmecabra.dylib
0x0000000001ebe000 	/System/Library/Frameworks/ApplicationServices.framework/Versions/A/Frameworks/ATS.framework/Versions/A/ATS
0x0000000001ebe000 	/System/Library/Frameworks/ApplicationServices.framework/Versions/A/Frameworks/ColorSync.framework/Versions/A/ColorSync
0x0000000001ebe000 	/System/Library/Frameworks/ApplicationServices.framework/Versions/A/Frameworks/HIServices.framework/Versions/A/HIServices
0x0000000001ebe000 	/System/Library/Frameworks/ApplicationServices.framework/Versions/A/Frameworks/LangAnalysis.framework/Versions/A/LangAnalysis
0x0000000001ebe000 	/System/Library/Frameworks/ApplicationServices.framework/Versions/A/Frameworks/PrintCore.framework/Versions/A/PrintCore
0x0000000001ebe000 	/System/Library/Frameworks/ApplicationServices.framework/Versions/A/Frameworks/QD.framework/Versions/A/QD
0x0000000001ebe000 	/System/Library/Frameworks/ApplicationServices.framework/Versions/A/Frameworks/SpeechSynthesis.framework/Versions/A/SpeechSynthesis
0x0000000001ebe000 	/System/Library/Frameworks/Metal.framework/Versions/A/Metal
0x0000000001ebe000 	/System/Library/Frameworks/Accelerate.framework/Versions/A/Frameworks/vImage.framework/Versions/A/vImage
0x0000000001ebe000 	/System/Library/Frameworks/Accelerate.framework/Versions/A/Frameworks/vecLib.framework/Versions/A/vecLib
0x0000000001ebe000 	/System/Library/Frameworks/Accelerate.framework/Versions/A/Frameworks/vecLib.framework/Versions/A/libvDSP.dylib
0x0000000001ebe000 	/System/Library/Frameworks/Accelerate.framework/Versions/A/Frameworks/vecLib.framework/Versions/A/libvMisc.dylib
0x0000000001ebe000 	/System/Library/Frameworks/Accelerate.framework/Versions/A/Frameworks/vecLib.framework/Versions/A/libLAPACK.dylib
0x0000000001ebe000 	/System/Library/Frameworks/Accelerate.framework/Versions/A/Frameworks/vecLib.framework/Versions/A/libBLAS.dylib
0x0000000001ebe000 	/System/Library/Frameworks/Accelerate.framework/Versions/A/Frameworks/vecLib.framework/Versions/A/libLinearAlgebra.dylib
0x0000000001ebe000 	/System/Library/Frameworks/Accelerate.framework/Versions/A/Frameworks/vecLib.framework/Versions/A/libSparseBLAS.dylib
0x0000000001ebe000 	/System/Library/PrivateFrameworks/GPUCompiler.framework/libmetal_timestamp.dylib
0x0000000001ebe000 	/System/Library/Frameworks/OpenGL.framework/Versions/A/Libraries/libCoreFSCache.dylib
0x0000000001ebe000 	/System/Library/PrivateFrameworks/IOAccelerator.framework/Versions/A/IOAccelerator
0x0000000001ebe000 	/System/Library/Frameworks/ApplicationServices.framework/Versions/A/Frameworks/ATS.framework/Versions/A/Resources/libFontParser.dylib
0x0000000001ebe000 	/System/Library/Frameworks/ApplicationServices.framework/Versions/A/Frameworks/ATS.framework/Versions/A/Resources/libFontRegistry.dylib
0x0000000001ebe000 	/System/Library/PrivateFrameworks/AppleVPA.framework/Versions/A/AppleVPA
0x0000000001ebe000 	/System/Library/PrivateFrameworks/AppleJPEG.framework/Versions/A/AppleJPEG
0x0000000001ebe000 	/System/Library/Frameworks/ImageIO.framework/Versions/A/Resources/libJPEG.dylib
0x0000000001ebe000 	/System/Library/Frameworks/ImageIO.framework/Versions/A/Resources/libTIFF.dylib
0x0000000001ebe000 	/System/Library/Frameworks/ImageIO.framework/Versions/A/Resources/libPng.dylib
0x0000000001ebe000 	/System/Library/Frameworks/ImageIO.framework/Versions/A/Resources/libGIF.dylib
0x0000000001ebe000 	/System/Library/Frameworks/ImageIO.framework/Versions/A/Resources/libJP2.dylib
0x0000000001ebe000 	/System/Library/Frameworks/ImageIO.framework/Versions/A/Resources/libRadiance.dylib
0x0000000001ebe000 	/System/Library/Frameworks/CoreVideo.framework/Versions/A/CoreVideo
0x0000000001ebe000 	/System/Library/Frameworks/OpenGL.framework/Versions/A/Libraries/libGLU.dylib
0x0000000001ebe000 	/System/Library/Frameworks/OpenGL.framework/Versions/A/Libraries/libGFXShared.dylib
0x0000000001ebe000 	/System/Library/Frameworks/OpenGL.framework/Versions/A/Libraries/libGL.dylib
0x0000000001ebe000 	/System/Library/Frameworks/OpenGL.framework/Versions/A/Libraries/libGLImage.dylib
0x0000000001ebe000 	/System/Library/Frameworks/OpenGL.framework/Versions/A/Libraries/libCVMSPluginSupport.dylib
0x0000000001ebe000 	/System/Library/Frameworks/OpenGL.framework/Versions/A/Libraries/libCoreVMClient.dylib
0x0000000001ebe000 	/usr/lib/libcompression.dylib
0x0000000001ebe000 	/usr/lib/libcups.2.dylib
0x0000000001ebe000 	/System/Library/Frameworks/Kerberos.framework/Versions/A/Kerberos
0x0000000001ebe000 	/System/Library/Frameworks/GSS.framework/Versions/A/GSS
0x0000000001ebe000 	/usr/lib/libresolv.9.dylib
0x0000000001ebe000 	/usr/lib/libiconv.2.dylib
0x0000000001ebe000 	/System/Library/PrivateFrameworks/Heimdal.framework/Versions/A/Heimdal
0x0000000001ebe000 	/usr/lib/libheimdal-asn1.dylib
0x0000000001ebe000 	/System/Library/Frameworks/OpenDirectory.framework/Versions/A/OpenDirectory
0x0000000001ebe000 	/System/Library/PrivateFrameworks/CommonAuth.framework/Versions/A/CommonAuth
0x0000000001ebe000 	/System/Library/Frameworks/OpenDirectory.framework/Versions/A/Frameworks/CFOpenDirectory.framework/Versions/A/CFOpenDirectory
0x0000000001ebe000 	/System/Library/Frameworks/SecurityFoundation.framework/Versions/A/SecurityFoundation
0x0000000001ebe000 	/System/Library/PrivateFrameworks/LanguageModeling.framework/Versions/A/LanguageModeling
0x0000000001ebe000 	/usr/lib/libmarisa.dylib
0x0000000001ebe000 	/usr/lib/libChineseTokenizer.dylib
0x0000000001ebe000 	/usr/lib/libcmph.dylib
0x0000000001ebe000 	/System/Library/Frameworks/ServiceManagement.framework/Versions/A/ServiceManagement
0x0000000001ebe000 	/usr/lib/libxslt.1.dylib
0x0000000001ebe000 	/System/Library/Frameworks/Carbon.framework/Versions/A/Frameworks/Ink.framework/Versions/A/Ink
0x0000000001ebe000 	/usr/lib/libFosl_dynamic.dylib
0x0000000001ebe000 	/System/Library/PrivateFrameworks/FaceCore.framework/Versions/A/FaceCore
0x0000000001ebe000 	/System/Library/Frameworks/OpenCL.framework/Versions/A/OpenCL
0x0000000001ebe000 	/System/Library/PrivateFrameworks/CrashReporterSupport.framework/Versions/A/CrashReporterSupport
0x0000000001ebe000 	/System/Library/PrivateFrameworks/IconServices.framework/Versions/A/IconServices
0x0000000001ebe000 	/System/Library/PrivateFrameworks/Apple80211.framework/Versions/A/Apple80211
0x0000000001ebe000 	/System/Library/Frameworks/CoreWLAN.framework/Versions/A/CoreWLAN
0x0000000001ebe000 	/System/Library/Frameworks/IOBluetooth.framework/Versions/A/IOBluetooth
0x0000000001ebe000 	/System/Library/PrivateFrameworks/CoreWiFi.framework/Versions/A/CoreWiFi
0x0000000001ebe000 	/System/Library/Frameworks/CoreBluetooth.framework/Versions/A/CoreBluetooth
0x0000000001ebe000 	/System/Library/PrivateFrameworks/ChunkingLibrary.framework/Versions/A/ChunkingLibrary
0x0000000001ebe000 	/System/Library/PrivateFrameworks/DebugSymbols.framework/Versions/A/DebugSymbols
0x0000000001ebe000 	/System/Library/PrivateFrameworks/CoreSymbolication.framework/Versions/A/CoreSymbolication
0x0000000001ebe000 	/System/Library/PrivateFrameworks/Symbolication.framework/Versions/A/Symbolication
0x0000000001ebe000 	/System/Library/PrivateFrameworks/SpeechRecognitionCore.framework/Versions/A/SpeechRecognitionCore
0x0000000101008000 	/Library/Java/JavaVirtualMachines/jdk1.8.0_112.jdk/Contents/Home/jre/lib/server/libjvm.dylib
0x0000000001ebe000 	/usr/lib/libstdc++.6.dylib
0x0000000101fae000 	/Library/Java/JavaVirtualMachines/jdk1.8.0_112.jdk/Contents/Home/jre/lib/libverify.dylib
0x0000000101fbc000 	/Library/Java/JavaVirtualMachines/jdk1.8.0_112.jdk/Contents/Home/jre/lib/libjava.dylib
0x0000000102800000 	/Library/Java/JavaVirtualMachines/jdk1.8.0_112.jdk/Contents/Home/jre/lib/libinstrument.dylib
0x0000000102854000 	/Library/Java/JavaVirtualMachines/jdk1.8.0_112.jdk/Contents/Home/jre/lib/libzip.dylib
0x0000000118197000 	/System/Library/Frameworks/JavaVM.framework/Frameworks/JavaRuntimeSupport.framework/JavaRuntimeSupport
0x00000001181b2000 	/System/Library/Frameworks/JavaVM.framework/Versions/A/Frameworks/JavaNativeFoundation.framework/Versions/A/JavaNativeFoundation
0x00000001181c7000 	/System/Library/Frameworks/JavaVM.framework/Versions/A/JavaVM
0x0000000001ebe000 	/System/Library/Frameworks/Carbon.framework/Versions/A/Carbon
0x00000001181d4000 	/System/Library/PrivateFrameworks/JavaLaunching.framework/Versions/A/JavaLaunching
0x0000000001ebe000 	/System/Library/Frameworks/Carbon.framework/Versions/A/Frameworks/CommonPanels.framework/Versions/A/CommonPanels
0x0000000001ebe000 	/System/Library/Frameworks/Carbon.framework/Versions/A/Frameworks/Help.framework/Versions/A/Help
0x0000000001ebe000 	/System/Library/Frameworks/Carbon.framework/Versions/A/Frameworks/ImageCapture.framework/Versions/A/ImageCapture
0x0000000001ebe000 	/System/Library/Frameworks/Carbon.framework/Versions/A/Frameworks/OpenScripting.framework/Versions/A/OpenScripting
0x0000000001ebe000 	/System/Library/Frameworks/Carbon.framework/Versions/A/Frameworks/Print.framework/Versions/A/Print
0x0000000001ebe000 	/System/Library/Frameworks/Carbon.framework/Versions/A/Frameworks/SecurityHI.framework/Versions/A/SecurityHI
0x0000000119c30000 	/Library/Java/JavaVirtualMachines/jdk1.8.0_112.jdk/Contents/Home/jre/lib/libnet.dylib
0x0000000119c8f000 	/Library/Java/JavaVirtualMachines/jdk1.8.0_112.jdk/Contents/Home/jre/lib/libawt.dylib
0x0000000119d37000 	/Library/Java/JavaVirtualMachines/jdk1.8.0_112.jdk/Contents/Home/jre/lib/./libmlib_image.dylib
0x0000000119e03000 	/Library/Java/JavaVirtualMachines/jdk1.8.0_112.jdk/Contents/Home/jre/lib/libawt_lwawt.dylib
0x0000000119eba000 	/Library/Java/JavaVirtualMachines/jdk1.8.0_112.jdk/Contents/Home/jre/lib/./libosxapp.dylib
0x0000000001ebe000 	/System/Library/Frameworks/ExceptionHandling.framework/Versions/A/ExceptionHandling
0x0000000001ebe000 	/System/Library/PrivateFrameworks/CoreServicesInternal.framework/Versions/A/CoreServicesInternal
0x0000000001ebe000 	/System/Library/Frameworks/CoreGraphics.framework/Versions/A/Resources/libRIP.A.dylib
0x0000000001ebe000 	/System/Library/Frameworks/Accelerate.framework/Versions/A/Frameworks/vImage.framework/Versions/A/Libraries/libCGInterfaces.dylib
0x0000000001ebe000 	/System/Library/Frameworks/CoreGraphics.framework/Versions/A/Resources/libCGXType.A.dylib
0x0000000001ebe000 	/System/Library/Frameworks/OpenCL.framework/Versions/A/Libraries/libcldcpuengine.dylib
0x0000000001ebe000 	/System/Library/PrivateFrameworks/DiskImages.framework/Versions/A/DiskImages
0x0000000001ebe000 	/System/Library/Frameworks/DiscRecording.framework/Versions/A/DiscRecording
0x0000000001ebe000 	/usr/lib/libcsfde.dylib
0x0000000001ebe000 	/usr/lib/libcurl.4.dylib
0x0000000001ebe000 	/System/Library/PrivateFrameworks/MediaKit.framework/Versions/A/MediaKit
0x0000000001ebe000 	/System/Library/PrivateFrameworks/ProtectedCloudStorage.framework/Versions/A/ProtectedCloudStorage
0x0000000001ebe000 	/usr/lib/libCoreStorage.dylib
0x0000000001ebe000 	/System/Library/PrivateFrameworks/EFILogin.framework/Versions/A/EFILogin
0x0000000001ebe000 	/usr/lib/libutil.dylib
0x0000000001ebe000 	/System/Library/PrivateFrameworks/FindMyDevice.framework/Versions/A/FindMyDevice
0x0000000001ebe000 	/System/Library/Frameworks/LDAP.framework/Versions/A/LDAP
0x0000000001ebe000 	/usr/lib/libsasl2.2.dylib
0x0000000001ebe000 	/System/Library/PrivateFrameworks/CoreDaemon.framework/Versions/B/CoreDaemon
0x0000000001ebe000 	/usr/lib/libcrypto.0.9.8.dylib
0x0000000001ebe000 	/System/Library/PrivateFrameworks/AppleSRP.framework/Versions/A/AppleSRP
0x0000000001ebe000 	/System/Library/PrivateFrameworks/TrustEvaluationAgent.framework/Versions/A/TrustEvaluationAgent
0x000000011befa000 	cl_kernels
0x0000000001ebe000 	/System/Library/Frameworks/OpenCL.framework/Versions/A/Libraries/ImageFormats/unorm8_bgra.dylib
0x0000000001ebe000 	/System/Library/Frameworks/OpenCL.framework/Versions/A/Libraries/ImageFormats/unorm8_rgba.dylib
0x0000000001ebe000 	/System/Library/PrivateFrameworks/FamilyControls.framework/Versions/A/FamilyControls
0x0000000001ebe000 	/System/Library/PrivateFrameworks/CommerceKit.framework/Versions/A/Frameworks/CommerceCore.framework/Versions/A/CommerceCore
0x0000000001ebe000 	/System/Library/PrivateFrameworks/SystemAdministration.framework/Versions/A/SystemAdministration
0x0000000001ebe000 	/System/Library/PrivateFrameworks/AppContainer.framework/Versions/A/AppContainer
0x0000000001ebe000 	/System/Library/PrivateFrameworks/SecCodeWrapper.framework/Versions/A/SecCodeWrapper
0x0000000001ebe000 	/System/Library/Frameworks/DirectoryService.framework/Versions/A/DirectoryService
0x0000000001ebe000 	/System/Library/PrivateFrameworks/LoginUIKit.framework/Versions/A/Frameworks/LoginUICore.framework/Versions/A/LoginUICore
0x0000000001ebe000 	/usr/lib/libodfde.dylib
0x000000011d048000 	/Library/Java/JavaVirtualMachines/jdk1.8.0_112.jdk/Contents/Home/jre/lib/libfontmanager.dylib
0x000000011d0af000 	/Users/peternabil/Desktop/Peter/College/College Material/SPRING'18/Programming 2/Hannibal/libs/liblwjgl.dylib
0x000000011b01c000 	/Library/Java/JavaVirtualMachines/jdk1.8.0_112.jdk/Contents/Home/jre/lib/libjawt.dylib
0x0000000001ebe000 	/System/Library/Frameworks/OpenGL.framework/Versions/A/Resources/GLEngine.bundle/GLEngine
0x0000000001ebe000 	/System/Library/Frameworks/OpenGL.framework/Versions/A/Libraries/libGLProgrammability.dylib
0x000000011d131000 	/System/Library/Extensions/AppleIntelBDWGraphicsGLDriver.bundle/Contents/MacOS/AppleIntelBDWGraphicsGLDriver
0x0000000001ebe000 	/System/Library/PrivateFrameworks/GPUSupport.framework/Versions/A/Libraries/libGPUSupportMercury.dylib
0x0000000001ebe000 	/System/Library/Frameworks/OpenGL.framework/Versions/A/Resources/GLRendererFloat.bundle/GLRendererFloat
0x000000011fef9000 	/Library/Java/JavaVirtualMachines/jdk1.8.0_112.jdk/Contents/Home/jre/lib/libosxui.dylib

VM Arguments:
jvm_args: -Djava.library.path=libs/ -javaagent:/Applications/IntelliJ IDEA CE.app/Contents/lib/idea_rt.jar=49216:/Applications/IntelliJ IDEA CE.app/Contents/bin -Dfile.encoding=UTF-8 
java_command: cse.Game
java_class_path (initial): /Library/Java/JavaVirtualMachines/jdk1.8.0_112.jdk/Contents/Home/jre/lib/charsets.jar:/Library/Java/JavaVirtualMachines/jdk1.8.0_112.jdk/Contents/Home/jre/lib/deploy.jar:/Library/Java/JavaVirtualMachines/jdk1.8.0_112.jdk/Contents/Home/jre/lib/ext/cldrdata.jar:/Library/Java/JavaVirtualMachines/jdk1.8.0_112.jdk/Contents/Home/jre/lib/ext/dnsns.jar:/Library/Java/JavaVirtualMachines/jdk1.8.0_112.jdk/Contents/Home/jre/lib/ext/jaccess.jar:/Library/Java/JavaVirtualMachines/jdk1.8.0_112.jdk/Contents/Home/jre/lib/ext/jfxrt.jar:/Library/Java/JavaVirtualMachines/jdk1.8.0_112.jdk/Contents/Home/jre/lib/ext/localedata.jar:/Library/Java/JavaVirtualMachines/jdk1.8.0_112.jdk/Contents/Home/jre/lib/ext/nashorn.jar:/Library/Java/JavaVirtualMachines/jdk1.8.0_112.jdk/Contents/Home/jre/lib/ext/sunec.jar:/Library/Java/JavaVirtualMachines/jdk1.8.0_112.jdk/Contents/Home/jre/lib/ext/sunjce_provider.jar:/Library/Java/JavaVirtualMachines/jdk1.8.0_112.jdk/Contents/Home/jre/lib/ext/sunpkcs11.jar:/Library/Java/JavaVirtualMachines/jdk1.8.0_112.jdk/Contents/Home/jre/lib/ext/zipfs.jar:/Library/Java/JavaVirtualMachines/jdk1.8.0_112.jdk/Contents/Home/jre/lib/javaws.jar:/Library/Java/JavaVirtualMachines/jdk1.8.0_112.jdk/Contents/Home/jre/lib/jce.jar:/Library/Java/JavaVirtualMachines/jdk1.8.0_112.jdk/Contents/Home/jre/lib/jfr.jar:/Library/Java/JavaVirtualMachines/jdk1.8.0_112.jdk/Contents/Home/jre/lib/jfxswt.jar:/Library/Java/JavaVirtualMachines/jdk1.8.0_112.jdk/Contents/Home/jre/lib/jsse.jar:/Library/Java/JavaVirtualMachines/jdk1.8.0_112.jdk/Contents/Home/jre/lib/management-agent.jar:/Library/Java/JavaVirtualMachines/jdk1.8.0_112.jdk/Contents/Home/jre/lib/plugin.jar:/Library/Java/JavaVirtualMachines/jdk1.8.0_112.jdk/Contents/Home/jre/lib/resources.jar:/Library/Java/JavaVirtualMachines/jdk1.8.0_112.jdk/Contents/Home/jre/lib/rt.jar:/Library/Java/JavaVirtualMachines/jdk1.8.0_112.jdk/Contents/Home/lib/ant-javafx.jar:/Library/Java/JavaVirtualMachines/jdk1.8.0_112.jdk/Contents/Home
Launcher Type: SUN_STANDARD

Environment Variables:
PATH=//anaconda/bin:/usr/local/bin:/usr/bin:/bin:/usr/sbin:/sbin
SHELL=/bin/bash

Signal Handlers:
SIGSEGV: [libjvm.dylib+0x5b11a5], sa_mask[0]=11111111011111110111111111111111, sa_flags=SA_ONSTACK|SA_RESTART|SA_SIGINFO
SIGBUS: [libjvm.dylib+0x5b11a5], sa_mask[0]=11111111011111110111111111111111, sa_flags=SA_RESTART|SA_SIGINFO
SIGFPE: [libjvm.dylib+0x487dc0], sa_mask[0]=11111111011111110111111111111111, sa_flags=SA_RESTART|SA_SIGINFO
SIGPIPE: [libjvm.dylib+0x487dc0], sa_mask[0]=11111111011111110111111111111111, sa_flags=SA_RESTART|SA_SIGINFO
SIGXFSZ: [libjvm.dylib+0x487dc0], sa_mask[0]=11111111011111110111111111111111, sa_flags=SA_RESTART|SA_SIGINFO
SIGILL: [libjvm.dylib+0x487dc0], sa_mask[0]=11111111011111110111111111111111, sa_flags=SA_RESTART|SA_SIGINFO
SIGUSR1: SIG_DFL, sa_mask[0]=00000000000000000000000000000000, sa_flags=none
SIGUSR2: [libjvm.dylib+0x4878de], sa_mask[0]=00100000000000000000000000000000, sa_flags=SA_RESTART|SA_SIGINFO
SIGHUP: [libjvm.dylib+0x485eb5], sa_mask[0]=11111111011111110111111111111111, sa_flags=SA_RESTART|SA_SIGINFO
SIGINT: [libjvm.dylib+0x485eb5], sa_mask[0]=11111111011111110111111111111111, sa_flags=SA_RESTART|SA_SIGINFO
SIGTERM: [libjvm.dylib+0x485eb5], sa_mask[0]=11111111011111110111111111111111, sa_flags=SA_RESTART|SA_SIGINFO
SIGQUIT: [libjvm.dylib+0x485eb5], sa_mask[0]=11111111011111110111111111111111, sa_flags=SA_RESTART|SA_SIGINFO


---------------  S Y S T E M  ---------------

OS:Bsduname:Darwin 15.6.0 Darwin Kernel Version 15.6.0: Thu Jun 23 18:25:34 PDT 2016; root:xnu-3248.60.10~1/RELEASE_X86_64 x86_64
rlimit: STACK 8192k, CORE 0k, NPROC 709, NOFILE 10240, AS infinity
load average:2.38 2.33 3.07

CPU:total 4 (2 cores per cpu, 2 threads per core) family 6 model 61 stepping 4, cmov, cx8, fxsr, mmx, sse, sse2, sse3, ssse3, sse4.1, sse4.2, popcnt, avx, avx2, aes, clmul, erms, 3dnowpref, lzcnt, ht, tsc, tscinvbit, bmi1, bmi2, adx

Memory: 4k page, physical 8388608k(1141124k free)

/proc/meminfo:


vm_info: Java HotSpot(TM) 64-Bit Server VM (25.112-b16) for bsd-amd64 JRE (1.8.0_112-b16), built on Sep 30 2016 22:41:41 by "java_re" with gcc 4.2.1 (Based on Apple Inc. build 5658) (LLVM build 2336.11.00)

time: Sat Mar 31 09:46:51 2018
elapsed time: 4 seconds (0d 0h 0m 4s)

