#
# A fatal error has been detected by the Java Runtime Environment:
#
#  SIGSEGV (0xb) at pc=0x00007fff9b4098e2, pid=30905, tid=0x0000000000000a0b
#
# JRE version: Java(TM) SE Runtime Environment (8.0_112-b16) (build 1.8.0_112-b16)
# Java VM: Java HotSpot(TM) 64-Bit Server VM (25.112-b16 mixed mode bsd-amd64 compressed oops)
# Problematic frame:
# C  [libGPUSupportMercury.dylib+0xa8e2]  gldAttachDrawable+0x60
#
# Failed to write core dump. Core dumps have been disabled. To enable core dumping, try "ulimit -c unlimited" before starting Java again
#
# If you would like to submit a bug report, please visit:
#   http://bugreport.java.com/bugreport/crash.jsp
# The crash happened outside the Java Virtual Machine in native code.
# See problematic frame for where to report the bug.
#

---------------  T H R E A D  ---------------

Current thread (0x00007fc699155000):  JavaThread "AppKit Thread" daemon [_thread_in_native, id=2571, stack(0x00007fff515dd000,0x00007fff51ddd000)]

siginfo: si_signo: 11 (SIGSEGV), si_code: 0 (unknown), si_addr: 0x0000000000000000

Registers:
RAX=0x8000000000000000, RBX=0x000000000000271e, RCX=0x0000000000000000, RDX=0x00007fc698cc79d8
RSP=0x00007fff51dd7860, RBP=0x00007fff51dd7960, RSI=0x0000000000000050, RDI=0xc400fe32fe8b18f6
R8 =0x00007fc69c009e60, R9 =0x00007fc69b800000, R10=0x000000000000003c, R11=0x0000000000000206
R12=0x0000000000002718, R13=0x00007fc6991be400, R14=0x0000000000000050, R15=0x0000000000000000
RIP=0x00007fff9b4098e2, EFLAGS=0x0000000000010212, ERR=0x0000000000000000
  TRAPNO=0x000000000000000d

Top of Stack: (sp=0x00007fff51dd7860)
0x00007fff51dd7860:   000000000001abfb 00000000000008f5
0x00007fff51dd7870:   00007fff51dd78b0 00007fff93337633
0x00007fff51dd7880:   0000000000000000 4036000000000000
0x00007fff51dd7890:   4089000000000000 8000000000000000
0x00007fff51dd78a0:   2fcb2ae90001abfb 000000002fcb2ae9
0x00007fff51dd78b0:   00007fff51dd79a0 00007fff933469af
0x00007fff51dd78c0:   0000000000000000 4036000000000000
0x00007fff51dd78d0:   4089000000000000 4089000000000000
0x00007fff51dd78e0:   7ff0000000000000 7ff0000000000000
0x00007fff51dd78f0:   0000000000000000 0000000000000000
0x00007fff51dd7900:   00000000000008f5 00007fc698c49d60
0x00007fff51dd7910:   7ff0000000000000 7ff0000000000000
0x00007fff51dd7920:   00007fff51dd7950 00007fff932a4ae2
0x00007fff51dd7930:   c400fe32fe8b18f6 00007fc69c000000
0x00007fff51dd7940:   0000000000002718 0000000000000000
0x00007fff51dd7950:   0000000000000050 0000000000000000
0x00007fff51dd7960:   00007fff51dd79c0 00007fff99a21553
0x00007fff51dd7970:   4096800000000000 0000000000000000
0x00007fff51dd7980:   00007fc69c009e60 000000000001abfb
0x00007fff51dd7990:   00007fc698cc79d8 00007fc698d62750
0x00007fff51dd79a0:   0000000000000000 00007fc69a214950
0x00007fff51dd79b0:   00007fc69a212a00 c400fe32fe8b18f6
0x00007fff51dd79c0:   00007fff51dd7ab0 00007fff9b3f384c
0x00007fff51dd79d0:   408c200000000000 4074000000000000
0x00007fff51dd79e0:   4037000000000000 4089000000000000
0x00007fff51dd79f0:   4089b00000000000 0000000000000000
0x00007fff51dd7a00:   4036000000000000 4089000000000000
0x00007fff51dd7a10:   4089000000000000 0000000000000000
0x00007fff51dd7a20:   0000000000000000 0000000000000001
0x00007fff51dd7a30:   00007fc698cc79d8 0000000000000001
0x00007fff51dd7a40:   00007fff51dd7ab0 00007fff9b3f85e2
0x00007fff51dd7a50:   0000000000000003 0000000100000001 

Instructions: (pc=0x00007fff9b4098e2)
0x00007fff9b4098c2:   48 85 d2 b8 01 00 00 00 bb 15 27 00 00 0f 44 d8
0x00007fff9b4098d2:   e9 29 03 00 00 49 8b 45 08 48 89 85 38 ff ff ff
0x00007fff9b4098e2:   48 8b 00 48 89 85 30 ff ff ff 83 fe 4f 0f 8f 03
0x00007fff9b4098f2:   01 00 00 48 89 d0 bb 15 27 00 00 83 fe 35 0f 84 

Register to memory mapping:

RAX=0x8000000000000000 is an unknown value
RBX=0x000000000000271e is an unknown value
RCX=0x0000000000000000 is an unknown value
RDX=0x00007fc698cc79d8 is an unknown value
RSP=0x00007fff51dd7860 is pointing into the stack for thread: 0x00007fc699155000
RBP=0x00007fff51dd7960 is pointing into the stack for thread: 0x00007fc699155000
RSI=0x0000000000000050 is an unknown value
RDI=0xc400fe32fe8b18f6 is an unknown value
R8 =0x00007fc69c009e60 is an unknown value
R9 =0x00007fc69b800000 is an unknown value
R10=0x000000000000003c is an unknown value
R11=0x0000000000000206 is an unknown value
R12=0x0000000000002718 is an unknown value
R13=0x00007fc6991be400 is an unknown value
R14=0x0000000000000050 is an unknown value
R15=0x0000000000000000 is an unknown value


Stack: [0x00007fff515dd000,0x00007fff51ddd000],  sp=0x00007fff51dd7860,  free space=8170k
Native frames: (J=compiled Java code, j=interpreted, Vv=VM code, C=native code)
C  [libGPUSupportMercury.dylib+0xa8e2]  gldAttachDrawable+0x60
C  [GLEngine+0x16553]  gliAttachDrawableWithOptions+0x108
C  [OpenGL+0x384c]  glcGetIOAccelService+0xe35
C  [OpenGL+0x7378]  CGLSetPBuffer+0xb38
C  [OpenGL+0x769d]  CGLSetSurface+0x124
C  [AppKit+0x358ea8]  NSOpenGLContextAttachOnScreenViewSurface+0x109
C  [AppKit+0x6856c7]  __27-[NSOpenGLContext setView:]_block_invoke+0xc0
C  [AppKit+0x183325]  NSPerformVisuallyAtomicChange+0x93
C  [AppKit+0x345c0d]  -[NSOpenGLContext setView:]+0x77
C  [liblwjgl.dylib+0xa586]  -[MacOSXOpenGLView lockFocus]+0x76
C  [AppKit+0x1a8797]  -[NSView _recursiveDisplayRectIfNeededIgnoringOpacity:isVisibleRect:rectIsVisibleRectForView:topView:]+0x6e2
C  [AppKit+0x1a9785]  -[NSView _recursiveDisplayRectIfNeededIgnoringOpacity:isVisibleRect:rectIsVisibleRectForView:topView:]+0x16d0
C  [AppKit+0x1a7be0]  -[NSThemeFrame _recursiveDisplayRectIfNeededIgnoringOpacity:isVisibleRect:rectIsVisibleRectForView:topView:]+0x14e
C  [AppKit+0x1a5feb]  -[NSView _displayRectIgnoringOpacity:isVisibleRect:rectIsVisibleRectForView:]+0x991
C  [AppKit+0x1a13f5]  -[NSView displayIfNeeded]+0x79e
C  [AppKit+0x1a0c3c]  -[NSWindow displayIfNeeded]+0xe8
C  [AppKit+0x82541b]  ___NSWindowGetDisplayCycleObserver_block_invoke6365+0x1dc
C  [AppKit+0x1a05d6]  __37+[NSDisplayCycle currentDisplayCycle]_block_invoke+0x3ad
C  [QuartzCore+0x10f71]  _ZN2CA11Transaction19run_commit_handlersE18CATransactionPhase+0x55
C  [QuartzCore+0x1042c]  _ZN2CA7Context18commit_transactionEPNS_11TransactionE+0xa0
C  [QuartzCore+0x100ec]  _ZN2CA11Transaction6commitEv+0x1fc
C  [QuartzCore+0x1b977]  _ZN2CA11Transaction17observer_callbackEP19__CFRunLoopObservermPv+0x47
C  [CoreFoundation+0xaa067]  __CFRUNLOOP_IS_CALLING_OUT_TO_AN_OBSERVER_CALLBACK_FUNCTION__+0x17
C  [CoreFoundation+0xa9fd7]  __CFRunLoopDoObservers+0x187
C  [CoreFoundation+0x88ef8]  CFRunLoopRunSpecific+0x148
C  [HIToolbox+0x30935]  RunCurrentEventLoopInMode+0xeb
C  [HIToolbox+0x30677]  ReceiveNextEventCommon+0xb8
C  [HIToolbox+0x305af]  _BlockUntilNextEventMatchingListInModeWithFilter+0x47
C  [AppKit+0x48df6]  _DPSNextEvent+0x42b
C  [AppKit+0x48226]  -[NSApplication _nextEventMatchingEventMask:untilDate:inMode:dequeue:]+0x1c6
C  [libosxapp.dylib+0x23aa]  -[NSApplicationAWT nextEventMatchingMask:untilDate:inMode:dequeue:]+0x7c
C  [AppKit+0x3cd80]  -[NSApplication run]+0x2aa
C  [libosxapp.dylib+0x214d]  +[NSApplicationAWT runAWTLoopWithApp:]+0x9c
C  [libawt_lwawt.dylib+0x4615f]  -[AWTStarter starter:]+0x389
C  [Foundation+0x76fde]  __NSThreadPerformPerform+0x117
C  [CoreFoundation+0xaa881]  __CFRUNLOOP_IS_CALLING_OUT_TO_A_SOURCE0_PERFORM_FUNCTION__+0x11
C  [CoreFoundation+0x89fbc]  __CFRunLoopDoSources0+0x22c
C  [CoreFoundation+0x894df]  __CFRunLoopRun+0x39f
C  [CoreFoundation+0x88ed8]  CFRunLoopRunSpecific+0x128
C  [java+0x6465]  CreateExecutionEnvironment+0x367
C  [java+0x218c]  JLI_Launch+0x7a0
C  [java+0x84c2]  main+0x65
C  [java+0x19e4]  start+0x34
C  0x0000000000000007


---------------  P R O C E S S  ---------------

Java Threads: ( => current thread )
  0x00007fc69a90c000 JavaThread "AWT-Shutdown" [_thread_blocked, id=30227, stack(0x0000700001253000,0x0000700001353000)]
=>0x00007fc699155000 JavaThread "AppKit Thread" daemon [_thread_in_native, id=2571, stack(0x00007fff515dd000,0x00007fff51ddd000)]
  0x00007fc699848800 JavaThread "Service Thread" daemon [_thread_blocked, id=19203, stack(0x0000700000f47000,0x0000700001047000)]
  0x00007fc69a838000 JavaThread "C1 CompilerThread2" daemon [_thread_blocked, id=18691, stack(0x0000700000e44000,0x0000700000f44000)]
  0x00007fc69a001800 JavaThread "C2 CompilerThread1" daemon [_thread_blocked, id=18179, stack(0x0000700000d41000,0x0000700000e41000)]
  0x00007fc699848000 JavaThread "C2 CompilerThread0" daemon [_thread_blocked, id=17667, stack(0x0000700000c3e000,0x0000700000d3e000)]
  0x00007fc69a824800 JavaThread "Monitor Ctrl-Break" daemon [_thread_in_native, id=17155, stack(0x0000700000b3b000,0x0000700000c3b000)]
  0x00007fc69a823800 JavaThread "Signal Dispatcher" daemon [_thread_blocked, id=12815, stack(0x0000700000a38000,0x0000700000b38000)]
  0x00007fc69904f800 JavaThread "Finalizer" daemon [_thread_blocked, id=12291, stack(0x000070000082f000,0x000070000092f000)]
  0x00007fc69904f000 JavaThread "Reference Handler" daemon [_thread_blocked, id=11779, stack(0x000070000072c000,0x000070000082c000)]
  0x00007fc69a801800 JavaThread "main" [_thread_in_native, id=5891, stack(0x000070000011a000,0x000070000021a000)]

Other Threads:
  0x00007fc69980e000 VMThread [stack: 0x0000700000629000,0x0000700000729000] [id=11267]
  0x00007fc69a801000 WatcherThread [stack: 0x000070000104a000,0x000070000114a000] [id=19715]

VM state:not at safepoint (normal execution)

VM Mutex/Monitor currently owned by a thread: None

Heap:
 PSYoungGen      total 38400K, used 16770K [0x0000000795580000, 0x0000000798000000, 0x00000007c0000000)
  eden space 33280K, 50% used [0x0000000795580000,0x00000007965e0ab8,0x0000000797600000)
  from space 5120K, 0% used [0x0000000797b00000,0x0000000797b00000,0x0000000798000000)
  to   space 5120K, 0% used [0x0000000797600000,0x0000000797600000,0x0000000797b00000)
 ParOldGen       total 87552K, used 0K [0x0000000740000000, 0x0000000745580000, 0x0000000795580000)
  object space 87552K, 0% used [0x0000000740000000,0x0000000740000000,0x0000000745580000)
 Metaspace       used 7419K, capacity 7607K, committed 7808K, reserved 1056768K
  class space    used 752K, capacity 824K, committed 896K, reserved 1048576K

Card table byte_map: [0x000000011ed62000,0x000000011f163000] byte_map_base: 0x000000011b362000

Marking Bits: (ParMarkBitMap*) 0x000000010f2f0d30
 Begin Bits: [0x000000011f40e000, 0x000000012140e000)
 End Bits:   [0x000000012140e000, 0x000000012340e000)

Polling page: 0x000000010e0e6000

CodeCache: size=245760Kb used=2945Kb max_used=2954Kb free=242814Kb
 bounds [0x000000010f9a2000, 0x000000010fc92000, 0x000000011e9a2000]
 total_blobs=1114 nmethods=715 adapters=313
 compilation: enabled

Compilation events (10 events):
Event: 3.256 Thread 0x00007fc69a838000  712       1       java.nio.HeapByteBuffer::_get (7 bytes)
Event: 3.256 Thread 0x00007fc69a838000 nmethod 712 0x000000010fc769d0 code [0x000000010fc76b20, 0x000000010fc76c50]
Event: 3.256 Thread 0x00007fc69a838000  711       3       java.nio.Buffer::nextGetIndex (38 bytes)
Event: 3.257 Thread 0x00007fc69a838000 nmethod 711 0x000000010fc790d0 code [0x000000010fc79240, 0x000000010fc79468]
Event: 3.360 Thread 0x00007fc699848000  713       4       java.nio.DirectIntBufferU::get (16 bytes)
Event: 3.361 Thread 0x00007fc699848000 nmethod 713 0x000000010fc79a50 code [0x000000010fc79ba0, 0x000000010fc79c58]
Event: 3.406 Thread 0x00007fc69a838000  714       3       java.util.HashSet::isEmpty (8 bytes)
Event: 3.406 Thread 0x00007fc69a838000 nmethod 714 0x000000010fc78c10 code [0x000000010fc78d80, 0x000000010fc79010]
Event: 3.406 Thread 0x00007fc69a838000  715       3       java.util.HashMap::isEmpty (13 bytes)
Event: 3.406 Thread 0x00007fc69a838000 nmethod 715 0x000000010fc78890 code [0x000000010fc78a00, 0x000000010fc78bb0]

GC Heap History (0 events):
No events

Deoptimization events (2 events):
Event: 0.519 Thread 0x00007fc69a801800 Uncommon trap: reason=unstable_if action=reinterpret pc=0x000000010fb28478 method=java.lang.String.indexOf([CII[CIII)I @ 134
Event: 0.737 Thread 0x00007fc69a801800 Uncommon trap: reason=unstable_if action=reinterpret pc=0x000000010fb3775c method=java.lang.String.replace(CC)Ljava/lang/String; @ 26

Internal exceptions (10 events):
Event: 0.045 Thread 0x00007fc69a801800 Exception <a 'java/lang/NoSuchMethodError': Method sun.misc.Unsafe.prefetchRead(Ljava/lang/Object;J)V name or signature does not match> (0x0000000795587f60) thrown at [/Users/java_re/workspace/8-2-build-macosx-x86_64/jdk8u112/7935/hotspot/src/share/vm/pri
Event: 0.307 Thread 0x00007fc69a801800 Exception <a 'java/security/PrivilegedActionException'> (0x00000007959b31e8) thrown at [/Users/java_re/workspace/8-2-build-macosx-x86_64/jdk8u112/7935/hotspot/src/share/vm/prims/jvm.cpp, line 1390]
Event: 0.307 Thread 0x00007fc69a801800 Exception <a 'java/security/PrivilegedActionException'> (0x00000007959b33f8) thrown at [/Users/java_re/workspace/8-2-build-macosx-x86_64/jdk8u112/7935/hotspot/src/share/vm/prims/jvm.cpp, line 1390]
Event: 0.307 Thread 0x00007fc69a801800 Exception <a 'java/security/PrivilegedActionException'> (0x00000007959b68e8) thrown at [/Users/java_re/workspace/8-2-build-macosx-x86_64/jdk8u112/7935/hotspot/src/share/vm/prims/jvm.cpp, line 1390]
Event: 0.307 Thread 0x00007fc69a801800 Exception <a 'java/security/PrivilegedActionException'> (0x00000007959b6af8) thrown at [/Users/java_re/workspace/8-2-build-macosx-x86_64/jdk8u112/7935/hotspot/src/share/vm/prims/jvm.cpp, line 1390]
Event: 0.471 Thread 0x00007fc69a801800 Exception <a 'java/lang/NoSuchFieldError': method resolution failed> (0x0000000795aeb118) thrown at [/Users/java_re/workspace/8-2-build-macosx-x86_64/jdk8u112/7935/hotspot/src/share/vm/prims/methodHandles.cpp, line 1146]
Event: 0.473 Thread 0x00007fc69a801800 Exception <a 'java/lang/NoSuchFieldError': method resolution failed> (0x0000000795af9108) thrown at [/Users/java_re/workspace/8-2-build-macosx-x86_64/jdk8u112/7935/hotspot/src/share/vm/prims/methodHandles.cpp, line 1146]
Event: 0.695 Thread 0x00007fc69a801800 Exception <a 'java/io/FileNotFoundException'> (0x0000000795b9b848) thrown at [/Users/java_re/workspace/8-2-build-macosx-x86_64/jdk8u112/7935/hotspot/src/share/vm/prims/jni.cpp, line 709]
Event: 0.695 Thread 0x00007fc69a801800 Exception <a 'java/io/FileNotFoundException'> (0x0000000795b9c3d0) thrown at [/Users/java_re/workspace/8-2-build-macosx-x86_64/jdk8u112/7935/hotspot/src/share/vm/prims/jni.cpp, line 709]
Event: 1.109 Thread 0x00007fc69a801800 Exception <a 'java/lang/NoClassDefFoundError': net/java/games/input/ControllerEnvironment> (0x000000079620cd38) thrown at [/Users/java_re/workspace/8-2-build-macosx-x86_64/jdk8u112/7935/hotspot/src/share/vm/classfile/systemDictionary.cpp, line 199]

Events (10 events):
Event: 1.404 loading class org/newdawn/slick/state/transition/EmptyTransition
Event: 1.404 loading class org/newdawn/slick/state/transition/EmptyTransition done
Event: 1.405 loading class java/util/HashMap$KeySet
Event: 1.405 loading class java/util/HashMap$KeySet done
Event: 1.405 loading class java/util/HashMap$KeyIterator
Event: 1.405 loading class java/util/HashMap$KeyIterator done
Event: 1.405 loading class org/newdawn/slick/Music
Event: 1.405 loading class org/newdawn/slick/Music done
Event: 1.410 loading class org/newdawn/slick/AngelCodeFont$DisplayList
Event: 1.410 loading class org/newdawn/slick/AngelCodeFont$DisplayList done


Dynamic libraries:
0x000000000a639000 	/System/Library/Frameworks/Cocoa.framework/Versions/A/Cocoa
0x000000000a639000 	/System/Library/Frameworks/Security.framework/Versions/A/Security
0x000000000a639000 	/System/Library/Frameworks/ApplicationServices.framework/Versions/A/ApplicationServices
0x000000000a639000 	/usr/lib/libz.1.dylib
0x000000000a639000 	/usr/lib/libSystem.B.dylib
0x000000000a639000 	/usr/lib/libobjc.A.dylib
0x000000000a639000 	/System/Library/Frameworks/CoreFoundation.framework/Versions/A/CoreFoundation
0x000000000a639000 	/System/Library/Frameworks/Foundation.framework/Versions/C/Foundation
0x000000000a639000 	/System/Library/Frameworks/AppKit.framework/Versions/C/AppKit
0x000000000a639000 	/System/Library/Frameworks/CoreData.framework/Versions/A/CoreData
0x000000000a639000 	/System/Library/PrivateFrameworks/RemoteViewServices.framework/Versions/A/RemoteViewServices
0x000000000a639000 	/System/Library/PrivateFrameworks/UIFoundation.framework/Versions/A/UIFoundation
0x000000000a639000 	/usr/lib/libScreenReader.dylib
0x000000000a639000 	/System/Library/Frameworks/Accelerate.framework/Versions/A/Accelerate
0x000000000a639000 	/System/Library/Frameworks/IOSurface.framework/Versions/A/IOSurface
0x000000000a639000 	/System/Library/Frameworks/AudioToolbox.framework/Versions/A/AudioToolbox
0x000000000a639000 	/System/Library/Frameworks/AudioUnit.framework/Versions/A/AudioUnit
0x000000000a639000 	/System/Library/PrivateFrameworks/DataDetectorsCore.framework/Versions/A/DataDetectorsCore
0x000000000a639000 	/System/Library/PrivateFrameworks/DesktopServicesPriv.framework/Versions/A/DesktopServicesPriv
0x000000000a639000 	/System/Library/Frameworks/Carbon.framework/Versions/A/Frameworks/HIToolbox.framework/Versions/A/HIToolbox
0x000000000a639000 	/System/Library/Frameworks/QuartzCore.framework/Versions/A/QuartzCore
0x000000000a639000 	/System/Library/Frameworks/Carbon.framework/Versions/A/Frameworks/SpeechRecognition.framework/Versions/A/SpeechRecognition
0x000000000a639000 	/usr/lib/libauto.dylib
0x000000000a639000 	/usr/lib/libicucore.A.dylib
0x000000000a639000 	/usr/lib/libxml2.2.dylib
0x000000000a639000 	/System/Library/PrivateFrameworks/CoreUI.framework/Versions/A/CoreUI
0x000000000a639000 	/System/Library/Frameworks/CoreAudio.framework/Versions/A/CoreAudio
0x000000000a639000 	/System/Library/Frameworks/DiskArbitration.framework/Versions/A/DiskArbitration
0x000000000a639000 	/usr/lib/liblangid.dylib
0x000000000a639000 	/System/Library/PrivateFrameworks/MultitouchSupport.framework/Versions/A/MultitouchSupport
0x000000000a639000 	/System/Library/Frameworks/IOKit.framework/Versions/A/IOKit
0x000000000a639000 	/usr/lib/libDiagnosticMessagesClient.dylib
0x000000000a639000 	/System/Library/Frameworks/CoreServices.framework/Versions/A/CoreServices
0x000000000a639000 	/System/Library/PrivateFrameworks/PerformanceAnalysis.framework/Versions/A/PerformanceAnalysis
0x000000000a639000 	/System/Library/PrivateFrameworks/GenerationalStorage.framework/Versions/A/GenerationalStorage
0x000000000a639000 	/System/Library/Frameworks/OpenGL.framework/Versions/A/OpenGL
0x000000000a639000 	/System/Library/PrivateFrameworks/Sharing.framework/Versions/A/Sharing
0x000000000a639000 	/System/Library/Frameworks/CoreGraphics.framework/Versions/A/CoreGraphics
0x000000000a639000 	/System/Library/Frameworks/CoreImage.framework/Versions/A/CoreImage
0x000000000a639000 	/System/Library/Frameworks/CoreText.framework/Versions/A/CoreText
0x000000000a639000 	/System/Library/Frameworks/ImageIO.framework/Versions/A/ImageIO
0x000000000a639000 	/System/Library/PrivateFrameworks/Backup.framework/Versions/A/Backup
0x000000000a639000 	/usr/lib/libextension.dylib
0x000000000a639000 	/usr/lib/libarchive.2.dylib
0x000000000a639000 	/System/Library/Frameworks/CFNetwork.framework/Versions/A/CFNetwork
0x000000000a639000 	/System/Library/Frameworks/SystemConfiguration.framework/Versions/A/SystemConfiguration
0x000000000a639000 	/usr/lib/libCRFSuite.dylib
0x000000000a639000 	/usr/lib/libc++.1.dylib
0x000000000a639000 	/usr/lib/libc++abi.dylib
0x000000000a639000 	/usr/lib/system/libcache.dylib
0x000000000a639000 	/usr/lib/system/libcommonCrypto.dylib
0x000000000a639000 	/usr/lib/system/libcompiler_rt.dylib
0x000000000a639000 	/usr/lib/system/libcopyfile.dylib
0x000000000a639000 	/usr/lib/system/libcorecrypto.dylib
0x000000000a639000 	/usr/lib/system/libdispatch.dylib
0x000000000a639000 	/usr/lib/system/libdyld.dylib
0x000000000a639000 	/usr/lib/system/libkeymgr.dylib
0x000000000a639000 	/usr/lib/system/liblaunch.dylib
0x000000000a639000 	/usr/lib/system/libmacho.dylib
0x000000000a639000 	/usr/lib/system/libquarantine.dylib
0x000000000a639000 	/usr/lib/system/libremovefile.dylib
0x000000000a639000 	/usr/lib/system/libsystem_asl.dylib
0x000000000a639000 	/usr/lib/system/libsystem_blocks.dylib
0x000000000a639000 	/usr/lib/system/libsystem_c.dylib
0x000000000a639000 	/usr/lib/system/libsystem_configuration.dylib
0x000000000a639000 	/usr/lib/system/libsystem_coreservices.dylib
0x000000000a639000 	/usr/lib/system/libsystem_coretls.dylib
0x000000000a639000 	/usr/lib/system/libsystem_dnssd.dylib
0x000000000a639000 	/usr/lib/system/libsystem_info.dylib
0x000000000a639000 	/usr/lib/system/libsystem_kernel.dylib
0x000000000a639000 	/usr/lib/system/libsystem_m.dylib
0x000000000a639000 	/usr/lib/system/libsystem_malloc.dylib
0x000000000a639000 	/usr/lib/system/libsystem_network.dylib
0x000000000a639000 	/usr/lib/system/libsystem_networkextension.dylib
0x000000000a639000 	/usr/lib/system/libsystem_notify.dylib
0x000000000a639000 	/usr/lib/system/libsystem_platform.dylib
0x000000000a639000 	/usr/lib/system/libsystem_pthread.dylib
0x000000000a639000 	/usr/lib/system/libsystem_sandbox.dylib
0x000000000a639000 	/usr/lib/system/libsystem_secinit.dylib
0x000000000a639000 	/usr/lib/system/libsystem_trace.dylib
0x000000000a639000 	/usr/lib/system/libunc.dylib
0x000000000a639000 	/usr/lib/system/libunwind.dylib
0x000000000a639000 	/usr/lib/system/libxpc.dylib
0x000000000a639000 	/usr/lib/libenergytrace.dylib
0x000000000a639000 	/usr/lib/libbsm.0.dylib
0x000000000a639000 	/usr/lib/system/libkxld.dylib
0x000000000a639000 	/usr/lib/libxar.1.dylib
0x000000000a639000 	/usr/lib/libsqlite3.dylib
0x000000000a639000 	/usr/lib/libpam.2.dylib
0x000000000a639000 	/usr/lib/libOpenScriptingUtil.dylib
0x000000000a639000 	/usr/lib/libbz2.1.0.dylib
0x000000000a639000 	/usr/lib/liblzma.5.dylib
0x000000000a639000 	/System/Library/Frameworks/CoreServices.framework/Versions/A/Frameworks/FSEvents.framework/Versions/A/FSEvents
0x000000000a639000 	/System/Library/Frameworks/CoreServices.framework/Versions/A/Frameworks/CarbonCore.framework/Versions/A/CarbonCore
0x000000000a639000 	/System/Library/Frameworks/CoreServices.framework/Versions/A/Frameworks/Metadata.framework/Versions/A/Metadata
0x000000000a639000 	/System/Library/Frameworks/CoreServices.framework/Versions/A/Frameworks/OSServices.framework/Versions/A/OSServices
0x000000000a639000 	/System/Library/Frameworks/CoreServices.framework/Versions/A/Frameworks/SearchKit.framework/Versions/A/SearchKit
0x000000000a639000 	/System/Library/Frameworks/CoreServices.framework/Versions/A/Frameworks/AE.framework/Versions/A/AE
0x000000000a639000 	/System/Library/Frameworks/CoreServices.framework/Versions/A/Frameworks/LaunchServices.framework/Versions/A/LaunchServices
0x000000000a639000 	/System/Library/Frameworks/CoreServices.framework/Versions/A/Frameworks/DictionaryServices.framework/Versions/A/DictionaryServices
0x000000000a639000 	/System/Library/Frameworks/CoreServices.framework/Versions/A/Frameworks/SharedFileList.framework/Versions/A/SharedFileList
0x000000000a639000 	/System/Library/Frameworks/NetFS.framework/Versions/A/NetFS
0x000000000a639000 	/System/Library/PrivateFrameworks/NetAuth.framework/Versions/A/NetAuth
0x000000000a639000 	/System/Library/PrivateFrameworks/login.framework/Versions/A/Frameworks/loginsupport.framework/Versions/A/loginsupport
0x000000000a639000 	/System/Library/PrivateFrameworks/TCC.framework/Versions/A/TCC
0x000000000a639000 	/usr/lib/libmecabra.dylib
0x000000000a639000 	/System/Library/Frameworks/ApplicationServices.framework/Versions/A/Frameworks/ATS.framework/Versions/A/ATS
0x000000000a639000 	/System/Library/Frameworks/ApplicationServices.framework/Versions/A/Frameworks/ColorSync.framework/Versions/A/ColorSync
0x000000000a639000 	/System/Library/Frameworks/ApplicationServices.framework/Versions/A/Frameworks/HIServices.framework/Versions/A/HIServices
0x000000000a639000 	/System/Library/Frameworks/ApplicationServices.framework/Versions/A/Frameworks/LangAnalysis.framework/Versions/A/LangAnalysis
0x000000000a639000 	/System/Library/Frameworks/ApplicationServices.framework/Versions/A/Frameworks/PrintCore.framework/Versions/A/PrintCore
0x000000000a639000 	/System/Library/Frameworks/ApplicationServices.framework/Versions/A/Frameworks/QD.framework/Versions/A/QD
0x000000000a639000 	/System/Library/Frameworks/ApplicationServices.framework/Versions/A/Frameworks/SpeechSynthesis.framework/Versions/A/SpeechSynthesis
0x000000000a639000 	/System/Library/Frameworks/Metal.framework/Versions/A/Metal
0x000000000a639000 	/System/Library/Frameworks/Accelerate.framework/Versions/A/Frameworks/vImage.framework/Versions/A/vImage
0x000000000a639000 	/System/Library/Frameworks/Accelerate.framework/Versions/A/Frameworks/vecLib.framework/Versions/A/vecLib
0x000000000a639000 	/System/Library/Frameworks/Accelerate.framework/Versions/A/Frameworks/vecLib.framework/Versions/A/libvDSP.dylib
0x000000000a639000 	/System/Library/Frameworks/Accelerate.framework/Versions/A/Frameworks/vecLib.framework/Versions/A/libvMisc.dylib
0x000000000a639000 	/System/Library/Frameworks/Accelerate.framework/Versions/A/Frameworks/vecLib.framework/Versions/A/libLAPACK.dylib
0x000000000a639000 	/System/Library/Frameworks/Accelerate.framework/Versions/A/Frameworks/vecLib.framework/Versions/A/libBLAS.dylib
0x000000000a639000 	/System/Library/Frameworks/Accelerate.framework/Versions/A/Frameworks/vecLib.framework/Versions/A/libLinearAlgebra.dylib
0x000000000a639000 	/System/Library/Frameworks/Accelerate.framework/Versions/A/Frameworks/vecLib.framework/Versions/A/libSparseBLAS.dylib
0x000000000a639000 	/System/Library/PrivateFrameworks/GPUCompiler.framework/libmetal_timestamp.dylib
0x000000000a639000 	/System/Library/Frameworks/OpenGL.framework/Versions/A/Libraries/libCoreFSCache.dylib
0x000000000a639000 	/System/Library/PrivateFrameworks/IOAccelerator.framework/Versions/A/IOAccelerator
0x000000000a639000 	/System/Library/Frameworks/ApplicationServices.framework/Versions/A/Frameworks/ATS.framework/Versions/A/Resources/libFontParser.dylib
0x000000000a639000 	/System/Library/Frameworks/ApplicationServices.framework/Versions/A/Frameworks/ATS.framework/Versions/A/Resources/libFontRegistry.dylib
0x000000000a639000 	/System/Library/PrivateFrameworks/AppleVPA.framework/Versions/A/AppleVPA
0x000000000a639000 	/System/Library/PrivateFrameworks/AppleJPEG.framework/Versions/A/AppleJPEG
0x000000000a639000 	/System/Library/Frameworks/ImageIO.framework/Versions/A/Resources/libJPEG.dylib
0x000000000a639000 	/System/Library/Frameworks/ImageIO.framework/Versions/A/Resources/libTIFF.dylib
0x000000000a639000 	/System/Library/Frameworks/ImageIO.framework/Versions/A/Resources/libPng.dylib
0x000000000a639000 	/System/Library/Frameworks/ImageIO.framework/Versions/A/Resources/libGIF.dylib
0x000000000a639000 	/System/Library/Frameworks/ImageIO.framework/Versions/A/Resources/libJP2.dylib
0x000000000a639000 	/System/Library/Frameworks/ImageIO.framework/Versions/A/Resources/libRadiance.dylib
0x000000000a639000 	/System/Library/Frameworks/CoreVideo.framework/Versions/A/CoreVideo
0x000000000a639000 	/System/Library/Frameworks/OpenGL.framework/Versions/A/Libraries/libGLU.dylib
0x000000000a639000 	/System/Library/Frameworks/OpenGL.framework/Versions/A/Libraries/libGFXShared.dylib
0x000000000a639000 	/System/Library/Frameworks/OpenGL.framework/Versions/A/Libraries/libGL.dylib
0x000000000a639000 	/System/Library/Frameworks/OpenGL.framework/Versions/A/Libraries/libGLImage.dylib
0x000000000a639000 	/System/Library/Frameworks/OpenGL.framework/Versions/A/Libraries/libCVMSPluginSupport.dylib
0x000000000a639000 	/System/Library/Frameworks/OpenGL.framework/Versions/A/Libraries/libCoreVMClient.dylib
0x000000000a639000 	/usr/lib/libcompression.dylib
0x000000000a639000 	/usr/lib/libcups.2.dylib
0x000000000a639000 	/System/Library/Frameworks/Kerberos.framework/Versions/A/Kerberos
0x000000000a639000 	/System/Library/Frameworks/GSS.framework/Versions/A/GSS
0x000000000a639000 	/usr/lib/libresolv.9.dylib
0x000000000a639000 	/usr/lib/libiconv.2.dylib
0x000000000a639000 	/System/Library/PrivateFrameworks/Heimdal.framework/Versions/A/Heimdal
0x000000000a639000 	/usr/lib/libheimdal-asn1.dylib
0x000000000a639000 	/System/Library/Frameworks/OpenDirectory.framework/Versions/A/OpenDirectory
0x000000000a639000 	/System/Library/PrivateFrameworks/CommonAuth.framework/Versions/A/CommonAuth
0x000000000a639000 	/System/Library/Frameworks/OpenDirectory.framework/Versions/A/Frameworks/CFOpenDirectory.framework/Versions/A/CFOpenDirectory
0x000000000a639000 	/System/Library/Frameworks/SecurityFoundation.framework/Versions/A/SecurityFoundation
0x000000000a639000 	/System/Library/PrivateFrameworks/LanguageModeling.framework/Versions/A/LanguageModeling
0x000000000a639000 	/usr/lib/libmarisa.dylib
0x000000000a639000 	/usr/lib/libChineseTokenizer.dylib
0x000000000a639000 	/usr/lib/libcmph.dylib
0x000000000a639000 	/System/Library/Frameworks/ServiceManagement.framework/Versions/A/ServiceManagement
0x000000000a639000 	/usr/lib/libxslt.1.dylib
0x000000000a639000 	/System/Library/Frameworks/Carbon.framework/Versions/A/Frameworks/Ink.framework/Versions/A/Ink
0x000000000a639000 	/usr/lib/libFosl_dynamic.dylib
0x000000000a639000 	/System/Library/PrivateFrameworks/FaceCore.framework/Versions/A/FaceCore
0x000000000a639000 	/System/Library/Frameworks/OpenCL.framework/Versions/A/OpenCL
0x000000000a639000 	/System/Library/PrivateFrameworks/CrashReporterSupport.framework/Versions/A/CrashReporterSupport
0x000000000a639000 	/System/Library/PrivateFrameworks/IconServices.framework/Versions/A/IconServices
0x000000000a639000 	/System/Library/PrivateFrameworks/Apple80211.framework/Versions/A/Apple80211
0x000000000a639000 	/System/Library/Frameworks/CoreWLAN.framework/Versions/A/CoreWLAN
0x000000000a639000 	/System/Library/Frameworks/IOBluetooth.framework/Versions/A/IOBluetooth
0x000000000a639000 	/System/Library/PrivateFrameworks/CoreWiFi.framework/Versions/A/CoreWiFi
0x000000000a639000 	/System/Library/Frameworks/CoreBluetooth.framework/Versions/A/CoreBluetooth
0x000000000a639000 	/System/Library/PrivateFrameworks/ChunkingLibrary.framework/Versions/A/ChunkingLibrary
0x000000000a639000 	/System/Library/PrivateFrameworks/DebugSymbols.framework/Versions/A/DebugSymbols
0x000000000a639000 	/System/Library/PrivateFrameworks/CoreSymbolication.framework/Versions/A/CoreSymbolication
0x000000000a639000 	/System/Library/PrivateFrameworks/Symbolication.framework/Versions/A/Symbolication
0x000000000a639000 	/System/Library/PrivateFrameworks/SpeechRecognitionCore.framework/Versions/A/SpeechRecognitionCore
0x000000010ea00000 	/Library/Java/JavaVirtualMachines/jdk1.8.0_112.jdk/Contents/Home/jre/lib/server/libjvm.dylib
0x000000000a639000 	/usr/lib/libstdc++.6.dylib
0x000000010e0a3000 	/Library/Java/JavaVirtualMachines/jdk1.8.0_112.jdk/Contents/Home/jre/lib/libverify.dylib
0x000000010e0b1000 	/Library/Java/JavaVirtualMachines/jdk1.8.0_112.jdk/Contents/Home/jre/lib/libjava.dylib
0x000000010e0e7000 	/Library/Java/JavaVirtualMachines/jdk1.8.0_112.jdk/Contents/Home/jre/lib/libinstrument.dylib
0x000000010e145000 	/Library/Java/JavaVirtualMachines/jdk1.8.0_112.jdk/Contents/Home/jre/lib/libzip.dylib
0x0000000125239000 	/System/Library/Frameworks/JavaVM.framework/Frameworks/JavaRuntimeSupport.framework/JavaRuntimeSupport
0x0000000125254000 	/System/Library/Frameworks/JavaVM.framework/Versions/A/Frameworks/JavaNativeFoundation.framework/Versions/A/JavaNativeFoundation
0x000000010e1f1000 	/System/Library/Frameworks/JavaVM.framework/Versions/A/JavaVM
0x000000000a639000 	/System/Library/Frameworks/Carbon.framework/Versions/A/Carbon
0x0000000125269000 	/System/Library/PrivateFrameworks/JavaLaunching.framework/Versions/A/JavaLaunching
0x000000000a639000 	/System/Library/Frameworks/Carbon.framework/Versions/A/Frameworks/CommonPanels.framework/Versions/A/CommonPanels
0x000000000a639000 	/System/Library/Frameworks/Carbon.framework/Versions/A/Frameworks/Help.framework/Versions/A/Help
0x000000000a639000 	/System/Library/Frameworks/Carbon.framework/Versions/A/Frameworks/ImageCapture.framework/Versions/A/ImageCapture
0x000000000a639000 	/System/Library/Frameworks/Carbon.framework/Versions/A/Frameworks/OpenScripting.framework/Versions/A/OpenScripting
0x000000000a639000 	/System/Library/Frameworks/Carbon.framework/Versions/A/Frameworks/Print.framework/Versions/A/Print
0x000000000a639000 	/System/Library/Frameworks/Carbon.framework/Versions/A/Frameworks/SecurityHI.framework/Versions/A/SecurityHI
0x0000000126cc7000 	/Library/Java/JavaVirtualMachines/jdk1.8.0_112.jdk/Contents/Home/jre/lib/libnet.dylib
0x0000000126d26000 	/Library/Java/JavaVirtualMachines/jdk1.8.0_112.jdk/Contents/Home/jre/lib/libawt.dylib
0x0000000126dce000 	/Library/Java/JavaVirtualMachines/jdk1.8.0_112.jdk/Contents/Home/jre/lib/./libmlib_image.dylib
0x0000000126e9a000 	/Library/Java/JavaVirtualMachines/jdk1.8.0_112.jdk/Contents/Home/jre/lib/libawt_lwawt.dylib
0x0000000126f51000 	/Library/Java/JavaVirtualMachines/jdk1.8.0_112.jdk/Contents/Home/jre/lib/./libosxapp.dylib
0x000000000a639000 	/System/Library/Frameworks/ExceptionHandling.framework/Versions/A/ExceptionHandling
0x000000000a639000 	/System/Library/PrivateFrameworks/CoreServicesInternal.framework/Versions/A/CoreServicesInternal
0x000000000a639000 	/System/Library/Frameworks/CoreGraphics.framework/Versions/A/Resources/libRIP.A.dylib
0x000000000a639000 	/System/Library/Frameworks/Accelerate.framework/Versions/A/Frameworks/vImage.framework/Versions/A/Libraries/libCGInterfaces.dylib
0x000000000a639000 	/System/Library/Frameworks/CoreGraphics.framework/Versions/A/Resources/libCGXType.A.dylib
0x000000000a639000 	/System/Library/Frameworks/OpenCL.framework/Versions/A/Libraries/libcldcpuengine.dylib
0x000000000a639000 	/System/Library/PrivateFrameworks/DiskImages.framework/Versions/A/DiskImages
0x000000000a639000 	/System/Library/Frameworks/DiscRecording.framework/Versions/A/DiscRecording
0x000000000a639000 	/usr/lib/libcsfde.dylib
0x000000000a639000 	/usr/lib/libcurl.4.dylib
0x000000000a639000 	/System/Library/PrivateFrameworks/MediaKit.framework/Versions/A/MediaKit
0x000000000a639000 	/System/Library/PrivateFrameworks/ProtectedCloudStorage.framework/Versions/A/ProtectedCloudStorage
0x000000000a639000 	/usr/lib/libCoreStorage.dylib
0x000000000a639000 	/System/Library/PrivateFrameworks/EFILogin.framework/Versions/A/EFILogin
0x000000000a639000 	/usr/lib/libutil.dylib
0x000000000a639000 	/System/Library/PrivateFrameworks/FindMyDevice.framework/Versions/A/FindMyDevice
0x000000000a639000 	/System/Library/Frameworks/LDAP.framework/Versions/A/LDAP
0x000000000a639000 	/usr/lib/libsasl2.2.dylib
0x000000000a639000 	/System/Library/PrivateFrameworks/CoreDaemon.framework/Versions/B/CoreDaemon
0x000000000a639000 	/usr/lib/libcrypto.0.9.8.dylib
0x000000000a639000 	/System/Library/PrivateFrameworks/AppleSRP.framework/Versions/A/AppleSRP
0x000000000a639000 	/System/Library/PrivateFrameworks/TrustEvaluationAgent.framework/Versions/A/TrustEvaluationAgent
0x0000000128f91000 	cl_kernels
0x000000000a639000 	/System/Library/Frameworks/OpenCL.framework/Versions/A/Libraries/ImageFormats/unorm8_bgra.dylib
0x000000000a639000 	/System/Library/Frameworks/OpenCL.framework/Versions/A/Libraries/ImageFormats/unorm8_rgba.dylib
0x000000000a639000 	/System/Library/PrivateFrameworks/FamilyControls.framework/Versions/A/FamilyControls
0x000000000a639000 	/System/Library/PrivateFrameworks/CommerceKit.framework/Versions/A/Frameworks/CommerceCore.framework/Versions/A/CommerceCore
0x000000000a639000 	/System/Library/PrivateFrameworks/SystemAdministration.framework/Versions/A/SystemAdministration
0x000000000a639000 	/System/Library/PrivateFrameworks/AppContainer.framework/Versions/A/AppContainer
0x000000000a639000 	/System/Library/PrivateFrameworks/SecCodeWrapper.framework/Versions/A/SecCodeWrapper
0x000000000a639000 	/System/Library/Frameworks/DirectoryService.framework/Versions/A/DirectoryService
0x000000000a639000 	/System/Library/PrivateFrameworks/LoginUIKit.framework/Versions/A/Frameworks/LoginUICore.framework/Versions/A/LoginUICore
0x000000000a639000 	/usr/lib/libodfde.dylib
0x000000012a0df000 	/Library/Java/JavaVirtualMachines/jdk1.8.0_112.jdk/Contents/Home/jre/lib/libfontmanager.dylib
0x000000012a146000 	/Users/peternabil/IdeaProjects/Hannibal/libs/liblwjgl.dylib
0x00000001280b3000 	/Library/Java/JavaVirtualMachines/jdk1.8.0_112.jdk/Contents/Home/jre/lib/libjawt.dylib
0x000000000a639000 	/System/Library/Frameworks/OpenGL.framework/Versions/A/Resources/GLEngine.bundle/GLEngine
0x000000000a639000 	/System/Library/Frameworks/OpenGL.framework/Versions/A/Libraries/libGLProgrammability.dylib
0x000000012a1c8000 	/System/Library/Extensions/AppleIntelBDWGraphicsGLDriver.bundle/Contents/MacOS/AppleIntelBDWGraphicsGLDriver
0x000000000a639000 	/System/Library/PrivateFrameworks/GPUSupport.framework/Versions/A/Libraries/libGPUSupportMercury.dylib
0x000000000a639000 	/System/Library/Frameworks/OpenGL.framework/Versions/A/Resources/GLRendererFloat.bundle/GLRendererFloat

VM Arguments:
jvm_args: -Djava.library.path=libs/ -javaagent:/Applications/IntelliJ IDEA CE.app/Contents/lib/idea_rt.jar=51998:/Applications/IntelliJ IDEA CE.app/Contents/bin -Dfile.encoding=UTF-8 
java_command: cse.Game
java_class_path (initial): /Library/Java/JavaVirtualMachines/jdk1.8.0_112.jdk/Contents/Home/jre/lib/charsets.jar:/Library/Java/JavaVirtualMachines/jdk1.8.0_112.jdk/Contents/Home/jre/lib/deploy.jar:/Library/Java/JavaVirtualMachines/jdk1.8.0_112.jdk/Contents/Home/jre/lib/ext/cldrdata.jar:/Library/Java/JavaVirtualMachines/jdk1.8.0_112.jdk/Contents/Home/jre/lib/ext/dnsns.jar:/Library/Java/JavaVirtualMachines/jdk1.8.0_112.jdk/Contents/Home/jre/lib/ext/jaccess.jar:/Library/Java/JavaVirtualMachines/jdk1.8.0_112.jdk/Contents/Home/jre/lib/ext/jfxrt.jar:/Library/Java/JavaVirtualMachines/jdk1.8.0_112.jdk/Contents/Home/jre/lib/ext/localedata.jar:/Library/Java/JavaVirtualMachines/jdk1.8.0_112.jdk/Contents/Home/jre/lib/ext/nashorn.jar:/Library/Java/JavaVirtualMachines/jdk1.8.0_112.jdk/Contents/Home/jre/lib/ext/sunec.jar:/Library/Java/JavaVirtualMachines/jdk1.8.0_112.jdk/Contents/Home/jre/lib/ext/sunjce_provider.jar:/Library/Java/JavaVirtualMachines/jdk1.8.0_112.jdk/Contents/Home/jre/lib/ext/sunpkcs11.jar:/Library/Java/JavaVirtualMachines/jdk1.8.0_112.jdk/Contents/Home/jre/lib/ext/zipfs.jar:/Library/Java/JavaVirtualMachines/jdk1.8.0_112.jdk/Contents/Home/jre/lib/javaws.jar:/Library/Java/JavaVirtualMachines/jdk1.8.0_112.jdk/Contents/Home/jre/lib/jce.jar:/Library/Java/JavaVirtualMachines/jdk1.8.0_112.jdk/Contents/Home/jre/lib/jfr.jar:/Library/Java/JavaVirtualMachines/jdk1.8.0_112.jdk/Contents/Home/jre/lib/jfxswt.jar:/Library/Java/JavaVirtualMachines/jdk1.8.0_112.jdk/Contents/Home/jre/lib/jsse.jar:/Library/Java/JavaVirtualMachines/jdk1.8.0_112.jdk/Contents/Home/jre/lib/management-agent.jar:/Library/Java/JavaVirtualMachines/jdk1.8.0_112.jdk/Contents/Home/jre/lib/plugin.jar:/Library/Java/JavaVirtualMachines/jdk1.8.0_112.jdk/Contents/Home/jre/lib/resources.jar:/Library/Java/JavaVirtualMachines/jdk1.8.0_112.jdk/Contents/Home/jre/lib/rt.jar:/Library/Java/JavaVirtualMachines/jdk1.8.0_112.jdk/Contents/Home/lib/ant-javafx.jar:/Library/Java/JavaVirtualMachines/jdk1.8.0_112.jdk/Contents/Home
Launcher Type: SUN_STANDARD

Environment Variables:
PATH=//anaconda/bin:/usr/local/bin:/usr/bin:/bin:/usr/sbin:/sbin
SHELL=/bin/bash

Signal Handlers:
SIGSEGV: [libjvm.dylib+0x5b11a5], sa_mask[0]=11111111011111110111111111111111, sa_flags=SA_ONSTACK|SA_RESTART|SA_SIGINFO
SIGBUS: [libjvm.dylib+0x5b11a5], sa_mask[0]=11111111011111110111111111111111, sa_flags=SA_RESTART|SA_SIGINFO
SIGFPE: [libjvm.dylib+0x487dc0], sa_mask[0]=11111111011111110111111111111111, sa_flags=SA_RESTART|SA_SIGINFO
SIGPIPE: [libjvm.dylib+0x487dc0], sa_mask[0]=11111111011111110111111111111111, sa_flags=SA_RESTART|SA_SIGINFO
SIGXFSZ: [libjvm.dylib+0x487dc0], sa_mask[0]=11111111011111110111111111111111, sa_flags=SA_RESTART|SA_SIGINFO
SIGILL: [libjvm.dylib+0x487dc0], sa_mask[0]=11111111011111110111111111111111, sa_flags=SA_RESTART|SA_SIGINFO
SIGUSR1: SIG_DFL, sa_mask[0]=00000000000000000000000000000000, sa_flags=none
SIGUSR2: [libjvm.dylib+0x4878de], sa_mask[0]=00100000000000000000000000000000, sa_flags=SA_RESTART|SA_SIGINFO
SIGHUP: [libjvm.dylib+0x485eb5], sa_mask[0]=11111111011111110111111111111111, sa_flags=SA_RESTART|SA_SIGINFO
SIGINT: [libjvm.dylib+0x485eb5], sa_mask[0]=11111111011111110111111111111111, sa_flags=SA_RESTART|SA_SIGINFO
SIGTERM: [libjvm.dylib+0x485eb5], sa_mask[0]=11111111011111110111111111111111, sa_flags=SA_RESTART|SA_SIGINFO
SIGQUIT: [libjvm.dylib+0x485eb5], sa_mask[0]=11111111011111110111111111111111, sa_flags=SA_RESTART|SA_SIGINFO


---------------  S Y S T E M  ---------------

OS:Bsduname:Darwin 15.6.0 Darwin Kernel Version 15.6.0: Thu Jun 23 18:25:34 PDT 2016; root:xnu-3248.60.10~1/RELEASE_X86_64 x86_64
rlimit: STACK 8192k, CORE 0k, NPROC 709, NOFILE 10240, AS infinity
load average:3.39 2.80 2.64

CPU:total 4 (2 cores per cpu, 2 threads per core) family 6 model 61 stepping 4, cmov, cx8, fxsr, mmx, sse, sse2, sse3, ssse3, sse4.1, sse4.2, popcnt, avx, avx2, aes, clmul, erms, 3dnowpref, lzcnt, ht, tsc, tscinvbit, bmi1, bmi2, adx

Memory: 4k page, physical 8388608k(49348k free)

/proc/meminfo:


vm_info: Java HotSpot(TM) 64-Bit Server VM (25.112-b16) for bsd-amd64 JRE (1.8.0_112-b16), built on Sep 30 2016 22:41:41 by "java_re" with gcc 4.2.1 (Based on Apple Inc. build 5658) (LLVM build 2336.11.00)

time: Thu Mar 29 00:32:03 2018
elapsed time: 3 seconds (0d 0h 0m 3s)

