#
# A fatal error has been detected by the Java Runtime Environment:
#
#  SIGILL (0x4) at pc=0x00007fff8d87b02f, pid=39277, tid=0x0000000000000a0b
#
# JRE version: Java(TM) SE Runtime Environment (8.0_112-b16) (build 1.8.0_112-b16)
# Java VM: Java HotSpot(TM) 64-Bit Server VM (25.112-b16 mixed mode bsd-amd64 compressed oops)
# Problematic frame:
# C  [libobjc.A.dylib+0x1302f]  _ZL10_objc_trapv+0x4
#
# Failed to write core dump. Core dumps have been disabled. To enable core dumping, try "ulimit -c unlimited" before starting Java again
#
# If you would like to submit a bug report, please visit:
#   http://bugreport.java.com/bugreport/crash.jsp
# The crash happened outside the Java Virtual Machine in native code.
# See problematic frame for where to report the bug.
#

---------------  T H R E A D  ---------------

Current thread (0x00007fc70a164000):  JavaThread "AppKit Thread" daemon [_thread_in_native, id=2571, stack(0x00007fff5ba5e000,0x00007fff5c25e000)]

siginfo: si_signo: 4 (SIGILL), si_code: 1 (ILL_ILLOPC), si_addr: 0x00007fff8d87b02f

Registers:
RAX=0x0000000000000000, RBX=0x00007fc70878dc60, RCX=0x0000000000000000, RDX=0x00007fff754adb30
RSP=0x00007fff5c258970, RBP=0x00007fff5c258970, RSI=0x0000010000000100, RDI=0x00007fff754adb10
R8 =0x00000000fffffffc, R9 =0x00007fff754adb28, R10=0x00000000ffffffff, R11=0xfffffffffffbf030
R12=0x0000000000000001, R13=0x0000000000000000, R14=0x00007fff754b3128, R15=0x00007fc70865c850
RIP=0x00007fff8d87b02f, EFLAGS=0x0000000000010202, ERR=0x0000000000000000
  TRAPNO=0x0000000000000006

Top of Stack: (sp=0x00007fff5c258970)
0x00007fff5c258970:   00007fff5c258a60 00007fff8d87b17f
0x00007fff5c258980:   00007fc708677290 00007fc70878dc60
0x00007fff5c258990:   00007fff8e764d9c 00007fff8e764d9c
0x00007fff5c2589a0:   000000000000005f 00007fc70878dc60
0x00007fff5c2589b0:   00007fff5c2589e0 00007fff8d86fe63
0x00007fff5c2589c0:   00007fff5c258a20 00007fff8d8728cd
0x00007fff5c2589d0:   00007fff754b3110 0000000000000001
0x00007fff5c2589e0:   00007fff5c258a40 00007fc70865c850
0x00007fff5c2589f0:   00007fff5c258a20 00007fff8e764d9c
0x00007fff5c258a00:   00007fff8e764d9c 0000000000000000
0x00007fff5c258a10:   00007fff7574aa38 00007fc70865c850
0x00007fff5c258a20:   00007fff5c258a60 00007fff8d872838
0x00007fff5c258a30:   00007fc70867bb60 00007fc7086776a0
0x00007fff5c258a40:   0000003000000018 00007fff5c258a70
0x00007fff5c258a50:   00007fff5c258980 00007fc70865c850
0x00007fff5c258a60:   00007fff5c258ac0 00007fff8d87361e
0x00007fff5c258a70:   00007fff754b1d00 00007fff754b1e80
0x00007fff5c258a80:   00007fff5c258b00 00007fff8d873431
0x00007fff5c258a90:   00007fff5c258ab0 00007fff754b1d00
0x00007fff5c258aa0:   00007fc70865c850 0000000000000000
0x00007fff5c258ab0:   00007fff754b3100 0000000000000000
0x00007fff5c258ac0:   00007fff5c258b40 00007fff8d8733a9
0x00007fff5c258ad0:   ffff8038f789b5a0 00007fc70865a870
0x00007fff5c258ae0:   0000000000001400 0000000000000000
0x00007fff5c258af0:   0000000000000000 0000000000000000
0x00007fff5c258b00:   00007fc70878dc60 0000000000000028
0x00007fff5c258b10:   0000000000000000 00007fc708764a60
0x00007fff5c258b20:   0000000000000000 00007fc70862f200
0x00007fff5c258b30:   00007fc70865a870 00007fc70878dc60
0x00007fff5c258b40:   00007fff5c258b80 00007fff8cb1a973
0x00007fff5c258b50:   00007fc708764a60 0000000000000000
0x00007fff5c258b60:   00007fc70878dc60 00007fff8d8694c0 

Instructions: (pc=0x00007fff8d87b02f)
0x00007fff8d87b00f:   00 00 bf 02 00 00 00 48 89 de 48 89 c2 e8 a1 bf
0x00007fff8d87b01f:   00 00 48 81 c4 98 00 00 00 5b 5d c3 55 48 89 e5
0x00007fff8d87b02f:   0f 0b 55 48 89 e5 48 81 ec d0 00 00 00 84 c0 74
0x00007fff8d87b03f:   2e c5 f8 29 85 60 ff ff ff c5 f8 29 8d 70 ff ff 

Register to memory mapping:

RAX=0x0000000000000000 is an unknown value
RBX=0x00007fc70878dc60 is an unknown value
RCX=0x0000000000000000 is an unknown value
RDX=0x00007fff754adb30: _ZZL14_objc_crashlogPKcE13crashlog_lock+0x20 in /usr/lib/libobjc.A.dylib at 0x00007fff8d868000
RSP=0x00007fff5c258970 is pointing into the stack for thread: 0x00007fc70a164000
RBP=0x00007fff5c258970 is pointing into the stack for thread: 0x00007fc70a164000
RSI=0x0000010000000100 is an unknown value
RDI=0x00007fff754adb10: _ZZL14_objc_crashlogPKcE13crashlog_lock+0 in /usr/lib/libobjc.A.dylib at 0x00007fff8d868000
R8 =0x00000000fffffffc is an unknown value
R9 =0x00007fff754adb28: _ZZL14_objc_crashlogPKcE13crashlog_lock+0x18 in /usr/lib/libobjc.A.dylib at 0x00007fff8d868000
R10=0x00000000ffffffff is an unknown value
R11=0xfffffffffffbf030 is an unknown value
R12=0x0000000000000001 is an unknown value
R13=0x0000000000000000 is an unknown value
R14=0x00007fff754b3128: _ZN12_GLOBAL__N_1L12SideTableBufE+0x1428 in /usr/lib/libobjc.A.dylib at 0x00007fff8d868000
R15=0x00007fc70865c850 is an unknown value


Stack: [0x00007fff5ba5e000,0x00007fff5c25e000],  sp=0x00007fff5c258970,  free space=8170k
Native frames: (J=compiled Java code, j=interpreted, Vv=VM code, C=native code)
C  [libobjc.A.dylib+0x1302f]  _ZL10_objc_trapv+0x4
C  [libobjc.A.dylib+0x1317f]  _objc_inform+0x0
C  [libobjc.A.dylib+0xb61e]  weak_register_no_lock+0xde
C  [libobjc.A.dylib+0xb3a9]  objc_storeWeak+0x18b
C  [Foundation+0x19973]  -[NSConcreteMapTable setObject:forKey:]+0x6e
C  [AppKit+0x345f6a]  -[NSView(NSOpenGLContextAssociation) _setOpenGLContext:]+0xf2
C  [AppKit+0x6856dd]  __27-[NSOpenGLContext setView:]_block_invoke+0xd6
C  [AppKit+0x183325]  NSPerformVisuallyAtomicChange+0x93
C  [AppKit+0x345c0d]  -[NSOpenGLContext setView:]+0x77
C  [liblwjgl.dylib+0xa586]  -[MacOSXOpenGLView lockFocus]+0x76
C  [AppKit+0x1a8797]  -[NSView _recursiveDisplayRectIfNeededIgnoringOpacity:isVisibleRect:rectIsVisibleRectForView:topView:]+0x6e2
C  [AppKit+0x1a9785]  -[NSView _recursiveDisplayRectIfNeededIgnoringOpacity:isVisibleRect:rectIsVisibleRectForView:topView:]+0x16d0
C  [AppKit+0x1a7be0]  -[NSThemeFrame _recursiveDisplayRectIfNeededIgnoringOpacity:isVisibleRect:rectIsVisibleRectForView:topView:]+0x14e
C  [AppKit+0x1a5feb]  -[NSView _displayRectIgnoringOpacity:isVisibleRect:rectIsVisibleRectForView:]+0x991
C  [AppKit+0x1a13f5]  -[NSView displayIfNeeded]+0x79e
C  [AppKit+0x1a0c3c]  -[NSWindow displayIfNeeded]+0xe8
C  [AppKit+0x82541b]  ___NSWindowGetDisplayCycleObserver_block_invoke6365+0x1dc
C  [AppKit+0x1a05d6]  __37+[NSDisplayCycle currentDisplayCycle]_block_invoke+0x3ad
C  [QuartzCore+0x10f71]  _ZN2CA11Transaction19run_commit_handlersE18CATransactionPhase+0x55
C  [QuartzCore+0x1042c]  _ZN2CA7Context18commit_transactionEPNS_11TransactionE+0xa0
C  [QuartzCore+0x100ec]  _ZN2CA11Transaction6commitEv+0x1fc
C  [QuartzCore+0x1b977]  _ZN2CA11Transaction17observer_callbackEP19__CFRunLoopObservermPv+0x47
C  [CoreFoundation+0xaa067]  __CFRUNLOOP_IS_CALLING_OUT_TO_AN_OBSERVER_CALLBACK_FUNCTION__+0x17
C  [CoreFoundation+0xa9fd7]  __CFRunLoopDoObservers+0x187
C  [CoreFoundation+0x88ef8]  CFRunLoopRunSpecific+0x148
C  [HIToolbox+0x30935]  RunCurrentEventLoopInMode+0xeb
C  [HIToolbox+0x30677]  ReceiveNextEventCommon+0xb8
C  [HIToolbox+0x305af]  _BlockUntilNextEventMatchingListInModeWithFilter+0x47
C  [AppKit+0x48df6]  _DPSNextEvent+0x42b
C  [AppKit+0x48226]  -[NSApplication _nextEventMatchingEventMask:untilDate:inMode:dequeue:]+0x1c6
C  [libosxapp.dylib+0x23aa]  -[NSApplicationAWT nextEventMatchingMask:untilDate:inMode:dequeue:]+0x7c
C  [AppKit+0x3cd80]  -[NSApplication run]+0x2aa
C  [libosxapp.dylib+0x214d]  +[NSApplicationAWT runAWTLoopWithApp:]+0x9c
C  [libawt_lwawt.dylib+0x4615f]  -[AWTStarter starter:]+0x389
C  [Foundation+0x76fde]  __NSThreadPerformPerform+0x117
C  [CoreFoundation+0xaa881]  __CFRUNLOOP_IS_CALLING_OUT_TO_A_SOURCE0_PERFORM_FUNCTION__+0x11
C  [CoreFoundation+0x89fbc]  __CFRunLoopDoSources0+0x22c
C  [CoreFoundation+0x894df]  __CFRunLoopRun+0x39f
C  [CoreFoundation+0x88ed8]  CFRunLoopRunSpecific+0x128
C  [java+0x6465]  CreateExecutionEnvironment+0x367
C  [java+0x218c]  JLI_Launch+0x7a0
C  [java+0x84c2]  main+0x65
C  [java+0x19e4]  start+0x34
C  0x0000000000000007


---------------  P R O C E S S  ---------------

Java Threads: ( => current thread )
  0x00007fc7091ae800 JavaThread "AWT-Shutdown" [_thread_blocked, id=53875, stack(0x00007000011d0000,0x00007000012d0000)]
=>0x00007fc70a164000 JavaThread "AppKit Thread" daemon [_thread_in_native, id=2571, stack(0x00007fff5ba5e000,0x00007fff5c25e000)]
  0x00007fc70a05e000 JavaThread "Service Thread" daemon [_thread_blocked, id=19203, stack(0x0000700000f47000,0x0000700001047000)]
  0x00007fc70a05d800 JavaThread "C1 CompilerThread2" daemon [_thread_blocked, id=18691, stack(0x0000700000e44000,0x0000700000f44000)]
  0x00007fc709079000 JavaThread "C2 CompilerThread1" daemon [_thread_blocked, id=18179, stack(0x0000700000d41000,0x0000700000e41000)]
  0x00007fc708820800 JavaThread "C2 CompilerThread0" daemon [_thread_blocked, id=17667, stack(0x0000700000c3e000,0x0000700000d3e000)]
  0x00007fc7090a1800 JavaThread "Monitor Ctrl-Break" daemon [_thread_in_native, id=17155, stack(0x0000700000b3b000,0x0000700000c3b000)]
  0x00007fc708814000 JavaThread "Signal Dispatcher" daemon [_thread_blocked, id=12815, stack(0x0000700000a38000,0x0000700000b38000)]
  0x00007fc70a02a800 JavaThread "Finalizer" daemon [_thread_blocked, id=12291, stack(0x000070000082f000,0x000070000092f000)]
  0x00007fc70880b000 JavaThread "Reference Handler" daemon [_thread_blocked, id=11779, stack(0x000070000072c000,0x000070000082c000)]
  0x00007fc70a008000 JavaThread "main" [_thread_in_native, id=5891, stack(0x000070000011a000,0x000070000021a000)]

Other Threads:
  0x00007fc709043800 VMThread [stack: 0x0000700000629000,0x0000700000729000] [id=11267]
  0x00007fc708844800 WatcherThread [stack: 0x000070000104a000,0x000070000114a000] [id=19715]

VM state:not at safepoint (normal execution)

VM Mutex/Monitor currently owned by a thread: None

Heap:
 PSYoungGen      total 38400K, used 24850K [0x0000000795580000, 0x0000000798000000, 0x00000007c0000000)
  eden space 33280K, 67% used [0x0000000795580000,0x0000000796b4cc20,0x0000000797600000)
  from space 5120K, 49% used [0x0000000797600000,0x0000000797877f18,0x0000000797b00000)
  to   space 5120K, 0% used [0x0000000797b00000,0x0000000797b00000,0x0000000798000000)
 ParOldGen       total 87552K, used 8K [0x0000000740000000, 0x0000000745580000, 0x0000000795580000)
  object space 87552K, 0% used [0x0000000740000000,0x0000000740002000,0x0000000745580000)
 Metaspace       used 7461K, capacity 7619K, committed 7808K, reserved 1056768K
  class space    used 755K, capacity 824K, committed 896K, reserved 1048576K

Card table byte_map: [0x0000000114962000,0x0000000114d63000] byte_map_base: 0x0000000110f62000

Marking Bits: (ParMarkBitMap*) 0x0000000104ef0d30
 Begin Bits: [0x000000011500e000, 0x000000011700e000)
 End Bits:   [0x000000011700e000, 0x000000011900e000)

Polling page: 0x0000000103c65000

CodeCache: size=245760Kb used=3208Kb max_used=3222Kb free=242551Kb
 bounds [0x00000001055a2000, 0x00000001058d2000, 0x00000001145a2000]
 total_blobs=1167 nmethods=769 adapters=312
 compilation: enabled

Compilation events (10 events):
Event: 6.809 Thread 0x00007fc709079000  765   !   4       org.lwjgl.opengl.Display::isFullscreen (34 bytes)
Event: 6.811 Thread 0x00007fc709079000 nmethod 765 0x00000001058c1490 code [0x00000001058c15e0, 0x00000001058c1818]
Event: 6.852 Thread 0x00007fc708820800  766       4       java.lang.AbstractStringBuilder::newCapacity (39 bytes)
Event: 6.853 Thread 0x00007fc708820800 nmethod 766 0x00000001058c1190 code [0x00000001058c12e0, 0x00000001058c13b8]
Event: 6.920 Thread 0x00007fc709079000  767       4       org.newdawn.slick.Graphics::setCurrent (30 bytes)
Event: 6.921 Thread 0x00007fc709079000 nmethod 767 0x00000001058c0f50 code [0x00000001058c10a0, 0x00000001058c1118]
Event: 7.171 Thread 0x00007fc708820800  768       4       java.lang.CharacterDataLatin1::toUpperCase (53 bytes)
Event: 7.172 Thread 0x00007fc708820800 nmethod 768 0x00000001058c0c50 code [0x00000001058c0da0, 0x00000001058c0e78]
Event: 7.227 Thread 0x00007fc709079000  769       4       java.lang.String::substring (56 bytes)
Event: 7.235 Thread 0x00007fc709079000 nmethod 769 0x00000001058c5f50 code [0x00000001058c60c0, 0x00000001058c6498]

GC Heap History (2 events):
Event: 4.488 GC heap before
{Heap before GC invocations=1 (full 0):
 PSYoungGen      total 38400K, used 33280K [0x0000000795580000, 0x0000000798000000, 0x00000007c0000000)
  eden space 33280K, 100% used [0x0000000795580000,0x0000000797600000,0x0000000797600000)
  from space 5120K, 0% used [0x0000000797b00000,0x0000000797b00000,0x0000000798000000)
  to   space 5120K, 0% used [0x0000000797600000,0x0000000797600000,0x0000000797b00000)
 ParOldGen       total 87552K, used 0K [0x0000000740000000, 0x0000000745580000, 0x0000000795580000)
  object space 87552K, 0% used [0x0000000740000000,0x0000000740000000,0x0000000745580000)
 Metaspace       used 7448K, capacity 7619K, committed 7808K, reserved 1056768K
  class space    used 755K, capacity 824K, committed 896K, reserved 1048576K
Event: 4.492 GC heap after
Heap after GC invocations=1 (full 0):
 PSYoungGen      total 38400K, used 2527K [0x0000000795580000, 0x0000000798000000, 0x00000007c0000000)
  eden space 33280K, 0% used [0x0000000795580000,0x0000000795580000,0x0000000797600000)
  from space 5120K, 49% used [0x0000000797600000,0x0000000797877f18,0x0000000797b00000)
  to   space 5120K, 0% used [0x0000000797b00000,0x0000000797b00000,0x0000000798000000)
 ParOldGen       total 87552K, used 8K [0x0000000740000000, 0x0000000745580000, 0x0000000795580000)
  object space 87552K, 0% used [0x0000000740000000,0x0000000740002000,0x0000000745580000)
 Metaspace       used 7448K, capacity 7619K, committed 7808K, reserved 1056768K
  class space    used 755K, capacity 824K, committed 896K, reserved 1048576K
}

Deoptimization events (1 events):
Event: 0.650 Thread 0x00007fc70a008000 Uncommon trap: reason=unstable_if action=reinterpret pc=0x000000010572da9c method=java.lang.String.replace(CC)Ljava/lang/String; @ 26

Internal exceptions (10 events):
Event: 0.048 Thread 0x00007fc70a008000 Exception <a 'java/lang/NoSuchMethodError': Method sun.misc.Unsafe.prefetchRead(Ljava/lang/Object;J)V name or signature does not match> (0x0000000795587f60) thrown at [/Users/java_re/workspace/8-2-build-macosx-x86_64/jdk8u112/7935/hotspot/src/share/vm/pri
Event: 0.339 Thread 0x00007fc70a008000 Exception <a 'java/security/PrivilegedActionException'> (0x00000007959b3388) thrown at [/Users/java_re/workspace/8-2-build-macosx-x86_64/jdk8u112/7935/hotspot/src/share/vm/prims/jvm.cpp, line 1390]
Event: 0.339 Thread 0x00007fc70a008000 Exception <a 'java/security/PrivilegedActionException'> (0x00000007959b3598) thrown at [/Users/java_re/workspace/8-2-build-macosx-x86_64/jdk8u112/7935/hotspot/src/share/vm/prims/jvm.cpp, line 1390]
Event: 0.339 Thread 0x00007fc70a008000 Exception <a 'java/security/PrivilegedActionException'> (0x00000007959b6a88) thrown at [/Users/java_re/workspace/8-2-build-macosx-x86_64/jdk8u112/7935/hotspot/src/share/vm/prims/jvm.cpp, line 1390]
Event: 0.339 Thread 0x00007fc70a008000 Exception <a 'java/security/PrivilegedActionException'> (0x00000007959b6c98) thrown at [/Users/java_re/workspace/8-2-build-macosx-x86_64/jdk8u112/7935/hotspot/src/share/vm/prims/jvm.cpp, line 1390]
Event: 0.405 Thread 0x00007fc70a008000 Exception <a 'java/lang/NoSuchFieldError': method resolution failed> (0x0000000795aeb118) thrown at [/Users/java_re/workspace/8-2-build-macosx-x86_64/jdk8u112/7935/hotspot/src/share/vm/prims/methodHandles.cpp, line 1146]
Event: 0.407 Thread 0x00007fc70a008000 Exception <a 'java/lang/NoSuchFieldError': method resolution failed> (0x0000000795af9108) thrown at [/Users/java_re/workspace/8-2-build-macosx-x86_64/jdk8u112/7935/hotspot/src/share/vm/prims/methodHandles.cpp, line 1146]
Event: 0.611 Thread 0x00007fc70a008000 Exception <a 'java/io/FileNotFoundException'> (0x0000000795b9b848) thrown at [/Users/java_re/workspace/8-2-build-macosx-x86_64/jdk8u112/7935/hotspot/src/share/vm/prims/jni.cpp, line 709]
Event: 0.611 Thread 0x00007fc70a008000 Exception <a 'java/io/FileNotFoundException'> (0x0000000795b9c3d0) thrown at [/Users/java_re/workspace/8-2-build-macosx-x86_64/jdk8u112/7935/hotspot/src/share/vm/prims/jni.cpp, line 709]
Event: 1.026 Thread 0x00007fc70a008000 Exception <a 'java/lang/NoClassDefFoundError': net/java/games/input/ControllerEnvironment> (0x000000079620cd38) thrown at [/Users/java_re/workspace/8-2-build-macosx-x86_64/jdk8u112/7935/hotspot/src/share/vm/classfile/systemDictionary.cpp, line 199]

Events (10 events):
Event: 4.499 Executing VM operation: RevokeBias
Event: 4.499 Executing VM operation: RevokeBias done
Event: 4.499 Executing VM operation: BulkRevokeBias
Event: 4.499 Executing VM operation: BulkRevokeBias done
Event: 5.477 Thread 0x00007fc70993b000 Thread exited: 0x00007fc70993b000
Event: 5.556 Thread 0x00007fc70a141800 Thread added: 0x00007fc70a141800
Event: 6.559 Executing VM operation: RevokeBias
Event: 6.559 Executing VM operation: RevokeBias done
Event: 6.559 Thread 0x00007fc70a141800 Thread exited: 0x00007fc70a141800
Event: 7.369 Thread 0x00007fc7091ae800 Thread added: 0x00007fc7091ae800


Dynamic libraries:
0x00000000026cf000 	/System/Library/Frameworks/Cocoa.framework/Versions/A/Cocoa
0x00000000026cf000 	/System/Library/Frameworks/Security.framework/Versions/A/Security
0x00000000026cf000 	/System/Library/Frameworks/ApplicationServices.framework/Versions/A/ApplicationServices
0x00000000026cf000 	/usr/lib/libz.1.dylib
0x00000000026cf000 	/usr/lib/libSystem.B.dylib
0x00000000026cf000 	/usr/lib/libobjc.A.dylib
0x00000000026cf000 	/System/Library/Frameworks/CoreFoundation.framework/Versions/A/CoreFoundation
0x00000000026cf000 	/System/Library/Frameworks/Foundation.framework/Versions/C/Foundation
0x00000000026cf000 	/System/Library/Frameworks/AppKit.framework/Versions/C/AppKit
0x00000000026cf000 	/System/Library/Frameworks/CoreData.framework/Versions/A/CoreData
0x00000000026cf000 	/System/Library/PrivateFrameworks/RemoteViewServices.framework/Versions/A/RemoteViewServices
0x00000000026cf000 	/System/Library/PrivateFrameworks/UIFoundation.framework/Versions/A/UIFoundation
0x00000000026cf000 	/usr/lib/libScreenReader.dylib
0x00000000026cf000 	/System/Library/Frameworks/Accelerate.framework/Versions/A/Accelerate
0x00000000026cf000 	/System/Library/Frameworks/IOSurface.framework/Versions/A/IOSurface
0x00000000026cf000 	/System/Library/Frameworks/AudioToolbox.framework/Versions/A/AudioToolbox
0x00000000026cf000 	/System/Library/Frameworks/AudioUnit.framework/Versions/A/AudioUnit
0x00000000026cf000 	/System/Library/PrivateFrameworks/DataDetectorsCore.framework/Versions/A/DataDetectorsCore
0x00000000026cf000 	/System/Library/PrivateFrameworks/DesktopServicesPriv.framework/Versions/A/DesktopServicesPriv
0x00000000026cf000 	/System/Library/Frameworks/Carbon.framework/Versions/A/Frameworks/HIToolbox.framework/Versions/A/HIToolbox
0x00000000026cf000 	/System/Library/Frameworks/QuartzCore.framework/Versions/A/QuartzCore
0x00000000026cf000 	/System/Library/Frameworks/Carbon.framework/Versions/A/Frameworks/SpeechRecognition.framework/Versions/A/SpeechRecognition
0x00000000026cf000 	/usr/lib/libauto.dylib
0x00000000026cf000 	/usr/lib/libicucore.A.dylib
0x00000000026cf000 	/usr/lib/libxml2.2.dylib
0x00000000026cf000 	/System/Library/PrivateFrameworks/CoreUI.framework/Versions/A/CoreUI
0x00000000026cf000 	/System/Library/Frameworks/CoreAudio.framework/Versions/A/CoreAudio
0x00000000026cf000 	/System/Library/Frameworks/DiskArbitration.framework/Versions/A/DiskArbitration
0x00000000026cf000 	/usr/lib/liblangid.dylib
0x00000000026cf000 	/System/Library/PrivateFrameworks/MultitouchSupport.framework/Versions/A/MultitouchSupport
0x00000000026cf000 	/System/Library/Frameworks/IOKit.framework/Versions/A/IOKit
0x00000000026cf000 	/usr/lib/libDiagnosticMessagesClient.dylib
0x00000000026cf000 	/System/Library/Frameworks/CoreServices.framework/Versions/A/CoreServices
0x00000000026cf000 	/System/Library/PrivateFrameworks/PerformanceAnalysis.framework/Versions/A/PerformanceAnalysis
0x00000000026cf000 	/System/Library/PrivateFrameworks/GenerationalStorage.framework/Versions/A/GenerationalStorage
0x00000000026cf000 	/System/Library/Frameworks/OpenGL.framework/Versions/A/OpenGL
0x00000000026cf000 	/System/Library/PrivateFrameworks/Sharing.framework/Versions/A/Sharing
0x00000000026cf000 	/System/Library/Frameworks/CoreGraphics.framework/Versions/A/CoreGraphics
0x00000000026cf000 	/System/Library/Frameworks/CoreImage.framework/Versions/A/CoreImage
0x00000000026cf000 	/System/Library/Frameworks/CoreText.framework/Versions/A/CoreText
0x00000000026cf000 	/System/Library/Frameworks/ImageIO.framework/Versions/A/ImageIO
0x00000000026cf000 	/System/Library/PrivateFrameworks/Backup.framework/Versions/A/Backup
0x00000000026cf000 	/usr/lib/libextension.dylib
0x00000000026cf000 	/usr/lib/libarchive.2.dylib
0x00000000026cf000 	/System/Library/Frameworks/CFNetwork.framework/Versions/A/CFNetwork
0x00000000026cf000 	/System/Library/Frameworks/SystemConfiguration.framework/Versions/A/SystemConfiguration
0x00000000026cf000 	/usr/lib/libCRFSuite.dylib
0x00000000026cf000 	/usr/lib/libc++.1.dylib
0x00000000026cf000 	/usr/lib/libc++abi.dylib
0x00000000026cf000 	/usr/lib/system/libcache.dylib
0x00000000026cf000 	/usr/lib/system/libcommonCrypto.dylib
0x00000000026cf000 	/usr/lib/system/libcompiler_rt.dylib
0x00000000026cf000 	/usr/lib/system/libcopyfile.dylib
0x00000000026cf000 	/usr/lib/system/libcorecrypto.dylib
0x00000000026cf000 	/usr/lib/system/libdispatch.dylib
0x00000000026cf000 	/usr/lib/system/libdyld.dylib
0x00000000026cf000 	/usr/lib/system/libkeymgr.dylib
0x00000000026cf000 	/usr/lib/system/liblaunch.dylib
0x00000000026cf000 	/usr/lib/system/libmacho.dylib
0x00000000026cf000 	/usr/lib/system/libquarantine.dylib
0x00000000026cf000 	/usr/lib/system/libremovefile.dylib
0x00000000026cf000 	/usr/lib/system/libsystem_asl.dylib
0x00000000026cf000 	/usr/lib/system/libsystem_blocks.dylib
0x00000000026cf000 	/usr/lib/system/libsystem_c.dylib
0x00000000026cf000 	/usr/lib/system/libsystem_configuration.dylib
0x00000000026cf000 	/usr/lib/system/libsystem_coreservices.dylib
0x00000000026cf000 	/usr/lib/system/libsystem_coretls.dylib
0x00000000026cf000 	/usr/lib/system/libsystem_dnssd.dylib
0x00000000026cf000 	/usr/lib/system/libsystem_info.dylib
0x00000000026cf000 	/usr/lib/system/libsystem_kernel.dylib
0x00000000026cf000 	/usr/lib/system/libsystem_m.dylib
0x00000000026cf000 	/usr/lib/system/libsystem_malloc.dylib
0x00000000026cf000 	/usr/lib/system/libsystem_network.dylib
0x00000000026cf000 	/usr/lib/system/libsystem_networkextension.dylib
0x00000000026cf000 	/usr/lib/system/libsystem_notify.dylib
0x00000000026cf000 	/usr/lib/system/libsystem_platform.dylib
0x00000000026cf000 	/usr/lib/system/libsystem_pthread.dylib
0x00000000026cf000 	/usr/lib/system/libsystem_sandbox.dylib
0x00000000026cf000 	/usr/lib/system/libsystem_secinit.dylib
0x00000000026cf000 	/usr/lib/system/libsystem_trace.dylib
0x00000000026cf000 	/usr/lib/system/libunc.dylib
0x00000000026cf000 	/usr/lib/system/libunwind.dylib
0x00000000026cf000 	/usr/lib/system/libxpc.dylib
0x00000000026cf000 	/usr/lib/libenergytrace.dylib
0x00000000026cf000 	/usr/lib/libbsm.0.dylib
0x00000000026cf000 	/usr/lib/system/libkxld.dylib
0x00000000026cf000 	/usr/lib/libxar.1.dylib
0x00000000026cf000 	/usr/lib/libsqlite3.dylib
0x00000000026cf000 	/usr/lib/libpam.2.dylib
0x00000000026cf000 	/usr/lib/libOpenScriptingUtil.dylib
0x00000000026cf000 	/usr/lib/libbz2.1.0.dylib
0x00000000026cf000 	/usr/lib/liblzma.5.dylib
0x00000000026cf000 	/System/Library/Frameworks/CoreServices.framework/Versions/A/Frameworks/FSEvents.framework/Versions/A/FSEvents
0x00000000026cf000 	/System/Library/Frameworks/CoreServices.framework/Versions/A/Frameworks/CarbonCore.framework/Versions/A/CarbonCore
0x00000000026cf000 	/System/Library/Frameworks/CoreServices.framework/Versions/A/Frameworks/Metadata.framework/Versions/A/Metadata
0x00000000026cf000 	/System/Library/Frameworks/CoreServices.framework/Versions/A/Frameworks/OSServices.framework/Versions/A/OSServices
0x00000000026cf000 	/System/Library/Frameworks/CoreServices.framework/Versions/A/Frameworks/SearchKit.framework/Versions/A/SearchKit
0x00000000026cf000 	/System/Library/Frameworks/CoreServices.framework/Versions/A/Frameworks/AE.framework/Versions/A/AE
0x00000000026cf000 	/System/Library/Frameworks/CoreServices.framework/Versions/A/Frameworks/LaunchServices.framework/Versions/A/LaunchServices
0x00000000026cf000 	/System/Library/Frameworks/CoreServices.framework/Versions/A/Frameworks/DictionaryServices.framework/Versions/A/DictionaryServices
0x00000000026cf000 	/System/Library/Frameworks/CoreServices.framework/Versions/A/Frameworks/SharedFileList.framework/Versions/A/SharedFileList
0x00000000026cf000 	/System/Library/Frameworks/NetFS.framework/Versions/A/NetFS
0x00000000026cf000 	/System/Library/PrivateFrameworks/NetAuth.framework/Versions/A/NetAuth
0x00000000026cf000 	/System/Library/PrivateFrameworks/login.framework/Versions/A/Frameworks/loginsupport.framework/Versions/A/loginsupport
0x00000000026cf000 	/System/Library/PrivateFrameworks/TCC.framework/Versions/A/TCC
0x00000000026cf000 	/usr/lib/libmecabra.dylib
0x00000000026cf000 	/System/Library/Frameworks/ApplicationServices.framework/Versions/A/Frameworks/ATS.framework/Versions/A/ATS
0x00000000026cf000 	/System/Library/Frameworks/ApplicationServices.framework/Versions/A/Frameworks/ColorSync.framework/Versions/A/ColorSync
0x00000000026cf000 	/System/Library/Frameworks/ApplicationServices.framework/Versions/A/Frameworks/HIServices.framework/Versions/A/HIServices
0x00000000026cf000 	/System/Library/Frameworks/ApplicationServices.framework/Versions/A/Frameworks/LangAnalysis.framework/Versions/A/LangAnalysis
0x00000000026cf000 	/System/Library/Frameworks/ApplicationServices.framework/Versions/A/Frameworks/PrintCore.framework/Versions/A/PrintCore
0x00000000026cf000 	/System/Library/Frameworks/ApplicationServices.framework/Versions/A/Frameworks/QD.framework/Versions/A/QD
0x00000000026cf000 	/System/Library/Frameworks/ApplicationServices.framework/Versions/A/Frameworks/SpeechSynthesis.framework/Versions/A/SpeechSynthesis
0x00000000026cf000 	/System/Library/Frameworks/Metal.framework/Versions/A/Metal
0x00000000026cf000 	/System/Library/Frameworks/Accelerate.framework/Versions/A/Frameworks/vImage.framework/Versions/A/vImage
0x00000000026cf000 	/System/Library/Frameworks/Accelerate.framework/Versions/A/Frameworks/vecLib.framework/Versions/A/vecLib
0x00000000026cf000 	/System/Library/Frameworks/Accelerate.framework/Versions/A/Frameworks/vecLib.framework/Versions/A/libvDSP.dylib
0x00000000026cf000 	/System/Library/Frameworks/Accelerate.framework/Versions/A/Frameworks/vecLib.framework/Versions/A/libvMisc.dylib
0x00000000026cf000 	/System/Library/Frameworks/Accelerate.framework/Versions/A/Frameworks/vecLib.framework/Versions/A/libLAPACK.dylib
0x00000000026cf000 	/System/Library/Frameworks/Accelerate.framework/Versions/A/Frameworks/vecLib.framework/Versions/A/libBLAS.dylib
0x00000000026cf000 	/System/Library/Frameworks/Accelerate.framework/Versions/A/Frameworks/vecLib.framework/Versions/A/libLinearAlgebra.dylib
0x00000000026cf000 	/System/Library/Frameworks/Accelerate.framework/Versions/A/Frameworks/vecLib.framework/Versions/A/libSparseBLAS.dylib
0x00000000026cf000 	/System/Library/PrivateFrameworks/GPUCompiler.framework/libmetal_timestamp.dylib
0x00000000026cf000 	/System/Library/Frameworks/OpenGL.framework/Versions/A/Libraries/libCoreFSCache.dylib
0x00000000026cf000 	/System/Library/PrivateFrameworks/IOAccelerator.framework/Versions/A/IOAccelerator
0x00000000026cf000 	/System/Library/Frameworks/ApplicationServices.framework/Versions/A/Frameworks/ATS.framework/Versions/A/Resources/libFontParser.dylib
0x00000000026cf000 	/System/Library/Frameworks/ApplicationServices.framework/Versions/A/Frameworks/ATS.framework/Versions/A/Resources/libFontRegistry.dylib
0x00000000026cf000 	/System/Library/PrivateFrameworks/AppleVPA.framework/Versions/A/AppleVPA
0x00000000026cf000 	/System/Library/PrivateFrameworks/AppleJPEG.framework/Versions/A/AppleJPEG
0x00000000026cf000 	/System/Library/Frameworks/ImageIO.framework/Versions/A/Resources/libJPEG.dylib
0x00000000026cf000 	/System/Library/Frameworks/ImageIO.framework/Versions/A/Resources/libTIFF.dylib
0x00000000026cf000 	/System/Library/Frameworks/ImageIO.framework/Versions/A/Resources/libPng.dylib
0x00000000026cf000 	/System/Library/Frameworks/ImageIO.framework/Versions/A/Resources/libGIF.dylib
0x00000000026cf000 	/System/Library/Frameworks/ImageIO.framework/Versions/A/Resources/libJP2.dylib
0x00000000026cf000 	/System/Library/Frameworks/ImageIO.framework/Versions/A/Resources/libRadiance.dylib
0x00000000026cf000 	/System/Library/Frameworks/CoreVideo.framework/Versions/A/CoreVideo
0x00000000026cf000 	/System/Library/Frameworks/OpenGL.framework/Versions/A/Libraries/libGLU.dylib
0x00000000026cf000 	/System/Library/Frameworks/OpenGL.framework/Versions/A/Libraries/libGFXShared.dylib
0x00000000026cf000 	/System/Library/Frameworks/OpenGL.framework/Versions/A/Libraries/libGL.dylib
0x00000000026cf000 	/System/Library/Frameworks/OpenGL.framework/Versions/A/Libraries/libGLImage.dylib
0x00000000026cf000 	/System/Library/Frameworks/OpenGL.framework/Versions/A/Libraries/libCVMSPluginSupport.dylib
0x00000000026cf000 	/System/Library/Frameworks/OpenGL.framework/Versions/A/Libraries/libCoreVMClient.dylib
0x00000000026cf000 	/usr/lib/libcompression.dylib
0x00000000026cf000 	/usr/lib/libcups.2.dylib
0x00000000026cf000 	/System/Library/Frameworks/Kerberos.framework/Versions/A/Kerberos
0x00000000026cf000 	/System/Library/Frameworks/GSS.framework/Versions/A/GSS
0x00000000026cf000 	/usr/lib/libresolv.9.dylib
0x00000000026cf000 	/usr/lib/libiconv.2.dylib
0x00000000026cf000 	/System/Library/PrivateFrameworks/Heimdal.framework/Versions/A/Heimdal
0x00000000026cf000 	/usr/lib/libheimdal-asn1.dylib
0x00000000026cf000 	/System/Library/Frameworks/OpenDirectory.framework/Versions/A/OpenDirectory
0x00000000026cf000 	/System/Library/PrivateFrameworks/CommonAuth.framework/Versions/A/CommonAuth
0x00000000026cf000 	/System/Library/Frameworks/OpenDirectory.framework/Versions/A/Frameworks/CFOpenDirectory.framework/Versions/A/CFOpenDirectory
0x00000000026cf000 	/System/Library/Frameworks/SecurityFoundation.framework/Versions/A/SecurityFoundation
0x00000000026cf000 	/System/Library/PrivateFrameworks/LanguageModeling.framework/Versions/A/LanguageModeling
0x00000000026cf000 	/usr/lib/libmarisa.dylib
0x00000000026cf000 	/usr/lib/libChineseTokenizer.dylib
0x00000000026cf000 	/usr/lib/libcmph.dylib
0x00000000026cf000 	/System/Library/Frameworks/ServiceManagement.framework/Versions/A/ServiceManagement
0x00000000026cf000 	/usr/lib/libxslt.1.dylib
0x00000000026cf000 	/System/Library/Frameworks/Carbon.framework/Versions/A/Frameworks/Ink.framework/Versions/A/Ink
0x00000000026cf000 	/usr/lib/libFosl_dynamic.dylib
0x00000000026cf000 	/System/Library/PrivateFrameworks/FaceCore.framework/Versions/A/FaceCore
0x00000000026cf000 	/System/Library/Frameworks/OpenCL.framework/Versions/A/OpenCL
0x00000000026cf000 	/System/Library/PrivateFrameworks/CrashReporterSupport.framework/Versions/A/CrashReporterSupport
0x00000000026cf000 	/System/Library/PrivateFrameworks/IconServices.framework/Versions/A/IconServices
0x00000000026cf000 	/System/Library/PrivateFrameworks/Apple80211.framework/Versions/A/Apple80211
0x00000000026cf000 	/System/Library/Frameworks/CoreWLAN.framework/Versions/A/CoreWLAN
0x00000000026cf000 	/System/Library/Frameworks/IOBluetooth.framework/Versions/A/IOBluetooth
0x00000000026cf000 	/System/Library/PrivateFrameworks/CoreWiFi.framework/Versions/A/CoreWiFi
0x00000000026cf000 	/System/Library/Frameworks/CoreBluetooth.framework/Versions/A/CoreBluetooth
0x00000000026cf000 	/System/Library/PrivateFrameworks/ChunkingLibrary.framework/Versions/A/ChunkingLibrary
0x00000000026cf000 	/System/Library/PrivateFrameworks/DebugSymbols.framework/Versions/A/DebugSymbols
0x00000000026cf000 	/System/Library/PrivateFrameworks/CoreSymbolication.framework/Versions/A/CoreSymbolication
0x00000000026cf000 	/System/Library/PrivateFrameworks/Symbolication.framework/Versions/A/Symbolication
0x00000000026cf000 	/System/Library/PrivateFrameworks/SpeechRecognitionCore.framework/Versions/A/SpeechRecognitionCore
0x0000000104600000 	/Library/Java/JavaVirtualMachines/jdk1.8.0_112.jdk/Contents/Home/jre/lib/server/libjvm.dylib
0x00000000026cf000 	/usr/lib/libstdc++.6.dylib
0x0000000103c22000 	/Library/Java/JavaVirtualMachines/jdk1.8.0_112.jdk/Contents/Home/jre/lib/libverify.dylib
0x0000000103c30000 	/Library/Java/JavaVirtualMachines/jdk1.8.0_112.jdk/Contents/Home/jre/lib/libjava.dylib
0x0000000103c66000 	/Library/Java/JavaVirtualMachines/jdk1.8.0_112.jdk/Contents/Home/jre/lib/libinstrument.dylib
0x0000000103cc4000 	/Library/Java/JavaVirtualMachines/jdk1.8.0_112.jdk/Contents/Home/jre/lib/libzip.dylib
0x000000011adc3000 	/System/Library/Frameworks/JavaVM.framework/Frameworks/JavaRuntimeSupport.framework/JavaRuntimeSupport
0x0000000103de6000 	/System/Library/Frameworks/JavaVM.framework/Versions/A/Frameworks/JavaNativeFoundation.framework/Versions/A/JavaNativeFoundation
0x000000011adde000 	/System/Library/Frameworks/JavaVM.framework/Versions/A/JavaVM
0x00000000026cf000 	/System/Library/Frameworks/Carbon.framework/Versions/A/Carbon
0x000000011adeb000 	/System/Library/PrivateFrameworks/JavaLaunching.framework/Versions/A/JavaLaunching
0x00000000026cf000 	/System/Library/Frameworks/Carbon.framework/Versions/A/Frameworks/CommonPanels.framework/Versions/A/CommonPanels
0x00000000026cf000 	/System/Library/Frameworks/Carbon.framework/Versions/A/Frameworks/Help.framework/Versions/A/Help
0x00000000026cf000 	/System/Library/Frameworks/Carbon.framework/Versions/A/Frameworks/ImageCapture.framework/Versions/A/ImageCapture
0x00000000026cf000 	/System/Library/Frameworks/Carbon.framework/Versions/A/Frameworks/OpenScripting.framework/Versions/A/OpenScripting
0x00000000026cf000 	/System/Library/Frameworks/Carbon.framework/Versions/A/Frameworks/Print.framework/Versions/A/Print
0x00000000026cf000 	/System/Library/Frameworks/Carbon.framework/Versions/A/Frameworks/SecurityHI.framework/Versions/A/SecurityHI
0x000000011c846000 	/Library/Java/JavaVirtualMachines/jdk1.8.0_112.jdk/Contents/Home/jre/lib/libnet.dylib
0x000000011c8a5000 	/Library/Java/JavaVirtualMachines/jdk1.8.0_112.jdk/Contents/Home/jre/lib/libawt.dylib
0x000000011c94d000 	/Library/Java/JavaVirtualMachines/jdk1.8.0_112.jdk/Contents/Home/jre/lib/./libmlib_image.dylib
0x000000011ca19000 	/Library/Java/JavaVirtualMachines/jdk1.8.0_112.jdk/Contents/Home/jre/lib/libawt_lwawt.dylib
0x000000011cad0000 	/Library/Java/JavaVirtualMachines/jdk1.8.0_112.jdk/Contents/Home/jre/lib/./libosxapp.dylib
0x00000000026cf000 	/System/Library/Frameworks/ExceptionHandling.framework/Versions/A/ExceptionHandling
0x00000000026cf000 	/System/Library/PrivateFrameworks/CoreServicesInternal.framework/Versions/A/CoreServicesInternal
0x00000000026cf000 	/System/Library/Frameworks/CoreGraphics.framework/Versions/A/Resources/libRIP.A.dylib
0x00000000026cf000 	/System/Library/Frameworks/Accelerate.framework/Versions/A/Frameworks/vImage.framework/Versions/A/Libraries/libCGInterfaces.dylib
0x00000000026cf000 	/System/Library/Frameworks/CoreGraphics.framework/Versions/A/Resources/libCGXType.A.dylib
0x00000000026cf000 	/System/Library/Frameworks/OpenCL.framework/Versions/A/Libraries/libcldcpuengine.dylib
0x00000000026cf000 	/System/Library/PrivateFrameworks/DiskImages.framework/Versions/A/DiskImages
0x00000000026cf000 	/System/Library/Frameworks/DiscRecording.framework/Versions/A/DiscRecording
0x00000000026cf000 	/usr/lib/libcsfde.dylib
0x00000000026cf000 	/usr/lib/libcurl.4.dylib
0x00000000026cf000 	/System/Library/PrivateFrameworks/MediaKit.framework/Versions/A/MediaKit
0x00000000026cf000 	/System/Library/PrivateFrameworks/ProtectedCloudStorage.framework/Versions/A/ProtectedCloudStorage
0x00000000026cf000 	/usr/lib/libCoreStorage.dylib
0x00000000026cf000 	/System/Library/PrivateFrameworks/EFILogin.framework/Versions/A/EFILogin
0x00000000026cf000 	/usr/lib/libutil.dylib
0x00000000026cf000 	/System/Library/PrivateFrameworks/FindMyDevice.framework/Versions/A/FindMyDevice
0x00000000026cf000 	/System/Library/Frameworks/LDAP.framework/Versions/A/LDAP
0x00000000026cf000 	/usr/lib/libsasl2.2.dylib
0x00000000026cf000 	/System/Library/PrivateFrameworks/CoreDaemon.framework/Versions/B/CoreDaemon
0x00000000026cf000 	/usr/lib/libcrypto.0.9.8.dylib
0x00000000026cf000 	/System/Library/PrivateFrameworks/AppleSRP.framework/Versions/A/AppleSRP
0x00000000026cf000 	/System/Library/PrivateFrameworks/TrustEvaluationAgent.framework/Versions/A/TrustEvaluationAgent
0x000000011eb10000 	cl_kernels
0x00000000026cf000 	/System/Library/Frameworks/OpenCL.framework/Versions/A/Libraries/ImageFormats/unorm8_bgra.dylib
0x00000000026cf000 	/System/Library/Frameworks/OpenCL.framework/Versions/A/Libraries/ImageFormats/unorm8_rgba.dylib
0x00000000026cf000 	/System/Library/PrivateFrameworks/FamilyControls.framework/Versions/A/FamilyControls
0x00000000026cf000 	/System/Library/PrivateFrameworks/CommerceKit.framework/Versions/A/Frameworks/CommerceCore.framework/Versions/A/CommerceCore
0x00000000026cf000 	/System/Library/PrivateFrameworks/SystemAdministration.framework/Versions/A/SystemAdministration
0x00000000026cf000 	/System/Library/PrivateFrameworks/AppContainer.framework/Versions/A/AppContainer
0x00000000026cf000 	/System/Library/PrivateFrameworks/SecCodeWrapper.framework/Versions/A/SecCodeWrapper
0x00000000026cf000 	/System/Library/Frameworks/DirectoryService.framework/Versions/A/DirectoryService
0x00000000026cf000 	/System/Library/PrivateFrameworks/LoginUIKit.framework/Versions/A/Frameworks/LoginUICore.framework/Versions/A/LoginUICore
0x00000000026cf000 	/usr/lib/libodfde.dylib
0x000000011fc5e000 	/Library/Java/JavaVirtualMachines/jdk1.8.0_112.jdk/Contents/Home/jre/lib/libfontmanager.dylib
0x000000011fcc5000 	/Users/peternabil/IdeaProjects/Hannibal/libs/liblwjgl.dylib
0x000000011dc32000 	/Library/Java/JavaVirtualMachines/jdk1.8.0_112.jdk/Contents/Home/jre/lib/libjawt.dylib
0x00000000026cf000 	/System/Library/Frameworks/OpenGL.framework/Versions/A/Resources/GLEngine.bundle/GLEngine
0x00000000026cf000 	/System/Library/Frameworks/OpenGL.framework/Versions/A/Libraries/libGLProgrammability.dylib
0x000000011fd47000 	/System/Library/Extensions/AppleIntelBDWGraphicsGLDriver.bundle/Contents/MacOS/AppleIntelBDWGraphicsGLDriver
0x00000000026cf000 	/System/Library/PrivateFrameworks/GPUSupport.framework/Versions/A/Libraries/libGPUSupportMercury.dylib
0x00000000026cf000 	/System/Library/Frameworks/OpenGL.framework/Versions/A/Resources/GLRendererFloat.bundle/GLRendererFloat

VM Arguments:
jvm_args: -Djava.library.path=libs/ -javaagent:/Applications/IntelliJ IDEA CE.app/Contents/lib/idea_rt.jar=54239:/Applications/IntelliJ IDEA CE.app/Contents/bin -Dfile.encoding=UTF-8 
java_command: cse.Game
java_class_path (initial): /Library/Java/JavaVirtualMachines/jdk1.8.0_112.jdk/Contents/Home/jre/lib/charsets.jar:/Library/Java/JavaVirtualMachines/jdk1.8.0_112.jdk/Contents/Home/jre/lib/deploy.jar:/Library/Java/JavaVirtualMachines/jdk1.8.0_112.jdk/Contents/Home/jre/lib/ext/cldrdata.jar:/Library/Java/JavaVirtualMachines/jdk1.8.0_112.jdk/Contents/Home/jre/lib/ext/dnsns.jar:/Library/Java/JavaVirtualMachines/jdk1.8.0_112.jdk/Contents/Home/jre/lib/ext/jaccess.jar:/Library/Java/JavaVirtualMachines/jdk1.8.0_112.jdk/Contents/Home/jre/lib/ext/jfxrt.jar:/Library/Java/JavaVirtualMachines/jdk1.8.0_112.jdk/Contents/Home/jre/lib/ext/localedata.jar:/Library/Java/JavaVirtualMachines/jdk1.8.0_112.jdk/Contents/Home/jre/lib/ext/nashorn.jar:/Library/Java/JavaVirtualMachines/jdk1.8.0_112.jdk/Contents/Home/jre/lib/ext/sunec.jar:/Library/Java/JavaVirtualMachines/jdk1.8.0_112.jdk/Contents/Home/jre/lib/ext/sunjce_provider.jar:/Library/Java/JavaVirtualMachines/jdk1.8.0_112.jdk/Contents/Home/jre/lib/ext/sunpkcs11.jar:/Library/Java/JavaVirtualMachines/jdk1.8.0_112.jdk/Contents/Home/jre/lib/ext/zipfs.jar:/Library/Java/JavaVirtualMachines/jdk1.8.0_112.jdk/Contents/Home/jre/lib/javaws.jar:/Library/Java/JavaVirtualMachines/jdk1.8.0_112.jdk/Contents/Home/jre/lib/jce.jar:/Library/Java/JavaVirtualMachines/jdk1.8.0_112.jdk/Contents/Home/jre/lib/jfr.jar:/Library/Java/JavaVirtualMachines/jdk1.8.0_112.jdk/Contents/Home/jre/lib/jfxswt.jar:/Library/Java/JavaVirtualMachines/jdk1.8.0_112.jdk/Contents/Home/jre/lib/jsse.jar:/Library/Java/JavaVirtualMachines/jdk1.8.0_112.jdk/Contents/Home/jre/lib/management-agent.jar:/Library/Java/JavaVirtualMachines/jdk1.8.0_112.jdk/Contents/Home/jre/lib/plugin.jar:/Library/Java/JavaVirtualMachines/jdk1.8.0_112.jdk/Contents/Home/jre/lib/resources.jar:/Library/Java/JavaVirtualMachines/jdk1.8.0_112.jdk/Contents/Home/jre/lib/rt.jar:/Library/Java/JavaVirtualMachines/jdk1.8.0_112.jdk/Contents/Home/lib/ant-javafx.jar:/Library/Java/JavaVirtualMachines/jdk1.8.0_112.jdk/Contents/Home
Launcher Type: SUN_STANDARD

Environment Variables:
PATH=//anaconda/bin:/usr/local/bin:/usr/bin:/bin:/usr/sbin:/sbin
SHELL=/bin/bash

Signal Handlers:
SIGSEGV: [libjvm.dylib+0x5b11a5], sa_mask[0]=11111111011111110111111111111111, sa_flags=SA_ONSTACK|SA_RESTART|SA_SIGINFO
SIGBUS: [libjvm.dylib+0x5b11a5], sa_mask[0]=11111111011111110111111111111111, sa_flags=SA_RESTART|SA_SIGINFO
SIGFPE: [libjvm.dylib+0x487dc0], sa_mask[0]=11111111011111110111111111111111, sa_flags=SA_RESTART|SA_SIGINFO
SIGPIPE: [libjvm.dylib+0x487dc0], sa_mask[0]=11111111011111110111111111111111, sa_flags=SA_RESTART|SA_SIGINFO
SIGXFSZ: [libjvm.dylib+0x487dc0], sa_mask[0]=11111111011111110111111111111111, sa_flags=SA_RESTART|SA_SIGINFO
SIGILL: [libjvm.dylib+0x487dc0], sa_mask[0]=11111111011111110111111111111111, sa_flags=SA_RESTART|SA_SIGINFO
SIGUSR1: SIG_DFL, sa_mask[0]=00000000000000000000000000000000, sa_flags=none
SIGUSR2: [libjvm.dylib+0x4878de], sa_mask[0]=00100000000000000000000000000000, sa_flags=SA_RESTART|SA_SIGINFO
SIGHUP: [libjvm.dylib+0x485eb5], sa_mask[0]=11111111011111110111111111111111, sa_flags=SA_RESTART|SA_SIGINFO
SIGINT: [libjvm.dylib+0x485eb5], sa_mask[0]=11111111011111110111111111111111, sa_flags=SA_RESTART|SA_SIGINFO
SIGTERM: [libjvm.dylib+0x485eb5], sa_mask[0]=11111111011111110111111111111111, sa_flags=SA_RESTART|SA_SIGINFO
SIGQUIT: [libjvm.dylib+0x485eb5], sa_mask[0]=11111111011111110111111111111111, sa_flags=SA_RESTART|SA_SIGINFO


---------------  S Y S T E M  ---------------

OS:Bsduname:Darwin 15.6.0 Darwin Kernel Version 15.6.0: Thu Jun 23 18:25:34 PDT 2016; root:xnu-3248.60.10~1/RELEASE_X86_64 x86_64
rlimit: STACK 8192k, CORE 0k, NPROC 709, NOFILE 10240, AS infinity
load average:2.31 2.67 3.06

CPU:total 4 (2 cores per cpu, 2 threads per core) family 6 model 61 stepping 4, cmov, cx8, fxsr, mmx, sse, sse2, sse3, ssse3, sse4.1, sse4.2, popcnt, avx, avx2, aes, clmul, erms, 3dnowpref, lzcnt, ht, tsc, tscinvbit, bmi1, bmi2, adx

Memory: 4k page, physical 8388608k(47800k free)

/proc/meminfo:


vm_info: Java HotSpot(TM) 64-Bit Server VM (25.112-b16) for bsd-amd64 JRE (1.8.0_112-b16), built on Sep 30 2016 22:41:41 by "java_re" with gcc 4.2.1 (Based on Apple Inc. build 5658) (LLVM build 2336.11.00)

time: Thu Mar 29 21:21:47 2018
elapsed time: 7 seconds (0d 0h 0m 7s)

