#
# A fatal error has been detected by the Java Runtime Environment:
#
#  SIGSEGV (0xb) at pc=0x00007fff8bfbf581, pid=38653, tid=0x0000000000000a0b
#
# JRE version: Java(TM) SE Runtime Environment (8.0_112-b16) (build 1.8.0_112-b16)
# Java VM: Java HotSpot(TM) 64-Bit Server VM (25.112-b16 mixed mode bsd-amd64 compressed oops)
# Problematic frame:
# C  [libobjc.A.dylib+0xb581]  weak_register_no_lock+0x41
#
# Failed to write core dump. Core dumps have been disabled. To enable core dumping, try "ulimit -c unlimited" before starting Java again
#
# If you would like to submit a bug report, please visit:
#   http://bugreport.java.com/bugreport/crash.jsp
# The crash happened outside the Java Virtual Machine in native code.
# See problematic frame for where to report the bug.
#

---------------  T H R E A D  ---------------

Current thread (0x00007fadb10a8800):  JavaThread "AppKit Thread" daemon [_thread_in_native, id=2571, stack(0x00007fff5e80f000,0x00007fff5f00f000)]

siginfo: si_signo: 11 (SIGSEGV), si_code: 1 (SEGV_MAPERR), si_addr: 0x0000000000000020

Registers:
RAX=0x0000000000000000, RBX=0x00007fadb047f810, RCX=0x0000000000000000, RDX=0x00007fadb046d370
RSP=0x00007fff5f009a00, RBP=0x00007fff5f009a50, RSI=0x00007fadb047f810, RDI=0x00007fff73bffba8
R8 =0x00007fff8b26ca67, R9 =0x00007fadb0666020, R10=0x0000000000000022, R11=0x0000000000000022
R12=0x0000000000000001, R13=0x0000000000000000, R14=0x00007fff73bffba8, R15=0x00007fadb046d370
RIP=0x00007fff8bfbf581, EFLAGS=0x0000000000010246, ERR=0x0000000000000004
  TRAPNO=0x000000000000000e

Top of Stack: (sp=0x00007fff5f009a00)
0x00007fff5f009a00:   00007fff73bfdd00 00007fff73bff600
0x00007fff5f009a10:   00007fff5f009a90 00007fff8bfbf431
0x00007fff5f009a20:   00007fff5f009a40 00007fff73bfdd00
0x00007fff5f009a30:   00007fadb046d370 0000000000000000
0x00007fff5f009a40:   00007fff73bffb80 0000000000000000
0x00007fff5f009a50:   00007fff5f009ad0 00007fff8bfbf3a9
0x00007fff5f009a60:   ffff80524f999fe0 00007fadb046d160
0x00007fff5f009a70:   0000000000001e80 0000000000000000
0x00007fff5f009a80:   0000000000000000 0000000000000000
0x00007fff5f009a90:   00007fadb047f810 000000000000003d
0x00007fff5f009aa0:   000000000000000c 00007fadb0666020
0x00007fff5f009ab0:   0000000000000000 00007fadb074efa0
0x00007fff5f009ac0:   00007fadb046d160 00007fadb047f810
0x00007fff5f009ad0:   00007fff5f009b10 00007fff8b266973
0x00007fff5f009ae0:   00007fadb0666020 0000000000000000
0x00007fff5f009af0:   00007fadb047f810 00007fff8bfb54c0
0x00007fff5f009b00:   00007fadb0666020 00007fff73eb0388
0x00007fff5f009b10:   00007fff5f009b40 00007fff8c65cf6a
0x00007fff5f009b20:   00007fff5f009bb8 00007fff8bfb54c0
0x00007fff5f009b30:   00007fadb047f810 00007fadb0666020
0x00007fff5f009b40:   00007fff5f009b70 00007fff8c99c6dd
0x00007fff5f009b50:   0000000000000000 0000000000000094
0x00007fff5f009b60:   00007fff5f009bb8 0000000000000001
0x00007fff5f009b70:   00007fff5f009ba0 00007fff8c49a325
0x00007fff5f009b80:   00007fadb0666020 00007fadb047f810
0x00007fff5f009b90:   00007fadb0666020 0000000000000000
0x00007fff5f009ba0:   00007fff5f009c00 00007fff8c65cc0d
0x00007fff5f009bb0:   0000000000000000 00007fff739a90a0
0x00007fff5f009bc0:   0000000042000000 00007fff8c99c607
0x00007fff5f009bd0:   00007fff73c1c9e0 0000000000000000
0x00007fff5f009be0:   00007fadb047f810 00007fadb0666020
0x00007fff5f009bf0:   00007fadb0666020 00007fadb047f810 

Instructions: (pc=0x00007fff8bfbf581)
0x00007fff8bfbf561:   db 0f 84 19 01 00 00 f6 c3 01 0f 85 0d 01 00 00
0x00007fff8bfbf571:   48 8b 03 48 b9 f8 ff ff ff ff 7f 00 00 48 21 c1
0x00007fff8bfbf581:   f6 41 20 02 75 34 4c 8d 2d 6a 08 c4 e7 49 8b 75
0x00007fff8bfbf591:   00 48 89 df e8 73 d7 ff ff 48 89 c1 31 c0 48 3b 

Register to memory mapping:

RAX=0x0000000000000000 is an unknown value
RBX=0x00007fadb047f810 is an unknown value
RCX=0x0000000000000000 is an unknown value
RDX=0x00007fadb046d370 is an unknown value
RSP=0x00007fff5f009a00 is pointing into the stack for thread: 0x00007fadb10a8800
RBP=0x00007fff5f009a50 is pointing into the stack for thread: 0x00007fadb10a8800
RSI=0x00007fadb047f810 is an unknown value
RDI=0x00007fff73bffba8: _ZN12_GLOBAL__N_1L12SideTableBufE+0x1ea8 in /usr/lib/libobjc.A.dylib at 0x00007fff8bfb4000
R8 =0x00007fff8b26ca67: storeARCWeakAt+0 in /System/Library/Frameworks/Foundation.framework/Versions/C/Foundation at 0x00007fff8b24d000
R9 =0x00007fadb0666020 is an unknown value
R10=0x0000000000000022 is an unknown value
R11=0x0000000000000022 is an unknown value
R12=0x0000000000000001 is an unknown value
R13=0x0000000000000000 is an unknown value
R14=0x00007fff73bffba8: _ZN12_GLOBAL__N_1L12SideTableBufE+0x1ea8 in /usr/lib/libobjc.A.dylib at 0x00007fff8bfb4000
R15=0x00007fadb046d370 is an unknown value


Stack: [0x00007fff5e80f000,0x00007fff5f00f000],  sp=0x00007fff5f009a00,  free space=8170k
Native frames: (J=compiled Java code, j=interpreted, Vv=VM code, C=native code)
C  [libobjc.A.dylib+0xb581]  weak_register_no_lock+0x41
C  [libobjc.A.dylib+0xb3a9]  objc_storeWeak+0x18b
C  [Foundation+0x19973]  -[NSConcreteMapTable setObject:forKey:]+0x6e
C  [AppKit+0x345f6a]  -[NSView(NSOpenGLContextAssociation) _setOpenGLContext:]+0xf2
C  [AppKit+0x6856dd]  __27-[NSOpenGLContext setView:]_block_invoke+0xd6
C  [AppKit+0x183325]  NSPerformVisuallyAtomicChange+0x93
C  [AppKit+0x345c0d]  -[NSOpenGLContext setView:]+0x77
C  [liblwjgl.dylib+0xa586]  -[MacOSXOpenGLView lockFocus]+0x76
C  [AppKit+0x1a8797]  -[NSView _recursiveDisplayRectIfNeededIgnoringOpacity:isVisibleRect:rectIsVisibleRectForView:topView:]+0x6e2
C  [AppKit+0x1a9785]  -[NSView _recursiveDisplayRectIfNeededIgnoringOpacity:isVisibleRect:rectIsVisibleRectForView:topView:]+0x16d0
C  [AppKit+0x1a7be0]  -[NSThemeFrame _recursiveDisplayRectIfNeededIgnoringOpacity:isVisibleRect:rectIsVisibleRectForView:topView:]+0x14e
C  [AppKit+0x1a5feb]  -[NSView _displayRectIgnoringOpacity:isVisibleRect:rectIsVisibleRectForView:]+0x991
C  [AppKit+0x1a13f5]  -[NSView displayIfNeeded]+0x79e
C  [AppKit+0x1a0c3c]  -[NSWindow displayIfNeeded]+0xe8
C  [AppKit+0x82541b]  ___NSWindowGetDisplayCycleObserver_block_invoke6365+0x1dc
C  [AppKit+0x1a05d6]  __37+[NSDisplayCycle currentDisplayCycle]_block_invoke+0x3ad
C  [QuartzCore+0x10f71]  CA::Transaction::run_commit_handlers(CATransactionPhase)+0x55
C  [QuartzCore+0x1042c]  CA::Context::commit_transaction(CA::Transaction*)+0xa0
C  [QuartzCore+0x100ec]  CA::Transaction::commit()+0x1fc
C  [QuartzCore+0x1b977]  CA::Transaction::observer_callback(__CFRunLoopObserver*, unsigned long, void*)+0x47
C  [CoreFoundation+0xaa067]  __CFRUNLOOP_IS_CALLING_OUT_TO_AN_OBSERVER_CALLBACK_FUNCTION__+0x17
C  [CoreFoundation+0xa9fd7]  __CFRunLoopDoObservers+0x187
C  [CoreFoundation+0x88ef8]  CFRunLoopRunSpecific+0x148
C  [HIToolbox+0x30935]  RunCurrentEventLoopInMode+0xeb
C  [HIToolbox+0x30677]  ReceiveNextEventCommon+0xb8
C  [HIToolbox+0x305af]  _BlockUntilNextEventMatchingListInModeWithFilter+0x47
C  [AppKit+0x48df6]  _DPSNextEvent+0x42b
C  [AppKit+0x48226]  -[NSApplication _nextEventMatchingEventMask:untilDate:inMode:dequeue:]+0x1c6
C  [libosxapp.dylib+0x23aa]  -[NSApplicationAWT nextEventMatchingMask:untilDate:inMode:dequeue:]+0x7c
C  [AppKit+0x3cd80]  -[NSApplication run]+0x2aa
C  [libosxapp.dylib+0x214d]  +[NSApplicationAWT runAWTLoopWithApp:]+0x9c
C  [libawt_lwawt.dylib+0x4615f]  -[AWTStarter starter:]+0x389
C  [Foundation+0x76fde]  __NSThreadPerformPerform+0x117
C  [CoreFoundation+0xaa881]  __CFRUNLOOP_IS_CALLING_OUT_TO_A_SOURCE0_PERFORM_FUNCTION__+0x11
C  [CoreFoundation+0x89fbc]  __CFRunLoopDoSources0+0x22c
C  [CoreFoundation+0x894df]  __CFRunLoopRun+0x39f
C  [CoreFoundation+0x88ed8]  CFRunLoopRunSpecific+0x128
C  [java+0x6465]  CreateExecutionEnvironment+0x367
C  [java+0x218c]  JLI_Launch+0x7a0
C  [java+0x84c2]  main+0x65
C  [java+0x19e4]  start+0x34
C  0x0000000000000007


---------------  P R O C E S S  ---------------

Java Threads: ( => current thread )
  0x00007fadb20e9000 JavaThread "Java2D Queue Flusher" daemon [_thread_blocked, id=50951, stack(0x00007000014dc000,0x00007000015dc000)]
  0x00007fadb09c9800 JavaThread "Java2D Disposer" daemon [_thread_blocked, id=43579, stack(0x00007000013d9000,0x00007000014d9000)]
  0x00007fadb20e3000 JavaThread "AWT-Shutdown" [_thread_blocked, id=29983, stack(0x0000700001253000,0x0000700001353000)]
=>0x00007fadb10a8800 JavaThread "AppKit Thread" daemon [_thread_in_native, id=2571, stack(0x00007fff5e80f000,0x00007fff5f00f000)]
  0x00007fadb0875800 JavaThread "Service Thread" daemon [_thread_blocked, id=19203, stack(0x0000700000f47000,0x0000700001047000)]
  0x00007fadb104b800 JavaThread "C1 CompilerThread2" daemon [_thread_blocked, id=18691, stack(0x0000700000e44000,0x0000700000f44000)]
  0x00007fadb0875000 JavaThread "C2 CompilerThread1" daemon [_thread_blocked, id=18179, stack(0x0000700000d41000,0x0000700000e41000)]
  0x00007fadb084d000 JavaThread "C2 CompilerThread0" daemon [_thread_blocked, id=17667, stack(0x0000700000c3e000,0x0000700000d3e000)]
  0x00007fadb1024800 JavaThread "Monitor Ctrl-Break" daemon [_thread_in_native, id=17155, stack(0x0000700000b3b000,0x0000700000c3b000)]
  0x00007fadb0841000 JavaThread "Signal Dispatcher" daemon [_thread_blocked, id=13839, stack(0x0000700000a38000,0x0000700000b38000)]
  0x00007fadb0833000 JavaThread "Finalizer" daemon [_thread_blocked, id=11779, stack(0x000070000082f000,0x000070000092f000)]
  0x00007fadb200e800 JavaThread "Reference Handler" daemon [_thread_blocked, id=11267, stack(0x000070000072c000,0x000070000082c000)]
  0x00007fadb2002000 JavaThread "main" [_thread_in_native, id=4099, stack(0x0000700000084000,0x0000700000184000)]

Other Threads:
  0x00007fadb200c000 VMThread [stack: 0x0000700000629000,0x0000700000729000] [id=10755]
  0x00007fadb1836000 WatcherThread [stack: 0x000070000104a000,0x000070000114a000] [id=19715]

VM state:not at safepoint (normal execution)

VM Mutex/Monitor currently owned by a thread: None

Heap:
 PSYoungGen      total 38400K, used 14277K [0x0000000795580000, 0x0000000798000000, 0x00000007c0000000)
  eden space 33280K, 35% used [0x0000000795580000,0x00000007961297b0,0x0000000797600000)
  from space 5120K, 45% used [0x0000000797b00000,0x0000000797d48000,0x0000000798000000)
  to   space 5120K, 0% used [0x0000000797600000,0x0000000797600000,0x0000000797b00000)
 ParOldGen       total 87552K, used 32K [0x0000000740000000, 0x0000000745580000, 0x0000000795580000)
  object space 87552K, 0% used [0x0000000740000000,0x0000000740008000,0x0000000745580000)
 Metaspace       used 9783K, capacity 9941K, committed 10112K, reserved 1058816K
  class space    used 1030K, capacity 1085K, committed 1152K, reserved 1048576K

Card table byte_map: [0x0000000111bc0000,0x0000000111fc1000] byte_map_base: 0x000000010e1c0000

Marking Bits: (ParMarkBitMap*) 0x000000010175dd30
 Begin Bits: [0x000000011226c000, 0x000000011426c000)
 End Bits:   [0x000000011426c000, 0x000000011626c000)

Polling page: 0x0000000101e52000

CodeCache: size=245760Kb used=3858Kb max_used=3869Kb free=241901Kb
 bounds [0x0000000102800000, 0x0000000102bd0000, 0x0000000111800000]
 total_blobs=1436 nmethods=928 adapters=422
 compilation: enabled

Compilation events (10 events):
Event: 5.441 Thread 0x00007fadb0875000  924       4       java.util.HashMap$HashIterator::hasNext (13 bytes)
Event: 5.442 Thread 0x00007fadb0875000 nmethod 924 0x0000000102bbf250 code [0x0000000102bbf3a0, 0x0000000102bbf418]
Event: 5.624 Thread 0x00007fadb104b800  925       3       org.newdawn.slick.state.StateBasedGame::transitioning (20 bytes)
Event: 5.624 Thread 0x00007fadb104b800 nmethod 925 0x0000000102bc5e50 code [0x0000000102bc5fc0, 0x0000000102bc61b0]
Event: 5.624 Thread 0x00007fadb104b800  926       1       org.newdawn.slick.state.BasicGameState::isAcceptingInput (2 bytes)
Event: 5.624 Thread 0x00007fadb104b800 nmethod 926 0x0000000102bc5b90 code [0x0000000102bc5ce0, 0x0000000102bc5df0]
Event: 5.629 Thread 0x00007fadb084d000  927       4       java.nio.HeapByteBuffer::compact (52 bytes)
Event: 5.631 Thread 0x00007fadb084d000 nmethod 927 0x0000000102bc5610 code [0x0000000102bc5780, 0x0000000102bc5998]
Event: 5.945 Thread 0x00007fadb104b800  928       1       cse.Play::update (1 bytes)
Event: 5.945 Thread 0x00007fadb104b800 nmethod 928 0x0000000102bc5350 code [0x0000000102bc54a0, 0x0000000102bc55b0]

GC Heap History (8 events):
Event: 1.587 GC heap before
{Heap before GC invocations=1 (full 0):
 PSYoungGen      total 38400K, used 33280K [0x0000000795580000, 0x0000000798000000, 0x00000007c0000000)
  eden space 33280K, 100% used [0x0000000795580000,0x0000000797600000,0x0000000797600000)
  from space 5120K, 0% used [0x0000000797b00000,0x0000000797b00000,0x0000000798000000)
  to   space 5120K, 0% used [0x0000000797600000,0x0000000797600000,0x0000000797b00000)
 ParOldGen       total 87552K, used 0K [0x0000000740000000, 0x0000000745580000, 0x0000000795580000)
  object space 87552K, 0% used [0x0000000740000000,0x0000000740000000,0x0000000745580000)
 Metaspace       used 9652K, capacity 9813K, committed 10112K, reserved 1058816K
  class space    used 1029K, capacity 1085K, committed 1152K, reserved 1048576K
Event: 1.593 GC heap after
Heap after GC invocations=1 (full 0):
 PSYoungGen      total 38400K, used 2879K [0x0000000795580000, 0x0000000798000000, 0x00000007c0000000)
  eden space 33280K, 0% used [0x0000000795580000,0x0000000795580000,0x0000000797600000)
  from space 5120K, 56% used [0x0000000797600000,0x00000007978cffb0,0x0000000797b00000)
  to   space 5120K, 0% used [0x0000000797b00000,0x0000000797b00000,0x0000000798000000)
 ParOldGen       total 87552K, used 8K [0x0000000740000000, 0x0000000745580000, 0x0000000795580000)
  object space 87552K, 0% used [0x0000000740000000,0x0000000740002000,0x0000000745580000)
 Metaspace       used 9652K, capacity 9813K, committed 10112K, reserved 1058816K
  class space    used 1029K, capacity 1085K, committed 1152K, reserved 1048576K
}
Event: 2.106 GC heap before
{Heap before GC invocations=2 (full 0):
 PSYoungGen      total 38400K, used 36159K [0x0000000795580000, 0x0000000798000000, 0x00000007c0000000)
  eden space 33280K, 100% used [0x0000000795580000,0x0000000797600000,0x0000000797600000)
  from space 5120K, 56% used [0x0000000797600000,0x00000007978cffb0,0x0000000797b00000)
  to   space 5120K, 0% used [0x0000000797b00000,0x0000000797b00000,0x0000000798000000)
 ParOldGen       total 87552K, used 8K [0x0000000740000000, 0x0000000745580000, 0x0000000795580000)
  object space 87552K, 0% used [0x0000000740000000,0x0000000740002000,0x0000000745580000)
 Metaspace       used 9678K, capacity 9813K, committed 10112K, reserved 1058816K
  class space    used 1029K, capacity 1085K, committed 1152K, reserved 1048576K
Event: 2.110 GC heap after
Heap after GC invocations=2 (full 0):
 PSYoungGen      total 38400K, used 2344K [0x0000000795580000, 0x0000000798000000, 0x00000007c0000000)
  eden space 33280K, 0% used [0x0000000795580000,0x0000000795580000,0x0000000797600000)
  from space 5120K, 45% used [0x0000000797b00000,0x0000000797d4a168,0x0000000798000000)
  to   space 5120K, 0% used [0x0000000797600000,0x0000000797600000,0x0000000797b00000)
 ParOldGen       total 87552K, used 16K [0x0000000740000000, 0x0000000745580000, 0x0000000795580000)
  object space 87552K, 0% used [0x0000000740000000,0x0000000740004000,0x0000000745580000)
 Metaspace       used 9678K, capacity 9813K, committed 10112K, reserved 1058816K
  class space    used 1029K, capacity 1085K, committed 1152K, reserved 1048576K
}
Event: 3.700 GC heap before
{Heap before GC invocations=3 (full 0):
 PSYoungGen      total 38400K, used 35624K [0x0000000795580000, 0x0000000798000000, 0x00000007c0000000)
  eden space 33280K, 100% used [0x0000000795580000,0x0000000797600000,0x0000000797600000)
  from space 5120K, 45% used [0x0000000797b00000,0x0000000797d4a168,0x0000000798000000)
  to   space 5120K, 0% used [0x0000000797600000,0x0000000797600000,0x0000000797b00000)
 ParOldGen       total 87552K, used 16K [0x0000000740000000, 0x0000000745580000, 0x0000000795580000)
  object space 87552K, 0% used [0x0000000740000000,0x0000000740004000,0x0000000745580000)
 Metaspace       used 9775K, capacity 9941K, committed 10112K, reserved 1058816K
  class space    used 1029K, capacity 1085K, committed 1152K, reserved 1048576K
Event: 3.704 GC heap after
Heap after GC invocations=3 (full 0):
 PSYoungGen      total 38400K, used 2256K [0x0000000795580000, 0x0000000798000000, 0x00000007c0000000)
  eden space 33280K, 0% used [0x0000000795580000,0x0000000795580000,0x0000000797600000)
  from space 5120K, 44% used [0x0000000797600000,0x0000000797834010,0x0000000797b00000)
  to   space 5120K, 0% used [0x0000000797b00000,0x0000000797b00000,0x0000000798000000)
 ParOldGen       total 87552K, used 24K [0x0000000740000000, 0x0000000745580000, 0x0000000795580000)
  object space 87552K, 0% used [0x0000000740000000,0x0000000740006000,0x0000000745580000)
 Metaspace       used 9775K, capacity 9941K, committed 10112K, reserved 1058816K
  class space    used 1029K, capacity 1085K, committed 1152K, reserved 1048576K
}
Event: 5.398 GC heap before
{Heap before GC invocations=4 (full 0):
 PSYoungGen      total 38400K, used 35536K [0x0000000795580000, 0x0000000798000000, 0x00000007c0000000)
  eden space 33280K, 100% used [0x0000000795580000,0x0000000797600000,0x0000000797600000)
  from space 5120K, 44% used [0x0000000797600000,0x0000000797834010,0x0000000797b00000)
  to   space 5120K, 0% used [0x0000000797b00000,0x0000000797b00000,0x0000000798000000)
 ParOldGen       total 87552K, used 24K [0x0000000740000000, 0x0000000745580000, 0x0000000795580000)
  object space 87552K, 0% used [0x0000000740000000,0x0000000740006000,0x0000000745580000)
 Metaspace       used 9777K, capacity 9941K, committed 10112K, reserved 1058816K
  class space    used 1029K, capacity 1085K, committed 1152K, reserved 1048576K
Event: 5.402 GC heap after
Heap after GC invocations=4 (full 0):
 PSYoungGen      total 38400K, used 2336K [0x0000000795580000, 0x0000000798000000, 0x00000007c0000000)
  eden space 33280K, 0% used [0x0000000795580000,0x0000000795580000,0x0000000797600000)
  from space 5120K, 45% used [0x0000000797b00000,0x0000000797d48000,0x0000000798000000)
  to   space 5120K, 0% used [0x0000000797600000,0x0000000797600000,0x0000000797b00000)
 ParOldGen       total 87552K, used 32K [0x0000000740000000, 0x0000000745580000, 0x0000000795580000)
  object space 87552K, 0% used [0x0000000740000000,0x0000000740008000,0x0000000745580000)
 Metaspace       used 9777K, capacity 9941K, committed 10112K, reserved 1058816K
  class space    used 1029K, capacity 1085K, committed 1152K, reserved 1048576K
}

Deoptimization events (3 events):
Event: 0.646 Thread 0x00007fadb2002000 Uncommon trap: reason=unstable_if action=reinterpret pc=0x000000010299231c method=java.lang.String.replace(CC)Ljava/lang/String; @ 26
Event: 0.730 Thread 0x00007fadb2002000 Uncommon trap: reason=unstable_if action=reinterpret pc=0x00000001029a49e0 method=java.lang.String.indexOf([CII[CIII)I @ 3
Event: 0.889 Thread 0x00007fadb2002000 Uncommon trap: reason=unstable_if action=reinterpret pc=0x00000001029dc3ec method=sun.awt.image.ByteInterleavedRaster.getDataElements(IILjava/lang/Object;)Ljava/lang/Object; @ 43

Internal exceptions (10 events):
Event: 0.327 Thread 0x00007fadb2002000 Exception <a 'java/security/PrivilegedActionException'> (0x00000007959c7678) thrown at [/Users/java_re/workspace/8-2-build-macosx-x86_64/jdk8u112/7935/hotspot/src/share/vm/prims/jvm.cpp, line 1390]
Event: 0.327 Thread 0x00007fadb2002000 Exception <a 'java/security/PrivilegedActionException'> (0x00000007959c7888) thrown at [/Users/java_re/workspace/8-2-build-macosx-x86_64/jdk8u112/7935/hotspot/src/share/vm/prims/jvm.cpp, line 1390]
Event: 0.327 Thread 0x00007fadb2002000 Exception <a 'java/security/PrivilegedActionException'> (0x00000007959cad78) thrown at [/Users/java_re/workspace/8-2-build-macosx-x86_64/jdk8u112/7935/hotspot/src/share/vm/prims/jvm.cpp, line 1390]
Event: 0.327 Thread 0x00007fadb2002000 Exception <a 'java/security/PrivilegedActionException'> (0x00000007959caf88) thrown at [/Users/java_re/workspace/8-2-build-macosx-x86_64/jdk8u112/7935/hotspot/src/share/vm/prims/jvm.cpp, line 1390]
Event: 0.390 Thread 0x00007fadb2002000 Exception <a 'java/lang/NoSuchFieldError': method resolution failed> (0x0000000795afdb60) thrown at [/Users/java_re/workspace/8-2-build-macosx-x86_64/jdk8u112/7935/hotspot/src/share/vm/prims/methodHandles.cpp, line 1146]
Event: 0.392 Thread 0x00007fadb2002000 Exception <a 'java/lang/NoSuchFieldError': method resolution failed> (0x0000000795b0bb50) thrown at [/Users/java_re/workspace/8-2-build-macosx-x86_64/jdk8u112/7935/hotspot/src/share/vm/prims/methodHandles.cpp, line 1146]
Event: 0.616 Thread 0x00007fadb2002000 Exception <a 'java/io/FileNotFoundException'> (0x0000000795bae468) thrown at [/Users/java_re/workspace/8-2-build-macosx-x86_64/jdk8u112/7935/hotspot/src/share/vm/prims/jni.cpp, line 709]
Event: 0.616 Thread 0x00007fadb2002000 Exception <a 'java/io/FileNotFoundException'> (0x0000000795baeff0) thrown at [/Users/java_re/workspace/8-2-build-macosx-x86_64/jdk8u112/7935/hotspot/src/share/vm/prims/jni.cpp, line 709]
Event: 0.889 Thread 0x00007fadb2002000 Implicit null exception at 0x00000001029dc1a4 to 0x00000001029dc3d1
Event: 1.201 Thread 0x00007fadb2002000 Exception <a 'java/lang/NoClassDefFoundError': net/java/games/input/ControllerEnvironment> (0x0000000796578428) thrown at [/Users/java_re/workspace/8-2-build-macosx-x86_64/jdk8u112/7935/hotspot/src/share/vm/classfile/systemDictionary.cpp, line 199]

Events (10 events):
Event: 5.403 Executing VM operation: RevokeBias
Event: 5.403 Executing VM operation: RevokeBias done
Event: 5.403 Executing VM operation: RevokeBias
Event: 5.403 Executing VM operation: RevokeBias done
Event: 5.403 Executing VM operation: RevokeBias
Event: 5.403 Executing VM operation: RevokeBias done
Event: 5.403 Executing VM operation: BulkRevokeBias
Event: 5.403 Executing VM operation: BulkRevokeBias done
Event: 6.054 loading class org/lwjgl/opengl/CallbackUtil
Event: 6.054 loading class org/lwjgl/opengl/CallbackUtil done


Dynamic libraries:
0x0000000000e1b000 	/System/Library/Frameworks/Cocoa.framework/Versions/A/Cocoa
0x0000000000e1b000 	/System/Library/Frameworks/Security.framework/Versions/A/Security
0x0000000000e1b000 	/System/Library/Frameworks/ApplicationServices.framework/Versions/A/ApplicationServices
0x0000000000e1b000 	/usr/lib/libz.1.dylib
0x0000000000e1b000 	/usr/lib/libSystem.B.dylib
0x0000000000e1b000 	/usr/lib/libobjc.A.dylib
0x0000000000e1b000 	/System/Library/Frameworks/CoreFoundation.framework/Versions/A/CoreFoundation
0x0000000000e1b000 	/System/Library/Frameworks/Foundation.framework/Versions/C/Foundation
0x0000000000e1b000 	/System/Library/Frameworks/AppKit.framework/Versions/C/AppKit
0x0000000000e1b000 	/System/Library/Frameworks/CoreData.framework/Versions/A/CoreData
0x0000000000e1b000 	/System/Library/PrivateFrameworks/RemoteViewServices.framework/Versions/A/RemoteViewServices
0x0000000000e1b000 	/System/Library/PrivateFrameworks/UIFoundation.framework/Versions/A/UIFoundation
0x0000000000e1b000 	/usr/lib/libScreenReader.dylib
0x0000000000e1b000 	/System/Library/Frameworks/Accelerate.framework/Versions/A/Accelerate
0x0000000000e1b000 	/System/Library/Frameworks/IOSurface.framework/Versions/A/IOSurface
0x0000000000e1b000 	/System/Library/Frameworks/AudioToolbox.framework/Versions/A/AudioToolbox
0x0000000000e1b000 	/System/Library/Frameworks/AudioUnit.framework/Versions/A/AudioUnit
0x0000000000e1b000 	/System/Library/PrivateFrameworks/DataDetectorsCore.framework/Versions/A/DataDetectorsCore
0x0000000000e1b000 	/System/Library/PrivateFrameworks/DesktopServicesPriv.framework/Versions/A/DesktopServicesPriv
0x0000000000e1b000 	/System/Library/Frameworks/Carbon.framework/Versions/A/Frameworks/HIToolbox.framework/Versions/A/HIToolbox
0x0000000000e1b000 	/System/Library/Frameworks/QuartzCore.framework/Versions/A/QuartzCore
0x0000000000e1b000 	/System/Library/Frameworks/Carbon.framework/Versions/A/Frameworks/SpeechRecognition.framework/Versions/A/SpeechRecognition
0x0000000000e1b000 	/usr/lib/libauto.dylib
0x0000000000e1b000 	/usr/lib/libicucore.A.dylib
0x0000000000e1b000 	/usr/lib/libxml2.2.dylib
0x0000000000e1b000 	/System/Library/PrivateFrameworks/CoreUI.framework/Versions/A/CoreUI
0x0000000000e1b000 	/System/Library/Frameworks/CoreAudio.framework/Versions/A/CoreAudio
0x0000000000e1b000 	/System/Library/Frameworks/DiskArbitration.framework/Versions/A/DiskArbitration
0x0000000000e1b000 	/usr/lib/liblangid.dylib
0x0000000000e1b000 	/System/Library/PrivateFrameworks/MultitouchSupport.framework/Versions/A/MultitouchSupport
0x0000000000e1b000 	/System/Library/Frameworks/IOKit.framework/Versions/A/IOKit
0x0000000000e1b000 	/usr/lib/libDiagnosticMessagesClient.dylib
0x0000000000e1b000 	/System/Library/Frameworks/CoreServices.framework/Versions/A/CoreServices
0x0000000000e1b000 	/System/Library/PrivateFrameworks/PerformanceAnalysis.framework/Versions/A/PerformanceAnalysis
0x0000000000e1b000 	/System/Library/PrivateFrameworks/GenerationalStorage.framework/Versions/A/GenerationalStorage
0x0000000000e1b000 	/System/Library/Frameworks/OpenGL.framework/Versions/A/OpenGL
0x0000000000e1b000 	/System/Library/PrivateFrameworks/Sharing.framework/Versions/A/Sharing
0x0000000000e1b000 	/System/Library/Frameworks/CoreGraphics.framework/Versions/A/CoreGraphics
0x0000000000e1b000 	/System/Library/Frameworks/CoreImage.framework/Versions/A/CoreImage
0x0000000000e1b000 	/System/Library/Frameworks/CoreText.framework/Versions/A/CoreText
0x0000000000e1b000 	/System/Library/Frameworks/ImageIO.framework/Versions/A/ImageIO
0x0000000000e1b000 	/System/Library/PrivateFrameworks/Backup.framework/Versions/A/Backup
0x0000000000e1b000 	/usr/lib/libextension.dylib
0x0000000000e1b000 	/usr/lib/libarchive.2.dylib
0x0000000000e1b000 	/System/Library/Frameworks/CFNetwork.framework/Versions/A/CFNetwork
0x0000000000e1b000 	/System/Library/Frameworks/SystemConfiguration.framework/Versions/A/SystemConfiguration
0x0000000000e1b000 	/usr/lib/libCRFSuite.dylib
0x0000000000e1b000 	/usr/lib/libc++.1.dylib
0x0000000000e1b000 	/usr/lib/libc++abi.dylib
0x0000000000e1b000 	/usr/lib/system/libcache.dylib
0x0000000000e1b000 	/usr/lib/system/libcommonCrypto.dylib
0x0000000000e1b000 	/usr/lib/system/libcompiler_rt.dylib
0x0000000000e1b000 	/usr/lib/system/libcopyfile.dylib
0x0000000000e1b000 	/usr/lib/system/libcorecrypto.dylib
0x0000000000e1b000 	/usr/lib/system/libdispatch.dylib
0x0000000000e1b000 	/usr/lib/system/libdyld.dylib
0x0000000000e1b000 	/usr/lib/system/libkeymgr.dylib
0x0000000000e1b000 	/usr/lib/system/liblaunch.dylib
0x0000000000e1b000 	/usr/lib/system/libmacho.dylib
0x0000000000e1b000 	/usr/lib/system/libquarantine.dylib
0x0000000000e1b000 	/usr/lib/system/libremovefile.dylib
0x0000000000e1b000 	/usr/lib/system/libsystem_asl.dylib
0x0000000000e1b000 	/usr/lib/system/libsystem_blocks.dylib
0x0000000000e1b000 	/usr/lib/system/libsystem_c.dylib
0x0000000000e1b000 	/usr/lib/system/libsystem_configuration.dylib
0x0000000000e1b000 	/usr/lib/system/libsystem_coreservices.dylib
0x0000000000e1b000 	/usr/lib/system/libsystem_coretls.dylib
0x0000000000e1b000 	/usr/lib/system/libsystem_dnssd.dylib
0x0000000000e1b000 	/usr/lib/system/libsystem_info.dylib
0x0000000000e1b000 	/usr/lib/system/libsystem_kernel.dylib
0x0000000000e1b000 	/usr/lib/system/libsystem_m.dylib
0x0000000000e1b000 	/usr/lib/system/libsystem_malloc.dylib
0x0000000000e1b000 	/usr/lib/system/libsystem_network.dylib
0x0000000000e1b000 	/usr/lib/system/libsystem_networkextension.dylib
0x0000000000e1b000 	/usr/lib/system/libsystem_notify.dylib
0x0000000000e1b000 	/usr/lib/system/libsystem_platform.dylib
0x0000000000e1b000 	/usr/lib/system/libsystem_pthread.dylib
0x0000000000e1b000 	/usr/lib/system/libsystem_sandbox.dylib
0x0000000000e1b000 	/usr/lib/system/libsystem_secinit.dylib
0x0000000000e1b000 	/usr/lib/system/libsystem_trace.dylib
0x0000000000e1b000 	/usr/lib/system/libunc.dylib
0x0000000000e1b000 	/usr/lib/system/libunwind.dylib
0x0000000000e1b000 	/usr/lib/system/libxpc.dylib
0x0000000000e1b000 	/usr/lib/libenergytrace.dylib
0x0000000000e1b000 	/usr/lib/libbsm.0.dylib
0x0000000000e1b000 	/usr/lib/system/libkxld.dylib
0x0000000000e1b000 	/usr/lib/libxar.1.dylib
0x0000000000e1b000 	/usr/lib/libsqlite3.dylib
0x0000000000e1b000 	/usr/lib/libpam.2.dylib
0x0000000000e1b000 	/usr/lib/libOpenScriptingUtil.dylib
0x0000000000e1b000 	/usr/lib/libbz2.1.0.dylib
0x0000000000e1b000 	/usr/lib/liblzma.5.dylib
0x0000000000e1b000 	/System/Library/Frameworks/CoreServices.framework/Versions/A/Frameworks/FSEvents.framework/Versions/A/FSEvents
0x0000000000e1b000 	/System/Library/Frameworks/CoreServices.framework/Versions/A/Frameworks/CarbonCore.framework/Versions/A/CarbonCore
0x0000000000e1b000 	/System/Library/Frameworks/CoreServices.framework/Versions/A/Frameworks/Metadata.framework/Versions/A/Metadata
0x0000000000e1b000 	/System/Library/Frameworks/CoreServices.framework/Versions/A/Frameworks/OSServices.framework/Versions/A/OSServices
0x0000000000e1b000 	/System/Library/Frameworks/CoreServices.framework/Versions/A/Frameworks/SearchKit.framework/Versions/A/SearchKit
0x0000000000e1b000 	/System/Library/Frameworks/CoreServices.framework/Versions/A/Frameworks/AE.framework/Versions/A/AE
0x0000000000e1b000 	/System/Library/Frameworks/CoreServices.framework/Versions/A/Frameworks/LaunchServices.framework/Versions/A/LaunchServices
0x0000000000e1b000 	/System/Library/Frameworks/CoreServices.framework/Versions/A/Frameworks/DictionaryServices.framework/Versions/A/DictionaryServices
0x0000000000e1b000 	/System/Library/Frameworks/CoreServices.framework/Versions/A/Frameworks/SharedFileList.framework/Versions/A/SharedFileList
0x0000000000e1b000 	/System/Library/Frameworks/NetFS.framework/Versions/A/NetFS
0x0000000000e1b000 	/System/Library/PrivateFrameworks/NetAuth.framework/Versions/A/NetAuth
0x0000000000e1b000 	/System/Library/PrivateFrameworks/login.framework/Versions/A/Frameworks/loginsupport.framework/Versions/A/loginsupport
0x0000000000e1b000 	/System/Library/PrivateFrameworks/TCC.framework/Versions/A/TCC
0x0000000000e1b000 	/usr/lib/libmecabra.dylib
0x0000000000e1b000 	/System/Library/Frameworks/ApplicationServices.framework/Versions/A/Frameworks/ATS.framework/Versions/A/ATS
0x0000000000e1b000 	/System/Library/Frameworks/ApplicationServices.framework/Versions/A/Frameworks/ColorSync.framework/Versions/A/ColorSync
0x0000000000e1b000 	/System/Library/Frameworks/ApplicationServices.framework/Versions/A/Frameworks/HIServices.framework/Versions/A/HIServices
0x0000000000e1b000 	/System/Library/Frameworks/ApplicationServices.framework/Versions/A/Frameworks/LangAnalysis.framework/Versions/A/LangAnalysis
0x0000000000e1b000 	/System/Library/Frameworks/ApplicationServices.framework/Versions/A/Frameworks/PrintCore.framework/Versions/A/PrintCore
0x0000000000e1b000 	/System/Library/Frameworks/ApplicationServices.framework/Versions/A/Frameworks/QD.framework/Versions/A/QD
0x0000000000e1b000 	/System/Library/Frameworks/ApplicationServices.framework/Versions/A/Frameworks/SpeechSynthesis.framework/Versions/A/SpeechSynthesis
0x0000000000e1b000 	/System/Library/Frameworks/Metal.framework/Versions/A/Metal
0x0000000000e1b000 	/System/Library/Frameworks/Accelerate.framework/Versions/A/Frameworks/vImage.framework/Versions/A/vImage
0x0000000000e1b000 	/System/Library/Frameworks/Accelerate.framework/Versions/A/Frameworks/vecLib.framework/Versions/A/vecLib
0x0000000000e1b000 	/System/Library/Frameworks/Accelerate.framework/Versions/A/Frameworks/vecLib.framework/Versions/A/libvDSP.dylib
0x0000000000e1b000 	/System/Library/Frameworks/Accelerate.framework/Versions/A/Frameworks/vecLib.framework/Versions/A/libvMisc.dylib
0x0000000000e1b000 	/System/Library/Frameworks/Accelerate.framework/Versions/A/Frameworks/vecLib.framework/Versions/A/libLAPACK.dylib
0x0000000000e1b000 	/System/Library/Frameworks/Accelerate.framework/Versions/A/Frameworks/vecLib.framework/Versions/A/libBLAS.dylib
0x0000000000e1b000 	/System/Library/Frameworks/Accelerate.framework/Versions/A/Frameworks/vecLib.framework/Versions/A/libLinearAlgebra.dylib
0x0000000000e1b000 	/System/Library/Frameworks/Accelerate.framework/Versions/A/Frameworks/vecLib.framework/Versions/A/libSparseBLAS.dylib
0x0000000000e1b000 	/System/Library/PrivateFrameworks/GPUCompiler.framework/libmetal_timestamp.dylib
0x0000000000e1b000 	/System/Library/Frameworks/OpenGL.framework/Versions/A/Libraries/libCoreFSCache.dylib
0x0000000000e1b000 	/System/Library/PrivateFrameworks/IOAccelerator.framework/Versions/A/IOAccelerator
0x0000000000e1b000 	/System/Library/Frameworks/ApplicationServices.framework/Versions/A/Frameworks/ATS.framework/Versions/A/Resources/libFontParser.dylib
0x0000000000e1b000 	/System/Library/Frameworks/ApplicationServices.framework/Versions/A/Frameworks/ATS.framework/Versions/A/Resources/libFontRegistry.dylib
0x0000000000e1b000 	/System/Library/PrivateFrameworks/AppleVPA.framework/Versions/A/AppleVPA
0x0000000000e1b000 	/System/Library/PrivateFrameworks/AppleJPEG.framework/Versions/A/AppleJPEG
0x0000000000e1b000 	/System/Library/Frameworks/ImageIO.framework/Versions/A/Resources/libJPEG.dylib
0x0000000000e1b000 	/System/Library/Frameworks/ImageIO.framework/Versions/A/Resources/libTIFF.dylib
0x0000000000e1b000 	/System/Library/Frameworks/ImageIO.framework/Versions/A/Resources/libPng.dylib
0x0000000000e1b000 	/System/Library/Frameworks/ImageIO.framework/Versions/A/Resources/libGIF.dylib
0x0000000000e1b000 	/System/Library/Frameworks/ImageIO.framework/Versions/A/Resources/libJP2.dylib
0x0000000000e1b000 	/System/Library/Frameworks/ImageIO.framework/Versions/A/Resources/libRadiance.dylib
0x0000000000e1b000 	/System/Library/Frameworks/CoreVideo.framework/Versions/A/CoreVideo
0x0000000000e1b000 	/System/Library/Frameworks/OpenGL.framework/Versions/A/Libraries/libGLU.dylib
0x0000000000e1b000 	/System/Library/Frameworks/OpenGL.framework/Versions/A/Libraries/libGFXShared.dylib
0x0000000000e1b000 	/System/Library/Frameworks/OpenGL.framework/Versions/A/Libraries/libGL.dylib
0x0000000000e1b000 	/System/Library/Frameworks/OpenGL.framework/Versions/A/Libraries/libGLImage.dylib
0x0000000000e1b000 	/System/Library/Frameworks/OpenGL.framework/Versions/A/Libraries/libCVMSPluginSupport.dylib
0x0000000000e1b000 	/System/Library/Frameworks/OpenGL.framework/Versions/A/Libraries/libCoreVMClient.dylib
0x0000000000e1b000 	/usr/lib/libcompression.dylib
0x0000000000e1b000 	/usr/lib/libcups.2.dylib
0x0000000000e1b000 	/System/Library/Frameworks/Kerberos.framework/Versions/A/Kerberos
0x0000000000e1b000 	/System/Library/Frameworks/GSS.framework/Versions/A/GSS
0x0000000000e1b000 	/usr/lib/libresolv.9.dylib
0x0000000000e1b000 	/usr/lib/libiconv.2.dylib
0x0000000000e1b000 	/System/Library/PrivateFrameworks/Heimdal.framework/Versions/A/Heimdal
0x0000000000e1b000 	/usr/lib/libheimdal-asn1.dylib
0x0000000000e1b000 	/System/Library/Frameworks/OpenDirectory.framework/Versions/A/OpenDirectory
0x0000000000e1b000 	/System/Library/PrivateFrameworks/CommonAuth.framework/Versions/A/CommonAuth
0x0000000000e1b000 	/System/Library/Frameworks/OpenDirectory.framework/Versions/A/Frameworks/CFOpenDirectory.framework/Versions/A/CFOpenDirectory
0x0000000000e1b000 	/System/Library/Frameworks/SecurityFoundation.framework/Versions/A/SecurityFoundation
0x0000000000e1b000 	/System/Library/PrivateFrameworks/LanguageModeling.framework/Versions/A/LanguageModeling
0x0000000000e1b000 	/usr/lib/libmarisa.dylib
0x0000000000e1b000 	/usr/lib/libChineseTokenizer.dylib
0x0000000000e1b000 	/usr/lib/libcmph.dylib
0x0000000000e1b000 	/System/Library/Frameworks/ServiceManagement.framework/Versions/A/ServiceManagement
0x0000000000e1b000 	/usr/lib/libxslt.1.dylib
0x0000000000e1b000 	/System/Library/Frameworks/Carbon.framework/Versions/A/Frameworks/Ink.framework/Versions/A/Ink
0x0000000000e1b000 	/usr/lib/libFosl_dynamic.dylib
0x0000000000e1b000 	/System/Library/PrivateFrameworks/FaceCore.framework/Versions/A/FaceCore
0x0000000000e1b000 	/System/Library/Frameworks/OpenCL.framework/Versions/A/OpenCL
0x0000000000e1b000 	/System/Library/PrivateFrameworks/CrashReporterSupport.framework/Versions/A/CrashReporterSupport
0x0000000000e1b000 	/System/Library/PrivateFrameworks/IconServices.framework/Versions/A/IconServices
0x0000000000e1b000 	/System/Library/PrivateFrameworks/Apple80211.framework/Versions/A/Apple80211
0x0000000000e1b000 	/System/Library/Frameworks/CoreWLAN.framework/Versions/A/CoreWLAN
0x0000000000e1b000 	/System/Library/Frameworks/IOBluetooth.framework/Versions/A/IOBluetooth
0x0000000000e1b000 	/System/Library/PrivateFrameworks/CoreWiFi.framework/Versions/A/CoreWiFi
0x0000000000e1b000 	/System/Library/Frameworks/CoreBluetooth.framework/Versions/A/CoreBluetooth
0x0000000000e1b000 	/System/Library/PrivateFrameworks/ChunkingLibrary.framework/Versions/A/ChunkingLibrary
0x0000000000e1b000 	/System/Library/PrivateFrameworks/DebugSymbols.framework/Versions/A/DebugSymbols
0x0000000000e1b000 	/System/Library/PrivateFrameworks/CoreSymbolication.framework/Versions/A/CoreSymbolication
0x0000000000e1b000 	/System/Library/PrivateFrameworks/Symbolication.framework/Versions/A/Symbolication
0x0000000000e1b000 	/System/Library/PrivateFrameworks/SpeechRecognitionCore.framework/Versions/A/SpeechRecognitionCore
0x0000000100e6d000 	/Library/Java/JavaVirtualMachines/jdk1.8.0_112.jdk/Contents/Home/jre/lib/server/libjvm.dylib
0x0000000000e1b000 	/usr/lib/libstdc++.6.dylib
0x0000000101e0f000 	/Library/Java/JavaVirtualMachines/jdk1.8.0_112.jdk/Contents/Home/jre/lib/libverify.dylib
0x0000000101e1d000 	/Library/Java/JavaVirtualMachines/jdk1.8.0_112.jdk/Contents/Home/jre/lib/libjava.dylib
0x0000000101e53000 	/Library/Java/JavaVirtualMachines/jdk1.8.0_112.jdk/Contents/Home/jre/lib/libinstrument.dylib
0x0000000101eb5000 	/Library/Java/JavaVirtualMachines/jdk1.8.0_112.jdk/Contents/Home/jre/lib/libzip.dylib
0x0000000118001000 	/System/Library/Frameworks/JavaVM.framework/Frameworks/JavaRuntimeSupport.framework/JavaRuntimeSupport
0x000000011801c000 	/System/Library/Frameworks/JavaVM.framework/Versions/A/Frameworks/JavaNativeFoundation.framework/Versions/A/JavaNativeFoundation
0x0000000118031000 	/System/Library/Frameworks/JavaVM.framework/Versions/A/JavaVM
0x0000000000e1b000 	/System/Library/Frameworks/Carbon.framework/Versions/A/Carbon
0x000000011803e000 	/System/Library/PrivateFrameworks/JavaLaunching.framework/Versions/A/JavaLaunching
0x0000000000e1b000 	/System/Library/Frameworks/Carbon.framework/Versions/A/Frameworks/CommonPanels.framework/Versions/A/CommonPanels
0x0000000000e1b000 	/System/Library/Frameworks/Carbon.framework/Versions/A/Frameworks/Help.framework/Versions/A/Help
0x0000000000e1b000 	/System/Library/Frameworks/Carbon.framework/Versions/A/Frameworks/ImageCapture.framework/Versions/A/ImageCapture
0x0000000000e1b000 	/System/Library/Frameworks/Carbon.framework/Versions/A/Frameworks/OpenScripting.framework/Versions/A/OpenScripting
0x0000000000e1b000 	/System/Library/Frameworks/Carbon.framework/Versions/A/Frameworks/Print.framework/Versions/A/Print
0x0000000000e1b000 	/System/Library/Frameworks/Carbon.framework/Versions/A/Frameworks/SecurityHI.framework/Versions/A/SecurityHI
0x0000000119a95000 	/Library/Java/JavaVirtualMachines/jdk1.8.0_112.jdk/Contents/Home/jre/lib/libnet.dylib
0x0000000119af4000 	/Library/Java/JavaVirtualMachines/jdk1.8.0_112.jdk/Contents/Home/jre/lib/libawt.dylib
0x0000000119b9c000 	/Library/Java/JavaVirtualMachines/jdk1.8.0_112.jdk/Contents/Home/jre/lib/./libmlib_image.dylib
0x0000000119c68000 	/Library/Java/JavaVirtualMachines/jdk1.8.0_112.jdk/Contents/Home/jre/lib/libawt_lwawt.dylib
0x0000000119d1f000 	/Library/Java/JavaVirtualMachines/jdk1.8.0_112.jdk/Contents/Home/jre/lib/./libosxapp.dylib
0x0000000000e1b000 	/System/Library/Frameworks/ExceptionHandling.framework/Versions/A/ExceptionHandling
0x0000000000e1b000 	/System/Library/PrivateFrameworks/CoreServicesInternal.framework/Versions/A/CoreServicesInternal
0x0000000000e1b000 	/System/Library/Frameworks/CoreGraphics.framework/Versions/A/Resources/libRIP.A.dylib
0x0000000000e1b000 	/System/Library/Frameworks/Accelerate.framework/Versions/A/Frameworks/vImage.framework/Versions/A/Libraries/libCGInterfaces.dylib
0x0000000000e1b000 	/System/Library/Frameworks/CoreGraphics.framework/Versions/A/Resources/libCGXType.A.dylib
0x0000000000e1b000 	/System/Library/Frameworks/OpenCL.framework/Versions/A/Libraries/libcldcpuengine.dylib
0x0000000000e1b000 	/System/Library/PrivateFrameworks/DiskImages.framework/Versions/A/DiskImages
0x0000000000e1b000 	/System/Library/Frameworks/DiscRecording.framework/Versions/A/DiscRecording
0x0000000000e1b000 	/usr/lib/libcsfde.dylib
0x0000000000e1b000 	/usr/lib/libcurl.4.dylib
0x0000000000e1b000 	/System/Library/PrivateFrameworks/MediaKit.framework/Versions/A/MediaKit
0x0000000000e1b000 	/System/Library/PrivateFrameworks/ProtectedCloudStorage.framework/Versions/A/ProtectedCloudStorage
0x0000000000e1b000 	/usr/lib/libCoreStorage.dylib
0x0000000000e1b000 	/System/Library/PrivateFrameworks/EFILogin.framework/Versions/A/EFILogin
0x0000000000e1b000 	/usr/lib/libutil.dylib
0x0000000000e1b000 	/System/Library/PrivateFrameworks/FindMyDevice.framework/Versions/A/FindMyDevice
0x0000000000e1b000 	/System/Library/Frameworks/LDAP.framework/Versions/A/LDAP
0x0000000000e1b000 	/usr/lib/libsasl2.2.dylib
0x0000000000e1b000 	/System/Library/PrivateFrameworks/CoreDaemon.framework/Versions/B/CoreDaemon
0x0000000000e1b000 	/usr/lib/libcrypto.0.9.8.dylib
0x0000000000e1b000 	/System/Library/PrivateFrameworks/AppleSRP.framework/Versions/A/AppleSRP
0x0000000000e1b000 	/System/Library/PrivateFrameworks/TrustEvaluationAgent.framework/Versions/A/TrustEvaluationAgent
0x000000011bd5f000 	cl_kernels
0x0000000000e1b000 	/System/Library/Frameworks/OpenCL.framework/Versions/A/Libraries/ImageFormats/unorm8_bgra.dylib
0x0000000000e1b000 	/System/Library/Frameworks/OpenCL.framework/Versions/A/Libraries/ImageFormats/unorm8_rgba.dylib
0x0000000000e1b000 	/System/Library/PrivateFrameworks/FamilyControls.framework/Versions/A/FamilyControls
0x0000000000e1b000 	/System/Library/PrivateFrameworks/CommerceKit.framework/Versions/A/Frameworks/CommerceCore.framework/Versions/A/CommerceCore
0x0000000000e1b000 	/System/Library/PrivateFrameworks/SystemAdministration.framework/Versions/A/SystemAdministration
0x0000000000e1b000 	/System/Library/PrivateFrameworks/AppContainer.framework/Versions/A/AppContainer
0x0000000000e1b000 	/System/Library/PrivateFrameworks/SecCodeWrapper.framework/Versions/A/SecCodeWrapper
0x0000000000e1b000 	/System/Library/Frameworks/DirectoryService.framework/Versions/A/DirectoryService
0x0000000000e1b000 	/System/Library/PrivateFrameworks/LoginUIKit.framework/Versions/A/Frameworks/LoginUICore.framework/Versions/A/LoginUICore
0x0000000000e1b000 	/usr/lib/libodfde.dylib
0x000000011cead000 	/Library/Java/JavaVirtualMachines/jdk1.8.0_112.jdk/Contents/Home/jre/lib/libfontmanager.dylib
0x000000011cf14000 	/Users/peternabil/Desktop/Peter/College/College Material/SPRING'18/Programming 2/Hannibal/libs/liblwjgl.dylib
0x000000011ae81000 	/Library/Java/JavaVirtualMachines/jdk1.8.0_112.jdk/Contents/Home/jre/lib/libjawt.dylib
0x000000011ae84000 	/Library/Java/JavaVirtualMachines/jdk1.8.0_112.jdk/Contents/Home/jre/lib/libnio.dylib
0x0000000000e1b000 	/System/Library/Frameworks/OpenGL.framework/Versions/A/Resources/GLEngine.bundle/GLEngine
0x0000000000e1b000 	/System/Library/Frameworks/OpenGL.framework/Versions/A/Libraries/libGLProgrammability.dylib
0x000000011cf96000 	/System/Library/Extensions/AppleIntelBDWGraphicsGLDriver.bundle/Contents/MacOS/AppleIntelBDWGraphicsGLDriver
0x0000000000e1b000 	/System/Library/PrivateFrameworks/GPUSupport.framework/Versions/A/Libraries/libGPUSupportMercury.dylib
0x0000000000e1b000 	/System/Library/Frameworks/OpenGL.framework/Versions/A/Resources/GLRendererFloat.bundle/GLRendererFloat

VM Arguments:
jvm_args: -Djava.library.path=libs/ -javaagent:/Applications/IntelliJ IDEA CE.app/Contents/lib/idea_rt.jar=54120:/Applications/IntelliJ IDEA CE.app/Contents/bin -Dfile.encoding=UTF-8 
java_command: cse.Game
java_class_path (initial): /Library/Java/JavaVirtualMachines/jdk1.8.0_112.jdk/Contents/Home/jre/lib/charsets.jar:/Library/Java/JavaVirtualMachines/jdk1.8.0_112.jdk/Contents/Home/jre/lib/deploy.jar:/Library/Java/JavaVirtualMachines/jdk1.8.0_112.jdk/Contents/Home/jre/lib/ext/cldrdata.jar:/Library/Java/JavaVirtualMachines/jdk1.8.0_112.jdk/Contents/Home/jre/lib/ext/dnsns.jar:/Library/Java/JavaVirtualMachines/jdk1.8.0_112.jdk/Contents/Home/jre/lib/ext/jaccess.jar:/Library/Java/JavaVirtualMachines/jdk1.8.0_112.jdk/Contents/Home/jre/lib/ext/jfxrt.jar:/Library/Java/JavaVirtualMachines/jdk1.8.0_112.jdk/Contents/Home/jre/lib/ext/localedata.jar:/Library/Java/JavaVirtualMachines/jdk1.8.0_112.jdk/Contents/Home/jre/lib/ext/nashorn.jar:/Library/Java/JavaVirtualMachines/jdk1.8.0_112.jdk/Contents/Home/jre/lib/ext/sunec.jar:/Library/Java/JavaVirtualMachines/jdk1.8.0_112.jdk/Contents/Home/jre/lib/ext/sunjce_provider.jar:/Library/Java/JavaVirtualMachines/jdk1.8.0_112.jdk/Contents/Home/jre/lib/ext/sunpkcs11.jar:/Library/Java/JavaVirtualMachines/jdk1.8.0_112.jdk/Contents/Home/jre/lib/ext/zipfs.jar:/Library/Java/JavaVirtualMachines/jdk1.8.0_112.jdk/Contents/Home/jre/lib/javaws.jar:/Library/Java/JavaVirtualMachines/jdk1.8.0_112.jdk/Contents/Home/jre/lib/jce.jar:/Library/Java/JavaVirtualMachines/jdk1.8.0_112.jdk/Contents/Home/jre/lib/jfr.jar:/Library/Java/JavaVirtualMachines/jdk1.8.0_112.jdk/Contents/Home/jre/lib/jfxswt.jar:/Library/Java/JavaVirtualMachines/jdk1.8.0_112.jdk/Contents/Home/jre/lib/jsse.jar:/Library/Java/JavaVirtualMachines/jdk1.8.0_112.jdk/Contents/Home/jre/lib/management-agent.jar:/Library/Java/JavaVirtualMachines/jdk1.8.0_112.jdk/Contents/Home/jre/lib/plugin.jar:/Library/Java/JavaVirtualMachines/jdk1.8.0_112.jdk/Contents/Home/jre/lib/resources.jar:/Library/Java/JavaVirtualMachines/jdk1.8.0_112.jdk/Contents/Home/jre/lib/rt.jar:/Library/Java/JavaVirtualMachines/jdk1.8.0_112.jdk/Contents/Home/lib/ant-javafx.jar:/Library/Java/JavaVirtualMachines/jdk1.8.0_112.jdk/Contents/Home
Launcher Type: SUN_STANDARD

Environment Variables:
PATH=//anaconda/bin:/usr/local/bin:/usr/bin:/bin:/usr/sbin:/sbin
SHELL=/bin/bash

Signal Handlers:
SIGSEGV: [libjvm.dylib+0x5b11a5], sa_mask[0]=11111111011111110111111111111111, sa_flags=SA_ONSTACK|SA_RESTART|SA_SIGINFO
SIGBUS: [libjvm.dylib+0x5b11a5], sa_mask[0]=11111111011111110111111111111111, sa_flags=SA_RESTART|SA_SIGINFO
SIGFPE: [libjvm.dylib+0x487dc0], sa_mask[0]=11111111011111110111111111111111, sa_flags=SA_RESTART|SA_SIGINFO
SIGPIPE: [libjvm.dylib+0x487dc0], sa_mask[0]=11111111011111110111111111111111, sa_flags=SA_RESTART|SA_SIGINFO
SIGXFSZ: [libjvm.dylib+0x487dc0], sa_mask[0]=11111111011111110111111111111111, sa_flags=SA_RESTART|SA_SIGINFO
SIGILL: [libjvm.dylib+0x487dc0], sa_mask[0]=11111111011111110111111111111111, sa_flags=SA_RESTART|SA_SIGINFO
SIGUSR1: SIG_DFL, sa_mask[0]=00000000000000000000000000000000, sa_flags=none
SIGUSR2: [libjvm.dylib+0x4878de], sa_mask[0]=00100000000000000000000000000000, sa_flags=SA_RESTART|SA_SIGINFO
SIGHUP: [libjvm.dylib+0x485eb5], sa_mask[0]=11111111011111110111111111111111, sa_flags=SA_RESTART|SA_SIGINFO
SIGINT: [libjvm.dylib+0x485eb5], sa_mask[0]=11111111011111110111111111111111, sa_flags=SA_RESTART|SA_SIGINFO
SIGTERM: [libjvm.dylib+0x485eb5], sa_mask[0]=11111111011111110111111111111111, sa_flags=SA_RESTART|SA_SIGINFO
SIGQUIT: [libjvm.dylib+0x485eb5], sa_mask[0]=11111111011111110111111111111111, sa_flags=SA_RESTART|SA_SIGINFO


---------------  S Y S T E M  ---------------

OS:Bsduname:Darwin 15.6.0 Darwin Kernel Version 15.6.0: Thu Jun 23 18:25:34 PDT 2016; root:xnu-3248.60.10~1/RELEASE_X86_64 x86_64
rlimit: STACK 8192k, CORE 0k, NPROC 709, NOFILE 10240, AS infinity
load average:3.50 2.95 2.53

CPU:total 4 (2 cores per cpu, 2 threads per core) family 6 model 61 stepping 4, cmov, cx8, fxsr, mmx, sse, sse2, sse3, ssse3, sse4.1, sse4.2, popcnt, avx, avx2, aes, clmul, erms, 3dnowpref, lzcnt, ht, tsc, tscinvbit, bmi1, bmi2, adx

Memory: 4k page, physical 8388608k(47812k free)

/proc/meminfo:


vm_info: Java HotSpot(TM) 64-Bit Server VM (25.112-b16) for bsd-amd64 JRE (1.8.0_112-b16), built on Sep 30 2016 22:41:41 by "java_re" with gcc 4.2.1 (Based on Apple Inc. build 5658) (LLVM build 2336.11.00)

time: Mon Apr  9 19:50:20 2018
elapsed time: 6 seconds (0d 0h 0m 6s)

