#
# A fatal error has been detected by the Java Runtime Environment:
#
#  SIGSEGV (0xb) at pc=0x00007fff8d873330, pid=31936, tid=0x0000000000000a0b
#
# JRE version: Java(TM) SE Runtime Environment (8.0_112-b16) (build 1.8.0_112-b16)
# Java VM: Java HotSpot(TM) 64-Bit Server VM (25.112-b16 mixed mode bsd-amd64 compressed oops)
# Problematic frame:
# C  [libobjc.A.dylib+0xb330]  objc_storeWeak+0x112
#
# Failed to write core dump. Core dumps have been disabled. To enable core dumping, try "ulimit -c unlimited" before starting Java again
#
# If you would like to submit a bug report, please visit:
#   http://bugreport.java.com/bugreport/crash.jsp
# The crash happened outside the Java Virtual Machine in native code.
# See problematic frame for where to report the bug.
#

---------------  T H R E A D  ---------------

Current thread (0x00007ff2318b7000):  JavaThread "AppKit Thread" daemon [_thread_in_native, id=2571, stack(0x00007fff56977000,0x00007fff57177000)]

siginfo: si_signo: 11 (SIGSEGV), si_code: 1 (SEGV_MAPERR), si_addr: 0x0000000000000000

Registers:
RAX=0x00007ff232007400, RBX=0x00007fff754b1d00, RCX=0x0000000000000000, RDX=0x00007ffffffffff8
RSP=0x00007fff57171ad0, RBP=0x00007fff57171b40, RSI=0x00007ff232007800, RDI=0x00007fff754b1d00
R8 =0x00007fff8cb20a67, R9 =0x00007ff230c54d80, R10=0x000000000000001d, R11=0x000000000000001d
R12=0x00007ff230f590b8, R13=0x0000000000000000, R14=0x00007fff754b3a80, R15=0x0000000000000000
RIP=0x00007fff8d873330, EFLAGS=0x0000000000010206, ERR=0x0000000000000004
  TRAPNO=0x000000000000000e

Top of Stack: (sp=0x00007fff57171ad0)
0x00007fff57171ad0:   ffff800dcf3ab280 00007ff230f66360
0x00007fff57171ae0:   0000000000001d80 0000000000000000
0x00007fff57171af0:   0000000000000000 0000000000000000
0x00007fff57171b00:   00007ff230f60be0 000000000000003b
0x00007fff57171b10:   000000000000000b 00007ff230c54d80
0x00007fff57171b20:   0000000000000000 00007ff230e3acf0
0x00007fff57171b30:   00007ff230f66360 00007ff230f60be0
0x00007fff57171b40:   00007fff57171b80 00007fff8cb1a973
0x00007fff57171b50:   00007ff230c54d80 0000000000000000
0x00007fff57171b60:   00007ff230f60be0 00007fff8d8694c0
0x00007fff57171b70:   00007ff230c54d80 00007fff75764388
0x00007fff57171b80:   00007fff57171bb0 00007fff8df10f6a
0x00007fff57171b90:   00007fff57171c28 00007fff8d8694c0
0x00007fff57171ba0:   00007ff230f60be0 00007ff230c54d80
0x00007fff57171bb0:   00007fff57171be0 00007fff8e2506dd
0x00007fff57171bc0:   0000000000000000 0000000000000094
0x00007fff57171bd0:   00007fff57171c28 0000000000000001
0x00007fff57171be0:   00007fff57171c10 00007fff8dd4e325
0x00007fff57171bf0:   00007ff230c54d80 00007ff230f60be0
0x00007fff57171c00:   00007ff230c54d80 0000000000000000
0x00007fff57171c10:   00007fff57171c70 00007fff8df10c0d
0x00007fff57171c20:   0000000000000000 00007fff7525d0a0
0x00007fff57171c30:   0000000042000000 00007fff8e250607
0x00007fff57171c40:   00007fff754d09e0 0000000000000000
0x00007fff57171c50:   00007ff230f60be0 00007ff230c54d80
0x00007fff57171c60:   00007ff230c54d80 00007ff230f60be0
0x00007fff57171c70:   00007fff57171ca0 0000000124db6586
0x00007fff57171c80:   00007ff230c54d80 0000000124deac60
0x00007fff57171c90:   00007ff230e3acf0 00007ff230c54d80
0x00007fff57171ca0:   00007fff57172180 00007fff8dd73797
0x00007fff57171cb0:   0000000000000000 0000000000000000
0x00007fff57171cc0:   4089000000000000 4089000000000000 

Instructions: (pc=0x00007fff8d873330)
0x00007fff8d873310:   0d 8b 22 b8 e7 48 8b 34 c1 48 8b 45 b8 48 39 c6
0x00007fff8d873320:   74 48 48 8b 46 20 48 89 c1 48 21 d1 48 8b 49 08
0x00007fff8d873330:   f6 01 01 75 0a 48 8b 06 48 21 d0 48 8b 40 20 48
0x00007fff8d873340:   21 d0 f6 40 03 20 75 22 49 89 f7 48 89 df e8 6d 

Register to memory mapping:

RAX=0x00007ff232007400 is an unknown value
RBX=0x00007fff754b1d00: _ZN12_GLOBAL__N_1L12SideTableBufE+0 in /usr/lib/libobjc.A.dylib at 0x00007fff8d868000
RCX=0x0000000000000000 is an unknown value
RDX=0x00007ffffffffff8 is an unknown value
RSP=0x00007fff57171ad0 is pointing into the stack for thread: 0x00007ff2318b7000
RBP=0x00007fff57171b40 is pointing into the stack for thread: 0x00007ff2318b7000
RSI=0x00007ff232007800 is a thread
RDI=0x00007fff754b1d00: _ZN12_GLOBAL__N_1L12SideTableBufE+0 in /usr/lib/libobjc.A.dylib at 0x00007fff8d868000
R8 =0x00007fff8cb20a67: storeARCWeakAt+0 in /System/Library/Frameworks/Foundation.framework/Versions/C/Foundation at 0x00007fff8cb01000
R9 =0x00007ff230c54d80 is an unknown value
R10=0x000000000000001d is an unknown value
R11=0x000000000000001d is an unknown value
R12=0x00007ff230f590b8 is an unknown value
R13=0x0000000000000000 is an unknown value
R14=0x00007fff754b3a80: _ZN12_GLOBAL__N_1L12SideTableBufE+0x1d80 in /usr/lib/libobjc.A.dylib at 0x00007fff8d868000
R15=0x0000000000000000 is an unknown value


Stack: [0x00007fff56977000,0x00007fff57177000],  sp=0x00007fff57171ad0,  free space=8170k
Native frames: (J=compiled Java code, j=interpreted, Vv=VM code, C=native code)
C  [libobjc.A.dylib+0xb330]  objc_storeWeak+0x112
C  [Foundation+0x19973]  -[NSConcreteMapTable setObject:forKey:]+0x6e
C  [AppKit+0x345f6a]  -[NSView(NSOpenGLContextAssociation) _setOpenGLContext:]+0xf2
C  [AppKit+0x6856dd]  __27-[NSOpenGLContext setView:]_block_invoke+0xd6
C  [AppKit+0x183325]  NSPerformVisuallyAtomicChange+0x93
C  [AppKit+0x345c0d]  -[NSOpenGLContext setView:]+0x77
C  [liblwjgl.dylib+0xa586]  -[MacOSXOpenGLView lockFocus]+0x76
C  [AppKit+0x1a8797]  -[NSView _recursiveDisplayRectIfNeededIgnoringOpacity:isVisibleRect:rectIsVisibleRectForView:topView:]+0x6e2
C  [AppKit+0x1a9785]  -[NSView _recursiveDisplayRectIfNeededIgnoringOpacity:isVisibleRect:rectIsVisibleRectForView:topView:]+0x16d0
C  [AppKit+0x1a7be0]  -[NSThemeFrame _recursiveDisplayRectIfNeededIgnoringOpacity:isVisibleRect:rectIsVisibleRectForView:topView:]+0x14e
C  [AppKit+0x1a5feb]  -[NSView _displayRectIgnoringOpacity:isVisibleRect:rectIsVisibleRectForView:]+0x991
C  [AppKit+0x1a13f5]  -[NSView displayIfNeeded]+0x79e
C  [AppKit+0x1a0c3c]  -[NSWindow displayIfNeeded]+0xe8
C  [AppKit+0x82541b]  ___NSWindowGetDisplayCycleObserver_block_invoke6365+0x1dc
C  [AppKit+0x1a05d6]  __37+[NSDisplayCycle currentDisplayCycle]_block_invoke+0x3ad
C  [QuartzCore+0x10f71]  _ZN2CA11Transaction19run_commit_handlersE18CATransactionPhase+0x55
C  [QuartzCore+0x1042c]  _ZN2CA7Context18commit_transactionEPNS_11TransactionE+0xa0
C  [QuartzCore+0x100ec]  _ZN2CA11Transaction6commitEv+0x1fc
C  [QuartzCore+0x1b977]  _ZN2CA11Transaction17observer_callbackEP19__CFRunLoopObservermPv+0x47
C  [CoreFoundation+0xaa067]  __CFRUNLOOP_IS_CALLING_OUT_TO_AN_OBSERVER_CALLBACK_FUNCTION__+0x17
C  [CoreFoundation+0xa9fd7]  __CFRunLoopDoObservers+0x187
C  [CoreFoundation+0x88ef8]  CFRunLoopRunSpecific+0x148
C  [HIToolbox+0x30935]  RunCurrentEventLoopInMode+0xeb
C  [HIToolbox+0x30677]  ReceiveNextEventCommon+0xb8
C  [HIToolbox+0x305af]  _BlockUntilNextEventMatchingListInModeWithFilter+0x47
C  [AppKit+0x48df6]  _DPSNextEvent+0x42b
C  [AppKit+0x48226]  -[NSApplication _nextEventMatchingEventMask:untilDate:inMode:dequeue:]+0x1c6
C  [libosxapp.dylib+0x23aa]  -[NSApplicationAWT nextEventMatchingMask:untilDate:inMode:dequeue:]+0x7c
C  [AppKit+0x3cd80]  -[NSApplication run]+0x2aa
C  [libosxapp.dylib+0x214d]  +[NSApplicationAWT runAWTLoopWithApp:]+0x9c
C  [libawt_lwawt.dylib+0x4615f]  -[AWTStarter starter:]+0x389
C  [Foundation+0x76fde]  __NSThreadPerformPerform+0x117
C  [CoreFoundation+0xaa881]  __CFRUNLOOP_IS_CALLING_OUT_TO_A_SOURCE0_PERFORM_FUNCTION__+0x11
C  [CoreFoundation+0x89fbc]  __CFRunLoopDoSources0+0x22c
C  [CoreFoundation+0x894df]  __CFRunLoopRun+0x39f
C  [CoreFoundation+0x88ed8]  CFRunLoopRunSpecific+0x128
C  [java+0x6465]  CreateExecutionEnvironment+0x367
C  [java+0x218c]  JLI_Launch+0x7a0
C  [java+0x84c2]  main+0x65
C  [java+0x19e4]  start+0x34
C  0x0000000000000007


---------------  P R O C E S S  ---------------

Java Threads: ( => current thread )
  0x00007ff2328e4800 JavaThread "AWT-Shutdown" [_thread_blocked, id=30995, stack(0x00007000012d6000,0x00007000013d6000)]
=>0x00007ff2318b7000 JavaThread "AppKit Thread" daemon [_thread_in_native, id=2571, stack(0x00007fff56977000,0x00007fff57177000)]
  0x00007ff231074800 JavaThread "Service Thread" daemon [_thread_blocked, id=19203, stack(0x0000700000f47000,0x0000700001047000)]
  0x00007ff231049000 JavaThread "C1 CompilerThread2" daemon [_thread_blocked, id=18691, stack(0x0000700000e44000,0x0000700000f44000)]
  0x00007ff232011000 JavaThread "C2 CompilerThread1" daemon [_thread_blocked, id=18179, stack(0x0000700000d41000,0x0000700000e41000)]
  0x00007ff231048800 JavaThread "C2 CompilerThread0" daemon [_thread_blocked, id=17667, stack(0x0000700000c3e000,0x0000700000d3e000)]
  0x00007ff231852800 JavaThread "Monitor Ctrl-Break" daemon [_thread_in_native, id=17155, stack(0x0000700000b3b000,0x0000700000c3b000)]
  0x00007ff23182c800 JavaThread "Signal Dispatcher" daemon [_thread_blocked, id=13839, stack(0x0000700000a38000,0x0000700000b38000)]
  0x00007ff231015800 JavaThread "Finalizer" daemon [_thread_blocked, id=11779, stack(0x000070000082f000,0x000070000092f000)]
  0x00007ff231012800 JavaThread "Reference Handler" daemon [_thread_blocked, id=11267, stack(0x000070000072c000,0x000070000082c000)]
  0x00007ff232007800 JavaThread "main" [_thread_in_native, id=4099, stack(0x0000700000084000,0x0000700000184000)]

Other Threads:
  0x00007ff231010000 VMThread [stack: 0x0000700000629000,0x0000700000729000] [id=10755]
  0x00007ff232004000 WatcherThread [stack: 0x000070000104a000,0x000070000114a000] [id=19715]

VM state:not at safepoint (normal execution)

VM Mutex/Monitor currently owned by a thread: None

Heap:
 PSYoungGen      total 38400K, used 10770K [0x0000000795580000, 0x0000000798000000, 0x00000007c0000000)
  eden space 33280K, 26% used [0x0000000795580000,0x0000000795e240c8,0x0000000797600000)
  from space 5120K, 37% used [0x0000000797b00000,0x0000000797ce0900,0x0000000798000000)
  to   space 5120K, 0% used [0x0000000797600000,0x0000000797600000,0x0000000797b00000)
 ParOldGen       total 87552K, used 16K [0x0000000740000000, 0x0000000745580000, 0x0000000795580000)
  object space 87552K, 0% used [0x0000000740000000,0x0000000740004000,0x0000000745580000)
 Metaspace       used 7478K, capacity 7603K, committed 7808K, reserved 1056768K
  class space    used 752K, capacity 824K, committed 896K, reserved 1048576K

Card table byte_map: [0x0000000119a00000,0x0000000119e01000] byte_map_base: 0x0000000116000000

Marking Bits: (ParMarkBitMap*) 0x00000001095f5d30
 Begin Bits: [0x000000011a0ac000, 0x000000011c0ac000)
 End Bits:   [0x000000011c0ac000, 0x000000011e0ac000)

Polling page: 0x0000000109cea000

CodeCache: size=245760Kb used=3428Kb max_used=3439Kb free=242331Kb
 bounds [0x0000000109d52000, 0x000000010a0b2000, 0x0000000118d52000]
 total_blobs=1242 nmethods=843 adapters=313
 compilation: enabled

Compilation events (10 events):
Event: 4.291 Thread 0x00007ff231049000  839       3       java.nio.Bits::makeInt (29 bytes)
Event: 4.291 Thread 0x00007ff231049000 nmethod 839 0x000000010a097890 code [0x000000010a0979e0, 0x000000010a097b30]
Event: 4.296 Thread 0x00007ff231048800  840       4       java.net.URLClassLoader$2::run (5 bytes)
Event: 4.300 Thread 0x00007ff231048800 nmethod 840 0x000000010a0a5010 code [0x000000010a0a51a0, 0x000000010a0a5590]
Event: 5.423 Thread 0x00007ff232011000  841       4       java.util.HashMap$HashIterator::hasNext (13 bytes)
Event: 5.424 Thread 0x00007ff232011000 nmethod 841 0x000000010a072090 code [0x000000010a0721e0, 0x000000010a072258]
Event: 5.471 Thread 0x00007ff231048800  842       4       java.nio.HeapByteBuffer::compact (52 bytes)
Event: 5.474 Thread 0x00007ff231048800 nmethod 842 0x000000010a0a5a10 code [0x000000010a0a5b80, 0x000000010a0a5d98]
Event: 5.480 Thread 0x00007ff232011000  843       4       org.newdawn.slick.opengl.TextureImpl::bind (39 bytes)
Event: 5.483 Thread 0x00007ff232011000 nmethod 843 0x000000010a0a4710 code [0x000000010a0a48a0, 0x000000010a0a4bb8]

GC Heap History (4 events):
Event: 2.867 GC heap before
{Heap before GC invocations=1 (full 0):
 PSYoungGen      total 38400K, used 33280K [0x0000000795580000, 0x0000000798000000, 0x00000007c0000000)
  eden space 33280K, 100% used [0x0000000795580000,0x0000000797600000,0x0000000797600000)
  from space 5120K, 0% used [0x0000000797b00000,0x0000000797b00000,0x0000000798000000)
  to   space 5120K, 0% used [0x0000000797600000,0x0000000797600000,0x0000000797b00000)
 ParOldGen       total 87552K, used 0K [0x0000000740000000, 0x0000000745580000, 0x0000000795580000)
  object space 87552K, 0% used [0x0000000740000000,0x0000000740000000,0x0000000745580000)
 Metaspace       used 7425K, capacity 7603K, committed 7808K, reserved 1056768K
  class space    used 751K, capacity 824K, committed 896K, reserved 1048576K
Event: 2.873 GC heap after
Heap after GC invocations=1 (full 0):
 PSYoungGen      total 38400K, used 2488K [0x0000000795580000, 0x0000000798000000, 0x00000007c0000000)
  eden space 33280K, 0% used [0x0000000795580000,0x0000000795580000,0x0000000797600000)
  from space 5120K, 48% used [0x0000000797600000,0x000000079786e2a0,0x0000000797b00000)
  to   space 5120K, 0% used [0x0000000797b00000,0x0000000797b00000,0x0000000798000000)
 ParOldGen       total 87552K, used 8K [0x0000000740000000, 0x0000000745580000, 0x0000000795580000)
  object space 87552K, 0% used [0x0000000740000000,0x0000000740002000,0x0000000745580000)
 Metaspace       used 7425K, capacity 7603K, committed 7808K, reserved 1056768K
  class space    used 751K, capacity 824K, committed 896K, reserved 1048576K
}
Event: 5.069 GC heap before
{Heap before GC invocations=2 (full 0):
 PSYoungGen      total 38400K, used 35768K [0x0000000795580000, 0x0000000798000000, 0x00000007c0000000)
  eden space 33280K, 100% used [0x0000000795580000,0x0000000797600000,0x0000000797600000)
  from space 5120K, 48% used [0x0000000797600000,0x000000079786e2a0,0x0000000797b00000)
  to   space 5120K, 0% used [0x0000000797b00000,0x0000000797b00000,0x0000000798000000)
 ParOldGen       total 87552K, used 8K [0x0000000740000000, 0x0000000745580000, 0x0000000795580000)
  object space 87552K, 0% used [0x0000000740000000,0x0000000740002000,0x0000000745580000)
 Metaspace       used 7473K, capacity 7603K, committed 7808K, reserved 1056768K
  class space    used 751K, capacity 824K, committed 896K, reserved 1048576K
Event: 5.076 GC heap after
Heap after GC invocations=2 (full 0):
 PSYoungGen      total 38400K, used 1922K [0x0000000795580000, 0x0000000798000000, 0x00000007c0000000)
  eden space 33280K, 0% used [0x0000000795580000,0x0000000795580000,0x0000000797600000)
  from space 5120K, 37% used [0x0000000797b00000,0x0000000797ce0900,0x0000000798000000)
  to   space 5120K, 0% used [0x0000000797600000,0x0000000797600000,0x0000000797b00000)
 ParOldGen       total 87552K, used 16K [0x0000000740000000, 0x0000000745580000, 0x0000000795580000)
  object space 87552K, 0% used [0x0000000740000000,0x0000000740004000,0x0000000745580000)
 Metaspace       used 7473K, capacity 7603K, committed 7808K, reserved 1056768K
  class space    used 751K, capacity 824K, committed 896K, reserved 1048576K
}

Deoptimization events (2 events):
Event: 0.474 Thread 0x00007ff232007800 Uncommon trap: reason=unstable_if action=reinterpret pc=0x0000000109eee648 method=java.lang.String.indexOf([CII[CIII)I @ 134
Event: 0.718 Thread 0x00007ff232007800 Uncommon trap: reason=unstable_if action=reinterpret pc=0x0000000109eff7dc method=java.lang.String.replace(CC)Ljava/lang/String; @ 26

Internal exceptions (10 events):
Event: 0.037 Thread 0x00007ff232007800 Exception <a 'java/lang/NoSuchMethodError': Method sun.misc.Unsafe.prefetchRead(Ljava/lang/Object;J)V name or signature does not match> (0x0000000795587f60) thrown at [/Users/java_re/workspace/8-2-build-macosx-x86_64/jdk8u112/7935/hotspot/src/share/vm/pri
Event: 0.355 Thread 0x00007ff232007800 Exception <a 'java/security/PrivilegedActionException'> (0x00000007959b2468) thrown at [/Users/java_re/workspace/8-2-build-macosx-x86_64/jdk8u112/7935/hotspot/src/share/vm/prims/jvm.cpp, line 1390]
Event: 0.355 Thread 0x00007ff232007800 Exception <a 'java/security/PrivilegedActionException'> (0x00000007959b2678) thrown at [/Users/java_re/workspace/8-2-build-macosx-x86_64/jdk8u112/7935/hotspot/src/share/vm/prims/jvm.cpp, line 1390]
Event: 0.355 Thread 0x00007ff232007800 Exception <a 'java/security/PrivilegedActionException'> (0x00000007959b5b68) thrown at [/Users/java_re/workspace/8-2-build-macosx-x86_64/jdk8u112/7935/hotspot/src/share/vm/prims/jvm.cpp, line 1390]
Event: 0.355 Thread 0x00007ff232007800 Exception <a 'java/security/PrivilegedActionException'> (0x00000007959b5d78) thrown at [/Users/java_re/workspace/8-2-build-macosx-x86_64/jdk8u112/7935/hotspot/src/share/vm/prims/jvm.cpp, line 1390]
Event: 0.433 Thread 0x00007ff232007800 Exception <a 'java/lang/NoSuchFieldError': method resolution failed> (0x0000000795aea1f8) thrown at [/Users/java_re/workspace/8-2-build-macosx-x86_64/jdk8u112/7935/hotspot/src/share/vm/prims/methodHandles.cpp, line 1146]
Event: 0.436 Thread 0x00007ff232007800 Exception <a 'java/lang/NoSuchFieldError': method resolution failed> (0x0000000795af81e8) thrown at [/Users/java_re/workspace/8-2-build-macosx-x86_64/jdk8u112/7935/hotspot/src/share/vm/prims/methodHandles.cpp, line 1146]
Event: 0.682 Thread 0x00007ff232007800 Exception <a 'java/io/FileNotFoundException'> (0x0000000795b9a928) thrown at [/Users/java_re/workspace/8-2-build-macosx-x86_64/jdk8u112/7935/hotspot/src/share/vm/prims/jni.cpp, line 709]
Event: 0.683 Thread 0x00007ff232007800 Exception <a 'java/io/FileNotFoundException'> (0x0000000795b9b4b0) thrown at [/Users/java_re/workspace/8-2-build-macosx-x86_64/jdk8u112/7935/hotspot/src/share/vm/prims/jni.cpp, line 709]
Event: 1.200 Thread 0x00007ff232007800 Exception <a 'java/lang/NoClassDefFoundError': net/java/games/input/ControllerEnvironment> (0x000000079620a308) thrown at [/Users/java_re/workspace/8-2-build-macosx-x86_64/jdk8u112/7935/hotspot/src/share/vm/classfile/systemDictionary.cpp, line 199]

Events (10 events):
Event: 5.079 Executing VM operation: RevokeBias
Event: 5.079 Executing VM operation: RevokeBias done
Event: 5.079 Executing VM operation: RevokeBias
Event: 5.079 Executing VM operation: RevokeBias done
Event: 5.079 Executing VM operation: RevokeBias
Event: 5.079 Executing VM operation: RevokeBias done
Event: 5.079 Executing VM operation: BulkRevokeBias
Event: 5.079 Executing VM operation: BulkRevokeBias done
Event: 5.600 loading class org/lwjgl/opengl/CallbackUtil
Event: 5.600 loading class org/lwjgl/opengl/CallbackUtil done


Dynamic libraries:
0x00000000026cf000 	/System/Library/Frameworks/Cocoa.framework/Versions/A/Cocoa
0x00000000026cf000 	/System/Library/Frameworks/Security.framework/Versions/A/Security
0x00000000026cf000 	/System/Library/Frameworks/ApplicationServices.framework/Versions/A/ApplicationServices
0x00000000026cf000 	/usr/lib/libz.1.dylib
0x00000000026cf000 	/usr/lib/libSystem.B.dylib
0x00000000026cf000 	/usr/lib/libobjc.A.dylib
0x00000000026cf000 	/System/Library/Frameworks/CoreFoundation.framework/Versions/A/CoreFoundation
0x00000000026cf000 	/System/Library/Frameworks/Foundation.framework/Versions/C/Foundation
0x00000000026cf000 	/System/Library/Frameworks/AppKit.framework/Versions/C/AppKit
0x00000000026cf000 	/System/Library/Frameworks/CoreData.framework/Versions/A/CoreData
0x00000000026cf000 	/System/Library/PrivateFrameworks/RemoteViewServices.framework/Versions/A/RemoteViewServices
0x00000000026cf000 	/System/Library/PrivateFrameworks/UIFoundation.framework/Versions/A/UIFoundation
0x00000000026cf000 	/usr/lib/libScreenReader.dylib
0x00000000026cf000 	/System/Library/Frameworks/Accelerate.framework/Versions/A/Accelerate
0x00000000026cf000 	/System/Library/Frameworks/IOSurface.framework/Versions/A/IOSurface
0x00000000026cf000 	/System/Library/Frameworks/AudioToolbox.framework/Versions/A/AudioToolbox
0x00000000026cf000 	/System/Library/Frameworks/AudioUnit.framework/Versions/A/AudioUnit
0x00000000026cf000 	/System/Library/PrivateFrameworks/DataDetectorsCore.framework/Versions/A/DataDetectorsCore
0x00000000026cf000 	/System/Library/PrivateFrameworks/DesktopServicesPriv.framework/Versions/A/DesktopServicesPriv
0x00000000026cf000 	/System/Library/Frameworks/Carbon.framework/Versions/A/Frameworks/HIToolbox.framework/Versions/A/HIToolbox
0x00000000026cf000 	/System/Library/Frameworks/QuartzCore.framework/Versions/A/QuartzCore
0x00000000026cf000 	/System/Library/Frameworks/Carbon.framework/Versions/A/Frameworks/SpeechRecognition.framework/Versions/A/SpeechRecognition
0x00000000026cf000 	/usr/lib/libauto.dylib
0x00000000026cf000 	/usr/lib/libicucore.A.dylib
0x00000000026cf000 	/usr/lib/libxml2.2.dylib
0x00000000026cf000 	/System/Library/PrivateFrameworks/CoreUI.framework/Versions/A/CoreUI
0x00000000026cf000 	/System/Library/Frameworks/CoreAudio.framework/Versions/A/CoreAudio
0x00000000026cf000 	/System/Library/Frameworks/DiskArbitration.framework/Versions/A/DiskArbitration
0x00000000026cf000 	/usr/lib/liblangid.dylib
0x00000000026cf000 	/System/Library/PrivateFrameworks/MultitouchSupport.framework/Versions/A/MultitouchSupport
0x00000000026cf000 	/System/Library/Frameworks/IOKit.framework/Versions/A/IOKit
0x00000000026cf000 	/usr/lib/libDiagnosticMessagesClient.dylib
0x00000000026cf000 	/System/Library/Frameworks/CoreServices.framework/Versions/A/CoreServices
0x00000000026cf000 	/System/Library/PrivateFrameworks/PerformanceAnalysis.framework/Versions/A/PerformanceAnalysis
0x00000000026cf000 	/System/Library/PrivateFrameworks/GenerationalStorage.framework/Versions/A/GenerationalStorage
0x00000000026cf000 	/System/Library/Frameworks/OpenGL.framework/Versions/A/OpenGL
0x00000000026cf000 	/System/Library/PrivateFrameworks/Sharing.framework/Versions/A/Sharing
0x00000000026cf000 	/System/Library/Frameworks/CoreGraphics.framework/Versions/A/CoreGraphics
0x00000000026cf000 	/System/Library/Frameworks/CoreImage.framework/Versions/A/CoreImage
0x00000000026cf000 	/System/Library/Frameworks/CoreText.framework/Versions/A/CoreText
0x00000000026cf000 	/System/Library/Frameworks/ImageIO.framework/Versions/A/ImageIO
0x00000000026cf000 	/System/Library/PrivateFrameworks/Backup.framework/Versions/A/Backup
0x00000000026cf000 	/usr/lib/libextension.dylib
0x00000000026cf000 	/usr/lib/libarchive.2.dylib
0x00000000026cf000 	/System/Library/Frameworks/CFNetwork.framework/Versions/A/CFNetwork
0x00000000026cf000 	/System/Library/Frameworks/SystemConfiguration.framework/Versions/A/SystemConfiguration
0x00000000026cf000 	/usr/lib/libCRFSuite.dylib
0x00000000026cf000 	/usr/lib/libc++.1.dylib
0x00000000026cf000 	/usr/lib/libc++abi.dylib
0x00000000026cf000 	/usr/lib/system/libcache.dylib
0x00000000026cf000 	/usr/lib/system/libcommonCrypto.dylib
0x00000000026cf000 	/usr/lib/system/libcompiler_rt.dylib
0x00000000026cf000 	/usr/lib/system/libcopyfile.dylib
0x00000000026cf000 	/usr/lib/system/libcorecrypto.dylib
0x00000000026cf000 	/usr/lib/system/libdispatch.dylib
0x00000000026cf000 	/usr/lib/system/libdyld.dylib
0x00000000026cf000 	/usr/lib/system/libkeymgr.dylib
0x00000000026cf000 	/usr/lib/system/liblaunch.dylib
0x00000000026cf000 	/usr/lib/system/libmacho.dylib
0x00000000026cf000 	/usr/lib/system/libquarantine.dylib
0x00000000026cf000 	/usr/lib/system/libremovefile.dylib
0x00000000026cf000 	/usr/lib/system/libsystem_asl.dylib
0x00000000026cf000 	/usr/lib/system/libsystem_blocks.dylib
0x00000000026cf000 	/usr/lib/system/libsystem_c.dylib
0x00000000026cf000 	/usr/lib/system/libsystem_configuration.dylib
0x00000000026cf000 	/usr/lib/system/libsystem_coreservices.dylib
0x00000000026cf000 	/usr/lib/system/libsystem_coretls.dylib
0x00000000026cf000 	/usr/lib/system/libsystem_dnssd.dylib
0x00000000026cf000 	/usr/lib/system/libsystem_info.dylib
0x00000000026cf000 	/usr/lib/system/libsystem_kernel.dylib
0x00000000026cf000 	/usr/lib/system/libsystem_m.dylib
0x00000000026cf000 	/usr/lib/system/libsystem_malloc.dylib
0x00000000026cf000 	/usr/lib/system/libsystem_network.dylib
0x00000000026cf000 	/usr/lib/system/libsystem_networkextension.dylib
0x00000000026cf000 	/usr/lib/system/libsystem_notify.dylib
0x00000000026cf000 	/usr/lib/system/libsystem_platform.dylib
0x00000000026cf000 	/usr/lib/system/libsystem_pthread.dylib
0x00000000026cf000 	/usr/lib/system/libsystem_sandbox.dylib
0x00000000026cf000 	/usr/lib/system/libsystem_secinit.dylib
0x00000000026cf000 	/usr/lib/system/libsystem_trace.dylib
0x00000000026cf000 	/usr/lib/system/libunc.dylib
0x00000000026cf000 	/usr/lib/system/libunwind.dylib
0x00000000026cf000 	/usr/lib/system/libxpc.dylib
0x00000000026cf000 	/usr/lib/libenergytrace.dylib
0x00000000026cf000 	/usr/lib/libbsm.0.dylib
0x00000000026cf000 	/usr/lib/system/libkxld.dylib
0x00000000026cf000 	/usr/lib/libxar.1.dylib
0x00000000026cf000 	/usr/lib/libsqlite3.dylib
0x00000000026cf000 	/usr/lib/libpam.2.dylib
0x00000000026cf000 	/usr/lib/libOpenScriptingUtil.dylib
0x00000000026cf000 	/usr/lib/libbz2.1.0.dylib
0x00000000026cf000 	/usr/lib/liblzma.5.dylib
0x00000000026cf000 	/System/Library/Frameworks/CoreServices.framework/Versions/A/Frameworks/FSEvents.framework/Versions/A/FSEvents
0x00000000026cf000 	/System/Library/Frameworks/CoreServices.framework/Versions/A/Frameworks/CarbonCore.framework/Versions/A/CarbonCore
0x00000000026cf000 	/System/Library/Frameworks/CoreServices.framework/Versions/A/Frameworks/Metadata.framework/Versions/A/Metadata
0x00000000026cf000 	/System/Library/Frameworks/CoreServices.framework/Versions/A/Frameworks/OSServices.framework/Versions/A/OSServices
0x00000000026cf000 	/System/Library/Frameworks/CoreServices.framework/Versions/A/Frameworks/SearchKit.framework/Versions/A/SearchKit
0x00000000026cf000 	/System/Library/Frameworks/CoreServices.framework/Versions/A/Frameworks/AE.framework/Versions/A/AE
0x00000000026cf000 	/System/Library/Frameworks/CoreServices.framework/Versions/A/Frameworks/LaunchServices.framework/Versions/A/LaunchServices
0x00000000026cf000 	/System/Library/Frameworks/CoreServices.framework/Versions/A/Frameworks/DictionaryServices.framework/Versions/A/DictionaryServices
0x00000000026cf000 	/System/Library/Frameworks/CoreServices.framework/Versions/A/Frameworks/SharedFileList.framework/Versions/A/SharedFileList
0x00000000026cf000 	/System/Library/Frameworks/NetFS.framework/Versions/A/NetFS
0x00000000026cf000 	/System/Library/PrivateFrameworks/NetAuth.framework/Versions/A/NetAuth
0x00000000026cf000 	/System/Library/PrivateFrameworks/login.framework/Versions/A/Frameworks/loginsupport.framework/Versions/A/loginsupport
0x00000000026cf000 	/System/Library/PrivateFrameworks/TCC.framework/Versions/A/TCC
0x00000000026cf000 	/usr/lib/libmecabra.dylib
0x00000000026cf000 	/System/Library/Frameworks/ApplicationServices.framework/Versions/A/Frameworks/ATS.framework/Versions/A/ATS
0x00000000026cf000 	/System/Library/Frameworks/ApplicationServices.framework/Versions/A/Frameworks/ColorSync.framework/Versions/A/ColorSync
0x00000000026cf000 	/System/Library/Frameworks/ApplicationServices.framework/Versions/A/Frameworks/HIServices.framework/Versions/A/HIServices
0x00000000026cf000 	/System/Library/Frameworks/ApplicationServices.framework/Versions/A/Frameworks/LangAnalysis.framework/Versions/A/LangAnalysis
0x00000000026cf000 	/System/Library/Frameworks/ApplicationServices.framework/Versions/A/Frameworks/PrintCore.framework/Versions/A/PrintCore
0x00000000026cf000 	/System/Library/Frameworks/ApplicationServices.framework/Versions/A/Frameworks/QD.framework/Versions/A/QD
0x00000000026cf000 	/System/Library/Frameworks/ApplicationServices.framework/Versions/A/Frameworks/SpeechSynthesis.framework/Versions/A/SpeechSynthesis
0x00000000026cf000 	/System/Library/Frameworks/Metal.framework/Versions/A/Metal
0x00000000026cf000 	/System/Library/Frameworks/Accelerate.framework/Versions/A/Frameworks/vImage.framework/Versions/A/vImage
0x00000000026cf000 	/System/Library/Frameworks/Accelerate.framework/Versions/A/Frameworks/vecLib.framework/Versions/A/vecLib
0x00000000026cf000 	/System/Library/Frameworks/Accelerate.framework/Versions/A/Frameworks/vecLib.framework/Versions/A/libvDSP.dylib
0x00000000026cf000 	/System/Library/Frameworks/Accelerate.framework/Versions/A/Frameworks/vecLib.framework/Versions/A/libvMisc.dylib
0x00000000026cf000 	/System/Library/Frameworks/Accelerate.framework/Versions/A/Frameworks/vecLib.framework/Versions/A/libLAPACK.dylib
0x00000000026cf000 	/System/Library/Frameworks/Accelerate.framework/Versions/A/Frameworks/vecLib.framework/Versions/A/libBLAS.dylib
0x00000000026cf000 	/System/Library/Frameworks/Accelerate.framework/Versions/A/Frameworks/vecLib.framework/Versions/A/libLinearAlgebra.dylib
0x00000000026cf000 	/System/Library/Frameworks/Accelerate.framework/Versions/A/Frameworks/vecLib.framework/Versions/A/libSparseBLAS.dylib
0x00000000026cf000 	/System/Library/PrivateFrameworks/GPUCompiler.framework/libmetal_timestamp.dylib
0x00000000026cf000 	/System/Library/Frameworks/OpenGL.framework/Versions/A/Libraries/libCoreFSCache.dylib
0x00000000026cf000 	/System/Library/PrivateFrameworks/IOAccelerator.framework/Versions/A/IOAccelerator
0x00000000026cf000 	/System/Library/Frameworks/ApplicationServices.framework/Versions/A/Frameworks/ATS.framework/Versions/A/Resources/libFontParser.dylib
0x00000000026cf000 	/System/Library/Frameworks/ApplicationServices.framework/Versions/A/Frameworks/ATS.framework/Versions/A/Resources/libFontRegistry.dylib
0x00000000026cf000 	/System/Library/PrivateFrameworks/AppleVPA.framework/Versions/A/AppleVPA
0x00000000026cf000 	/System/Library/PrivateFrameworks/AppleJPEG.framework/Versions/A/AppleJPEG
0x00000000026cf000 	/System/Library/Frameworks/ImageIO.framework/Versions/A/Resources/libJPEG.dylib
0x00000000026cf000 	/System/Library/Frameworks/ImageIO.framework/Versions/A/Resources/libTIFF.dylib
0x00000000026cf000 	/System/Library/Frameworks/ImageIO.framework/Versions/A/Resources/libPng.dylib
0x00000000026cf000 	/System/Library/Frameworks/ImageIO.framework/Versions/A/Resources/libGIF.dylib
0x00000000026cf000 	/System/Library/Frameworks/ImageIO.framework/Versions/A/Resources/libJP2.dylib
0x00000000026cf000 	/System/Library/Frameworks/ImageIO.framework/Versions/A/Resources/libRadiance.dylib
0x00000000026cf000 	/System/Library/Frameworks/CoreVideo.framework/Versions/A/CoreVideo
0x00000000026cf000 	/System/Library/Frameworks/OpenGL.framework/Versions/A/Libraries/libGLU.dylib
0x00000000026cf000 	/System/Library/Frameworks/OpenGL.framework/Versions/A/Libraries/libGFXShared.dylib
0x00000000026cf000 	/System/Library/Frameworks/OpenGL.framework/Versions/A/Libraries/libGL.dylib
0x00000000026cf000 	/System/Library/Frameworks/OpenGL.framework/Versions/A/Libraries/libGLImage.dylib
0x00000000026cf000 	/System/Library/Frameworks/OpenGL.framework/Versions/A/Libraries/libCVMSPluginSupport.dylib
0x00000000026cf000 	/System/Library/Frameworks/OpenGL.framework/Versions/A/Libraries/libCoreVMClient.dylib
0x00000000026cf000 	/usr/lib/libcompression.dylib
0x00000000026cf000 	/usr/lib/libcups.2.dylib
0x00000000026cf000 	/System/Library/Frameworks/Kerberos.framework/Versions/A/Kerberos
0x00000000026cf000 	/System/Library/Frameworks/GSS.framework/Versions/A/GSS
0x00000000026cf000 	/usr/lib/libresolv.9.dylib
0x00000000026cf000 	/usr/lib/libiconv.2.dylib
0x00000000026cf000 	/System/Library/PrivateFrameworks/Heimdal.framework/Versions/A/Heimdal
0x00000000026cf000 	/usr/lib/libheimdal-asn1.dylib
0x00000000026cf000 	/System/Library/Frameworks/OpenDirectory.framework/Versions/A/OpenDirectory
0x00000000026cf000 	/System/Library/PrivateFrameworks/CommonAuth.framework/Versions/A/CommonAuth
0x00000000026cf000 	/System/Library/Frameworks/OpenDirectory.framework/Versions/A/Frameworks/CFOpenDirectory.framework/Versions/A/CFOpenDirectory
0x00000000026cf000 	/System/Library/Frameworks/SecurityFoundation.framework/Versions/A/SecurityFoundation
0x00000000026cf000 	/System/Library/PrivateFrameworks/LanguageModeling.framework/Versions/A/LanguageModeling
0x00000000026cf000 	/usr/lib/libmarisa.dylib
0x00000000026cf000 	/usr/lib/libChineseTokenizer.dylib
0x00000000026cf000 	/usr/lib/libcmph.dylib
0x00000000026cf000 	/System/Library/Frameworks/ServiceManagement.framework/Versions/A/ServiceManagement
0x00000000026cf000 	/usr/lib/libxslt.1.dylib
0x00000000026cf000 	/System/Library/Frameworks/Carbon.framework/Versions/A/Frameworks/Ink.framework/Versions/A/Ink
0x00000000026cf000 	/usr/lib/libFosl_dynamic.dylib
0x00000000026cf000 	/System/Library/PrivateFrameworks/FaceCore.framework/Versions/A/FaceCore
0x00000000026cf000 	/System/Library/Frameworks/OpenCL.framework/Versions/A/OpenCL
0x00000000026cf000 	/System/Library/PrivateFrameworks/CrashReporterSupport.framework/Versions/A/CrashReporterSupport
0x00000000026cf000 	/System/Library/PrivateFrameworks/IconServices.framework/Versions/A/IconServices
0x00000000026cf000 	/System/Library/PrivateFrameworks/Apple80211.framework/Versions/A/Apple80211
0x00000000026cf000 	/System/Library/Frameworks/CoreWLAN.framework/Versions/A/CoreWLAN
0x00000000026cf000 	/System/Library/Frameworks/IOBluetooth.framework/Versions/A/IOBluetooth
0x00000000026cf000 	/System/Library/PrivateFrameworks/CoreWiFi.framework/Versions/A/CoreWiFi
0x00000000026cf000 	/System/Library/Frameworks/CoreBluetooth.framework/Versions/A/CoreBluetooth
0x00000000026cf000 	/System/Library/PrivateFrameworks/ChunkingLibrary.framework/Versions/A/ChunkingLibrary
0x00000000026cf000 	/System/Library/PrivateFrameworks/DebugSymbols.framework/Versions/A/DebugSymbols
0x00000000026cf000 	/System/Library/PrivateFrameworks/CoreSymbolication.framework/Versions/A/CoreSymbolication
0x00000000026cf000 	/System/Library/PrivateFrameworks/Symbolication.framework/Versions/A/Symbolication
0x00000000026cf000 	/System/Library/PrivateFrameworks/SpeechRecognitionCore.framework/Versions/A/SpeechRecognitionCore
0x0000000108d05000 	/Library/Java/JavaVirtualMachines/jdk1.8.0_112.jdk/Contents/Home/jre/lib/server/libjvm.dylib
0x00000000026cf000 	/usr/lib/libstdc++.6.dylib
0x0000000109ca7000 	/Library/Java/JavaVirtualMachines/jdk1.8.0_112.jdk/Contents/Home/jre/lib/libverify.dylib
0x0000000109cb5000 	/Library/Java/JavaVirtualMachines/jdk1.8.0_112.jdk/Contents/Home/jre/lib/libjava.dylib
0x0000000109ceb000 	/Library/Java/JavaVirtualMachines/jdk1.8.0_112.jdk/Contents/Home/jre/lib/libinstrument.dylib
0x0000000109d49000 	/Library/Java/JavaVirtualMachines/jdk1.8.0_112.jdk/Contents/Home/jre/lib/libzip.dylib
0x000000011fea6000 	/System/Library/Frameworks/JavaVM.framework/Frameworks/JavaRuntimeSupport.framework/JavaRuntimeSupport
0x00000001191ea000 	/System/Library/Frameworks/JavaVM.framework/Versions/A/Frameworks/JavaNativeFoundation.framework/Versions/A/JavaNativeFoundation
0x000000011fec1000 	/System/Library/Frameworks/JavaVM.framework/Versions/A/JavaVM
0x00000000026cf000 	/System/Library/Frameworks/Carbon.framework/Versions/A/Carbon
0x000000011fece000 	/System/Library/PrivateFrameworks/JavaLaunching.framework/Versions/A/JavaLaunching
0x00000000026cf000 	/System/Library/Frameworks/Carbon.framework/Versions/A/Frameworks/CommonPanels.framework/Versions/A/CommonPanels
0x00000000026cf000 	/System/Library/Frameworks/Carbon.framework/Versions/A/Frameworks/Help.framework/Versions/A/Help
0x00000000026cf000 	/System/Library/Frameworks/Carbon.framework/Versions/A/Frameworks/ImageCapture.framework/Versions/A/ImageCapture
0x00000000026cf000 	/System/Library/Frameworks/Carbon.framework/Versions/A/Frameworks/OpenScripting.framework/Versions/A/OpenScripting
0x00000000026cf000 	/System/Library/Frameworks/Carbon.framework/Versions/A/Frameworks/Print.framework/Versions/A/Print
0x00000000026cf000 	/System/Library/Frameworks/Carbon.framework/Versions/A/Frameworks/SecurityHI.framework/Versions/A/SecurityHI
0x000000012192d000 	/Library/Java/JavaVirtualMachines/jdk1.8.0_112.jdk/Contents/Home/jre/lib/libnet.dylib
0x000000012198c000 	/Library/Java/JavaVirtualMachines/jdk1.8.0_112.jdk/Contents/Home/jre/lib/libawt.dylib
0x0000000121a34000 	/Library/Java/JavaVirtualMachines/jdk1.8.0_112.jdk/Contents/Home/jre/lib/./libmlib_image.dylib
0x0000000121b00000 	/Library/Java/JavaVirtualMachines/jdk1.8.0_112.jdk/Contents/Home/jre/lib/libawt_lwawt.dylib
0x0000000121bb7000 	/Library/Java/JavaVirtualMachines/jdk1.8.0_112.jdk/Contents/Home/jre/lib/./libosxapp.dylib
0x00000000026cf000 	/System/Library/Frameworks/ExceptionHandling.framework/Versions/A/ExceptionHandling
0x00000000026cf000 	/System/Library/PrivateFrameworks/CoreServicesInternal.framework/Versions/A/CoreServicesInternal
0x00000000026cf000 	/System/Library/Frameworks/CoreGraphics.framework/Versions/A/Resources/libRIP.A.dylib
0x00000000026cf000 	/System/Library/Frameworks/Accelerate.framework/Versions/A/Frameworks/vImage.framework/Versions/A/Libraries/libCGInterfaces.dylib
0x00000000026cf000 	/System/Library/Frameworks/CoreGraphics.framework/Versions/A/Resources/libCGXType.A.dylib
0x00000000026cf000 	/System/Library/Frameworks/OpenCL.framework/Versions/A/Libraries/libcldcpuengine.dylib
0x00000000026cf000 	/System/Library/PrivateFrameworks/DiskImages.framework/Versions/A/DiskImages
0x00000000026cf000 	/System/Library/Frameworks/DiscRecording.framework/Versions/A/DiscRecording
0x00000000026cf000 	/usr/lib/libcsfde.dylib
0x00000000026cf000 	/usr/lib/libcurl.4.dylib
0x00000000026cf000 	/System/Library/PrivateFrameworks/MediaKit.framework/Versions/A/MediaKit
0x00000000026cf000 	/System/Library/PrivateFrameworks/ProtectedCloudStorage.framework/Versions/A/ProtectedCloudStorage
0x00000000026cf000 	/usr/lib/libCoreStorage.dylib
0x00000000026cf000 	/System/Library/PrivateFrameworks/EFILogin.framework/Versions/A/EFILogin
0x00000000026cf000 	/usr/lib/libutil.dylib
0x00000000026cf000 	/System/Library/PrivateFrameworks/FindMyDevice.framework/Versions/A/FindMyDevice
0x00000000026cf000 	/System/Library/Frameworks/LDAP.framework/Versions/A/LDAP
0x00000000026cf000 	/usr/lib/libsasl2.2.dylib
0x00000000026cf000 	/System/Library/PrivateFrameworks/CoreDaemon.framework/Versions/B/CoreDaemon
0x00000000026cf000 	/usr/lib/libcrypto.0.9.8.dylib
0x00000000026cf000 	/System/Library/PrivateFrameworks/AppleSRP.framework/Versions/A/AppleSRP
0x00000000026cf000 	/System/Library/PrivateFrameworks/TrustEvaluationAgent.framework/Versions/A/TrustEvaluationAgent
0x0000000123bf7000 	cl_kernels
0x00000000026cf000 	/System/Library/Frameworks/OpenCL.framework/Versions/A/Libraries/ImageFormats/unorm8_bgra.dylib
0x00000000026cf000 	/System/Library/Frameworks/OpenCL.framework/Versions/A/Libraries/ImageFormats/unorm8_rgba.dylib
0x00000000026cf000 	/System/Library/PrivateFrameworks/FamilyControls.framework/Versions/A/FamilyControls
0x00000000026cf000 	/System/Library/PrivateFrameworks/CommerceKit.framework/Versions/A/Frameworks/CommerceCore.framework/Versions/A/CommerceCore
0x00000000026cf000 	/System/Library/PrivateFrameworks/SystemAdministration.framework/Versions/A/SystemAdministration
0x00000000026cf000 	/System/Library/PrivateFrameworks/AppContainer.framework/Versions/A/AppContainer
0x00000000026cf000 	/System/Library/PrivateFrameworks/SecCodeWrapper.framework/Versions/A/SecCodeWrapper
0x00000000026cf000 	/System/Library/Frameworks/DirectoryService.framework/Versions/A/DirectoryService
0x00000000026cf000 	/System/Library/PrivateFrameworks/LoginUIKit.framework/Versions/A/Frameworks/LoginUICore.framework/Versions/A/LoginUICore
0x00000000026cf000 	/usr/lib/libodfde.dylib
0x0000000124d45000 	/Library/Java/JavaVirtualMachines/jdk1.8.0_112.jdk/Contents/Home/jre/lib/libfontmanager.dylib
0x0000000124dac000 	/Users/peternabil/IdeaProjects/Hannibal/libs/liblwjgl.dylib
0x0000000122d19000 	/Library/Java/JavaVirtualMachines/jdk1.8.0_112.jdk/Contents/Home/jre/lib/libjawt.dylib
0x00000000026cf000 	/System/Library/Frameworks/OpenGL.framework/Versions/A/Resources/GLEngine.bundle/GLEngine
0x00000000026cf000 	/System/Library/Frameworks/OpenGL.framework/Versions/A/Libraries/libGLProgrammability.dylib
0x0000000124e2e000 	/System/Library/Extensions/AppleIntelBDWGraphicsGLDriver.bundle/Contents/MacOS/AppleIntelBDWGraphicsGLDriver
0x00000000026cf000 	/System/Library/PrivateFrameworks/GPUSupport.framework/Versions/A/Libraries/libGPUSupportMercury.dylib
0x00000000026cf000 	/System/Library/Frameworks/OpenGL.framework/Versions/A/Resources/GLRendererFloat.bundle/GLRendererFloat

VM Arguments:
jvm_args: -Djava.library.path=libs/ -javaagent:/Applications/IntelliJ IDEA CE.app/Contents/lib/idea_rt.jar=53500:/Applications/IntelliJ IDEA CE.app/Contents/bin -Dfile.encoding=UTF-8 
java_command: cse.Game
java_class_path (initial): /Library/Java/JavaVirtualMachines/jdk1.8.0_112.jdk/Contents/Home/jre/lib/charsets.jar:/Library/Java/JavaVirtualMachines/jdk1.8.0_112.jdk/Contents/Home/jre/lib/deploy.jar:/Library/Java/JavaVirtualMachines/jdk1.8.0_112.jdk/Contents/Home/jre/lib/ext/cldrdata.jar:/Library/Java/JavaVirtualMachines/jdk1.8.0_112.jdk/Contents/Home/jre/lib/ext/dnsns.jar:/Library/Java/JavaVirtualMachines/jdk1.8.0_112.jdk/Contents/Home/jre/lib/ext/jaccess.jar:/Library/Java/JavaVirtualMachines/jdk1.8.0_112.jdk/Contents/Home/jre/lib/ext/jfxrt.jar:/Library/Java/JavaVirtualMachines/jdk1.8.0_112.jdk/Contents/Home/jre/lib/ext/localedata.jar:/Library/Java/JavaVirtualMachines/jdk1.8.0_112.jdk/Contents/Home/jre/lib/ext/nashorn.jar:/Library/Java/JavaVirtualMachines/jdk1.8.0_112.jdk/Contents/Home/jre/lib/ext/sunec.jar:/Library/Java/JavaVirtualMachines/jdk1.8.0_112.jdk/Contents/Home/jre/lib/ext/sunjce_provider.jar:/Library/Java/JavaVirtualMachines/jdk1.8.0_112.jdk/Contents/Home/jre/lib/ext/sunpkcs11.jar:/Library/Java/JavaVirtualMachines/jdk1.8.0_112.jdk/Contents/Home/jre/lib/ext/zipfs.jar:/Library/Java/JavaVirtualMachines/jdk1.8.0_112.jdk/Contents/Home/jre/lib/javaws.jar:/Library/Java/JavaVirtualMachines/jdk1.8.0_112.jdk/Contents/Home/jre/lib/jce.jar:/Library/Java/JavaVirtualMachines/jdk1.8.0_112.jdk/Contents/Home/jre/lib/jfr.jar:/Library/Java/JavaVirtualMachines/jdk1.8.0_112.jdk/Contents/Home/jre/lib/jfxswt.jar:/Library/Java/JavaVirtualMachines/jdk1.8.0_112.jdk/Contents/Home/jre/lib/jsse.jar:/Library/Java/JavaVirtualMachines/jdk1.8.0_112.jdk/Contents/Home/jre/lib/management-agent.jar:/Library/Java/JavaVirtualMachines/jdk1.8.0_112.jdk/Contents/Home/jre/lib/plugin.jar:/Library/Java/JavaVirtualMachines/jdk1.8.0_112.jdk/Contents/Home/jre/lib/resources.jar:/Library/Java/JavaVirtualMachines/jdk1.8.0_112.jdk/Contents/Home/jre/lib/rt.jar:/Library/Java/JavaVirtualMachines/jdk1.8.0_112.jdk/Contents/Home/lib/ant-javafx.jar:/Library/Java/JavaVirtualMachines/jdk1.8.0_112.jdk/Contents/Home
Launcher Type: SUN_STANDARD

Environment Variables:
PATH=//anaconda/bin:/usr/local/bin:/usr/bin:/bin:/usr/sbin:/sbin
SHELL=/bin/bash

Signal Handlers:
SIGSEGV: [libjvm.dylib+0x5b11a5], sa_mask[0]=11111111011111110111111111111111, sa_flags=SA_ONSTACK|SA_RESTART|SA_SIGINFO
SIGBUS: [libjvm.dylib+0x5b11a5], sa_mask[0]=11111111011111110111111111111111, sa_flags=SA_RESTART|SA_SIGINFO
SIGFPE: [libjvm.dylib+0x487dc0], sa_mask[0]=11111111011111110111111111111111, sa_flags=SA_RESTART|SA_SIGINFO
SIGPIPE: [libjvm.dylib+0x487dc0], sa_mask[0]=11111111011111110111111111111111, sa_flags=SA_RESTART|SA_SIGINFO
SIGXFSZ: [libjvm.dylib+0x487dc0], sa_mask[0]=11111111011111110111111111111111, sa_flags=SA_RESTART|SA_SIGINFO
SIGILL: [libjvm.dylib+0x487dc0], sa_mask[0]=11111111011111110111111111111111, sa_flags=SA_RESTART|SA_SIGINFO
SIGUSR1: SIG_DFL, sa_mask[0]=00000000000000000000000000000000, sa_flags=none
SIGUSR2: [libjvm.dylib+0x4878de], sa_mask[0]=00100000000000000000000000000000, sa_flags=SA_RESTART|SA_SIGINFO
SIGHUP: [libjvm.dylib+0x485eb5], sa_mask[0]=11111111011111110111111111111111, sa_flags=SA_RESTART|SA_SIGINFO
SIGINT: [libjvm.dylib+0x485eb5], sa_mask[0]=11111111011111110111111111111111, sa_flags=SA_RESTART|SA_SIGINFO
SIGTERM: [libjvm.dylib+0x485eb5], sa_mask[0]=11111111011111110111111111111111, sa_flags=SA_RESTART|SA_SIGINFO
SIGQUIT: [libjvm.dylib+0x485eb5], sa_mask[0]=11111111011111110111111111111111, sa_flags=SA_RESTART|SA_SIGINFO


---------------  S Y S T E M  ---------------

OS:Bsduname:Darwin 15.6.0 Darwin Kernel Version 15.6.0: Thu Jun 23 18:25:34 PDT 2016; root:xnu-3248.60.10~1/RELEASE_X86_64 x86_64
rlimit: STACK 8192k, CORE 0k, NPROC 709, NOFILE 10240, AS infinity
load average:4.21 2.99 2.49

CPU:total 4 (2 cores per cpu, 2 threads per core) family 6 model 61 stepping 4, cmov, cx8, fxsr, mmx, sse, sse2, sse3, ssse3, sse4.1, sse4.2, popcnt, avx, avx2, aes, clmul, erms, 3dnowpref, lzcnt, ht, tsc, tscinvbit, bmi1, bmi2, adx

Memory: 4k page, physical 8388608k(24472k free)

/proc/meminfo:


vm_info: Java HotSpot(TM) 64-Bit Server VM (25.112-b16) for bsd-amd64 JRE (1.8.0_112-b16), built on Sep 30 2016 22:41:41 by "java_re" with gcc 4.2.1 (Based on Apple Inc. build 5658) (LLVM build 2336.11.00)

time: Thu Mar 29 20:09:14 2018
elapsed time: 5 seconds (0d 0h 0m 5s)

